running egg_info
creating ../../build/robot_control_amavet/robot_control_amavet.egg-info
writing ../../build/robot_control_amavet/robot_control_amavet.egg-info/PKG-INFO
writing dependency_links to ../../build/robot_control_amavet/robot_control_amavet.egg-info/dependency_links.txt
writing entry points to ../../build/robot_control_amavet/robot_control_amavet.egg-info/entry_points.txt
writing requirements to ../../build/robot_control_amavet/robot_control_amavet.egg-info/requires.txt
writing top-level names to ../../build/robot_control_amavet/robot_control_amavet.egg-info/top_level.txt
writing manifest file '../../build/robot_control_amavet/robot_control_amavet.egg-info/SOURCES.txt'
reading manifest file '../../build/robot_control_amavet/robot_control_amavet.egg-info/SOURCES.txt'
writing manifest file '../../build/robot_control_amavet/robot_control_amavet.egg-info/SOURCES.txt'
running build
running build_py
creating /home/marek/amavet_ws/build/robot_control_amavet/build
creating /home/marek/amavet_ws/build/robot_control_amavet/build/lib
creating /home/marek/amavet_ws/build/robot_control_amavet/build/lib/robot_control_amavet
copying robot_control_amavet/__init__.py -> /home/marek/amavet_ws/build/robot_control_amavet/build/lib/robot_control_amavet
copying robot_control_amavet/move_ur5e_node.py -> /home/marek/amavet_ws/build/robot_control_amavet/build/lib/robot_control_amavet
running install
running install_lib
creating /home/marek/amavet_ws/install/robot_control_amavet/lib/python3.12/site-packages/robot_control_amavet
copying /home/marek/amavet_ws/build/robot_control_amavet/build/lib/robot_control_amavet/__init__.py -> /home/marek/amavet_ws/install/robot_control_amavet/lib/python3.12/site-packages/robot_control_amavet
copying /home/marek/amavet_ws/build/robot_control_amavet/build/lib/robot_control_amavet/move_ur5e_node.py -> /home/marek/amavet_ws/install/robot_control_amavet/lib/python3.12/site-packages/robot_control_amavet
byte-compiling /home/marek/amavet_ws/install/robot_control_amavet/lib/python3.12/site-packages/robot_control_amavet/__init__.py to __init__.cpython-312.pyc
byte-compiling /home/marek/amavet_ws/install/robot_control_amavet/lib/python3.12/site-packages/robot_control_amavet/move_ur5e_node.py to move_ur5e_node.cpython-312.pyc
running install_data
creating /home/marek/amavet_ws/install/robot_control_amavet/share/ament_index
creating /home/marek/amavet_ws/install/robot_control_amavet/share/ament_index/resource_index
creating /home/marek/amavet_ws/install/robot_control_amavet/share/ament_index/resource_index/packages
copying resource/robot_control_amavet -> /home/marek/amavet_ws/install/robot_control_amavet/share/ament_index/resource_index/packages
copying package.xml -> /home/marek/amavet_ws/install/robot_control_amavet/share/robot_control_amavet
creating /home/marek/amavet_ws/install/robot_control_amavet/share/robot_control_amavet/launch
copying launch/amavet_control.launch.py -> /home/marek/amavet_ws/install/robot_control_amavet/share/robot_control_amavet/launch
copying launch/node_only.launch.py -> /home/marek/amavet_ws/install/robot_control_amavet/share/robot_control_amavet/launch
creating /home/marek/amavet_ws/install/robot_control_amavet/share/robot_control_amavet/config
running install_egg_info
Copying ../../build/robot_control_amavet/robot_control_amavet.egg-info to /home/marek/amavet_ws/install/robot_control_amavet/lib/python3.12/site-packages/robot_control_amavet-0.0.0-py3.12.egg-info
running install_scripts
Installing move_ur5e_node script to /home/marek/amavet_ws/install/robot_control_amavet/lib/robot_control_amavet
writing list of installed files to '/home/marek/amavet_ws/build/robot_control_amavet/install.log'
