[0.790s] Invoking command in '/home/marek/amavet_ws/src/robot_control_amavet': AMENT_PREFIX_PATH=/home/marek/amavet_ws/install/ur_robot_driver:/home/marek/amavet_ws/install/ur_moveit_config:/home/marek/amavet_ws/install/ur_controllers:/home/marek/amavet_ws/install/ur_description:/home/marek/amavet_ws/install/ur_dashboard_msgs:/home/marek/amavet_ws/install/gripper_srv:/home/marek/amavet_ws/install/checkers_msgs:${AMENT_PREFIX_PATH} CMAKE_PREFIX_PATH=/home/marek/amavet_ws/install/ur_robot_driver:/home/marek/amavet_ws/install/ur_moveit_config:/home/marek/amavet_ws/install/ur_controllers:/home/marek/amavet_ws/install/ur_description:/home/marek/amavet_ws/install/ur_dashboard_msgs:/home/marek/amavet_ws/install/ur_client_library:/home/marek/amavet_ws/install/gripper_srv:/home/marek/amavet_ws/install/checkers_msgs:${CMAKE_PREFIX_PATH} DEBUGINFOD_URLS=https://debuginfod.ubuntu.com LD_LIBRARY_PATH=/home/marek/amavet_ws/install/ur_robot_driver/lib:/home/marek/amavet_ws/install/ur_controllers/lib:/home/marek/amavet_ws/install/ur_dashboard_msgs/lib:/home/marek/amavet_ws/install/ur_client_library/lib:/home/marek/amavet_ws/install/gripper_srv/lib:/home/marek/amavet_ws/install/checkers_msgs/lib:${LD_LIBRARY_PATH} PATH=/home/marek/amavet_ws/install/ur_robot_driver/bin:${PATH} PKG_CONFIG_PATH=/home/marek/amavet_ws/install/ur_client_library/lib/x86_64-linux-gnu/pkgconfig:/home/marek/amavet_ws/install/ur_client_library/lib/pkgconfig PYTHONPATH=/home/marek/amavet_ws/build/robot_control_amavet/prefix_override:/usr/lib/python3/dist-packages/colcon_core/task/python/colcon_distutils_commands:/home/marek/amavet_ws/install/robot_control_amavet/lib/python3.12/site-packages:/home/marek/amavet_ws/install/ur_robot_driver/lib/python3.12/site-packages:/home/marek/amavet_ws/install/ur_dashboard_msgs/lib/python3.12/site-packages:/home/marek/amavet_ws/install/gripper_srv/lib/python3.12/site-packages:/home/marek/amavet_ws/install/checkers_msgs/lib/python3.12/site-packages:${PYTHONPATH} /usr/bin/python3 -W ignore:setup.py install is deprecated -W ignore:easy_install command is deprecated setup.py egg_info --egg-base ../../build/robot_control_amavet build --build-base /home/marek/amavet_ws/build/robot_control_amavet/build install --record /home/marek/amavet_ws/build/robot_control_amavet/install.log --single-version-externally-managed install_data
[1.048s] running egg_info
[1.049s] creating ../../build/robot_control_amavet/robot_control_amavet.egg-info
[1.069s] writing ../../build/robot_control_amavet/robot_control_amavet.egg-info/PKG-INFO
[1.069s] writing dependency_links to ../../build/robot_control_amavet/robot_control_amavet.egg-info/dependency_links.txt
[1.069s] writing entry points to ../../build/robot_control_amavet/robot_control_amavet.egg-info/entry_points.txt
[1.069s] writing requirements to ../../build/robot_control_amavet/robot_control_amavet.egg-info/requires.txt
[1.069s] writing top-level names to ../../build/robot_control_amavet/robot_control_amavet.egg-info/top_level.txt
[1.069s] writing manifest file '../../build/robot_control_amavet/robot_control_amavet.egg-info/SOURCES.txt'
[1.111s] reading manifest file '../../build/robot_control_amavet/robot_control_amavet.egg-info/SOURCES.txt'
[1.111s] writing manifest file '../../build/robot_control_amavet/robot_control_amavet.egg-info/SOURCES.txt'
[1.112s] running build
[1.112s] running build_py
[1.112s] creating /home/marek/amavet_ws/build/robot_control_amavet/build
[1.112s] creating /home/marek/amavet_ws/build/robot_control_amavet/build/lib
[1.112s] creating /home/marek/amavet_ws/build/robot_control_amavet/build/lib/robot_control_amavet
[1.112s] copying robot_control_amavet/__init__.py -> /home/marek/amavet_ws/build/robot_control_amavet/build/lib/robot_control_amavet
[1.113s] copying robot_control_amavet/move_ur5e_node.py -> /home/marek/amavet_ws/build/robot_control_amavet/build/lib/robot_control_amavet
[1.113s] running install
[1.118s] running install_lib
[1.139s] creating /home/marek/amavet_ws/install/robot_control_amavet/lib/python3.12/site-packages/robot_control_amavet
[1.140s] copying /home/marek/amavet_ws/build/robot_control_amavet/build/lib/robot_control_amavet/__init__.py -> /home/marek/amavet_ws/install/robot_control_amavet/lib/python3.12/site-packages/robot_control_amavet
[1.140s] copying /home/marek/amavet_ws/build/robot_control_amavet/build/lib/robot_control_amavet/move_ur5e_node.py -> /home/marek/amavet_ws/install/robot_control_amavet/lib/python3.12/site-packages/robot_control_amavet
[1.140s] byte-compiling /home/marek/amavet_ws/install/robot_control_amavet/lib/python3.12/site-packages/robot_control_amavet/__init__.py to __init__.cpython-312.pyc
[1.140s] byte-compiling /home/marek/amavet_ws/install/robot_control_amavet/lib/python3.12/site-packages/robot_control_amavet/move_ur5e_node.py to move_ur5e_node.cpython-312.pyc
[1.144s] running install_data
[1.144s] creating /home/marek/amavet_ws/install/robot_control_amavet/share/ament_index
[1.144s] creating /home/marek/amavet_ws/install/robot_control_amavet/share/ament_index/resource_index
[1.144s] creating /home/marek/amavet_ws/install/robot_control_amavet/share/ament_index/resource_index/packages
[1.144s] copying resource/robot_control_amavet -> /home/marek/amavet_ws/install/robot_control_amavet/share/ament_index/resource_index/packages
[1.145s] copying package.xml -> /home/marek/amavet_ws/install/robot_control_amavet/share/robot_control_amavet
[1.145s] creating /home/marek/amavet_ws/install/robot_control_amavet/share/robot_control_amavet/launch
[1.145s] copying launch/amavet_control.launch.py -> /home/marek/amavet_ws/install/robot_control_amavet/share/robot_control_amavet/launch
[1.145s] copying launch/node_only.launch.py -> /home/marek/amavet_ws/install/robot_control_amavet/share/robot_control_amavet/launch
[1.145s] creating /home/marek/amavet_ws/install/robot_control_amavet/share/robot_control_amavet/config
[1.145s] running install_egg_info
[1.167s] Copying ../../build/robot_control_amavet/robot_control_amavet.egg-info to /home/marek/amavet_ws/install/robot_control_amavet/lib/python3.12/site-packages/robot_control_amavet-0.0.0-py3.12.egg-info
[1.168s] running install_scripts
[1.298s] Installing move_ur5e_node script to /home/marek/amavet_ws/install/robot_control_amavet/lib/robot_control_amavet
[1.298s] writing list of installed files to '/home/marek/amavet_ws/build/robot_control_amavet/install.log'
[1.336s] Invoked command in '/home/marek/amavet_ws/src/robot_control_amavet' returned '0': AMENT_PREFIX_PATH=/home/marek/amavet_ws/install/ur_robot_driver:/home/marek/amavet_ws/install/ur_moveit_config:/home/marek/amavet_ws/install/ur_controllers:/home/marek/amavet_ws/install/ur_description:/home/marek/amavet_ws/install/ur_dashboard_msgs:/home/marek/amavet_ws/install/gripper_srv:/home/marek/amavet_ws/install/checkers_msgs:${AMENT_PREFIX_PATH} CMAKE_PREFIX_PATH=/home/marek/amavet_ws/install/ur_robot_driver:/home/marek/amavet_ws/install/ur_moveit_config:/home/marek/amavet_ws/install/ur_controllers:/home/marek/amavet_ws/install/ur_description:/home/marek/amavet_ws/install/ur_dashboard_msgs:/home/marek/amavet_ws/install/ur_client_library:/home/marek/amavet_ws/install/gripper_srv:/home/marek/amavet_ws/install/checkers_msgs:${CMAKE_PREFIX_PATH} DEBUGINFOD_URLS=https://debuginfod.ubuntu.com LD_LIBRARY_PATH=/home/marek/amavet_ws/install/ur_robot_driver/lib:/home/marek/amavet_ws/install/ur_controllers/lib:/home/marek/amavet_ws/install/ur_dashboard_msgs/lib:/home/marek/amavet_ws/install/ur_client_library/lib:/home/marek/amavet_ws/install/gripper_srv/lib:/home/marek/amavet_ws/install/checkers_msgs/lib:${LD_LIBRARY_PATH} PATH=/home/marek/amavet_ws/install/ur_robot_driver/bin:${PATH} PKG_CONFIG_PATH=/home/marek/amavet_ws/install/ur_client_library/lib/x86_64-linux-gnu/pkgconfig:/home/marek/amavet_ws/install/ur_client_library/lib/pkgconfig PYTHONPATH=/home/marek/amavet_ws/build/robot_control_amavet/prefix_override:/usr/lib/python3/dist-packages/colcon_core/task/python/colcon_distutils_commands:/home/marek/amavet_ws/install/robot_control_amavet/lib/python3.12/site-packages:/home/marek/amavet_ws/install/ur_robot_driver/lib/python3.12/site-packages:/home/marek/amavet_ws/install/ur_dashboard_msgs/lib/python3.12/site-packages:/home/marek/amavet_ws/install/gripper_srv/lib/python3.12/site-packages:/home/marek/amavet_ws/install/checkers_msgs/lib/python3.12/site-packages:${PYTHONPATH} /usr/bin/python3 -W ignore:setup.py install is deprecated -W ignore:easy_install command is deprecated setup.py egg_info --egg-base ../../build/robot_control_amavet build --build-base /home/marek/amavet_ws/build/robot_control_amavet/build install --record /home/marek/amavet_ws/build/robot_control_amavet/install.log --single-version-externally-managed install_data
