/home/marek/amavet_ws/install/checkers_game/lib/python3.12/site-packages/checkers_game/__init__.py
/home/marek/amavet_ws/install/checkers_game/lib/python3.12/site-packages/checkers_game/constants.py
/home/marek/amavet_ws/install/checkers_game/lib/python3.12/site-packages/checkers_game/checkers_node.py
/home/marek/amavet_ws/install/checkers_game/lib/python3.12/site-packages/checkers_game/minimax/__init__.py
/home/marek/amavet_ws/install/checkers_game/lib/python3.12/site-packages/checkers_game/minimax/algorithm.py
/home/marek/amavet_ws/install/checkers_game/lib/python3.12/site-packages/checkers_game/camera/oldboard_detection.py
/home/marek/amavet_ws/install/checkers_game/lib/python3.12/site-packages/checkers_game/camera/__init__.py
/home/marek/amavet_ws/install/checkers_game/lib/python3.12/site-packages/checkers_game/camera/board_detection.py
/home/marek/amavet_ws/install/checkers_game/lib/python3.12/site-packages/checkers_game/camera/ximea_camera.py
/home/marek/amavet_ws/install/checkers_game/lib/python3.12/site-packages/checkers_game/checkers/__init__.py
/home/marek/amavet_ws/install/checkers_game/lib/python3.12/site-packages/checkers_game/checkers/game.py
/home/marek/amavet_ws/install/checkers_game/lib/python3.12/site-packages/checkers_game/checkers/board.py
/home/marek/amavet_ws/install/checkers_game/lib/python3.12/site-packages/checkers_game/checkers/piece.py
/home/marek/amavet_ws/install/checkers_game/lib/python3.12/site-packages/checkers_game/__pycache__/__init__.cpython-312.pyc
/home/marek/amavet_ws/install/checkers_game/lib/python3.12/site-packages/checkers_game/__pycache__/constants.cpython-312.pyc
/home/marek/amavet_ws/install/checkers_game/lib/python3.12/site-packages/checkers_game/__pycache__/checkers_node.cpython-312.pyc
/home/marek/amavet_ws/install/checkers_game/lib/python3.12/site-packages/checkers_game/minimax/__pycache__/__init__.cpython-312.pyc
/home/marek/amavet_ws/install/checkers_game/lib/python3.12/site-packages/checkers_game/minimax/__pycache__/algorithm.cpython-312.pyc
/home/marek/amavet_ws/install/checkers_game/lib/python3.12/site-packages/checkers_game/camera/__pycache__/oldboard_detection.cpython-312.pyc
/home/marek/amavet_ws/install/checkers_game/lib/python3.12/site-packages/checkers_game/camera/__pycache__/__init__.cpython-312.pyc
/home/marek/amavet_ws/install/checkers_game/lib/python3.12/site-packages/checkers_game/camera/__pycache__/board_detection.cpython-312.pyc
/home/marek/amavet_ws/install/checkers_game/lib/python3.12/site-packages/checkers_game/camera/__pycache__/ximea_camera.cpython-312.pyc
/home/marek/amavet_ws/install/checkers_game/lib/python3.12/site-packages/checkers_game/checkers/__pycache__/__init__.cpython-312.pyc
/home/marek/amavet_ws/install/checkers_game/lib/python3.12/site-packages/checkers_game/checkers/__pycache__/game.cpython-312.pyc
/home/marek/amavet_ws/install/checkers_game/lib/python3.12/site-packages/checkers_game/checkers/__pycache__/board.cpython-312.pyc
/home/marek/amavet_ws/install/checkers_game/lib/python3.12/site-packages/checkers_game/checkers/__pycache__/piece.cpython-312.pyc
/home/marek/amavet_ws/install/checkers_game/share/ament_index/resource_index/packages/checkers_game
/home/marek/amavet_ws/install/checkers_game/share/checkers_game/package.xml
/home/marek/amavet_ws/install/checkers_game/share/checkers_game/launch/checkers_game_launch.launch.py
/home/marek/amavet_ws/install/checkers_game/lib/python3.12/site-packages/checkers_game-0.0.0-py3.12.egg-info/requires.txt
/home/marek/amavet_ws/install/checkers_game/lib/python3.12/site-packages/checkers_game-0.0.0-py3.12.egg-info/top_level.txt
/home/marek/amavet_ws/install/checkers_game/lib/python3.12/site-packages/checkers_game-0.0.0-py3.12.egg-info/zip-safe
/home/marek/amavet_ws/install/checkers_game/lib/python3.12/site-packages/checkers_game-0.0.0-py3.12.egg-info/PKG-INFO
/home/marek/amavet_ws/install/checkers_game/lib/python3.12/site-packages/checkers_game-0.0.0-py3.12.egg-info/dependency_links.txt
/home/marek/amavet_ws/install/checkers_game/lib/python3.12/site-packages/checkers_game-0.0.0-py3.12.egg-info/entry_points.txt
/home/marek/amavet_ws/install/checkers_game/lib/python3.12/site-packages/checkers_game-0.0.0-py3.12.egg-info/SOURCES.txt
/home/marek/amavet_ws/install/checkers_game/lib/checkers_game/checkers_node
