[0.200s] Invoking command in '/home/marek/amavet_ws/build/robot_control': AMENT_PREFIX_PATH=/home/marek/amavet_ws/install/ur_robot_driver:/home/marek/amavet_ws/install/ur_moveit_config:/home/marek/amavet_ws/install/ur_controllers:/home/marek/amavet_ws/install/ur_description:/home/marek/amavet_ws/install/ur_dashboard_msgs:/home/marek/amavet_ws/install/gripper_srv:/home/marek/amavet_ws/install/checkers_msgs:${AMENT_PREFIX_PATH} CMAKE_PREFIX_PATH=/home/marek/amavet_ws/install/ur_robot_driver:/home/marek/amavet_ws/install/ur_moveit_config:/home/marek/amavet_ws/install/ur_controllers:/home/marek/amavet_ws/install/ur_description:/home/marek/amavet_ws/install/ur_dashboard_msgs:/home/marek/amavet_ws/install/ur_client_library:/home/marek/amavet_ws/install/gripper_srv:/home/marek/amavet_ws/install/checkers_msgs:/opt/ros/jazzy/opt/gz_sim_vendor:/opt/ros/jazzy/opt/gz_sensors_vendor:/opt/ros/jazzy/opt/gz_physics_vendor:/opt/ros/jazzy/opt/sdformat_vendor:/opt/ros/jazzy/opt/gz_gui_vendor:/opt/ros/jazzy/opt/gz_transport_vendor:/opt/ros/jazzy/opt/gz_rendering_vendor:/opt/ros/jazzy/opt/gz_plugin_vendor:/opt/ros/jazzy/opt/gz_fuel_tools_vendor:/opt/ros/jazzy/opt/gz_msgs_vendor:/opt/ros/jazzy/opt/gz_common_vendor:/opt/ros/jazzy/opt/gz_math_vendor:/opt/ros/jazzy/opt/gz_utils_vendor:/opt/ros/jazzy/opt/gz_tools_vendor:/opt/ros/jazzy/opt/gz_ogre_next_vendor:/opt/ros/jazzy/opt/gz_dartsim_vendor:/opt/ros/jazzy/opt/gz_cmake_vendor:/opt/leap/LeapSDK:/opt/leap/LeapSDK:/opt/ros/jazzy DEBUGINFOD_URLS=https://debuginfod.ubuntu.com LD_LIBRARY_PATH=/home/marek/amavet_ws/install/ur_robot_driver/lib:/home/marek/amavet_ws/install/ur_controllers/lib:/home/marek/amavet_ws/install/ur_dashboard_msgs/lib:/home/marek/amavet_ws/install/ur_client_library/lib:/home/marek/amavet_ws/install/gripper_srv/lib:/home/marek/amavet_ws/install/checkers_msgs/lib:${LD_LIBRARY_PATH} PATH=/home/marek/amavet_ws/install/ur_robot_driver/bin:${PATH} PKG_CONFIG_PATH=/home/marek/amavet_ws/install/ur_client_library/lib/x86_64-linux-gnu/pkgconfig:/home/marek/amavet_ws/install/ur_client_library/lib/pkgconfig PYTHONPATH=/home/marek/amavet_ws/install/ur_robot_driver/lib/python3.12/site-packages:/home/marek/amavet_ws/install/ur_dashboard_msgs/lib/python3.12/site-packages:/home/marek/amavet_ws/install/gripper_srv/lib/python3.12/site-packages:/home/marek/amavet_ws/install/checkers_msgs/lib/python3.12/site-packages:${PYTHONPATH} /usr/bin/cmake /home/marek/amavet_ws/src/robot_control -DCMAKE_INSTALL_PREFIX=/home/marek/amavet_ws/install/robot_control
[0.313s] -- The C compiler identification is GNU 13.3.0
[0.403s] -- The CXX compiler identification is GNU 13.3.0
[0.426s] -- Detecting C compiler ABI info
[0.530s] -- Detecting C compiler ABI info - done
[0.537s] -- Check for working C compiler: /usr/bin/cc - skipped
[0.537s] -- Detecting C compile features
[0.537s] -- Detecting C compile features - done
[0.549s] -- Detecting CXX compiler ABI info
[0.652s] -- Detecting CXX compiler ABI info - done
[0.659s] -- Check for working CXX compiler: /usr/bin/c++ - skipped
[0.659s] -- Detecting CXX compile features
[0.660s] -- Detecting CXX compile features - done
[0.671s] -- Found ament_cmake: 2.5.5 (/opt/ros/jazzy/share/ament_cmake/cmake)
[0.826s] -- Found Python3: /usr/bin/python3 (found version "3.12.3") found components: Interpreter 
[0.976s] -- Found moveit_core: 2.12.4 (/opt/ros/jazzy/share/moveit_core/cmake)
[1.166s] -- Found Boost: /usr/lib/x86_64-linux-gnu/cmake/Boost-1.83.0/BoostConfig.cmake (found version "1.83.0") found components: chrono date_time filesystem iostreams program_options regex serialization system thread 
[1.287s] -- Found parameter_traits: 0.6.0 (/opt/ros/jazzy/share/parameter_traits/cmake)
[1.364s] -- Found rosidl_generator_c: 4.6.7 (/opt/ros/jazzy/share/rosidl_generator_c/cmake)
[1.388s] -- Found rosidl_generator_cpp: 4.6.7 (/opt/ros/jazzy/share/rosidl_generator_cpp/cmake)
[1.416s] -- Using all available rosidl_typesupport_c: rosidl_typesupport_fastrtps_c;rosidl_typesupport_introspection_c
[1.445s] -- Using all available rosidl_typesupport_cpp: rosidl_typesupport_fastrtps_cpp;rosidl_typesupport_introspection_cpp
[1.552s] -- Found rmw_implementation_cmake: 7.3.3 (/opt/ros/jazzy/share/rmw_implementation_cmake/cmake)
[1.559s] -- Found rmw_fastrtps_cpp: 8.4.3 (/opt/ros/jazzy/share/rmw_fastrtps_cpp/cmake)
[1.687s] -- Found OpenSSL: /usr/lib/x86_64-linux-gnu/libcrypto.so (found version "3.0.13")  
[1.708s] -- Found FastRTPS: /opt/ros/jazzy/include (Required is at least version "2.13") 
[1.734s] -- Using RMW implementation 'rmw_fastrtps_cpp' as default
[1.858s] -- Found rclcpp_lifecycle: 28.1.16 (/opt/ros/jazzy/share/rclcpp_lifecycle/cmake)
[1.903s] -- Found Boost: /usr/lib/x86_64-linux-gnu/cmake/Boost-1.83.0/BoostConfig.cmake (found version "1.83.0") found components: filesystem 
[2.075s] -- Found Eigen3: TRUE (found version "3.4.0") 
[2.075s] -- Ensuring Eigen3 include directory is part of orocos-kdl CMake target
[2.484s] -- Found moveit_ros_planning_interface: 2.12.4 (/opt/ros/jazzy/share/moveit_ros_planning_interface/cmake)
[2.488s] -- Found Boost: /usr/lib/x86_64-linux-gnu/cmake/Boost-1.83.0/BoostConfig.cmake (found version "1.83.0") found components: date_time filesystem program_options system thread 
[2.503s] -- Found Boost: /usr/lib/x86_64-linux-gnu/cmake/Boost-1.83.0/BoostConfig.cmake (found version "1.83.0") found components: system filesystem date_time program_options thread chrono 
[2.555s] -- Found Boost: /usr/lib/x86_64-linux-gnu/cmake/Boost-1.83.0/BoostConfig.cmake (found version "1.83.0") found components: thread system filesystem regex date_time program_options 
[2.587s] -- Found Boost: /usr/lib/x86_64-linux-gnu/cmake/Boost-1.83.0/BoostConfig.cmake (found version "1.83.0") found components: system filesystem date_time program_options thread 
[2.632s] -- Found rviz2: 14.1.19 (/opt/ros/jazzy/share/rviz2/cmake)
[2.636s] -- Found robot_state_publisher: 3.3.3 (/opt/ros/jazzy/share/robot_state_publisher/cmake)
[2.646s] -- Found checkers_msgs: 0.0.0 (/home/marek/amavet_ws/install/checkers_msgs/share/checkers_msgs/cmake)
[2.664s] -- Found moveit_visual_tools: 4.1.2 (/opt/ros/jazzy/share/moveit_visual_tools/cmake)
[2.760s] -- Setting OGRE_DIR to: '/opt/ros/jazzy/share/rviz_ogre_vendor/cmake/../../../opt/rviz_ogre_vendor/lib/OGRE/cmake'
[2.762s] -- Found OGRE
[2.762s] --   static     : OFF
[2.762s] --   components : MeshLodGenerator;Overlay;Paging;Property;RTShaderSystem;Terrain;Volume
[2.762s] --   plugins    : Plugin_BSPSceneManager;Plugin_OctreeSceneManager;Plugin_PCZSceneManager;Plugin_ParticleFX;RenderSystem_GL;RenderSystem_GL3Plus;Codec_STBI
[2.762s] --   media      : /opt/ros/jazzy/opt/rviz_ogre_vendor/share/OGRE/Media
[2.762s] -- OGRE_LIBRARIES: OgreMeshLodGenerator;OgreOverlay;OgrePaging;OgreProperty;OgreRTShaderSystem;OgreTerrain;OgreVolume;OgreMain
[2.762s] -- OGRE_LIBRARY_DIRS: /opt/ros/jazzy/opt/rviz_ogre_vendor/lib
[2.762s] -- OGRE_PLUGINS: Plugin_BSPSceneManager;Plugin_OctreeSceneManager;Plugin_PCZSceneManager;Plugin_ParticleFX;RenderSystem_GL;RenderSystem_GL3Plus;Codec_STBI
[2.762s] -- OGRE_PLUGIN_DIR: /opt/ros/jazzy/opt/rviz_ogre_vendor/lib/OGRE
[2.762s] -- rviz_ogre_vendor::OgreOverlay for IMPORTED_LOCATION_RELEASE: /opt/ros/jazzy/opt/rviz_ogre_vendor/lib/libOgreOverlay.so
[2.762s] -- rviz_ogre_vendor::OgreOverlay for IMPORTED_LOCATION_DEBUG: /opt/ros/jazzy/opt/rviz_ogre_vendor/lib/libOgreOverlay.so
[2.762s] -- rviz_ogre_vendor::OgreMain for IMPORTED_LOCATION_RELEASE: /opt/ros/jazzy/opt/rviz_ogre_vendor/lib/libOgreMain.so
[2.762s] -- rviz_ogre_vendor::OgreMain for IMPORTED_LOCATION_DEBUG: /opt/ros/jazzy/opt/rviz_ogre_vendor/lib/libOgreMain.so
[2.798s] -- Found ZLIB: /usr/lib/x86_64-linux-gnu/libz.so (found version "1.3")  
[2.813s] -- Found OpenGL: /usr/lib/x86_64-linux-gnu/libOpenGL.so   
[3.002s] -- Found X11: /usr/include   
[3.002s] -- Looking for XOpenDisplay in /usr/lib/x86_64-linux-gnu/libX11.so;/usr/lib/x86_64-linux-gnu/libXext.so
[3.097s] -- Looking for XOpenDisplay in /usr/lib/x86_64-linux-gnu/libX11.so;/usr/lib/x86_64-linux-gnu/libXext.so - found
[3.098s] -- Looking for gethostbyname
[3.191s] -- Looking for gethostbyname - found
[3.192s] -- Looking for connect
[3.280s] -- Looking for connect - found
[3.280s] -- Looking for remove
[3.371s] -- Looking for remove - found
[3.371s] -- Looking for shmat
[3.464s] -- Looking for shmat - found
[3.464s] -- Looking for IceConnectionNumber in ICE
[3.556s] -- Looking for IceConnectionNumber in ICE - found
[3.576s] -- Setting yaml-cpp_DIR to: '/opt/ros/jazzy/share/yaml_cpp_vendor/cmake/../../../opt/yaml_cpp_vendor/share/cmake/yaml-cpp'
[3.719s] -- Found gripper_srv: 0.0.0 (/home/marek/amavet_ws/install/gripper_srv/share/gripper_srv/cmake)
[3.747s] [31mCMake Error at CMakeLists.txt:28 (find_package):
[3.747s]   By not providing "Findleap_gesture_interface.cmake" in CMAKE_MODULE_PATH
[3.747s]   this project has asked CMake to find a package configuration file provided
[3.747s]   by "leap_gesture_interface", but CMake did not find one.
[3.747s] 
[3.747s]   Could not find a package configuration file provided by
[3.747s]   "leap_gesture_interface" with any of the following names:
[3.747s] 
[3.748s]     leap_gesture_interfaceConfig.cmake
[3.748s]     leap_gesture_interface-config.cmake
[3.748s] 
[3.748s]   Add the installation prefix of "leap_gesture_interface" to
[3.748s]   CMAKE_PREFIX_PATH or set "leap_gesture_interface_DIR" to a directory
[3.748s]   containing one of the above files.  If "leap_gesture_interface" provides a
[3.748s]   separate development package or SDK, be sure it has been installed.
[3.748s] 
[3.748s] [0m
[3.748s] -- Configuring incomplete, errors occurred!
[3.766s] Invoked command in '/home/marek/amavet_ws/build/robot_control' returned '1': AMENT_PREFIX_PATH=/home/marek/amavet_ws/install/ur_robot_driver:/home/marek/amavet_ws/install/ur_moveit_config:/home/marek/amavet_ws/install/ur_controllers:/home/marek/amavet_ws/install/ur_description:/home/marek/amavet_ws/install/ur_dashboard_msgs:/home/marek/amavet_ws/install/gripper_srv:/home/marek/amavet_ws/install/checkers_msgs:${AMENT_PREFIX_PATH} CMAKE_PREFIX_PATH=/home/marek/amavet_ws/install/ur_robot_driver:/home/marek/amavet_ws/install/ur_moveit_config:/home/marek/amavet_ws/install/ur_controllers:/home/marek/amavet_ws/install/ur_description:/home/marek/amavet_ws/install/ur_dashboard_msgs:/home/marek/amavet_ws/install/ur_client_library:/home/marek/amavet_ws/install/gripper_srv:/home/marek/amavet_ws/install/checkers_msgs:/opt/ros/jazzy/opt/gz_sim_vendor:/opt/ros/jazzy/opt/gz_sensors_vendor:/opt/ros/jazzy/opt/gz_physics_vendor:/opt/ros/jazzy/opt/sdformat_vendor:/opt/ros/jazzy/opt/gz_gui_vendor:/opt/ros/jazzy/opt/gz_transport_vendor:/opt/ros/jazzy/opt/gz_rendering_vendor:/opt/ros/jazzy/opt/gz_plugin_vendor:/opt/ros/jazzy/opt/gz_fuel_tools_vendor:/opt/ros/jazzy/opt/gz_msgs_vendor:/opt/ros/jazzy/opt/gz_common_vendor:/opt/ros/jazzy/opt/gz_math_vendor:/opt/ros/jazzy/opt/gz_utils_vendor:/opt/ros/jazzy/opt/gz_tools_vendor:/opt/ros/jazzy/opt/gz_ogre_next_vendor:/opt/ros/jazzy/opt/gz_dartsim_vendor:/opt/ros/jazzy/opt/gz_cmake_vendor:/opt/leap/LeapSDK:/opt/leap/LeapSDK:/opt/ros/jazzy DEBUGINFOD_URLS=https://debuginfod.ubuntu.com LD_LIBRARY_PATH=/home/marek/amavet_ws/install/ur_robot_driver/lib:/home/marek/amavet_ws/install/ur_controllers/lib:/home/marek/amavet_ws/install/ur_dashboard_msgs/lib:/home/marek/amavet_ws/install/ur_client_library/lib:/home/marek/amavet_ws/install/gripper_srv/lib:/home/marek/amavet_ws/install/checkers_msgs/lib:${LD_LIBRARY_PATH} PATH=/home/marek/amavet_ws/install/ur_robot_driver/bin:${PATH} PKG_CONFIG_PATH=/home/marek/amavet_ws/install/ur_client_library/lib/x86_64-linux-gnu/pkgconfig:/home/marek/amavet_ws/install/ur_client_library/lib/pkgconfig PYTHONPATH=/home/marek/amavet_ws/install/ur_robot_driver/lib/python3.12/site-packages:/home/marek/amavet_ws/install/ur_dashboard_msgs/lib/python3.12/site-packages:/home/marek/amavet_ws/install/gripper_srv/lib/python3.12/site-packages:/home/marek/amavet_ws/install/checkers_msgs/lib/python3.12/site-packages:${PYTHONPATH} /usr/bin/cmake /home/marek/amavet_ws/src/robot_control -DCMAKE_INSTALL_PREFIX=/home/marek/amavet_ws/install/robot_control
