running egg_info
creating ../../build/checkers_game/checkers_game.egg-info
writing ../../build/checkers_game/checkers_game.egg-info/PKG-INFO
writing dependency_links to ../../build/checkers_game/checkers_game.egg-info/dependency_links.txt
writing entry points to ../../build/checkers_game/checkers_game.egg-info/entry_points.txt
writing requirements to ../../build/checkers_game/checkers_game.egg-info/requires.txt
writing top-level names to ../../build/checkers_game/checkers_game.egg-info/top_level.txt
writing manifest file '../../build/checkers_game/checkers_game.egg-info/SOURCES.txt'
reading manifest file '../../build/checkers_game/checkers_game.egg-info/SOURCES.txt'
writing manifest file '../../build/checkers_game/checkers_game.egg-info/SOURCES.txt'
running build
running build_py
creating /home/marek/amavet_ws/build/checkers_game/build
creating /home/marek/amavet_ws/build/checkers_game/build/lib
creating /home/marek/amavet_ws/build/checkers_game/build/lib/checkers_game
copying checkers_game/__init__.py -> /home/marek/amavet_ws/build/checkers_game/build/lib/checkers_game
copying checkers_game/constants.py -> /home/marek/amavet_ws/build/checkers_game/build/lib/checkers_game
copying checkers_game/checkers_node.py -> /home/marek/amavet_ws/build/checkers_game/build/lib/checkers_game
creating /home/marek/amavet_ws/build/checkers_game/build/lib/checkers_game/minimax
copying checkers_game/minimax/__init__.py -> /home/marek/amavet_ws/build/checkers_game/build/lib/checkers_game/minimax
copying checkers_game/minimax/algorithm.py -> /home/marek/amavet_ws/build/checkers_game/build/lib/checkers_game/minimax
creating /home/marek/amavet_ws/build/checkers_game/build/lib/checkers_game/camera
copying checkers_game/camera/oldboard_detection.py -> /home/marek/amavet_ws/build/checkers_game/build/lib/checkers_game/camera
copying checkers_game/camera/__init__.py -> /home/marek/amavet_ws/build/checkers_game/build/lib/checkers_game/camera
copying checkers_game/camera/board_detection.py -> /home/marek/amavet_ws/build/checkers_game/build/lib/checkers_game/camera
copying checkers_game/camera/ximea_camera.py -> /home/marek/amavet_ws/build/checkers_game/build/lib/checkers_game/camera
creating /home/marek/amavet_ws/build/checkers_game/build/lib/checkers_game/checkers
copying checkers_game/checkers/__init__.py -> /home/marek/amavet_ws/build/checkers_game/build/lib/checkers_game/checkers
copying checkers_game/checkers/game.py -> /home/marek/amavet_ws/build/checkers_game/build/lib/checkers_game/checkers
copying checkers_game/checkers/board.py -> /home/marek/amavet_ws/build/checkers_game/build/lib/checkers_game/checkers
copying checkers_game/checkers/piece.py -> /home/marek/amavet_ws/build/checkers_game/build/lib/checkers_game/checkers
running install
running install_lib
creating /home/marek/amavet_ws/install/checkers_game/lib/python3.12/site-packages/checkers_game
copying /home/marek/amavet_ws/build/checkers_game/build/lib/checkers_game/__init__.py -> /home/marek/amavet_ws/install/checkers_game/lib/python3.12/site-packages/checkers_game
creating /home/marek/amavet_ws/install/checkers_game/lib/python3.12/site-packages/checkers_game/minimax
copying /home/marek/amavet_ws/build/checkers_game/build/lib/checkers_game/minimax/__init__.py -> /home/marek/amavet_ws/install/checkers_game/lib/python3.12/site-packages/checkers_game/minimax
copying /home/marek/amavet_ws/build/checkers_game/build/lib/checkers_game/minimax/algorithm.py -> /home/marek/amavet_ws/install/checkers_game/lib/python3.12/site-packages/checkers_game/minimax
creating /home/marek/amavet_ws/install/checkers_game/lib/python3.12/site-packages/checkers_game/camera
copying /home/marek/amavet_ws/build/checkers_game/build/lib/checkers_game/camera/oldboard_detection.py -> /home/marek/amavet_ws/install/checkers_game/lib/python3.12/site-packages/checkers_game/camera
copying /home/marek/amavet_ws/build/checkers_game/build/lib/checkers_game/camera/__init__.py -> /home/marek/amavet_ws/install/checkers_game/lib/python3.12/site-packages/checkers_game/camera
copying /home/marek/amavet_ws/build/checkers_game/build/lib/checkers_game/camera/board_detection.py -> /home/marek/amavet_ws/install/checkers_game/lib/python3.12/site-packages/checkers_game/camera
copying /home/marek/amavet_ws/build/checkers_game/build/lib/checkers_game/camera/ximea_camera.py -> /home/marek/amavet_ws/install/checkers_game/lib/python3.12/site-packages/checkers_game/camera
copying /home/marek/amavet_ws/build/checkers_game/build/lib/checkers_game/constants.py -> /home/marek/amavet_ws/install/checkers_game/lib/python3.12/site-packages/checkers_game
creating /home/marek/amavet_ws/install/checkers_game/lib/python3.12/site-packages/checkers_game/checkers
copying /home/marek/amavet_ws/build/checkers_game/build/lib/checkers_game/checkers/__init__.py -> /home/marek/amavet_ws/install/checkers_game/lib/python3.12/site-packages/checkers_game/checkers
copying /home/marek/amavet_ws/build/checkers_game/build/lib/checkers_game/checkers/game.py -> /home/marek/amavet_ws/install/checkers_game/lib/python3.12/site-packages/checkers_game/checkers
copying /home/marek/amavet_ws/build/checkers_game/build/lib/checkers_game/checkers/board.py -> /home/marek/amavet_ws/install/checkers_game/lib/python3.12/site-packages/checkers_game/checkers
copying /home/marek/amavet_ws/build/checkers_game/build/lib/checkers_game/checkers/piece.py -> /home/marek/amavet_ws/install/checkers_game/lib/python3.12/site-packages/checkers_game/checkers
copying /home/marek/amavet_ws/build/checkers_game/build/lib/checkers_game/checkers_node.py -> /home/marek/amavet_ws/install/checkers_game/lib/python3.12/site-packages/checkers_game
byte-compiling /home/marek/amavet_ws/install/checkers_game/lib/python3.12/site-packages/checkers_game/__init__.py to __init__.cpython-312.pyc
byte-compiling /home/marek/amavet_ws/install/checkers_game/lib/python3.12/site-packages/checkers_game/minimax/__init__.py to __init__.cpython-312.pyc
byte-compiling /home/marek/amavet_ws/install/checkers_game/lib/python3.12/site-packages/checkers_game/minimax/algorithm.py to algorithm.cpython-312.pyc
byte-compiling /home/marek/amavet_ws/install/checkers_game/lib/python3.12/site-packages/checkers_game/camera/oldboard_detection.py to oldboard_detection.cpython-312.pyc
byte-compiling /home/marek/amavet_ws/install/checkers_game/lib/python3.12/site-packages/checkers_game/camera/__init__.py to __init__.cpython-312.pyc
byte-compiling /home/marek/amavet_ws/install/checkers_game/lib/python3.12/site-packages/checkers_game/camera/board_detection.py to board_detection.cpython-312.pyc
byte-compiling /home/marek/amavet_ws/install/checkers_game/lib/python3.12/site-packages/checkers_game/camera/ximea_camera.py to ximea_camera.cpython-312.pyc
byte-compiling /home/marek/amavet_ws/install/checkers_game/lib/python3.12/site-packages/checkers_game/constants.py to constants.cpython-312.pyc
byte-compiling /home/marek/amavet_ws/install/checkers_game/lib/python3.12/site-packages/checkers_game/checkers/__init__.py to __init__.cpython-312.pyc
byte-compiling /home/marek/amavet_ws/install/checkers_game/lib/python3.12/site-packages/checkers_game/checkers/game.py to game.cpython-312.pyc
byte-compiling /home/marek/amavet_ws/install/checkers_game/lib/python3.12/site-packages/checkers_game/checkers/board.py to board.cpython-312.pyc
byte-compiling /home/marek/amavet_ws/install/checkers_game/lib/python3.12/site-packages/checkers_game/checkers/piece.py to piece.cpython-312.pyc
byte-compiling /home/marek/amavet_ws/install/checkers_game/lib/python3.12/site-packages/checkers_game/checkers_node.py to checkers_node.cpython-312.pyc
running install_data
creating /home/marek/amavet_ws/install/checkers_game/share/ament_index
creating /home/marek/amavet_ws/install/checkers_game/share/ament_index/resource_index
creating /home/marek/amavet_ws/install/checkers_game/share/ament_index/resource_index/packages
copying resource/checkers_game -> /home/marek/amavet_ws/install/checkers_game/share/ament_index/resource_index/packages
copying package.xml -> /home/marek/amavet_ws/install/checkers_game/share/checkers_game
creating /home/marek/amavet_ws/install/checkers_game/share/checkers_game/launch
copying launch/checkers_game_launch.launch.py -> /home/marek/amavet_ws/install/checkers_game/share/checkers_game/launch
running install_egg_info
Copying ../../build/checkers_game/checkers_game.egg-info to /home/marek/amavet_ws/install/checkers_game/lib/python3.12/site-packages/checkers_game-0.0.0-py3.12.egg-info
running install_scripts
Installing checkers_node script to /home/marek/amavet_ws/install/checkers_game/lib/checkers_game
writing list of installed files to '/home/marek/amavet_ws/build/checkers_game/install.log'
