[0.967s] Invoking command in '/home/marek/amavet_ws/src/checkers_game': AMENT_PREFIX_PATH=/home/marek/amavet_ws/install/checkers_msgs:${AMENT_PREFIX_PATH} CMAKE_PREFIX_PATH=/home/marek/amavet_ws/install/checkers_msgs:${CMAKE_PREFIX_PATH} DEBUGINFOD_URLS=https://debuginfod.ubuntu.com LD_LIBRARY_PATH=/home/marek/amavet_ws/install/checkers_msgs/lib:${LD_LIBRARY_PATH} PYTHONPATH=/home/marek/amavet_ws/build/checkers_game/prefix_override:/usr/lib/python3/dist-packages/colcon_core/task/python/colcon_distutils_commands:/home/marek/amavet_ws/install/checkers_game/lib/python3.12/site-packages:/home/marek/amavet_ws/install/checkers_msgs/lib/python3.12/site-packages:${PYTHONPATH} /usr/bin/python3 -W ignore:setup.py install is deprecated -W ignore:easy_install command is deprecated setup.py egg_info --egg-base ../../build/checkers_game build --build-base /home/marek/amavet_ws/build/checkers_game/build install --record /home/marek/amavet_ws/build/checkers_game/install.log --single-version-externally-managed install_data
[1.236s] running egg_info
[1.236s] creating ../../build/checkers_game/checkers_game.egg-info
[1.257s] writing ../../build/checkers_game/checkers_game.egg-info/PKG-INFO
[1.257s] writing dependency_links to ../../build/checkers_game/checkers_game.egg-info/dependency_links.txt
[1.257s] writing entry points to ../../build/checkers_game/checkers_game.egg-info/entry_points.txt
[1.257s] writing requirements to ../../build/checkers_game/checkers_game.egg-info/requires.txt
[1.257s] writing top-level names to ../../build/checkers_game/checkers_game.egg-info/top_level.txt
[1.257s] writing manifest file '../../build/checkers_game/checkers_game.egg-info/SOURCES.txt'
[1.300s] reading manifest file '../../build/checkers_game/checkers_game.egg-info/SOURCES.txt'
[1.301s] writing manifest file '../../build/checkers_game/checkers_game.egg-info/SOURCES.txt'
[1.301s] running build
[1.301s] running build_py
[1.301s] creating /home/marek/amavet_ws/build/checkers_game/build
[1.301s] creating /home/marek/amavet_ws/build/checkers_game/build/lib
[1.302s] creating /home/marek/amavet_ws/build/checkers_game/build/lib/checkers_game
[1.302s] copying checkers_game/__init__.py -> /home/marek/amavet_ws/build/checkers_game/build/lib/checkers_game
[1.302s] copying checkers_game/constants.py -> /home/marek/amavet_ws/build/checkers_game/build/lib/checkers_game
[1.302s] copying checkers_game/checkers_node.py -> /home/marek/amavet_ws/build/checkers_game/build/lib/checkers_game
[1.302s] creating /home/marek/amavet_ws/build/checkers_game/build/lib/checkers_game/minimax
[1.302s] copying checkers_game/minimax/__init__.py -> /home/marek/amavet_ws/build/checkers_game/build/lib/checkers_game/minimax
[1.302s] copying checkers_game/minimax/algorithm.py -> /home/marek/amavet_ws/build/checkers_game/build/lib/checkers_game/minimax
[1.302s] creating /home/marek/amavet_ws/build/checkers_game/build/lib/checkers_game/camera
[1.303s] copying checkers_game/camera/oldboard_detection.py -> /home/marek/amavet_ws/build/checkers_game/build/lib/checkers_game/camera
[1.303s] copying checkers_game/camera/__init__.py -> /home/marek/amavet_ws/build/checkers_game/build/lib/checkers_game/camera
[1.303s] copying checkers_game/camera/board_detection.py -> /home/marek/amavet_ws/build/checkers_game/build/lib/checkers_game/camera
[1.303s] copying checkers_game/camera/ximea_camera.py -> /home/marek/amavet_ws/build/checkers_game/build/lib/checkers_game/camera
[1.303s] creating /home/marek/amavet_ws/build/checkers_game/build/lib/checkers_game/checkers
[1.303s] copying checkers_game/checkers/__init__.py -> /home/marek/amavet_ws/build/checkers_game/build/lib/checkers_game/checkers
[1.303s] copying checkers_game/checkers/game.py -> /home/marek/amavet_ws/build/checkers_game/build/lib/checkers_game/checkers
[1.303s] copying checkers_game/checkers/board.py -> /home/marek/amavet_ws/build/checkers_game/build/lib/checkers_game/checkers
[1.303s] copying checkers_game/checkers/piece.py -> /home/marek/amavet_ws/build/checkers_game/build/lib/checkers_game/checkers
[1.304s] running install
[1.310s] running install_lib
[1.331s] creating /home/marek/amavet_ws/install/checkers_game/lib/python3.12/site-packages/checkers_game
[1.331s] copying /home/marek/amavet_ws/build/checkers_game/build/lib/checkers_game/__init__.py -> /home/marek/amavet_ws/install/checkers_game/lib/python3.12/site-packages/checkers_game
[1.331s] creating /home/marek/amavet_ws/install/checkers_game/lib/python3.12/site-packages/checkers_game/minimax
[1.332s] copying /home/marek/amavet_ws/build/checkers_game/build/lib/checkers_game/minimax/__init__.py -> /home/marek/amavet_ws/install/checkers_game/lib/python3.12/site-packages/checkers_game/minimax
[1.332s] copying /home/marek/amavet_ws/build/checkers_game/build/lib/checkers_game/minimax/algorithm.py -> /home/marek/amavet_ws/install/checkers_game/lib/python3.12/site-packages/checkers_game/minimax
[1.332s] creating /home/marek/amavet_ws/install/checkers_game/lib/python3.12/site-packages/checkers_game/camera
[1.332s] copying /home/marek/amavet_ws/build/checkers_game/build/lib/checkers_game/camera/oldboard_detection.py -> /home/marek/amavet_ws/install/checkers_game/lib/python3.12/site-packages/checkers_game/camera
[1.332s] copying /home/marek/amavet_ws/build/checkers_game/build/lib/checkers_game/camera/__init__.py -> /home/marek/amavet_ws/install/checkers_game/lib/python3.12/site-packages/checkers_game/camera
[1.332s] copying /home/marek/amavet_ws/build/checkers_game/build/lib/checkers_game/camera/board_detection.py -> /home/marek/amavet_ws/install/checkers_game/lib/python3.12/site-packages/checkers_game/camera
[1.332s] copying /home/marek/amavet_ws/build/checkers_game/build/lib/checkers_game/camera/ximea_camera.py -> /home/marek/amavet_ws/install/checkers_game/lib/python3.12/site-packages/checkers_game/camera
[1.332s] copying /home/marek/amavet_ws/build/checkers_game/build/lib/checkers_game/constants.py -> /home/marek/amavet_ws/install/checkers_game/lib/python3.12/site-packages/checkers_game
[1.333s] creating /home/marek/amavet_ws/install/checkers_game/lib/python3.12/site-packages/checkers_game/checkers
[1.333s] copying /home/marek/amavet_ws/build/checkers_game/build/lib/checkers_game/checkers/__init__.py -> /home/marek/amavet_ws/install/checkers_game/lib/python3.12/site-packages/checkers_game/checkers
[1.333s] copying /home/marek/amavet_ws/build/checkers_game/build/lib/checkers_game/checkers/game.py -> /home/marek/amavet_ws/install/checkers_game/lib/python3.12/site-packages/checkers_game/checkers
[1.333s] copying /home/marek/amavet_ws/build/checkers_game/build/lib/checkers_game/checkers/board.py -> /home/marek/amavet_ws/install/checkers_game/lib/python3.12/site-packages/checkers_game/checkers
[1.333s] copying /home/marek/amavet_ws/build/checkers_game/build/lib/checkers_game/checkers/piece.py -> /home/marek/amavet_ws/install/checkers_game/lib/python3.12/site-packages/checkers_game/checkers
[1.333s] copying /home/marek/amavet_ws/build/checkers_game/build/lib/checkers_game/checkers_node.py -> /home/marek/amavet_ws/install/checkers_game/lib/python3.12/site-packages/checkers_game
[1.333s] byte-compiling /home/marek/amavet_ws/install/checkers_game/lib/python3.12/site-packages/checkers_game/__init__.py to __init__.cpython-312.pyc
[1.334s] byte-compiling /home/marek/amavet_ws/install/checkers_game/lib/python3.12/site-packages/checkers_game/minimax/__init__.py to __init__.cpython-312.pyc
[1.334s] byte-compiling /home/marek/amavet_ws/install/checkers_game/lib/python3.12/site-packages/checkers_game/minimax/algorithm.py to algorithm.cpython-312.pyc
[1.335s] byte-compiling /home/marek/amavet_ws/install/checkers_game/lib/python3.12/site-packages/checkers_game/camera/oldboard_detection.py to oldboard_detection.cpython-312.pyc
[1.339s] byte-compiling /home/marek/amavet_ws/install/checkers_game/lib/python3.12/site-packages/checkers_game/camera/__init__.py to __init__.cpython-312.pyc
[1.339s] byte-compiling /home/marek/amavet_ws/install/checkers_game/lib/python3.12/site-packages/checkers_game/camera/board_detection.py to board_detection.cpython-312.pyc
[1.348s] byte-compiling /home/marek/amavet_ws/install/checkers_game/lib/python3.12/site-packages/checkers_game/camera/ximea_camera.py to ximea_camera.cpython-312.pyc
[1.349s] byte-compiling /home/marek/amavet_ws/install/checkers_game/lib/python3.12/site-packages/checkers_game/constants.py to constants.cpython-312.pyc
[1.349s] byte-compiling /home/marek/amavet_ws/install/checkers_game/lib/python3.12/site-packages/checkers_game/checkers/__init__.py to __init__.cpython-312.pyc
[1.349s] byte-compiling /home/marek/amavet_ws/install/checkers_game/lib/python3.12/site-packages/checkers_game/checkers/game.py to game.cpython-312.pyc
[1.350s] byte-compiling /home/marek/amavet_ws/install/checkers_game/lib/python3.12/site-packages/checkers_game/checkers/board.py to board.cpython-312.pyc
[1.352s] byte-compiling /home/marek/amavet_ws/install/checkers_game/lib/python3.12/site-packages/checkers_game/checkers/piece.py to piece.cpython-312.pyc
[1.352s] byte-compiling /home/marek/amavet_ws/install/checkers_game/lib/python3.12/site-packages/checkers_game/checkers_node.py to checkers_node.cpython-312.pyc
[1.359s] running install_data
[1.360s] creating /home/marek/amavet_ws/install/checkers_game/share/ament_index
[1.360s] creating /home/marek/amavet_ws/install/checkers_game/share/ament_index/resource_index
[1.360s] creating /home/marek/amavet_ws/install/checkers_game/share/ament_index/resource_index/packages
[1.361s] copying resource/checkers_game -> /home/marek/amavet_ws/install/checkers_game/share/ament_index/resource_index/packages
[1.361s] copying package.xml -> /home/marek/amavet_ws/install/checkers_game/share/checkers_game
[1.361s] creating /home/marek/amavet_ws/install/checkers_game/share/checkers_game/launch
[1.361s] copying launch/checkers_game_launch.launch.py -> /home/marek/amavet_ws/install/checkers_game/share/checkers_game/launch
[1.362s] running install_egg_info
[1.382s] Copying ../../build/checkers_game/checkers_game.egg-info to /home/marek/amavet_ws/install/checkers_game/lib/python3.12/site-packages/checkers_game-0.0.0-py3.12.egg-info
[1.383s] running install_scripts
[1.516s] Installing checkers_node script to /home/marek/amavet_ws/install/checkers_game/lib/checkers_game
[1.517s] writing list of installed files to '/home/marek/amavet_ws/build/checkers_game/install.log'
[1.564s] Invoked command in '/home/marek/amavet_ws/src/checkers_game' returned '0': AMENT_PREFIX_PATH=/home/marek/amavet_ws/install/checkers_msgs:${AMENT_PREFIX_PATH} CMAKE_PREFIX_PATH=/home/marek/amavet_ws/install/checkers_msgs:${CMAKE_PREFIX_PATH} DEBUGINFOD_URLS=https://debuginfod.ubuntu.com LD_LIBRARY_PATH=/home/marek/amavet_ws/install/checkers_msgs/lib:${LD_LIBRARY_PATH} PYTHONPATH=/home/marek/amavet_ws/build/checkers_game/prefix_override:/usr/lib/python3/dist-packages/colcon_core/task/python/colcon_distutils_commands:/home/marek/amavet_ws/install/checkers_game/lib/python3.12/site-packages:/home/marek/amavet_ws/install/checkers_msgs/lib/python3.12/site-packages:${PYTHONPATH} /usr/bin/python3 -W ignore:setup.py install is deprecated -W ignore:easy_install command is deprecated setup.py egg_info --egg-base ../../build/checkers_game build --build-base /home/marek/amavet_ws/build/checkers_game/build install --record /home/marek/amavet_ws/build/checkers_game/install.log --single-version-externally-managed install_data
