-- Found ament_cmake: 2.5.5 (/opt/ros/jazzy/share/ament_cmake/cmake)
-- Found Python3: /usr/bin/python3 (found version "3.12.3") found components: Interpreter 
-- Override CMake install command with custom implementation using symlinks instead of copying resources
-- Found rosidl_default_generators: 1.6.0 (/opt/ros/jazzy/share/rosidl_default_generators/cmake)
-- Using all available rosidl_typesupport_c: rosidl_typesupport_fastrtps_c;rosidl_typesupport_introspection_c
-- Using all available rosidl_typesupport_cpp: rosidl_typesupport_fastrtps_cpp;rosidl_typesupport_introspection_cpp
-- Found rosidl_adapter: 4.6.7 (/opt/ros/jazzy/share/rosidl_adapter/cmake)
-- Found ament_cmake_ros: 0.12.0 (/opt/ros/jazzy/share/ament_cmake_ros/cmake)
-- Using all available rosidl_typesupport_c: rosidl_typesupport_fastrtps_c;rosidl_typesupport_introspection_c
-- Using all available rosidl_typesupport_cpp: rosidl_typesupport_fastrtps_cpp;rosidl_typesupport_introspection_cpp
-- Found python_cmake_module: 0.11.1 (/opt/ros/jazzy/share/python_cmake_module/cmake)
-- Found Python3: /usr/bin/python3 (found version "3.12.3") found components: Interpreter Development NumPy Development.Module Development.Embed 
-- Found ament_lint_auto: 0.17.4 (/opt/ros/jazzy/share/ament_lint_auto/cmake)
-- Added test 'lint_cmake' to check CMake code style
-- Added test 'xmllint' to check XML markup files
-- Configuring done (1.8s)
-- Generating done (0.1s)
-- Build files have been written to: /home/marek/amavet_ws/build/checkers_msgs
[  1%] [34m[1mGenerating type hashes for ROS interfaces[0m
[  1%] Built target ament_cmake_python_symlink_checkers_msgs
running egg_info
creating checkers_msgs.egg-info
writing checkers_msgs.egg-info/PKG-INFO
writing dependency_links to checkers_msgs.egg-info/dependency_links.txt
writing top-level names to checkers_msgs.egg-info/top_level.txt
writing manifest file 'checkers_msgs.egg-info/SOURCES.txt'
[  1%] Built target checkers_msgs__rosidl_generator_type_description
[  2%] [34m[1mGenerating C code for ROS interfaces[0m
[  3%] [34m[1mGenerating C++ code for ROS interfaces[0m
reading manifest file 'checkers_msgs.egg-info/SOURCES.txt'
writing manifest file 'checkers_msgs.egg-info/SOURCES.txt'
[  3%] Built target ament_cmake_python_build_checkers_msgs_egg
[  3%] Built target checkers_msgs__cpp
[  5%] [32mBuilding C object CMakeFiles/checkers_msgs__rosidl_generator_c.dir/rosidl_generator_c/checkers_msgs/msg/detail/board__description.c.o[0m
[  5%] [32mBuilding C object CMakeFiles/checkers_msgs__rosidl_generator_c.dir/rosidl_generator_c/checkers_msgs/msg/detail/board__type_support.c.o[0m
[  7%] [32mBuilding C object CMakeFiles/checkers_msgs__rosidl_generator_c.dir/rosidl_generator_c/checkers_msgs/msg/detail/board__functions.c.o[0m
[  8%] [32mBuilding C object CMakeFiles/checkers_msgs__rosidl_generator_c.dir/rosidl_generator_c/checkers_msgs/msg/detail/piece__type_support.c.o[0m
[  9%] [32mBuilding C object CMakeFiles/checkers_msgs__rosidl_generator_c.dir/rosidl_generator_c/checkers_msgs/msg/detail/piece__description.c.o[0m
[ 10%] [32mBuilding C object CMakeFiles/checkers_msgs__rosidl_generator_c.dir/rosidl_generator_c/checkers_msgs/msg/detail/piece__functions.c.o[0m
[ 11%] [32mBuilding C object CMakeFiles/checkers_msgs__rosidl_generator_c.dir/rosidl_generator_c/checkers_msgs/msg/detail/move__type_support.c.o[0m
[ 13%] [32mBuilding C object CMakeFiles/checkers_msgs__rosidl_generator_c.dir/rosidl_generator_c/checkers_msgs/msg/detail/move__functions.c.o[0m
[ 14%] [32mBuilding C object CMakeFiles/checkers_msgs__rosidl_generator_c.dir/rosidl_generator_c/checkers_msgs/msg/detail/move__description.c.o[0m
[ 15%] [32mBuilding C object CMakeFiles/checkers_msgs__rosidl_generator_c.dir/rosidl_generator_c/checkers_msgs/msg/detail/hand_detected__description.c.o[0m
[ 16%] [32mBuilding C object CMakeFiles/checkers_msgs__rosidl_generator_c.dir/rosidl_generator_c/checkers_msgs/msg/detail/hand_detected__functions.c.o[0m
[ 17%] [32mBuilding C object CMakeFiles/checkers_msgs__rosidl_generator_c.dir/rosidl_generator_c/checkers_msgs/msg/detail/hand_detected__type_support.c.o[0m
[ 19%] [32mBuilding C object CMakeFiles/checkers_msgs__rosidl_generator_c.dir/rosidl_generator_c/checkers_msgs/msg/detail/robot_move__description.c.o[0m
[ 20%] [32mBuilding C object CMakeFiles/checkers_msgs__rosidl_generator_c.dir/rosidl_generator_c/checkers_msgs/msg/detail/robot_move__functions.c.o[0m
[ 21%] [32mBuilding C object CMakeFiles/checkers_msgs__rosidl_generator_c.dir/rosidl_generator_c/checkers_msgs/msg/detail/robot_move__type_support.c.o[0m
[ 22%] [32mBuilding C object CMakeFiles/checkers_msgs__rosidl_generator_c.dir/rosidl_generator_c/checkers_msgs/srv/detail/resume_movement__description.c.o[0m
[ 23%] [32mBuilding C object CMakeFiles/checkers_msgs__rosidl_generator_c.dir/rosidl_generator_c/checkers_msgs/srv/detail/resume_movement__functions.c.o[0m
[ 25%] [32mBuilding C object CMakeFiles/checkers_msgs__rosidl_generator_c.dir/rosidl_generator_c/checkers_msgs/srv/detail/resume_movement__type_support.c.o[0m
[ 26%] [32m[1mLinking C shared library libcheckers_msgs__rosidl_generator_c.so[0m
[ 26%] Built target checkers_msgs__rosidl_generator_c
[ 33%] [34m[1mGenerating C introspection for ROS interfaces[0m
[ 33%] [34m[1mGenerating C++ type support for eProsima Fast-RTPS[0m
[ 33%] [34m[1mGenerating C++ type support dispatch for ROS interfaces[0m
[ 33%] [34m[1mGenerating C type support dispatch for ROS interfaces[0m
[ 33%] [34m[1mGenerating C++ introspection for ROS interfaces[0m
[ 33%] [34m[1mGenerating C type support for eProsima Fast-RTPS[0m
[ 34%] [32mBuilding CXX object CMakeFiles/checkers_msgs__rosidl_typesupport_c.dir/rosidl_typesupport_c/checkers_msgs/msg/move__type_support.cpp.o[0m
[ 35%] [32mBuilding CXX object CMakeFiles/checkers_msgs__rosidl_typesupport_c.dir/rosidl_typesupport_c/checkers_msgs/msg/board__type_support.cpp.o[0m
[ 36%] [32mBuilding CXX object CMakeFiles/checkers_msgs__rosidl_typesupport_c.dir/rosidl_typesupport_c/checkers_msgs/msg/piece__type_support.cpp.o[0m
[ 39%] [32mBuilding CXX object CMakeFiles/checkers_msgs__rosidl_typesupport_c.dir/rosidl_typesupport_c/checkers_msgs/msg/robot_move__type_support.cpp.o[0m
[ 39%] [32mBuilding CXX object CMakeFiles/checkers_msgs__rosidl_typesupport_c.dir/rosidl_typesupport_c/checkers_msgs/msg/hand_detected__type_support.cpp.o[0m
[ 40%] [32mBuilding CXX object CMakeFiles/checkers_msgs__rosidl_typesupport_c.dir/rosidl_typesupport_c/checkers_msgs/srv/resume_movement__type_support.cpp.o[0m
[ 41%] [32m[1mLinking CXX shared library libcheckers_msgs__rosidl_typesupport_c.so[0m
[ 41%] Built target checkers_msgs__rosidl_typesupport_c
[ 44%] [32mBuilding CXX object CMakeFiles/checkers_msgs__rosidl_typesupport_cpp.dir/rosidl_typesupport_cpp/checkers_msgs/msg/piece__type_support.cpp.o[0m
[ 44%] [32mBuilding CXX object CMakeFiles/checkers_msgs__rosidl_typesupport_cpp.dir/rosidl_typesupport_cpp/checkers_msgs/msg/board__type_support.cpp.o[0m
[ 45%] [32mBuilding CXX object CMakeFiles/checkers_msgs__rosidl_typesupport_cpp.dir/rosidl_typesupport_cpp/checkers_msgs/msg/move__type_support.cpp.o[0m
[ 46%] [32mBuilding CXX object CMakeFiles/checkers_msgs__rosidl_typesupport_cpp.dir/rosidl_typesupport_cpp/checkers_msgs/srv/resume_movement__type_support.cpp.o[0m
[ 47%] [32mBuilding CXX object CMakeFiles/checkers_msgs__rosidl_typesupport_cpp.dir/rosidl_typesupport_cpp/checkers_msgs/msg/hand_detected__type_support.cpp.o[0m
[ 48%] [32mBuilding CXX object CMakeFiles/checkers_msgs__rosidl_typesupport_cpp.dir/rosidl_typesupport_cpp/checkers_msgs/msg/robot_move__type_support.cpp.o[0m
[ 50%] [32mBuilding C object CMakeFiles/checkers_msgs__rosidl_typesupport_introspection_c.dir/rosidl_typesupport_introspection_c/checkers_msgs/msg/detail/board__type_support.c.o[0m
[ 51%] [32mBuilding C object CMakeFiles/checkers_msgs__rosidl_typesupport_introspection_c.dir/rosidl_typesupport_introspection_c/checkers_msgs/msg/detail/piece__type_support.c.o[0m
[ 52%] [32mBuilding C object CMakeFiles/checkers_msgs__rosidl_typesupport_introspection_c.dir/rosidl_typesupport_introspection_c/checkers_msgs/msg/detail/robot_move__type_support.c.o[0m
[ 53%] [32mBuilding C object CMakeFiles/checkers_msgs__rosidl_typesupport_introspection_c.dir/rosidl_typesupport_introspection_c/checkers_msgs/msg/detail/hand_detected__type_support.c.o[0m
[ 54%] [32mBuilding C object CMakeFiles/checkers_msgs__rosidl_typesupport_introspection_c.dir/rosidl_typesupport_introspection_c/checkers_msgs/srv/detail/resume_movement__type_support.c.o[0m
[ 55%] [32mBuilding C object CMakeFiles/checkers_msgs__rosidl_typesupport_introspection_c.dir/rosidl_typesupport_introspection_c/checkers_msgs/msg/detail/move__type_support.c.o[0m
[ 57%] [32m[1mLinking C shared library libcheckers_msgs__rosidl_typesupport_introspection_c.so[0m
[ 58%] [32mBuilding CXX object CMakeFiles/checkers_msgs__rosidl_typesupport_introspection_cpp.dir/rosidl_typesupport_introspection_cpp/checkers_msgs/msg/detail/board__type_support.cpp.o[0m
[ 59%] [32mBuilding CXX object CMakeFiles/checkers_msgs__rosidl_typesupport_introspection_cpp.dir/rosidl_typesupport_introspection_cpp/checkers_msgs/msg/detail/move__type_support.cpp.o[0m
[ 60%] [32mBuilding CXX object CMakeFiles/checkers_msgs__rosidl_typesupport_introspection_cpp.dir/rosidl_typesupport_introspection_cpp/checkers_msgs/msg/detail/hand_detected__type_support.cpp.o[0m
[ 61%] [32mBuilding CXX object CMakeFiles/checkers_msgs__rosidl_typesupport_introspection_cpp.dir/rosidl_typesupport_introspection_cpp/checkers_msgs/msg/detail/piece__type_support.cpp.o[0m
[ 63%] [32mBuilding CXX object CMakeFiles/checkers_msgs__rosidl_typesupport_introspection_cpp.dir/rosidl_typesupport_introspection_cpp/checkers_msgs/srv/detail/resume_movement__type_support.cpp.o[0m
[ 64%] [32mBuilding CXX object CMakeFiles/checkers_msgs__rosidl_typesupport_introspection_cpp.dir/rosidl_typesupport_introspection_cpp/checkers_msgs/msg/detail/robot_move__type_support.cpp.o[0m
[ 65%] [32mBuilding CXX object CMakeFiles/checkers_msgs__rosidl_typesupport_fastrtps_cpp.dir/rosidl_typesupport_fastrtps_cpp/checkers_msgs/msg/detail/dds_fastrtps/board__type_support.cpp.o[0m
[ 66%] [32mBuilding CXX object CMakeFiles/checkers_msgs__rosidl_typesupport_fastrtps_cpp.dir/rosidl_typesupport_fastrtps_cpp/checkers_msgs/msg/detail/dds_fastrtps/piece__type_support.cpp.o[0m
[ 66%] Built target checkers_msgs__rosidl_typesupport_introspection_c
[ 67%] [32mBuilding CXX object CMakeFiles/checkers_msgs__rosidl_typesupport_fastrtps_cpp.dir/rosidl_typesupport_fastrtps_cpp/checkers_msgs/msg/detail/dds_fastrtps/move__type_support.cpp.o[0m
[ 69%] [32mBuilding CXX object CMakeFiles/checkers_msgs__rosidl_typesupport_fastrtps_cpp.dir/rosidl_typesupport_fastrtps_cpp/checkers_msgs/msg/detail/dds_fastrtps/hand_detected__type_support.cpp.o[0m
[ 70%] [32mBuilding CXX object CMakeFiles/checkers_msgs__rosidl_typesupport_fastrtps_cpp.dir/rosidl_typesupport_fastrtps_cpp/checkers_msgs/msg/detail/dds_fastrtps/robot_move__type_support.cpp.o[0m
[ 71%] [32mBuilding CXX object CMakeFiles/checkers_msgs__rosidl_typesupport_fastrtps_cpp.dir/rosidl_typesupport_fastrtps_cpp/checkers_msgs/srv/detail/dds_fastrtps/resume_movement__type_support.cpp.o[0m
[ 72%] [32mBuilding CXX object CMakeFiles/checkers_msgs__rosidl_typesupport_fastrtps_c.dir/rosidl_typesupport_fastrtps_c/checkers_msgs/msg/detail/piece__type_support_c.cpp.o[0m
[ 73%] [32mBuilding CXX object CMakeFiles/checkers_msgs__rosidl_typesupport_fastrtps_c.dir/rosidl_typesupport_fastrtps_c/checkers_msgs/msg/detail/board__type_support_c.cpp.o[0m
[ 75%] [32mBuilding CXX object CMakeFiles/checkers_msgs__rosidl_typesupport_fastrtps_c.dir/rosidl_typesupport_fastrtps_c/checkers_msgs/msg/detail/move__type_support_c.cpp.o[0m
[ 76%] [32m[1mLinking CXX shared library libcheckers_msgs__rosidl_typesupport_cpp.so[0m
[ 77%] [32mBuilding CXX object CMakeFiles/checkers_msgs__rosidl_typesupport_fastrtps_c.dir/rosidl_typesupport_fastrtps_c/checkers_msgs/msg/detail/hand_detected__type_support_c.cpp.o[0m
[ 78%] [32mBuilding CXX object CMakeFiles/checkers_msgs__rosidl_typesupport_fastrtps_c.dir/rosidl_typesupport_fastrtps_c/checkers_msgs/msg/detail/robot_move__type_support_c.cpp.o[0m
[ 79%] [32mBuilding CXX object CMakeFiles/checkers_msgs__rosidl_typesupport_fastrtps_c.dir/rosidl_typesupport_fastrtps_c/checkers_msgs/srv/detail/resume_movement__type_support_c.cpp.o[0m
[ 79%] Built target checkers_msgs__rosidl_typesupport_cpp
[ 80%] [32m[1mLinking CXX shared library libcheckers_msgs__rosidl_typesupport_introspection_cpp.so[0m
[ 80%] Built target checkers_msgs__rosidl_typesupport_introspection_cpp
[ 82%] [32m[1mLinking CXX shared library libcheckers_msgs__rosidl_typesupport_fastrtps_c.so[0m
[ 83%] [32m[1mLinking CXX shared library libcheckers_msgs__rosidl_typesupport_fastrtps_cpp.so[0m
[ 83%] Built target checkers_msgs__rosidl_typesupport_fastrtps_c
[ 83%] Built target checkers_msgs__rosidl_typesupport_fastrtps_cpp
[ 83%] Built target checkers_msgs
[ 84%] [34m[1mGenerating Python code for ROS interfaces[0m
[ 84%] Built target checkers_msgs__py
[ 85%] [32mBuilding C object CMakeFiles/checkers_msgs__rosidl_generator_py.dir/rosidl_generator_py/checkers_msgs/msg/_robot_move_s.c.o[0m
[ 88%] [32mBuilding C object CMakeFiles/checkers_msgs__rosidl_generator_py.dir/rosidl_generator_py/checkers_msgs/msg/_hand_detected_s.c.o[0m
[ 88%] [32mBuilding C object CMakeFiles/checkers_msgs__rosidl_generator_py.dir/rosidl_generator_py/checkers_msgs/srv/_resume_movement_s.c.o[0m
[ 89%] [32mBuilding C object CMakeFiles/checkers_msgs__rosidl_generator_py.dir/rosidl_generator_py/checkers_msgs/msg/_board_s.c.o[0m
[ 90%] [32mBuilding C object CMakeFiles/checkers_msgs__rosidl_generator_py.dir/rosidl_generator_py/checkers_msgs/msg/_move_s.c.o[0m
[ 91%] [32mBuilding C object CMakeFiles/checkers_msgs__rosidl_generator_py.dir/rosidl_generator_py/checkers_msgs/msg/_piece_s.c.o[0m
[ 92%] [32m[1mLinking C shared library libcheckers_msgs__rosidl_generator_py.so[0m
[ 92%] Built target checkers_msgs__rosidl_generator_py
[ 94%] [32mBuilding C object CMakeFiles/checkers_msgs_s__rosidl_typesupport_fastrtps_c.dir/rosidl_generator_py/checkers_msgs/_checkers_msgs_s.ep.rosidl_typesupport_fastrtps_c.c.o[0m
[ 95%] [32mBuilding C object CMakeFiles/checkers_msgs_s__rosidl_typesupport_introspection_c.dir/rosidl_generator_py/checkers_msgs/_checkers_msgs_s.ep.rosidl_typesupport_introspection_c.c.o[0m
[ 96%] [32mBuilding C object CMakeFiles/checkers_msgs_s__rosidl_typesupport_c.dir/rosidl_generator_py/checkers_msgs/_checkers_msgs_s.ep.rosidl_typesupport_c.c.o[0m
[ 97%] [32m[1mLinking C shared module rosidl_generator_py/checkers_msgs/checkers_msgs_s__rosidl_typesupport_fastrtps_c.so[0m
[ 98%] [32m[1mLinking C shared module rosidl_generator_py/checkers_msgs/checkers_msgs_s__rosidl_typesupport_introspection_c.so[0m
[100%] [32m[1mLinking C shared module rosidl_generator_py/checkers_msgs/checkers_msgs_s__rosidl_typesupport_c.so[0m
[100%] Built target checkers_msgs_s__rosidl_typesupport_fastrtps_c
[100%] Built target checkers_msgs_s__rosidl_typesupport_introspection_c
[100%] Built target checkers_msgs_s__rosidl_typesupport_c
-- Install configuration: ""
-- Execute custom install script
-- Symlinking: /home/marek/amavet_ws/install/checkers_msgs/share/ament_index/resource_index/rosidl_interfaces/checkers_msgs
-- Symlinking: /home/marek/amavet_ws/install/checkers_msgs/share/checkers_msgs/msg/Board.json
-- Symlinking: /home/marek/amavet_ws/install/checkers_msgs/share/checkers_msgs/msg/Piece.json
-- Symlinking: /home/marek/amavet_ws/install/checkers_msgs/share/checkers_msgs/msg/Move.json
-- Symlinking: /home/marek/amavet_ws/install/checkers_msgs/share/checkers_msgs/msg/HandDetected.json
-- Symlinking: /home/marek/amavet_ws/install/checkers_msgs/share/checkers_msgs/msg/RobotMove.json
-- Symlinking: /home/marek/amavet_ws/install/checkers_msgs/share/checkers_msgs/srv/ResumeMovement.json
-- Symlinking: /home/marek/amavet_ws/install/checkers_msgs/include/checkers_msgs/checkers_msgs/msg/board.h
-- Symlinking: /home/marek/amavet_ws/install/checkers_msgs/include/checkers_msgs/checkers_msgs/msg/detail/board__functions.h
-- Symlinking: /home/marek/amavet_ws/install/checkers_msgs/include/checkers_msgs/checkers_msgs/msg/detail/board__struct.h
-- Symlinking: /home/marek/amavet_ws/install/checkers_msgs/include/checkers_msgs/checkers_msgs/msg/detail/board__type_support.h
-- Symlinking: /home/marek/amavet_ws/install/checkers_msgs/include/checkers_msgs/checkers_msgs/msg/detail/hand_detected__functions.h
-- Symlinking: /home/marek/amavet_ws/install/checkers_msgs/include/checkers_msgs/checkers_msgs/msg/detail/hand_detected__struct.h
-- Symlinking: /home/marek/amavet_ws/install/checkers_msgs/include/checkers_msgs/checkers_msgs/msg/detail/hand_detected__type_support.h
-- Symlinking: /home/marek/amavet_ws/install/checkers_msgs/include/checkers_msgs/checkers_msgs/msg/detail/move__functions.h
-- Symlinking: /home/marek/amavet_ws/install/checkers_msgs/include/checkers_msgs/checkers_msgs/msg/detail/move__struct.h
-- Symlinking: /home/marek/amavet_ws/install/checkers_msgs/include/checkers_msgs/checkers_msgs/msg/detail/move__type_support.h
-- Symlinking: /home/marek/amavet_ws/install/checkers_msgs/include/checkers_msgs/checkers_msgs/msg/detail/piece__functions.h
-- Symlinking: /home/marek/amavet_ws/install/checkers_msgs/include/checkers_msgs/checkers_msgs/msg/detail/piece__struct.h
-- Symlinking: /home/marek/amavet_ws/install/checkers_msgs/include/checkers_msgs/checkers_msgs/msg/detail/piece__type_support.h
-- Symlinking: /home/marek/amavet_ws/install/checkers_msgs/include/checkers_msgs/checkers_msgs/msg/detail/robot_move__functions.h
-- Symlinking: /home/marek/amavet_ws/install/checkers_msgs/include/checkers_msgs/checkers_msgs/msg/detail/robot_move__struct.h
-- Symlinking: /home/marek/amavet_ws/install/checkers_msgs/include/checkers_msgs/checkers_msgs/msg/detail/robot_move__type_support.h
-- Symlinking: /home/marek/amavet_ws/install/checkers_msgs/include/checkers_msgs/checkers_msgs/msg/hand_detected.h
-- Symlinking: /home/marek/amavet_ws/install/checkers_msgs/include/checkers_msgs/checkers_msgs/msg/move.h
-- Symlinking: /home/marek/amavet_ws/install/checkers_msgs/include/checkers_msgs/checkers_msgs/msg/piece.h
-- Symlinking: /home/marek/amavet_ws/install/checkers_msgs/include/checkers_msgs/checkers_msgs/msg/robot_move.h
-- Symlinking: /home/marek/amavet_ws/install/checkers_msgs/include/checkers_msgs/checkers_msgs/msg/rosidl_generator_c__visibility_control.h
-- Symlinking: /home/marek/amavet_ws/install/checkers_msgs/include/checkers_msgs/checkers_msgs/srv/detail/resume_movement__functions.h
-- Symlinking: /home/marek/amavet_ws/install/checkers_msgs/include/checkers_msgs/checkers_msgs/srv/detail/resume_movement__struct.h
-- Symlinking: /home/marek/amavet_ws/install/checkers_msgs/include/checkers_msgs/checkers_msgs/srv/detail/resume_movement__type_support.h
-- Symlinking: /home/marek/amavet_ws/install/checkers_msgs/include/checkers_msgs/checkers_msgs/srv/resume_movement.h
-- Symlinking: /home/marek/amavet_ws/install/checkers_msgs/share/checkers_msgs/environment/library_path.sh
-- Symlinking: /home/marek/amavet_ws/install/checkers_msgs/share/checkers_msgs/environment/library_path.dsv
-- Symlinking: /home/marek/amavet_ws/install/checkers_msgs/include/checkers_msgs/checkers_msgs/msg/detail/board__rosidl_typesupport_fastrtps_c.h
-- Symlinking: /home/marek/amavet_ws/install/checkers_msgs/include/checkers_msgs/checkers_msgs/msg/detail/hand_detected__rosidl_typesupport_fastrtps_c.h
-- Symlinking: /home/marek/amavet_ws/install/checkers_msgs/include/checkers_msgs/checkers_msgs/msg/detail/move__rosidl_typesupport_fastrtps_c.h
-- Symlinking: /home/marek/amavet_ws/install/checkers_msgs/include/checkers_msgs/checkers_msgs/msg/detail/piece__rosidl_typesupport_fastrtps_c.h
-- Symlinking: /home/marek/amavet_ws/install/checkers_msgs/include/checkers_msgs/checkers_msgs/msg/detail/robot_move__rosidl_typesupport_fastrtps_c.h
-- Symlinking: /home/marek/amavet_ws/install/checkers_msgs/include/checkers_msgs/checkers_msgs/msg/rosidl_typesupport_fastrtps_c__visibility_control.h
-- Symlinking: /home/marek/amavet_ws/install/checkers_msgs/include/checkers_msgs/checkers_msgs/srv/detail/resume_movement__rosidl_typesupport_fastrtps_c.h
-- Symlinking: /home/marek/amavet_ws/install/checkers_msgs/include/checkers_msgs/checkers_msgs/msg/detail/board__rosidl_typesupport_introspection_c.h
-- Symlinking: /home/marek/amavet_ws/install/checkers_msgs/include/checkers_msgs/checkers_msgs/msg/detail/hand_detected__rosidl_typesupport_introspection_c.h
-- Symlinking: /home/marek/amavet_ws/install/checkers_msgs/include/checkers_msgs/checkers_msgs/msg/detail/move__rosidl_typesupport_introspection_c.h
-- Symlinking: /home/marek/amavet_ws/install/checkers_msgs/include/checkers_msgs/checkers_msgs/msg/detail/piece__rosidl_typesupport_introspection_c.h
-- Symlinking: /home/marek/amavet_ws/install/checkers_msgs/include/checkers_msgs/checkers_msgs/msg/detail/robot_move__rosidl_typesupport_introspection_c.h
-- Symlinking: /home/marek/amavet_ws/install/checkers_msgs/include/checkers_msgs/checkers_msgs/msg/rosidl_typesupport_introspection_c__visibility_control.h
-- Symlinking: /home/marek/amavet_ws/install/checkers_msgs/include/checkers_msgs/checkers_msgs/srv/detail/resume_movement__rosidl_typesupport_introspection_c.h
-- Symlinking: /home/marek/amavet_ws/install/checkers_msgs/include/checkers_msgs/checkers_msgs/msg/board.hpp
-- Symlinking: /home/marek/amavet_ws/install/checkers_msgs/include/checkers_msgs/checkers_msgs/msg/detail/board__builder.hpp
-- Symlinking: /home/marek/amavet_ws/install/checkers_msgs/include/checkers_msgs/checkers_msgs/msg/detail/board__struct.hpp
-- Symlinking: /home/marek/amavet_ws/install/checkers_msgs/include/checkers_msgs/checkers_msgs/msg/detail/board__traits.hpp
-- Symlinking: /home/marek/amavet_ws/install/checkers_msgs/include/checkers_msgs/checkers_msgs/msg/detail/board__type_support.hpp
-- Symlinking: /home/marek/amavet_ws/install/checkers_msgs/include/checkers_msgs/checkers_msgs/msg/detail/hand_detected__builder.hpp
-- Symlinking: /home/marek/amavet_ws/install/checkers_msgs/include/checkers_msgs/checkers_msgs/msg/detail/hand_detected__struct.hpp
-- Symlinking: /home/marek/amavet_ws/install/checkers_msgs/include/checkers_msgs/checkers_msgs/msg/detail/hand_detected__traits.hpp
-- Symlinking: /home/marek/amavet_ws/install/checkers_msgs/include/checkers_msgs/checkers_msgs/msg/detail/hand_detected__type_support.hpp
-- Symlinking: /home/marek/amavet_ws/install/checkers_msgs/include/checkers_msgs/checkers_msgs/msg/detail/move__builder.hpp
-- Symlinking: /home/marek/amavet_ws/install/checkers_msgs/include/checkers_msgs/checkers_msgs/msg/detail/move__struct.hpp
-- Symlinking: /home/marek/amavet_ws/install/checkers_msgs/include/checkers_msgs/checkers_msgs/msg/detail/move__traits.hpp
-- Symlinking: /home/marek/amavet_ws/install/checkers_msgs/include/checkers_msgs/checkers_msgs/msg/detail/move__type_support.hpp
-- Symlinking: /home/marek/amavet_ws/install/checkers_msgs/include/checkers_msgs/checkers_msgs/msg/detail/piece__builder.hpp
-- Symlinking: /home/marek/amavet_ws/install/checkers_msgs/include/checkers_msgs/checkers_msgs/msg/detail/piece__struct.hpp
-- Symlinking: /home/marek/amavet_ws/install/checkers_msgs/include/checkers_msgs/checkers_msgs/msg/detail/piece__traits.hpp
-- Symlinking: /home/marek/amavet_ws/install/checkers_msgs/include/checkers_msgs/checkers_msgs/msg/detail/piece__type_support.hpp
-- Symlinking: /home/marek/amavet_ws/install/checkers_msgs/include/checkers_msgs/checkers_msgs/msg/detail/robot_move__builder.hpp
-- Symlinking: /home/marek/amavet_ws/install/checkers_msgs/include/checkers_msgs/checkers_msgs/msg/detail/robot_move__struct.hpp
-- Symlinking: /home/marek/amavet_ws/install/checkers_msgs/include/checkers_msgs/checkers_msgs/msg/detail/robot_move__traits.hpp
-- Symlinking: /home/marek/amavet_ws/install/checkers_msgs/include/checkers_msgs/checkers_msgs/msg/detail/robot_move__type_support.hpp
-- Symlinking: /home/marek/amavet_ws/install/checkers_msgs/include/checkers_msgs/checkers_msgs/msg/hand_detected.hpp
-- Symlinking: /home/marek/amavet_ws/install/checkers_msgs/include/checkers_msgs/checkers_msgs/msg/move.hpp
-- Symlinking: /home/marek/amavet_ws/install/checkers_msgs/include/checkers_msgs/checkers_msgs/msg/piece.hpp
-- Symlinking: /home/marek/amavet_ws/install/checkers_msgs/include/checkers_msgs/checkers_msgs/msg/robot_move.hpp
-- Symlinking: /home/marek/amavet_ws/install/checkers_msgs/include/checkers_msgs/checkers_msgs/msg/rosidl_generator_cpp__visibility_control.hpp
-- Symlinking: /home/marek/amavet_ws/install/checkers_msgs/include/checkers_msgs/checkers_msgs/srv/detail/resume_movement__builder.hpp
-- Symlinking: /home/marek/amavet_ws/install/checkers_msgs/include/checkers_msgs/checkers_msgs/srv/detail/resume_movement__struct.hpp
-- Symlinking: /home/marek/amavet_ws/install/checkers_msgs/include/checkers_msgs/checkers_msgs/srv/detail/resume_movement__traits.hpp
-- Symlinking: /home/marek/amavet_ws/install/checkers_msgs/include/checkers_msgs/checkers_msgs/srv/detail/resume_movement__type_support.hpp
-- Symlinking: /home/marek/amavet_ws/install/checkers_msgs/include/checkers_msgs/checkers_msgs/srv/resume_movement.hpp
-- Symlinking: /home/marek/amavet_ws/install/checkers_msgs/include/checkers_msgs/checkers_msgs/msg/detail/board__rosidl_typesupport_fastrtps_cpp.hpp
-- Symlinking: /home/marek/amavet_ws/install/checkers_msgs/include/checkers_msgs/checkers_msgs/msg/detail/hand_detected__rosidl_typesupport_fastrtps_cpp.hpp
-- Symlinking: /home/marek/amavet_ws/install/checkers_msgs/include/checkers_msgs/checkers_msgs/msg/detail/move__rosidl_typesupport_fastrtps_cpp.hpp
-- Symlinking: /home/marek/amavet_ws/install/checkers_msgs/include/checkers_msgs/checkers_msgs/msg/detail/piece__rosidl_typesupport_fastrtps_cpp.hpp
-- Symlinking: /home/marek/amavet_ws/install/checkers_msgs/include/checkers_msgs/checkers_msgs/msg/detail/robot_move__rosidl_typesupport_fastrtps_cpp.hpp
-- Symlinking: /home/marek/amavet_ws/install/checkers_msgs/include/checkers_msgs/checkers_msgs/msg/rosidl_typesupport_fastrtps_cpp__visibility_control.h
-- Symlinking: /home/marek/amavet_ws/install/checkers_msgs/include/checkers_msgs/checkers_msgs/srv/detail/resume_movement__rosidl_typesupport_fastrtps_cpp.hpp
-- Symlinking: /home/marek/amavet_ws/install/checkers_msgs/include/checkers_msgs/checkers_msgs/msg/detail/board__rosidl_typesupport_introspection_cpp.hpp
-- Symlinking: /home/marek/amavet_ws/install/checkers_msgs/include/checkers_msgs/checkers_msgs/msg/detail/hand_detected__rosidl_typesupport_introspection_cpp.hpp
-- Symlinking: /home/marek/amavet_ws/install/checkers_msgs/include/checkers_msgs/checkers_msgs/msg/detail/move__rosidl_typesupport_introspection_cpp.hpp
-- Symlinking: /home/marek/amavet_ws/install/checkers_msgs/include/checkers_msgs/checkers_msgs/msg/detail/piece__rosidl_typesupport_introspection_cpp.hpp
-- Symlinking: /home/marek/amavet_ws/install/checkers_msgs/include/checkers_msgs/checkers_msgs/msg/detail/robot_move__rosidl_typesupport_introspection_cpp.hpp
-- Symlinking: /home/marek/amavet_ws/install/checkers_msgs/include/checkers_msgs/checkers_msgs/srv/detail/resume_movement__rosidl_typesupport_introspection_cpp.hpp
-- Symlinking: /home/marek/amavet_ws/install/checkers_msgs/share/checkers_msgs/environment/pythonpath.sh
-- Symlinking: /home/marek/amavet_ws/install/checkers_msgs/share/checkers_msgs/environment/pythonpath.dsv
-- Symlinking: /home/marek/amavet_ws/install/checkers_msgs/lib/python3.12/site-packages/checkers_msgs-0.0.0-py3.12.egg-info/PKG-INFO
-- Symlinking: /home/marek/amavet_ws/install/checkers_msgs/lib/python3.12/site-packages/checkers_msgs-0.0.0-py3.12.egg-info/SOURCES.txt
-- Symlinking: /home/marek/amavet_ws/install/checkers_msgs/lib/python3.12/site-packages/checkers_msgs-0.0.0-py3.12.egg-info/dependency_links.txt
-- Symlinking: /home/marek/amavet_ws/install/checkers_msgs/lib/python3.12/site-packages/checkers_msgs-0.0.0-py3.12.egg-info/top_level.txt
-- Symlinking: /home/marek/amavet_ws/install/checkers_msgs/lib/python3.12/site-packages/checkers_msgs/__init__.py
-- Symlinking: /home/marek/amavet_ws/install/checkers_msgs/lib/python3.12/site-packages/checkers_msgs/_checkers_msgs_s.ep.rosidl_typesupport_c.c
-- Symlinking: /home/marek/amavet_ws/install/checkers_msgs/lib/python3.12/site-packages/checkers_msgs/_checkers_msgs_s.ep.rosidl_typesupport_fastrtps_c.c
-- Symlinking: /home/marek/amavet_ws/install/checkers_msgs/lib/python3.12/site-packages/checkers_msgs/_checkers_msgs_s.ep.rosidl_typesupport_introspection_c.c
-- Symlinking: /home/marek/amavet_ws/install/checkers_msgs/lib/python3.12/site-packages/checkers_msgs/checkers_msgs_s__rosidl_typesupport_c.so
-- Symlinking: /home/marek/amavet_ws/install/checkers_msgs/lib/python3.12/site-packages/checkers_msgs/checkers_msgs_s__rosidl_typesupport_fastrtps_c.so
-- Symlinking: /home/marek/amavet_ws/install/checkers_msgs/lib/python3.12/site-packages/checkers_msgs/checkers_msgs_s__rosidl_typesupport_introspection_c.so
-- Symlinking: /home/marek/amavet_ws/install/checkers_msgs/lib/python3.12/site-packages/checkers_msgs/msg/__init__.py
-- Symlinking: /home/marek/amavet_ws/install/checkers_msgs/lib/python3.12/site-packages/checkers_msgs/msg/_board.py
-- Symlinking: /home/marek/amavet_ws/install/checkers_msgs/lib/python3.12/site-packages/checkers_msgs/msg/_board_s.c
-- Symlinking: /home/marek/amavet_ws/install/checkers_msgs/lib/python3.12/site-packages/checkers_msgs/msg/_hand_detected.py
-- Symlinking: /home/marek/amavet_ws/install/checkers_msgs/lib/python3.12/site-packages/checkers_msgs/msg/_hand_detected_s.c
-- Symlinking: /home/marek/amavet_ws/install/checkers_msgs/lib/python3.12/site-packages/checkers_msgs/msg/_move.py
-- Symlinking: /home/marek/amavet_ws/install/checkers_msgs/lib/python3.12/site-packages/checkers_msgs/msg/_move_s.c
-- Symlinking: /home/marek/amavet_ws/install/checkers_msgs/lib/python3.12/site-packages/checkers_msgs/msg/_piece.py
-- Symlinking: /home/marek/amavet_ws/install/checkers_msgs/lib/python3.12/site-packages/checkers_msgs/msg/_piece_s.c
-- Symlinking: /home/marek/amavet_ws/install/checkers_msgs/lib/python3.12/site-packages/checkers_msgs/msg/_robot_move.py
-- Symlinking: /home/marek/amavet_ws/install/checkers_msgs/lib/python3.12/site-packages/checkers_msgs/msg/_robot_move_s.c
-- Symlinking: /home/marek/amavet_ws/install/checkers_msgs/lib/python3.12/site-packages/checkers_msgs/srv/__init__.py
-- Symlinking: /home/marek/amavet_ws/install/checkers_msgs/lib/python3.12/site-packages/checkers_msgs/srv/_resume_movement.py
-- Symlinking: /home/marek/amavet_ws/install/checkers_msgs/lib/python3.12/site-packages/checkers_msgs/srv/_resume_movement_s.c
-- Up-to-date symlink: /home/marek/amavet_ws/install/checkers_msgs/lib/python3.12/site-packages/checkers_msgs/checkers_msgs_s__rosidl_typesupport_fastrtps_c.so
-- Up-to-date symlink: /home/marek/amavet_ws/install/checkers_msgs/lib/python3.12/site-packages/checkers_msgs/checkers_msgs_s__rosidl_typesupport_introspection_c.so
-- Up-to-date symlink: /home/marek/amavet_ws/install/checkers_msgs/lib/python3.12/site-packages/checkers_msgs/checkers_msgs_s__rosidl_typesupport_c.so
-- Symlinking: /home/marek/amavet_ws/install/checkers_msgs/share/checkers_msgs/msg/Board.idl
-- Symlinking: /home/marek/amavet_ws/install/checkers_msgs/share/checkers_msgs/msg/Piece.idl
-- Symlinking: /home/marek/amavet_ws/install/checkers_msgs/share/checkers_msgs/msg/Move.idl
-- Symlinking: /home/marek/amavet_ws/install/checkers_msgs/share/checkers_msgs/msg/HandDetected.idl
-- Symlinking: /home/marek/amavet_ws/install/checkers_msgs/share/checkers_msgs/msg/RobotMove.idl
-- Symlinking: /home/marek/amavet_ws/install/checkers_msgs/share/checkers_msgs/srv/ResumeMovement.idl
-- Symlinking: /home/marek/amavet_ws/install/checkers_msgs/share/checkers_msgs/msg/Board.msg
-- Symlinking: /home/marek/amavet_ws/install/checkers_msgs/share/checkers_msgs/msg/Piece.msg
-- Symlinking: /home/marek/amavet_ws/install/checkers_msgs/share/checkers_msgs/msg/Move.msg
-- Symlinking: /home/marek/amavet_ws/install/checkers_msgs/share/checkers_msgs/msg/HandDetected.msg
-- Symlinking: /home/marek/amavet_ws/install/checkers_msgs/share/checkers_msgs/msg/RobotMove.msg
-- Symlinking: /home/marek/amavet_ws/install/checkers_msgs/share/checkers_msgs/srv/ResumeMovement.srv
-- Symlinking: /home/marek/amavet_ws/install/checkers_msgs/share/ament_index/resource_index/package_run_dependencies/checkers_msgs
-- Symlinking: /home/marek/amavet_ws/install/checkers_msgs/share/ament_index/resource_index/parent_prefix_path/checkers_msgs
-- Symlinking: /home/marek/amavet_ws/install/checkers_msgs/share/checkers_msgs/environment/ament_prefix_path.sh
-- Symlinking: /home/marek/amavet_ws/install/checkers_msgs/share/checkers_msgs/environment/ament_prefix_path.dsv
-- Symlinking: /home/marek/amavet_ws/install/checkers_msgs/share/checkers_msgs/environment/path.sh
-- Symlinking: /home/marek/amavet_ws/install/checkers_msgs/share/checkers_msgs/environment/path.dsv
-- Symlinking: /home/marek/amavet_ws/install/checkers_msgs/share/checkers_msgs/local_setup.bash
-- Symlinking: /home/marek/amavet_ws/install/checkers_msgs/share/checkers_msgs/local_setup.sh
-- Symlinking: /home/marek/amavet_ws/install/checkers_msgs/share/checkers_msgs/local_setup.zsh
-- Symlinking: /home/marek/amavet_ws/install/checkers_msgs/share/checkers_msgs/local_setup.dsv
-- Symlinking: /home/marek/amavet_ws/install/checkers_msgs/share/checkers_msgs/package.dsv
-- Symlinking: /home/marek/amavet_ws/install/checkers_msgs/share/ament_index/resource_index/packages/checkers_msgs
-- Symlinking: /home/marek/amavet_ws/install/checkers_msgs/share/checkers_msgs/cmake/rosidl_cmake-extras.cmake
-- Symlinking: /home/marek/amavet_ws/install/checkers_msgs/share/checkers_msgs/cmake/ament_cmake_export_dependencies-extras.cmake
-- Symlinking: /home/marek/amavet_ws/install/checkers_msgs/share/checkers_msgs/cmake/ament_cmake_export_include_directories-extras.cmake
-- Symlinking: /home/marek/amavet_ws/install/checkers_msgs/share/checkers_msgs/cmake/ament_cmake_export_libraries-extras.cmake
-- Symlinking: /home/marek/amavet_ws/install/checkers_msgs/share/checkers_msgs/cmake/ament_cmake_export_targets-extras.cmake
-- Symlinking: /home/marek/amavet_ws/install/checkers_msgs/share/checkers_msgs/cmake/rosidl_cmake_export_typesupport_targets-extras.cmake
-- Symlinking: /home/marek/amavet_ws/install/checkers_msgs/share/checkers_msgs/cmake/rosidl_cmake_export_typesupport_libraries-extras.cmake
-- Symlinking: /home/marek/amavet_ws/install/checkers_msgs/share/checkers_msgs/cmake/checkers_msgsConfig.cmake
-- Symlinking: /home/marek/amavet_ws/install/checkers_msgs/share/checkers_msgs/cmake/checkers_msgsConfig-version.cmake
-- Symlinking: /home/marek/amavet_ws/install/checkers_msgs/share/checkers_msgs/package.xml
-- Installing: /home/marek/amavet_ws/install/checkers_msgs/lib/libcheckers_msgs__rosidl_generator_c.so
-- Set non-toolchain portion of runtime path of "/home/marek/amavet_ws/install/checkers_msgs/lib/libcheckers_msgs__rosidl_generator_c.so" to ""
-- Installing: /home/marek/amavet_ws/install/checkers_msgs/lib/libcheckers_msgs__rosidl_typesupport_fastrtps_c.so
-- Set non-toolchain portion of runtime path of "/home/marek/amavet_ws/install/checkers_msgs/lib/libcheckers_msgs__rosidl_typesupport_fastrtps_c.so" to ""
-- Installing: /home/marek/amavet_ws/install/checkers_msgs/lib/libcheckers_msgs__rosidl_typesupport_introspection_c.so
-- Set non-toolchain portion of runtime path of "/home/marek/amavet_ws/install/checkers_msgs/lib/libcheckers_msgs__rosidl_typesupport_introspection_c.so" to ""
-- Installing: /home/marek/amavet_ws/install/checkers_msgs/lib/libcheckers_msgs__rosidl_typesupport_c.so
-- Set non-toolchain portion of runtime path of "/home/marek/amavet_ws/install/checkers_msgs/lib/libcheckers_msgs__rosidl_typesupport_c.so" to ""
-- Installing: /home/marek/amavet_ws/install/checkers_msgs/lib/libcheckers_msgs__rosidl_typesupport_fastrtps_cpp.so
-- Set non-toolchain portion of runtime path of "/home/marek/amavet_ws/install/checkers_msgs/lib/libcheckers_msgs__rosidl_typesupport_fastrtps_cpp.so" to ""
-- Installing: /home/marek/amavet_ws/install/checkers_msgs/lib/libcheckers_msgs__rosidl_typesupport_introspection_cpp.so
-- Set non-toolchain portion of runtime path of "/home/marek/amavet_ws/install/checkers_msgs/lib/libcheckers_msgs__rosidl_typesupport_introspection_cpp.so" to ""
-- Installing: /home/marek/amavet_ws/install/checkers_msgs/lib/libcheckers_msgs__rosidl_typesupport_cpp.so
-- Set non-toolchain portion of runtime path of "/home/marek/amavet_ws/install/checkers_msgs/lib/libcheckers_msgs__rosidl_typesupport_cpp.so" to ""
Listing '/home/marek/amavet_ws/install/checkers_msgs/lib/python3.12/site-packages/checkers_msgs'...
Compiling '/home/marek/amavet_ws/install/checkers_msgs/lib/python3.12/site-packages/checkers_msgs/__init__.py'...
Listing '/home/marek/amavet_ws/install/checkers_msgs/lib/python3.12/site-packages/checkers_msgs/msg'...
Compiling '/home/marek/amavet_ws/install/checkers_msgs/lib/python3.12/site-packages/checkers_msgs/msg/__init__.py'...
Compiling '/home/marek/amavet_ws/install/checkers_msgs/lib/python3.12/site-packages/checkers_msgs/msg/_board.py'...
Compiling '/home/marek/amavet_ws/install/checkers_msgs/lib/python3.12/site-packages/checkers_msgs/msg/_hand_detected.py'...
Compiling '/home/marek/amavet_ws/install/checkers_msgs/lib/python3.12/site-packages/checkers_msgs/msg/_move.py'...
Compiling '/home/marek/amavet_ws/install/checkers_msgs/lib/python3.12/site-packages/checkers_msgs/msg/_piece.py'...
Compiling '/home/marek/amavet_ws/install/checkers_msgs/lib/python3.12/site-packages/checkers_msgs/msg/_robot_move.py'...
Listing '/home/marek/amavet_ws/install/checkers_msgs/lib/python3.12/site-packages/checkers_msgs/srv'...
Compiling '/home/marek/amavet_ws/install/checkers_msgs/lib/python3.12/site-packages/checkers_msgs/srv/__init__.py'...
Compiling '/home/marek/amavet_ws/install/checkers_msgs/lib/python3.12/site-packages/checkers_msgs/srv/_resume_movement.py'...
-- Installing: /home/marek/amavet_ws/install/checkers_msgs/lib/libcheckers_msgs__rosidl_generator_py.so
-- Set non-toolchain portion of runtime path of "/home/marek/amavet_ws/install/checkers_msgs/lib/libcheckers_msgs__rosidl_generator_py.so" to ""
-- Installing: /home/marek/amavet_ws/install/checkers_msgs/share/checkers_msgs/cmake/export_checkers_msgs__rosidl_generator_cExport.cmake
-- Installing: /home/marek/amavet_ws/install/checkers_msgs/share/checkers_msgs/cmake/export_checkers_msgs__rosidl_generator_cExport-noconfig.cmake
-- Installing: /home/marek/amavet_ws/install/checkers_msgs/share/checkers_msgs/cmake/export_checkers_msgs__rosidl_typesupport_fastrtps_cExport.cmake
-- Installing: /home/marek/amavet_ws/install/checkers_msgs/share/checkers_msgs/cmake/export_checkers_msgs__rosidl_typesupport_fastrtps_cExport-noconfig.cmake
-- Installing: /home/marek/amavet_ws/install/checkers_msgs/share/checkers_msgs/cmake/checkers_msgs__rosidl_typesupport_introspection_cExport.cmake
-- Installing: /home/marek/amavet_ws/install/checkers_msgs/share/checkers_msgs/cmake/checkers_msgs__rosidl_typesupport_introspection_cExport-noconfig.cmake
-- Installing: /home/marek/amavet_ws/install/checkers_msgs/share/checkers_msgs/cmake/checkers_msgs__rosidl_typesupport_cExport.cmake
-- Installing: /home/marek/amavet_ws/install/checkers_msgs/share/checkers_msgs/cmake/checkers_msgs__rosidl_typesupport_cExport-noconfig.cmake
-- Installing: /home/marek/amavet_ws/install/checkers_msgs/share/checkers_msgs/cmake/export_checkers_msgs__rosidl_generator_cppExport.cmake
-- Installing: /home/marek/amavet_ws/install/checkers_msgs/share/checkers_msgs/cmake/export_checkers_msgs__rosidl_typesupport_fastrtps_cppExport.cmake
-- Installing: /home/marek/amavet_ws/install/checkers_msgs/share/checkers_msgs/cmake/export_checkers_msgs__rosidl_typesupport_fastrtps_cppExport-noconfig.cmake
-- Installing: /home/marek/amavet_ws/install/checkers_msgs/share/checkers_msgs/cmake/checkers_msgs__rosidl_typesupport_introspection_cppExport.cmake
-- Installing: /home/marek/amavet_ws/install/checkers_msgs/share/checkers_msgs/cmake/checkers_msgs__rosidl_typesupport_introspection_cppExport-noconfig.cmake
-- Installing: /home/marek/amavet_ws/install/checkers_msgs/share/checkers_msgs/cmake/checkers_msgs__rosidl_typesupport_cppExport.cmake
-- Installing: /home/marek/amavet_ws/install/checkers_msgs/share/checkers_msgs/cmake/checkers_msgs__rosidl_typesupport_cppExport-noconfig.cmake
-- Installing: /home/marek/amavet_ws/install/checkers_msgs/share/checkers_msgs/cmake/export_checkers_msgs__rosidl_generator_pyExport.cmake
-- Installing: /home/marek/amavet_ws/install/checkers_msgs/share/checkers_msgs/cmake/export_checkers_msgs__rosidl_generator_pyExport-noconfig.cmake
