[0.038s] Invoking command in '/home/marek/amavet_ws/build/checkers_msgs': CMAKE_PREFIX_PATH=${CMAKE_PREFIX_PATH}:/opt/ros/jazzy DEBUGINFOD_URLS=https://debuginfod.ubuntu.com /usr/bin/cmake /home/marek/amavet_ws/src/checkers_msgs -DCMAKE_INSTALL_PREFIX=/home/marek/amavet_ws/install/checkers_msgs
[0.060s] -- Found ament_cmake: 2.5.5 (/opt/ros/jazzy/share/ament_cmake/cmake)
[0.106s] -- Found Python3: /usr/bin/python3 (found version "3.12.3") found components: Interpreter 
[0.258s] -- Override CMake install command with custom implementation using symlinks instead of copying resources
[0.274s] -- Found rosidl_default_generators: 1.6.0 (/opt/ros/jazzy/share/rosidl_default_generators/cmake)
[0.279s] -- Using all available rosidl_typesupport_c: rosidl_typesupport_fastrtps_c;rosidl_typesupport_introspection_c
[0.340s] -- Using all available rosidl_typesupport_cpp: rosidl_typesupport_fastrtps_cpp;rosidl_typesupport_introspection_cpp
[0.382s] -- Found rosidl_adapter: 4.6.7 (/opt/ros/jazzy/share/rosidl_adapter/cmake)
[0.874s] -- Found ament_cmake_ros: 0.12.0 (/opt/ros/jazzy/share/ament_cmake_ros/cmake)
[1.023s] -- Using all available rosidl_typesupport_c: rosidl_typesupport_fastrtps_c;rosidl_typesupport_introspection_c
[1.224s] -- Using all available rosidl_typesupport_cpp: rosidl_typesupport_fastrtps_cpp;rosidl_typesupport_introspection_cpp
[1.226s] -- Found python_cmake_module: 0.11.1 (/opt/ros/jazzy/share/python_cmake_module/cmake)
[1.796s] -- Found Python3: /usr/bin/python3 (found version "3.12.3") found components: Interpreter Development NumPy Development.Module Development.Embed 
[1.816s] -- Found ament_lint_auto: 0.17.4 (/opt/ros/jazzy/share/ament_lint_auto/cmake)
[1.832s] -- Added test 'lint_cmake' to check CMake code style
[1.834s] -- Added test 'xmllint' to check XML markup files
[1.838s] -- Configuring done (1.8s)
[1.907s] -- Generating done (0.1s)
[1.925s] -- Build files have been written to: /home/marek/amavet_ws/build/checkers_msgs
[1.947s] Invoked command in '/home/marek/amavet_ws/build/checkers_msgs' returned '0': CMAKE_PREFIX_PATH=${CMAKE_PREFIX_PATH}:/opt/ros/jazzy DEBUGINFOD_URLS=https://debuginfod.ubuntu.com /usr/bin/cmake /home/marek/amavet_ws/src/checkers_msgs -DCMAKE_INSTALL_PREFIX=/home/marek/amavet_ws/install/checkers_msgs
[1.948s] Invoking command in '/home/marek/amavet_ws/build/checkers_msgs': CMAKE_PREFIX_PATH=${CMAKE_PREFIX_PATH}:/opt/ros/jazzy DEBUGINFOD_URLS=https://debuginfod.ubuntu.com /usr/bin/cmake --build /home/marek/amavet_ws/build/checkers_msgs -- -j16 -l16
[2.023s] [  1%] [34m[1mGenerating type hashes for ROS interfaces[0m
[2.034s] [  1%] Built target ament_cmake_python_symlink_checkers_msgs
[2.255s] running egg_info
[2.256s] creating checkers_msgs.egg-info
[2.276s] writing checkers_msgs.egg-info/PKG-INFO
[2.276s] writing dependency_links to checkers_msgs.egg-info/dependency_links.txt
[2.276s] writing top-level names to checkers_msgs.egg-info/top_level.txt
[2.276s] writing manifest file 'checkers_msgs.egg-info/SOURCES.txt'
[2.306s] [  1%] Built target checkers_msgs__rosidl_generator_type_description
[2.324s] [  2%] [34m[1mGenerating C code for ROS interfaces[0m
[2.342s] [  3%] [34m[1mGenerating C++ code for ROS interfaces[0m
[2.348s] reading manifest file 'checkers_msgs.egg-info/SOURCES.txt'
[2.349s] writing manifest file 'checkers_msgs.egg-info/SOURCES.txt'
[2.413s] [  3%] Built target ament_cmake_python_build_checkers_msgs_egg
[2.884s] [  3%] Built target checkers_msgs__cpp
[2.987s] [  5%] [32mBuilding C object CMakeFiles/checkers_msgs__rosidl_generator_c.dir/rosidl_generator_c/checkers_msgs/msg/detail/board__description.c.o[0m
[2.987s] [  5%] [32mBuilding C object CMakeFiles/checkers_msgs__rosidl_generator_c.dir/rosidl_generator_c/checkers_msgs/msg/detail/board__type_support.c.o[0m
[2.988s] [  7%] [32mBuilding C object CMakeFiles/checkers_msgs__rosidl_generator_c.dir/rosidl_generator_c/checkers_msgs/msg/detail/board__functions.c.o[0m
[2.989s] [  8%] [32mBuilding C object CMakeFiles/checkers_msgs__rosidl_generator_c.dir/rosidl_generator_c/checkers_msgs/msg/detail/piece__type_support.c.o[0m
[2.991s] [  9%] [32mBuilding C object CMakeFiles/checkers_msgs__rosidl_generator_c.dir/rosidl_generator_c/checkers_msgs/msg/detail/piece__description.c.o[0m
[2.999s] [ 10%] [32mBuilding C object CMakeFiles/checkers_msgs__rosidl_generator_c.dir/rosidl_generator_c/checkers_msgs/msg/detail/piece__functions.c.o[0m
[3.001s] [ 11%] [32mBuilding C object CMakeFiles/checkers_msgs__rosidl_generator_c.dir/rosidl_generator_c/checkers_msgs/msg/detail/move__type_support.c.o[0m
[3.002s] [ 13%] [32mBuilding C object CMakeFiles/checkers_msgs__rosidl_generator_c.dir/rosidl_generator_c/checkers_msgs/msg/detail/move__functions.c.o[0m
[3.003s] [ 14%] [32mBuilding C object CMakeFiles/checkers_msgs__rosidl_generator_c.dir/rosidl_generator_c/checkers_msgs/msg/detail/move__description.c.o[0m
[3.011s] [ 15%] [32mBuilding C object CMakeFiles/checkers_msgs__rosidl_generator_c.dir/rosidl_generator_c/checkers_msgs/msg/detail/hand_detected__description.c.o[0m
[3.019s] [ 16%] [32mBuilding C object CMakeFiles/checkers_msgs__rosidl_generator_c.dir/rosidl_generator_c/checkers_msgs/msg/detail/hand_detected__functions.c.o[0m
[3.025s] [ 17%] [32mBuilding C object CMakeFiles/checkers_msgs__rosidl_generator_c.dir/rosidl_generator_c/checkers_msgs/msg/detail/hand_detected__type_support.c.o[0m
[3.026s] [ 19%] [32mBuilding C object CMakeFiles/checkers_msgs__rosidl_generator_c.dir/rosidl_generator_c/checkers_msgs/msg/detail/robot_move__description.c.o[0m
[3.032s] [ 20%] [32mBuilding C object CMakeFiles/checkers_msgs__rosidl_generator_c.dir/rosidl_generator_c/checkers_msgs/msg/detail/robot_move__functions.c.o[0m
[3.035s] [ 21%] [32mBuilding C object CMakeFiles/checkers_msgs__rosidl_generator_c.dir/rosidl_generator_c/checkers_msgs/msg/detail/robot_move__type_support.c.o[0m
[3.042s] [ 22%] [32mBuilding C object CMakeFiles/checkers_msgs__rosidl_generator_c.dir/rosidl_generator_c/checkers_msgs/srv/detail/resume_movement__description.c.o[0m
[3.068s] [ 23%] [32mBuilding C object CMakeFiles/checkers_msgs__rosidl_generator_c.dir/rosidl_generator_c/checkers_msgs/srv/detail/resume_movement__functions.c.o[0m
[3.075s] [ 25%] [32mBuilding C object CMakeFiles/checkers_msgs__rosidl_generator_c.dir/rosidl_generator_c/checkers_msgs/srv/detail/resume_movement__type_support.c.o[0m
[3.157s] [ 26%] [32m[1mLinking C shared library libcheckers_msgs__rosidl_generator_c.so[0m
[3.213s] [ 26%] Built target checkers_msgs__rosidl_generator_c
[3.227s] [ 33%] [34m[1mGenerating C introspection for ROS interfaces[0m
[3.227s] [ 33%] [34m[1mGenerating C++ type support for eProsima Fast-RTPS[0m
[3.227s] [ 33%] [34m[1mGenerating C++ type support dispatch for ROS interfaces[0m
[3.227s] [ 33%] [34m[1mGenerating C type support dispatch for ROS interfaces[0m
[3.228s] [ 33%] [34m[1mGenerating C++ introspection for ROS interfaces[0m
[3.228s] [ 33%] [34m[1mGenerating C type support for eProsima Fast-RTPS[0m
[3.586s] [ 34%] [32mBuilding CXX object CMakeFiles/checkers_msgs__rosidl_typesupport_c.dir/rosidl_typesupport_c/checkers_msgs/msg/move__type_support.cpp.o[0m
[3.586s] [ 35%] [32mBuilding CXX object CMakeFiles/checkers_msgs__rosidl_typesupport_c.dir/rosidl_typesupport_c/checkers_msgs/msg/board__type_support.cpp.o[0m
[3.586s] [ 36%] [32mBuilding CXX object CMakeFiles/checkers_msgs__rosidl_typesupport_c.dir/rosidl_typesupport_c/checkers_msgs/msg/piece__type_support.cpp.o[0m
[3.587s] [ 39%] [32mBuilding CXX object CMakeFiles/checkers_msgs__rosidl_typesupport_c.dir/rosidl_typesupport_c/checkers_msgs/msg/robot_move__type_support.cpp.o[0m
[3.593s] [ 39%] [32mBuilding CXX object CMakeFiles/checkers_msgs__rosidl_typesupport_c.dir/rosidl_typesupport_c/checkers_msgs/msg/hand_detected__type_support.cpp.o[0m
[3.607s] [ 40%] [32mBuilding CXX object CMakeFiles/checkers_msgs__rosidl_typesupport_c.dir/rosidl_typesupport_c/checkers_msgs/srv/resume_movement__type_support.cpp.o[0m
[3.680s] [ 41%] [32m[1mLinking CXX shared library libcheckers_msgs__rosidl_typesupport_c.so[0m
[3.740s] [ 41%] Built target checkers_msgs__rosidl_typesupport_c
[3.753s] [ 44%] [32mBuilding CXX object CMakeFiles/checkers_msgs__rosidl_typesupport_cpp.dir/rosidl_typesupport_cpp/checkers_msgs/msg/piece__type_support.cpp.o[0m
[3.754s] [ 44%] [32mBuilding CXX object CMakeFiles/checkers_msgs__rosidl_typesupport_cpp.dir/rosidl_typesupport_cpp/checkers_msgs/msg/board__type_support.cpp.o[0m
[3.755s] [ 45%] [32mBuilding CXX object CMakeFiles/checkers_msgs__rosidl_typesupport_cpp.dir/rosidl_typesupport_cpp/checkers_msgs/msg/move__type_support.cpp.o[0m
[3.756s] [ 46%] [32mBuilding CXX object CMakeFiles/checkers_msgs__rosidl_typesupport_cpp.dir/rosidl_typesupport_cpp/checkers_msgs/srv/resume_movement__type_support.cpp.o[0m
[3.756s] [ 47%] [32mBuilding CXX object CMakeFiles/checkers_msgs__rosidl_typesupport_cpp.dir/rosidl_typesupport_cpp/checkers_msgs/msg/hand_detected__type_support.cpp.o[0m
[3.757s] [ 48%] [32mBuilding CXX object CMakeFiles/checkers_msgs__rosidl_typesupport_cpp.dir/rosidl_typesupport_cpp/checkers_msgs/msg/robot_move__type_support.cpp.o[0m
[3.773s] [ 50%] [32mBuilding C object CMakeFiles/checkers_msgs__rosidl_typesupport_introspection_c.dir/rosidl_typesupport_introspection_c/checkers_msgs/msg/detail/board__type_support.c.o[0m
[3.778s] [ 51%] [32mBuilding C object CMakeFiles/checkers_msgs__rosidl_typesupport_introspection_c.dir/rosidl_typesupport_introspection_c/checkers_msgs/msg/detail/piece__type_support.c.o[0m
[3.785s] [ 52%] [32mBuilding C object CMakeFiles/checkers_msgs__rosidl_typesupport_introspection_c.dir/rosidl_typesupport_introspection_c/checkers_msgs/msg/detail/robot_move__type_support.c.o[0m
[3.786s] [ 53%] [32mBuilding C object CMakeFiles/checkers_msgs__rosidl_typesupport_introspection_c.dir/rosidl_typesupport_introspection_c/checkers_msgs/msg/detail/hand_detected__type_support.c.o[0m
[3.790s] [ 54%] [32mBuilding C object CMakeFiles/checkers_msgs__rosidl_typesupport_introspection_c.dir/rosidl_typesupport_introspection_c/checkers_msgs/srv/detail/resume_movement__type_support.c.o[0m
[3.791s] [ 55%] [32mBuilding C object CMakeFiles/checkers_msgs__rosidl_typesupport_introspection_c.dir/rosidl_typesupport_introspection_c/checkers_msgs/msg/detail/move__type_support.c.o[0m
[3.902s] [ 57%] [32m[1mLinking C shared library libcheckers_msgs__rosidl_typesupport_introspection_c.so[0m
[3.925s] [ 58%] [32mBuilding CXX object CMakeFiles/checkers_msgs__rosidl_typesupport_introspection_cpp.dir/rosidl_typesupport_introspection_cpp/checkers_msgs/msg/detail/board__type_support.cpp.o[0m
[3.939s] [ 59%] [32mBuilding CXX object CMakeFiles/checkers_msgs__rosidl_typesupport_introspection_cpp.dir/rosidl_typesupport_introspection_cpp/checkers_msgs/msg/detail/move__type_support.cpp.o[0m
[3.943s] [ 60%] [32mBuilding CXX object CMakeFiles/checkers_msgs__rosidl_typesupport_introspection_cpp.dir/rosidl_typesupport_introspection_cpp/checkers_msgs/msg/detail/hand_detected__type_support.cpp.o[0m
[3.944s] [ 61%] [32mBuilding CXX object CMakeFiles/checkers_msgs__rosidl_typesupport_introspection_cpp.dir/rosidl_typesupport_introspection_cpp/checkers_msgs/msg/detail/piece__type_support.cpp.o[0m
[3.946s] [ 63%] [32mBuilding CXX object CMakeFiles/checkers_msgs__rosidl_typesupport_introspection_cpp.dir/rosidl_typesupport_introspection_cpp/checkers_msgs/srv/detail/resume_movement__type_support.cpp.o[0m
[3.949s] [ 64%] [32mBuilding CXX object CMakeFiles/checkers_msgs__rosidl_typesupport_introspection_cpp.dir/rosidl_typesupport_introspection_cpp/checkers_msgs/msg/detail/robot_move__type_support.cpp.o[0m
[4.000s] [ 65%] [32mBuilding CXX object CMakeFiles/checkers_msgs__rosidl_typesupport_fastrtps_cpp.dir/rosidl_typesupport_fastrtps_cpp/checkers_msgs/msg/detail/dds_fastrtps/board__type_support.cpp.o[0m
[4.003s] [ 66%] [32mBuilding CXX object CMakeFiles/checkers_msgs__rosidl_typesupport_fastrtps_cpp.dir/rosidl_typesupport_fastrtps_cpp/checkers_msgs/msg/detail/dds_fastrtps/piece__type_support.cpp.o[0m
[4.009s] [ 66%] Built target checkers_msgs__rosidl_typesupport_introspection_c
[4.093s] [ 67%] [32mBuilding CXX object CMakeFiles/checkers_msgs__rosidl_typesupport_fastrtps_cpp.dir/rosidl_typesupport_fastrtps_cpp/checkers_msgs/msg/detail/dds_fastrtps/move__type_support.cpp.o[0m
[4.224s] [ 69%] [32mBuilding CXX object CMakeFiles/checkers_msgs__rosidl_typesupport_fastrtps_cpp.dir/rosidl_typesupport_fastrtps_cpp/checkers_msgs/msg/detail/dds_fastrtps/hand_detected__type_support.cpp.o[0m
[4.232s] [ 70%] [32mBuilding CXX object CMakeFiles/checkers_msgs__rosidl_typesupport_fastrtps_cpp.dir/rosidl_typesupport_fastrtps_cpp/checkers_msgs/msg/detail/dds_fastrtps/robot_move__type_support.cpp.o[0m
[4.265s] [ 71%] [32mBuilding CXX object CMakeFiles/checkers_msgs__rosidl_typesupport_fastrtps_cpp.dir/rosidl_typesupport_fastrtps_cpp/checkers_msgs/srv/detail/dds_fastrtps/resume_movement__type_support.cpp.o[0m
[4.311s] [ 72%] [32mBuilding CXX object CMakeFiles/checkers_msgs__rosidl_typesupport_fastrtps_c.dir/rosidl_typesupport_fastrtps_c/checkers_msgs/msg/detail/piece__type_support_c.cpp.o[0m
[4.316s] [ 73%] [32mBuilding CXX object CMakeFiles/checkers_msgs__rosidl_typesupport_fastrtps_c.dir/rosidl_typesupport_fastrtps_c/checkers_msgs/msg/detail/board__type_support_c.cpp.o[0m
[4.328s] [ 75%] [32mBuilding CXX object CMakeFiles/checkers_msgs__rosidl_typesupport_fastrtps_c.dir/rosidl_typesupport_fastrtps_c/checkers_msgs/msg/detail/move__type_support_c.cpp.o[0m
[4.354s] [ 76%] [32m[1mLinking CXX shared library libcheckers_msgs__rosidl_typesupport_cpp.so[0m
[4.419s] [ 77%] [32mBuilding CXX object CMakeFiles/checkers_msgs__rosidl_typesupport_fastrtps_c.dir/rosidl_typesupport_fastrtps_c/checkers_msgs/msg/detail/hand_detected__type_support_c.cpp.o[0m
[4.445s] [ 78%] [32mBuilding CXX object CMakeFiles/checkers_msgs__rosidl_typesupport_fastrtps_c.dir/rosidl_typesupport_fastrtps_c/checkers_msgs/msg/detail/robot_move__type_support_c.cpp.o[0m
[4.493s] [ 79%] [32mBuilding CXX object CMakeFiles/checkers_msgs__rosidl_typesupport_fastrtps_c.dir/rosidl_typesupport_fastrtps_c/checkers_msgs/srv/detail/resume_movement__type_support_c.cpp.o[0m
[4.591s] [ 79%] Built target checkers_msgs__rosidl_typesupport_cpp
[4.788s] [ 80%] [32m[1mLinking CXX shared library libcheckers_msgs__rosidl_typesupport_introspection_cpp.so[0m
[4.947s] [ 80%] Built target checkers_msgs__rosidl_typesupport_introspection_cpp
[5.192s] [ 82%] [32m[1mLinking CXX shared library libcheckers_msgs__rosidl_typesupport_fastrtps_c.so[0m
[5.204s] [ 83%] [32m[1mLinking CXX shared library libcheckers_msgs__rosidl_typesupport_fastrtps_cpp.so[0m
[5.360s] [ 83%] Built target checkers_msgs__rosidl_typesupport_fastrtps_c
[5.385s] [ 83%] Built target checkers_msgs__rosidl_typesupport_fastrtps_cpp
[5.417s] [ 83%] Built target checkers_msgs
[5.459s] [ 84%] [34m[1mGenerating Python code for ROS interfaces[0m
[6.132s] [ 84%] Built target checkers_msgs__py
[6.163s] [ 85%] [32mBuilding C object CMakeFiles/checkers_msgs__rosidl_generator_py.dir/rosidl_generator_py/checkers_msgs/msg/_robot_move_s.c.o[0m
[6.164s] [ 88%] [32mBuilding C object CMakeFiles/checkers_msgs__rosidl_generator_py.dir/rosidl_generator_py/checkers_msgs/msg/_hand_detected_s.c.o[0m
[6.164s] [ 88%] [32mBuilding C object CMakeFiles/checkers_msgs__rosidl_generator_py.dir/rosidl_generator_py/checkers_msgs/srv/_resume_movement_s.c.o[0m
[6.164s] [ 89%] [32mBuilding C object CMakeFiles/checkers_msgs__rosidl_generator_py.dir/rosidl_generator_py/checkers_msgs/msg/_board_s.c.o[0m
[6.164s] [ 90%] [32mBuilding C object CMakeFiles/checkers_msgs__rosidl_generator_py.dir/rosidl_generator_py/checkers_msgs/msg/_move_s.c.o[0m
[6.164s] [ 91%] [32mBuilding C object CMakeFiles/checkers_msgs__rosidl_generator_py.dir/rosidl_generator_py/checkers_msgs/msg/_piece_s.c.o[0m
[6.394s] [ 92%] [32m[1mLinking C shared library libcheckers_msgs__rosidl_generator_py.so[0m
[6.444s] [ 92%] Built target checkers_msgs__rosidl_generator_py
[6.473s] [ 94%] [32mBuilding C object CMakeFiles/checkers_msgs_s__rosidl_typesupport_fastrtps_c.dir/rosidl_generator_py/checkers_msgs/_checkers_msgs_s.ep.rosidl_typesupport_fastrtps_c.c.o[0m
[6.473s] [ 95%] [32mBuilding C object CMakeFiles/checkers_msgs_s__rosidl_typesupport_introspection_c.dir/rosidl_generator_py/checkers_msgs/_checkers_msgs_s.ep.rosidl_typesupport_introspection_c.c.o[0m
[6.475s] [ 96%] [32mBuilding C object CMakeFiles/checkers_msgs_s__rosidl_typesupport_c.dir/rosidl_generator_py/checkers_msgs/_checkers_msgs_s.ep.rosidl_typesupport_c.c.o[0m
[6.669s] [ 97%] [32m[1mLinking C shared module rosidl_generator_py/checkers_msgs/checkers_msgs_s__rosidl_typesupport_fastrtps_c.so[0m
[6.696s] [ 98%] [32m[1mLinking C shared module rosidl_generator_py/checkers_msgs/checkers_msgs_s__rosidl_typesupport_introspection_c.so[0m
[6.702s] [100%] [32m[1mLinking C shared module rosidl_generator_py/checkers_msgs/checkers_msgs_s__rosidl_typesupport_c.so[0m
[6.785s] [100%] Built target checkers_msgs_s__rosidl_typesupport_fastrtps_c
[6.806s] [100%] Built target checkers_msgs_s__rosidl_typesupport_introspection_c
[6.835s] [100%] Built target checkers_msgs_s__rosidl_typesupport_c
[6.881s] Invoked command in '/home/marek/amavet_ws/build/checkers_msgs' returned '0': CMAKE_PREFIX_PATH=${CMAKE_PREFIX_PATH}:/opt/ros/jazzy DEBUGINFOD_URLS=https://debuginfod.ubuntu.com /usr/bin/cmake --build /home/marek/amavet_ws/build/checkers_msgs -- -j16 -l16
[6.886s] Invoking command in '/home/marek/amavet_ws/build/checkers_msgs': CMAKE_PREFIX_PATH=${CMAKE_PREFIX_PATH}:/opt/ros/jazzy DEBUGINFOD_URLS=https://debuginfod.ubuntu.com /usr/bin/cmake --install /home/marek/amavet_ws/build/checkers_msgs
[6.915s] -- Install configuration: ""
[6.919s] -- Execute custom install script
[6.920s] -- Symlinking: /home/marek/amavet_ws/install/checkers_msgs/share/ament_index/resource_index/rosidl_interfaces/checkers_msgs
[6.953s] -- Symlinking: /home/marek/amavet_ws/install/checkers_msgs/share/checkers_msgs/msg/Board.json
[6.988s] -- Symlinking: /home/marek/amavet_ws/install/checkers_msgs/share/checkers_msgs/msg/Piece.json
[7.033s] -- Symlinking: /home/marek/amavet_ws/install/checkers_msgs/share/checkers_msgs/msg/Move.json
[7.067s] -- Symlinking: /home/marek/amavet_ws/install/checkers_msgs/share/checkers_msgs/msg/HandDetected.json
[7.090s] -- Symlinking: /home/marek/amavet_ws/install/checkers_msgs/share/checkers_msgs/msg/RobotMove.json
[7.118s] -- Symlinking: /home/marek/amavet_ws/install/checkers_msgs/share/checkers_msgs/srv/ResumeMovement.json
[7.151s] -- Symlinking: /home/marek/amavet_ws/install/checkers_msgs/include/checkers_msgs/checkers_msgs/msg/board.h
[7.181s] -- Symlinking: /home/marek/amavet_ws/install/checkers_msgs/include/checkers_msgs/checkers_msgs/msg/detail/board__functions.h
[7.204s] -- Symlinking: /home/marek/amavet_ws/install/checkers_msgs/include/checkers_msgs/checkers_msgs/msg/detail/board__struct.h
[7.222s] -- Symlinking: /home/marek/amavet_ws/install/checkers_msgs/include/checkers_msgs/checkers_msgs/msg/detail/board__type_support.h
[7.242s] -- Symlinking: /home/marek/amavet_ws/install/checkers_msgs/include/checkers_msgs/checkers_msgs/msg/detail/hand_detected__functions.h
[7.260s] -- Symlinking: /home/marek/amavet_ws/install/checkers_msgs/include/checkers_msgs/checkers_msgs/msg/detail/hand_detected__struct.h
[7.276s] -- Symlinking: /home/marek/amavet_ws/install/checkers_msgs/include/checkers_msgs/checkers_msgs/msg/detail/hand_detected__type_support.h
[7.294s] -- Symlinking: /home/marek/amavet_ws/install/checkers_msgs/include/checkers_msgs/checkers_msgs/msg/detail/move__functions.h
[7.310s] -- Symlinking: /home/marek/amavet_ws/install/checkers_msgs/include/checkers_msgs/checkers_msgs/msg/detail/move__struct.h
[7.334s] -- Symlinking: /home/marek/amavet_ws/install/checkers_msgs/include/checkers_msgs/checkers_msgs/msg/detail/move__type_support.h
[7.352s] -- Symlinking: /home/marek/amavet_ws/install/checkers_msgs/include/checkers_msgs/checkers_msgs/msg/detail/piece__functions.h
[7.372s] -- Symlinking: /home/marek/amavet_ws/install/checkers_msgs/include/checkers_msgs/checkers_msgs/msg/detail/piece__struct.h
[7.393s] -- Symlinking: /home/marek/amavet_ws/install/checkers_msgs/include/checkers_msgs/checkers_msgs/msg/detail/piece__type_support.h
[7.408s] -- Symlinking: /home/marek/amavet_ws/install/checkers_msgs/include/checkers_msgs/checkers_msgs/msg/detail/robot_move__functions.h
[7.429s] -- Symlinking: /home/marek/amavet_ws/install/checkers_msgs/include/checkers_msgs/checkers_msgs/msg/detail/robot_move__struct.h
[7.447s] -- Symlinking: /home/marek/amavet_ws/install/checkers_msgs/include/checkers_msgs/checkers_msgs/msg/detail/robot_move__type_support.h
[7.463s] -- Symlinking: /home/marek/amavet_ws/install/checkers_msgs/include/checkers_msgs/checkers_msgs/msg/hand_detected.h
[7.477s] -- Symlinking: /home/marek/amavet_ws/install/checkers_msgs/include/checkers_msgs/checkers_msgs/msg/move.h
[7.494s] -- Symlinking: /home/marek/amavet_ws/install/checkers_msgs/include/checkers_msgs/checkers_msgs/msg/piece.h
[7.512s] -- Symlinking: /home/marek/amavet_ws/install/checkers_msgs/include/checkers_msgs/checkers_msgs/msg/robot_move.h
[7.534s] -- Symlinking: /home/marek/amavet_ws/install/checkers_msgs/include/checkers_msgs/checkers_msgs/msg/rosidl_generator_c__visibility_control.h
[7.569s] -- Symlinking: /home/marek/amavet_ws/install/checkers_msgs/include/checkers_msgs/checkers_msgs/srv/detail/resume_movement__functions.h
[7.590s] -- Symlinking: /home/marek/amavet_ws/install/checkers_msgs/include/checkers_msgs/checkers_msgs/srv/detail/resume_movement__struct.h
[7.610s] -- Symlinking: /home/marek/amavet_ws/install/checkers_msgs/include/checkers_msgs/checkers_msgs/srv/detail/resume_movement__type_support.h
[7.648s] -- Symlinking: /home/marek/amavet_ws/install/checkers_msgs/include/checkers_msgs/checkers_msgs/srv/resume_movement.h
[7.665s] -- Symlinking: /home/marek/amavet_ws/install/checkers_msgs/share/checkers_msgs/environment/library_path.sh
[7.682s] -- Symlinking: /home/marek/amavet_ws/install/checkers_msgs/share/checkers_msgs/environment/library_path.dsv
[7.699s] -- Symlinking: /home/marek/amavet_ws/install/checkers_msgs/include/checkers_msgs/checkers_msgs/msg/detail/board__rosidl_typesupport_fastrtps_c.h
[7.724s] -- Symlinking: /home/marek/amavet_ws/install/checkers_msgs/include/checkers_msgs/checkers_msgs/msg/detail/hand_detected__rosidl_typesupport_fastrtps_c.h
[7.740s] -- Symlinking: /home/marek/amavet_ws/install/checkers_msgs/include/checkers_msgs/checkers_msgs/msg/detail/move__rosidl_typesupport_fastrtps_c.h
[7.758s] -- Symlinking: /home/marek/amavet_ws/install/checkers_msgs/include/checkers_msgs/checkers_msgs/msg/detail/piece__rosidl_typesupport_fastrtps_c.h
[7.775s] -- Symlinking: /home/marek/amavet_ws/install/checkers_msgs/include/checkers_msgs/checkers_msgs/msg/detail/robot_move__rosidl_typesupport_fastrtps_c.h
[7.794s] -- Symlinking: /home/marek/amavet_ws/install/checkers_msgs/include/checkers_msgs/checkers_msgs/msg/rosidl_typesupport_fastrtps_c__visibility_control.h
[7.821s] -- Symlinking: /home/marek/amavet_ws/install/checkers_msgs/include/checkers_msgs/checkers_msgs/srv/detail/resume_movement__rosidl_typesupport_fastrtps_c.h
[7.861s] -- Symlinking: /home/marek/amavet_ws/install/checkers_msgs/include/checkers_msgs/checkers_msgs/msg/detail/board__rosidl_typesupport_introspection_c.h
[7.882s] -- Symlinking: /home/marek/amavet_ws/install/checkers_msgs/include/checkers_msgs/checkers_msgs/msg/detail/hand_detected__rosidl_typesupport_introspection_c.h
[7.917s] -- Symlinking: /home/marek/amavet_ws/install/checkers_msgs/include/checkers_msgs/checkers_msgs/msg/detail/move__rosidl_typesupport_introspection_c.h
[7.937s] -- Symlinking: /home/marek/amavet_ws/install/checkers_msgs/include/checkers_msgs/checkers_msgs/msg/detail/piece__rosidl_typesupport_introspection_c.h
[7.955s] -- Symlinking: /home/marek/amavet_ws/install/checkers_msgs/include/checkers_msgs/checkers_msgs/msg/detail/robot_move__rosidl_typesupport_introspection_c.h
[7.973s] -- Symlinking: /home/marek/amavet_ws/install/checkers_msgs/include/checkers_msgs/checkers_msgs/msg/rosidl_typesupport_introspection_c__visibility_control.h
[7.993s] -- Symlinking: /home/marek/amavet_ws/install/checkers_msgs/include/checkers_msgs/checkers_msgs/srv/detail/resume_movement__rosidl_typesupport_introspection_c.h
[8.012s] -- Symlinking: /home/marek/amavet_ws/install/checkers_msgs/include/checkers_msgs/checkers_msgs/msg/board.hpp
[8.029s] -- Symlinking: /home/marek/amavet_ws/install/checkers_msgs/include/checkers_msgs/checkers_msgs/msg/detail/board__builder.hpp
[8.053s] -- Symlinking: /home/marek/amavet_ws/install/checkers_msgs/include/checkers_msgs/checkers_msgs/msg/detail/board__struct.hpp
[8.078s] -- Symlinking: /home/marek/amavet_ws/install/checkers_msgs/include/checkers_msgs/checkers_msgs/msg/detail/board__traits.hpp
[8.094s] -- Symlinking: /home/marek/amavet_ws/install/checkers_msgs/include/checkers_msgs/checkers_msgs/msg/detail/board__type_support.hpp
[8.115s] -- Symlinking: /home/marek/amavet_ws/install/checkers_msgs/include/checkers_msgs/checkers_msgs/msg/detail/hand_detected__builder.hpp
[8.147s] -- Symlinking: /home/marek/amavet_ws/install/checkers_msgs/include/checkers_msgs/checkers_msgs/msg/detail/hand_detected__struct.hpp
[8.172s] -- Symlinking: /home/marek/amavet_ws/install/checkers_msgs/include/checkers_msgs/checkers_msgs/msg/detail/hand_detected__traits.hpp
[8.199s] -- Symlinking: /home/marek/amavet_ws/install/checkers_msgs/include/checkers_msgs/checkers_msgs/msg/detail/hand_detected__type_support.hpp
[8.217s] -- Symlinking: /home/marek/amavet_ws/install/checkers_msgs/include/checkers_msgs/checkers_msgs/msg/detail/move__builder.hpp
[8.235s] -- Symlinking: /home/marek/amavet_ws/install/checkers_msgs/include/checkers_msgs/checkers_msgs/msg/detail/move__struct.hpp
[8.250s] -- Symlinking: /home/marek/amavet_ws/install/checkers_msgs/include/checkers_msgs/checkers_msgs/msg/detail/move__traits.hpp
[8.266s] -- Symlinking: /home/marek/amavet_ws/install/checkers_msgs/include/checkers_msgs/checkers_msgs/msg/detail/move__type_support.hpp
[8.284s] -- Symlinking: /home/marek/amavet_ws/install/checkers_msgs/include/checkers_msgs/checkers_msgs/msg/detail/piece__builder.hpp
[8.304s] -- Symlinking: /home/marek/amavet_ws/install/checkers_msgs/include/checkers_msgs/checkers_msgs/msg/detail/piece__struct.hpp
[8.321s] -- Symlinking: /home/marek/amavet_ws/install/checkers_msgs/include/checkers_msgs/checkers_msgs/msg/detail/piece__traits.hpp
[8.342s] -- Symlinking: /home/marek/amavet_ws/install/checkers_msgs/include/checkers_msgs/checkers_msgs/msg/detail/piece__type_support.hpp
[8.359s] -- Symlinking: /home/marek/amavet_ws/install/checkers_msgs/include/checkers_msgs/checkers_msgs/msg/detail/robot_move__builder.hpp
[8.378s] -- Symlinking: /home/marek/amavet_ws/install/checkers_msgs/include/checkers_msgs/checkers_msgs/msg/detail/robot_move__struct.hpp
[8.394s] -- Symlinking: /home/marek/amavet_ws/install/checkers_msgs/include/checkers_msgs/checkers_msgs/msg/detail/robot_move__traits.hpp
[8.408s] -- Symlinking: /home/marek/amavet_ws/install/checkers_msgs/include/checkers_msgs/checkers_msgs/msg/detail/robot_move__type_support.hpp
[8.425s] -- Symlinking: /home/marek/amavet_ws/install/checkers_msgs/include/checkers_msgs/checkers_msgs/msg/hand_detected.hpp
[8.443s] -- Symlinking: /home/marek/amavet_ws/install/checkers_msgs/include/checkers_msgs/checkers_msgs/msg/move.hpp
[8.457s] -- Symlinking: /home/marek/amavet_ws/install/checkers_msgs/include/checkers_msgs/checkers_msgs/msg/piece.hpp
[8.477s] -- Symlinking: /home/marek/amavet_ws/install/checkers_msgs/include/checkers_msgs/checkers_msgs/msg/robot_move.hpp
[8.496s] -- Symlinking: /home/marek/amavet_ws/install/checkers_msgs/include/checkers_msgs/checkers_msgs/msg/rosidl_generator_cpp__visibility_control.hpp
[8.516s] -- Symlinking: /home/marek/amavet_ws/install/checkers_msgs/include/checkers_msgs/checkers_msgs/srv/detail/resume_movement__builder.hpp
[8.543s] -- Symlinking: /home/marek/amavet_ws/install/checkers_msgs/include/checkers_msgs/checkers_msgs/srv/detail/resume_movement__struct.hpp
[8.580s] -- Symlinking: /home/marek/amavet_ws/install/checkers_msgs/include/checkers_msgs/checkers_msgs/srv/detail/resume_movement__traits.hpp
[8.614s] -- Symlinking: /home/marek/amavet_ws/install/checkers_msgs/include/checkers_msgs/checkers_msgs/srv/detail/resume_movement__type_support.hpp
[8.646s] -- Symlinking: /home/marek/amavet_ws/install/checkers_msgs/include/checkers_msgs/checkers_msgs/srv/resume_movement.hpp
[8.681s] -- Symlinking: /home/marek/amavet_ws/install/checkers_msgs/include/checkers_msgs/checkers_msgs/msg/detail/board__rosidl_typesupport_fastrtps_cpp.hpp
[8.701s] -- Symlinking: /home/marek/amavet_ws/install/checkers_msgs/include/checkers_msgs/checkers_msgs/msg/detail/hand_detected__rosidl_typesupport_fastrtps_cpp.hpp
[8.723s] -- Symlinking: /home/marek/amavet_ws/install/checkers_msgs/include/checkers_msgs/checkers_msgs/msg/detail/move__rosidl_typesupport_fastrtps_cpp.hpp
[8.740s] -- Symlinking: /home/marek/amavet_ws/install/checkers_msgs/include/checkers_msgs/checkers_msgs/msg/detail/piece__rosidl_typesupport_fastrtps_cpp.hpp
[8.763s] -- Symlinking: /home/marek/amavet_ws/install/checkers_msgs/include/checkers_msgs/checkers_msgs/msg/detail/robot_move__rosidl_typesupport_fastrtps_cpp.hpp
[8.782s] -- Symlinking: /home/marek/amavet_ws/install/checkers_msgs/include/checkers_msgs/checkers_msgs/msg/rosidl_typesupport_fastrtps_cpp__visibility_control.h
[8.800s] -- Symlinking: /home/marek/amavet_ws/install/checkers_msgs/include/checkers_msgs/checkers_msgs/srv/detail/resume_movement__rosidl_typesupport_fastrtps_cpp.hpp
[8.816s] -- Symlinking: /home/marek/amavet_ws/install/checkers_msgs/include/checkers_msgs/checkers_msgs/msg/detail/board__rosidl_typesupport_introspection_cpp.hpp
[8.835s] -- Symlinking: /home/marek/amavet_ws/install/checkers_msgs/include/checkers_msgs/checkers_msgs/msg/detail/hand_detected__rosidl_typesupport_introspection_cpp.hpp
[8.870s] -- Symlinking: /home/marek/amavet_ws/install/checkers_msgs/include/checkers_msgs/checkers_msgs/msg/detail/move__rosidl_typesupport_introspection_cpp.hpp
[8.893s] -- Symlinking: /home/marek/amavet_ws/install/checkers_msgs/include/checkers_msgs/checkers_msgs/msg/detail/piece__rosidl_typesupport_introspection_cpp.hpp
[8.933s] -- Symlinking: /home/marek/amavet_ws/install/checkers_msgs/include/checkers_msgs/checkers_msgs/msg/detail/robot_move__rosidl_typesupport_introspection_cpp.hpp
[8.959s] -- Symlinking: /home/marek/amavet_ws/install/checkers_msgs/include/checkers_msgs/checkers_msgs/srv/detail/resume_movement__rosidl_typesupport_introspection_cpp.hpp
[8.978s] -- Symlinking: /home/marek/amavet_ws/install/checkers_msgs/share/checkers_msgs/environment/pythonpath.sh
[8.996s] -- Symlinking: /home/marek/amavet_ws/install/checkers_msgs/share/checkers_msgs/environment/pythonpath.dsv
[9.016s] -- Symlinking: /home/marek/amavet_ws/install/checkers_msgs/lib/python3.12/site-packages/checkers_msgs-0.0.0-py3.12.egg-info/PKG-INFO
[9.035s] -- Symlinking: /home/marek/amavet_ws/install/checkers_msgs/lib/python3.12/site-packages/checkers_msgs-0.0.0-py3.12.egg-info/SOURCES.txt
[9.057s] -- Symlinking: /home/marek/amavet_ws/install/checkers_msgs/lib/python3.12/site-packages/checkers_msgs-0.0.0-py3.12.egg-info/dependency_links.txt
[9.073s] -- Symlinking: /home/marek/amavet_ws/install/checkers_msgs/lib/python3.12/site-packages/checkers_msgs-0.0.0-py3.12.egg-info/top_level.txt
[9.092s] -- Symlinking: /home/marek/amavet_ws/install/checkers_msgs/lib/python3.12/site-packages/checkers_msgs/__init__.py
[9.111s] -- Symlinking: /home/marek/amavet_ws/install/checkers_msgs/lib/python3.12/site-packages/checkers_msgs/_checkers_msgs_s.ep.rosidl_typesupport_c.c
[9.132s] -- Symlinking: /home/marek/amavet_ws/install/checkers_msgs/lib/python3.12/site-packages/checkers_msgs/_checkers_msgs_s.ep.rosidl_typesupport_fastrtps_c.c
[9.151s] -- Symlinking: /home/marek/amavet_ws/install/checkers_msgs/lib/python3.12/site-packages/checkers_msgs/_checkers_msgs_s.ep.rosidl_typesupport_introspection_c.c
[9.169s] -- Symlinking: /home/marek/amavet_ws/install/checkers_msgs/lib/python3.12/site-packages/checkers_msgs/checkers_msgs_s__rosidl_typesupport_c.so
[9.191s] -- Symlinking: /home/marek/amavet_ws/install/checkers_msgs/lib/python3.12/site-packages/checkers_msgs/checkers_msgs_s__rosidl_typesupport_fastrtps_c.so
[9.207s] -- Symlinking: /home/marek/amavet_ws/install/checkers_msgs/lib/python3.12/site-packages/checkers_msgs/checkers_msgs_s__rosidl_typesupport_introspection_c.so
[9.229s] -- Symlinking: /home/marek/amavet_ws/install/checkers_msgs/lib/python3.12/site-packages/checkers_msgs/msg/__init__.py
[9.248s] -- Symlinking: /home/marek/amavet_ws/install/checkers_msgs/lib/python3.12/site-packages/checkers_msgs/msg/_board.py
[9.268s] -- Symlinking: /home/marek/amavet_ws/install/checkers_msgs/lib/python3.12/site-packages/checkers_msgs/msg/_board_s.c
[9.287s] -- Symlinking: /home/marek/amavet_ws/install/checkers_msgs/lib/python3.12/site-packages/checkers_msgs/msg/_hand_detected.py
[9.307s] -- Symlinking: /home/marek/amavet_ws/install/checkers_msgs/lib/python3.12/site-packages/checkers_msgs/msg/_hand_detected_s.c
[9.329s] -- Symlinking: /home/marek/amavet_ws/install/checkers_msgs/lib/python3.12/site-packages/checkers_msgs/msg/_move.py
[9.349s] -- Symlinking: /home/marek/amavet_ws/install/checkers_msgs/lib/python3.12/site-packages/checkers_msgs/msg/_move_s.c
[9.367s] -- Symlinking: /home/marek/amavet_ws/install/checkers_msgs/lib/python3.12/site-packages/checkers_msgs/msg/_piece.py
[9.389s] -- Symlinking: /home/marek/amavet_ws/install/checkers_msgs/lib/python3.12/site-packages/checkers_msgs/msg/_piece_s.c
[9.406s] -- Symlinking: /home/marek/amavet_ws/install/checkers_msgs/lib/python3.12/site-packages/checkers_msgs/msg/_robot_move.py
[9.442s] -- Symlinking: /home/marek/amavet_ws/install/checkers_msgs/lib/python3.12/site-packages/checkers_msgs/msg/_robot_move_s.c
[9.470s] -- Symlinking: /home/marek/amavet_ws/install/checkers_msgs/lib/python3.12/site-packages/checkers_msgs/srv/__init__.py
[9.488s] -- Symlinking: /home/marek/amavet_ws/install/checkers_msgs/lib/python3.12/site-packages/checkers_msgs/srv/_resume_movement.py
[9.527s] -- Symlinking: /home/marek/amavet_ws/install/checkers_msgs/lib/python3.12/site-packages/checkers_msgs/srv/_resume_movement_s.c
[9.559s] -- Up-to-date symlink: /home/marek/amavet_ws/install/checkers_msgs/lib/python3.12/site-packages/checkers_msgs/checkers_msgs_s__rosidl_typesupport_fastrtps_c.so
[9.560s] -- Up-to-date symlink: /home/marek/amavet_ws/install/checkers_msgs/lib/python3.12/site-packages/checkers_msgs/checkers_msgs_s__rosidl_typesupport_introspection_c.so
[9.560s] -- Up-to-date symlink: /home/marek/amavet_ws/install/checkers_msgs/lib/python3.12/site-packages/checkers_msgs/checkers_msgs_s__rosidl_typesupport_c.so
[9.560s] -- Symlinking: /home/marek/amavet_ws/install/checkers_msgs/share/checkers_msgs/msg/Board.idl
[9.598s] -- Symlinking: /home/marek/amavet_ws/install/checkers_msgs/share/checkers_msgs/msg/Piece.idl
[9.626s] -- Symlinking: /home/marek/amavet_ws/install/checkers_msgs/share/checkers_msgs/msg/Move.idl
[9.646s] -- Symlinking: /home/marek/amavet_ws/install/checkers_msgs/share/checkers_msgs/msg/HandDetected.idl
[9.675s] -- Symlinking: /home/marek/amavet_ws/install/checkers_msgs/share/checkers_msgs/msg/RobotMove.idl
[9.701s] -- Symlinking: /home/marek/amavet_ws/install/checkers_msgs/share/checkers_msgs/srv/ResumeMovement.idl
[9.729s] -- Symlinking: /home/marek/amavet_ws/install/checkers_msgs/share/checkers_msgs/msg/Board.msg
[9.747s] -- Symlinking: /home/marek/amavet_ws/install/checkers_msgs/share/checkers_msgs/msg/Piece.msg
[9.768s] -- Symlinking: /home/marek/amavet_ws/install/checkers_msgs/share/checkers_msgs/msg/Move.msg
[9.786s] -- Symlinking: /home/marek/amavet_ws/install/checkers_msgs/share/checkers_msgs/msg/HandDetected.msg
[9.806s] -- Symlinking: /home/marek/amavet_ws/install/checkers_msgs/share/checkers_msgs/msg/RobotMove.msg
[9.833s] -- Symlinking: /home/marek/amavet_ws/install/checkers_msgs/share/checkers_msgs/srv/ResumeMovement.srv
[9.854s] -- Symlinking: /home/marek/amavet_ws/install/checkers_msgs/share/ament_index/resource_index/package_run_dependencies/checkers_msgs
[9.873s] -- Symlinking: /home/marek/amavet_ws/install/checkers_msgs/share/ament_index/resource_index/parent_prefix_path/checkers_msgs
[9.892s] -- Symlinking: /home/marek/amavet_ws/install/checkers_msgs/share/checkers_msgs/environment/ament_prefix_path.sh
[9.911s] -- Symlinking: /home/marek/amavet_ws/install/checkers_msgs/share/checkers_msgs/environment/ament_prefix_path.dsv
[9.937s] -- Symlinking: /home/marek/amavet_ws/install/checkers_msgs/share/checkers_msgs/environment/path.sh
[9.956s] -- Symlinking: /home/marek/amavet_ws/install/checkers_msgs/share/checkers_msgs/environment/path.dsv
[9.974s] -- Symlinking: /home/marek/amavet_ws/install/checkers_msgs/share/checkers_msgs/local_setup.bash
[9.996s] -- Symlinking: /home/marek/amavet_ws/install/checkers_msgs/share/checkers_msgs/local_setup.sh
[10.014s] -- Symlinking: /home/marek/amavet_ws/install/checkers_msgs/share/checkers_msgs/local_setup.zsh
[10.056s] -- Symlinking: /home/marek/amavet_ws/install/checkers_msgs/share/checkers_msgs/local_setup.dsv
[10.078s] -- Symlinking: /home/marek/amavet_ws/install/checkers_msgs/share/checkers_msgs/package.dsv
[10.096s] -- Symlinking: /home/marek/amavet_ws/install/checkers_msgs/share/ament_index/resource_index/packages/checkers_msgs
[10.118s] -- Symlinking: /home/marek/amavet_ws/install/checkers_msgs/share/checkers_msgs/cmake/rosidl_cmake-extras.cmake
[10.149s] -- Symlinking: /home/marek/amavet_ws/install/checkers_msgs/share/checkers_msgs/cmake/ament_cmake_export_dependencies-extras.cmake
[10.169s] -- Symlinking: /home/marek/amavet_ws/install/checkers_msgs/share/checkers_msgs/cmake/ament_cmake_export_include_directories-extras.cmake
[10.190s] -- Symlinking: /home/marek/amavet_ws/install/checkers_msgs/share/checkers_msgs/cmake/ament_cmake_export_libraries-extras.cmake
[10.210s] -- Symlinking: /home/marek/amavet_ws/install/checkers_msgs/share/checkers_msgs/cmake/ament_cmake_export_targets-extras.cmake
[10.231s] -- Symlinking: /home/marek/amavet_ws/install/checkers_msgs/share/checkers_msgs/cmake/rosidl_cmake_export_typesupport_targets-extras.cmake
[10.249s] -- Symlinking: /home/marek/amavet_ws/install/checkers_msgs/share/checkers_msgs/cmake/rosidl_cmake_export_typesupport_libraries-extras.cmake
[10.269s] -- Symlinking: /home/marek/amavet_ws/install/checkers_msgs/share/checkers_msgs/cmake/checkers_msgsConfig.cmake
[10.287s] -- Symlinking: /home/marek/amavet_ws/install/checkers_msgs/share/checkers_msgs/cmake/checkers_msgsConfig-version.cmake
[10.306s] -- Symlinking: /home/marek/amavet_ws/install/checkers_msgs/share/checkers_msgs/package.xml
[10.325s] -- Installing: /home/marek/amavet_ws/install/checkers_msgs/lib/libcheckers_msgs__rosidl_generator_c.so
[10.326s] -- Set non-toolchain portion of runtime path of "/home/marek/amavet_ws/install/checkers_msgs/lib/libcheckers_msgs__rosidl_generator_c.so" to ""
[10.326s] -- Installing: /home/marek/amavet_ws/install/checkers_msgs/lib/libcheckers_msgs__rosidl_typesupport_fastrtps_c.so
[10.326s] -- Set non-toolchain portion of runtime path of "/home/marek/amavet_ws/install/checkers_msgs/lib/libcheckers_msgs__rosidl_typesupport_fastrtps_c.so" to ""
[10.327s] -- Installing: /home/marek/amavet_ws/install/checkers_msgs/lib/libcheckers_msgs__rosidl_typesupport_introspection_c.so
[10.327s] -- Set non-toolchain portion of runtime path of "/home/marek/amavet_ws/install/checkers_msgs/lib/libcheckers_msgs__rosidl_typesupport_introspection_c.so" to ""
[10.327s] -- Installing: /home/marek/amavet_ws/install/checkers_msgs/lib/libcheckers_msgs__rosidl_typesupport_c.so
[10.328s] -- Set non-toolchain portion of runtime path of "/home/marek/amavet_ws/install/checkers_msgs/lib/libcheckers_msgs__rosidl_typesupport_c.so" to ""
[10.328s] -- Installing: /home/marek/amavet_ws/install/checkers_msgs/lib/libcheckers_msgs__rosidl_typesupport_fastrtps_cpp.so
[10.328s] -- Set non-toolchain portion of runtime path of "/home/marek/amavet_ws/install/checkers_msgs/lib/libcheckers_msgs__rosidl_typesupport_fastrtps_cpp.so" to ""
[10.329s] -- Installing: /home/marek/amavet_ws/install/checkers_msgs/lib/libcheckers_msgs__rosidl_typesupport_introspection_cpp.so
[10.329s] -- Set non-toolchain portion of runtime path of "/home/marek/amavet_ws/install/checkers_msgs/lib/libcheckers_msgs__rosidl_typesupport_introspection_cpp.so" to ""
[10.329s] -- Installing: /home/marek/amavet_ws/install/checkers_msgs/lib/libcheckers_msgs__rosidl_typesupport_cpp.so
[10.330s] -- Set non-toolchain portion of runtime path of "/home/marek/amavet_ws/install/checkers_msgs/lib/libcheckers_msgs__rosidl_typesupport_cpp.so" to ""
[10.408s] Listing '/home/marek/amavet_ws/install/checkers_msgs/lib/python3.12/site-packages/checkers_msgs'...
[10.408s] Compiling '/home/marek/amavet_ws/install/checkers_msgs/lib/python3.12/site-packages/checkers_msgs/__init__.py'...
[10.408s] Listing '/home/marek/amavet_ws/install/checkers_msgs/lib/python3.12/site-packages/checkers_msgs/msg'...
[10.408s] Compiling '/home/marek/amavet_ws/install/checkers_msgs/lib/python3.12/site-packages/checkers_msgs/msg/__init__.py'...
[10.409s] Compiling '/home/marek/amavet_ws/install/checkers_msgs/lib/python3.12/site-packages/checkers_msgs/msg/_board.py'...
[10.409s] Compiling '/home/marek/amavet_ws/install/checkers_msgs/lib/python3.12/site-packages/checkers_msgs/msg/_hand_detected.py'...
[10.409s] Compiling '/home/marek/amavet_ws/install/checkers_msgs/lib/python3.12/site-packages/checkers_msgs/msg/_move.py'...
[10.409s] Compiling '/home/marek/amavet_ws/install/checkers_msgs/lib/python3.12/site-packages/checkers_msgs/msg/_piece.py'...
[10.409s] Compiling '/home/marek/amavet_ws/install/checkers_msgs/lib/python3.12/site-packages/checkers_msgs/msg/_robot_move.py'...
[10.409s] Listing '/home/marek/amavet_ws/install/checkers_msgs/lib/python3.12/site-packages/checkers_msgs/srv'...
[10.409s] Compiling '/home/marek/amavet_ws/install/checkers_msgs/lib/python3.12/site-packages/checkers_msgs/srv/__init__.py'...
[10.409s] Compiling '/home/marek/amavet_ws/install/checkers_msgs/lib/python3.12/site-packages/checkers_msgs/srv/_resume_movement.py'...
[10.418s] -- Installing: /home/marek/amavet_ws/install/checkers_msgs/lib/libcheckers_msgs__rosidl_generator_py.so
[10.419s] -- Set non-toolchain portion of runtime path of "/home/marek/amavet_ws/install/checkers_msgs/lib/libcheckers_msgs__rosidl_generator_py.so" to ""
[10.419s] -- Installing: /home/marek/amavet_ws/install/checkers_msgs/share/checkers_msgs/cmake/export_checkers_msgs__rosidl_generator_cExport.cmake
[10.419s] -- Installing: /home/marek/amavet_ws/install/checkers_msgs/share/checkers_msgs/cmake/export_checkers_msgs__rosidl_generator_cExport-noconfig.cmake
[10.419s] -- Installing: /home/marek/amavet_ws/install/checkers_msgs/share/checkers_msgs/cmake/export_checkers_msgs__rosidl_typesupport_fastrtps_cExport.cmake
[10.419s] -- Installing: /home/marek/amavet_ws/install/checkers_msgs/share/checkers_msgs/cmake/export_checkers_msgs__rosidl_typesupport_fastrtps_cExport-noconfig.cmake
[10.419s] -- Installing: /home/marek/amavet_ws/install/checkers_msgs/share/checkers_msgs/cmake/checkers_msgs__rosidl_typesupport_introspection_cExport.cmake
[10.420s] -- Installing: /home/marek/amavet_ws/install/checkers_msgs/share/checkers_msgs/cmake/checkers_msgs__rosidl_typesupport_introspection_cExport-noconfig.cmake
[10.420s] -- Installing: /home/marek/amavet_ws/install/checkers_msgs/share/checkers_msgs/cmake/checkers_msgs__rosidl_typesupport_cExport.cmake
[10.420s] -- Installing: /home/marek/amavet_ws/install/checkers_msgs/share/checkers_msgs/cmake/checkers_msgs__rosidl_typesupport_cExport-noconfig.cmake
[10.420s] -- Installing: /home/marek/amavet_ws/install/checkers_msgs/share/checkers_msgs/cmake/export_checkers_msgs__rosidl_generator_cppExport.cmake
[10.421s] -- Installing: /home/marek/amavet_ws/install/checkers_msgs/share/checkers_msgs/cmake/export_checkers_msgs__rosidl_typesupport_fastrtps_cppExport.cmake
[10.421s] -- Installing: /home/marek/amavet_ws/install/checkers_msgs/share/checkers_msgs/cmake/export_checkers_msgs__rosidl_typesupport_fastrtps_cppExport-noconfig.cmake
[10.421s] -- Installing: /home/marek/amavet_ws/install/checkers_msgs/share/checkers_msgs/cmake/checkers_msgs__rosidl_typesupport_introspection_cppExport.cmake
[10.421s] -- Installing: /home/marek/amavet_ws/install/checkers_msgs/share/checkers_msgs/cmake/checkers_msgs__rosidl_typesupport_introspection_cppExport-noconfig.cmake
[10.421s] -- Installing: /home/marek/amavet_ws/install/checkers_msgs/share/checkers_msgs/cmake/checkers_msgs__rosidl_typesupport_cppExport.cmake
[10.421s] -- Installing: /home/marek/amavet_ws/install/checkers_msgs/share/checkers_msgs/cmake/checkers_msgs__rosidl_typesupport_cppExport-noconfig.cmake
[10.422s] -- Installing: /home/marek/amavet_ws/install/checkers_msgs/share/checkers_msgs/cmake/export_checkers_msgs__rosidl_generator_pyExport.cmake
[10.422s] -- Installing: /home/marek/amavet_ws/install/checkers_msgs/share/checkers_msgs/cmake/export_checkers_msgs__rosidl_generator_pyExport-noconfig.cmake
[10.425s] Invoked command in '/home/marek/amavet_ws/build/checkers_msgs' returned '0': CMAKE_PREFIX_PATH=${CMAKE_PREFIX_PATH}:/opt/ros/jazzy DEBUGINFOD_URLS=https://debuginfod.ubuntu.com /usr/bin/cmake --install /home/marek/amavet_ws/build/checkers_msgs
