[0.901s] Invoking command in '/home/marek/amavet_ws/src/checkers_game': AMENT_PREFIX_PATH=/home/marek/amavet_ws/install/checkers_msgs:${AMENT_PREFIX_PATH} CMAKE_PREFIX_PATH=/home/marek/amavet_ws/install/checkers_msgs:${CMAKE_PREFIX_PATH} DEBUGINFOD_URLS=https://debuginfod.ubuntu.com LD_LIBRARY_PATH=/home/marek/amavet_ws/install/checkers_msgs/lib:${LD_LIBRARY_PATH} PYTHONPATH=/home/marek/amavet_ws/build/checkers_game/prefix_override:/usr/lib/python3/dist-packages/colcon_core/task/python/colcon_distutils_commands:/home/marek/amavet_ws/install/checkers_game/lib/python3.12/site-packages:/home/marek/amavet_ws/install/checkers_msgs/lib/python3.12/site-packages:${PYTHONPATH} /usr/bin/python3 -W ignore:setup.py install is deprecated -W ignore:easy_install command is deprecated setup.py egg_info --egg-base ../../build/checkers_game build --build-base /home/marek/amavet_ws/build/checkers_game/build install --record /home/marek/amavet_ws/build/checkers_game/install.log --single-version-externally-managed install_data
[1.139s] running egg_info
[1.157s] writing ../../build/checkers_game/checkers_game.egg-info/PKG-INFO
[1.158s] writing dependency_links to ../../build/checkers_game/checkers_game.egg-info/dependency_links.txt
[1.158s] writing entry points to ../../build/checkers_game/checkers_game.egg-info/entry_points.txt
[1.158s] writing requirements to ../../build/checkers_game/checkers_game.egg-info/requires.txt
[1.158s] writing top-level names to ../../build/checkers_game/checkers_game.egg-info/top_level.txt
[1.195s] reading manifest file '../../build/checkers_game/checkers_game.egg-info/SOURCES.txt'
[1.196s] writing manifest file '../../build/checkers_game/checkers_game.egg-info/SOURCES.txt'
[1.196s] running build
[1.196s] running build_py
[1.197s] running install
[1.202s] running install_lib
[1.222s] running install_data
[1.222s] running install_egg_info
[1.241s] removing '/home/marek/amavet_ws/install/checkers_game/lib/python3.12/site-packages/checkers_game-0.0.0-py3.12.egg-info' (and everything under it)
[1.241s] Copying ../../build/checkers_game/checkers_game.egg-info to /home/marek/amavet_ws/install/checkers_game/lib/python3.12/site-packages/checkers_game-0.0.0-py3.12.egg-info
[1.243s] running install_scripts
[1.361s] Installing checkers_node script to /home/marek/amavet_ws/install/checkers_game/lib/checkers_game
[1.362s] writing list of installed files to '/home/marek/amavet_ws/build/checkers_game/install.log'
[1.395s] Invoked command in '/home/marek/amavet_ws/src/checkers_game' returned '0': AMENT_PREFIX_PATH=/home/marek/amavet_ws/install/checkers_msgs:${AMENT_PREFIX_PATH} CMAKE_PREFIX_PATH=/home/marek/amavet_ws/install/checkers_msgs:${CMAKE_PREFIX_PATH} DEBUGINFOD_URLS=https://debuginfod.ubuntu.com LD_LIBRARY_PATH=/home/marek/amavet_ws/install/checkers_msgs/lib:${LD_LIBRARY_PATH} PYTHONPATH=/home/marek/amavet_ws/build/checkers_game/prefix_override:/usr/lib/python3/dist-packages/colcon_core/task/python/colcon_distutils_commands:/home/marek/amavet_ws/install/checkers_game/lib/python3.12/site-packages:/home/marek/amavet_ws/install/checkers_msgs/lib/python3.12/site-packages:${PYTHONPATH} /usr/bin/python3 -W ignore:setup.py install is deprecated -W ignore:easy_install command is deprecated setup.py egg_info --egg-base ../../build/checkers_game build --build-base /home/marek/amavet_ws/build/checkers_game/build install --record /home/marek/amavet_ws/build/checkers_game/install.log --single-version-externally-managed install_data
