[0.024s] Invoking command in '/home/marek/amavet_ws/build/demo_node': AMENT_PREFIX_PATH=/home/marek/amavet_ws/install/ur_robot_driver:/home/marek/amavet_ws/install/ur_moveit_config:/home/marek/amavet_ws/install/ur_controllers:/home/marek/amavet_ws/install/ur_description:/home/marek/amavet_ws/install/ur_dashboard_msgs:/home/marek/amavet_ws/install/gripper_srv:/home/marek/amavet_ws/install/checkers_msgs:${AMENT_PREFIX_PATH} CMAKE_PREFIX_PATH=/home/marek/amavet_ws/install/ur_robot_driver:/home/marek/amavet_ws/install/ur_moveit_config:/home/marek/amavet_ws/install/ur_controllers:/home/marek/amavet_ws/install/ur_description:/home/marek/amavet_ws/install/ur_dashboard_msgs:/home/marek/amavet_ws/install/ur_client_library:/home/marek/amavet_ws/install/gripper_srv:/home/marek/amavet_ws/install/checkers_msgs:/opt/ros/jazzy/opt/gz_sim_vendor:/opt/ros/jazzy/opt/gz_sensors_vendor:/opt/ros/jazzy/opt/gz_physics_vendor:/opt/ros/jazzy/opt/sdformat_vendor:/opt/ros/jazzy/opt/gz_gui_vendor:/opt/ros/jazzy/opt/gz_transport_vendor:/opt/ros/jazzy/opt/gz_rendering_vendor:/opt/ros/jazzy/opt/gz_plugin_vendor:/opt/ros/jazzy/opt/gz_fuel_tools_vendor:/opt/ros/jazzy/opt/gz_msgs_vendor:/opt/ros/jazzy/opt/gz_common_vendor:/opt/ros/jazzy/opt/gz_math_vendor:/opt/ros/jazzy/opt/gz_utils_vendor:/opt/ros/jazzy/opt/gz_tools_vendor:/opt/ros/jazzy/opt/gz_ogre_next_vendor:/opt/ros/jazzy/opt/gz_dartsim_vendor:/opt/ros/jazzy/opt/gz_cmake_vendor:/opt/leap/LeapSDK:/opt/leap/LeapSDK:/opt/leap/LeapSDK:/opt/leap/LeapSDK:/opt/leap/LeapSDK:/opt/leap/LeapSDK:/opt/ros/jazzy DEBUGINFOD_URLS=https://debuginfod.ubuntu.com LD_LIBRARY_PATH=/home/marek/amavet_ws/install/ur_robot_driver/lib:/home/marek/amavet_ws/install/ur_controllers/lib:/home/marek/amavet_ws/install/ur_dashboard_msgs/lib:/home/marek/amavet_ws/install/ur_client_library/lib:/home/marek/amavet_ws/install/gripper_srv/lib:/home/marek/amavet_ws/install/checkers_msgs/lib:${LD_LIBRARY_PATH} PATH=/home/marek/amavet_ws/install/ur_robot_driver/bin:${PATH} PKG_CONFIG_PATH=/home/marek/amavet_ws/install/ur_client_library/lib/x86_64-linux-gnu/pkgconfig:/home/marek/amavet_ws/install/ur_client_library/lib/pkgconfig PYTHONPATH=/home/marek/amavet_ws/install/ur_robot_driver/lib/python3.12/site-packages:/home/marek/amavet_ws/install/ur_dashboard_msgs/lib/python3.12/site-packages:/home/marek/amavet_ws/install/gripper_srv/lib/python3.12/site-packages:/home/marek/amavet_ws/install/checkers_msgs/lib/python3.12/site-packages:${PYTHONPATH} /usr/bin/cmake /home/marek/amavet_ws/src/demo_node -DCMAKE_INSTALL_PREFIX=/home/marek/amavet_ws/install/demo_node
[0.079s] -- The C compiler identification is GNU 13.3.0
[0.133s] -- The CXX compiler identification is GNU 13.3.0
[0.152s] -- Detecting C compiler ABI info
[0.249s] -- Detecting C compiler ABI info - done
[0.256s] -- Check for working C compiler: /usr/bin/cc - skipped
[0.256s] -- Detecting C compile features
[0.256s] -- Detecting C compile features - done
[0.268s] -- Detecting CXX compiler ABI info
[0.371s] -- Detecting CXX compiler ABI info - done
[0.379s] -- Check for working CXX compiler: /usr/bin/c++ - skipped
[0.379s] -- Detecting CXX compile features
[0.380s] -- Detecting CXX compile features - done
[0.386s] -- Found ament_cmake: 2.5.5 (/opt/ros/jazzy/share/ament_cmake/cmake)
[0.539s] -- Found Python3: /usr/bin/python3 (found version "3.12.3") found components: Interpreter 
[0.673s] -- Found moveit_core: 2.12.4 (/opt/ros/jazzy/share/moveit_core/cmake)
[0.834s] -- Found Boost: /usr/lib/x86_64-linux-gnu/cmake/Boost-1.83.0/BoostConfig.cmake (found version "1.83.0") found components: chrono date_time filesystem iostreams program_options regex serialization system thread 
[0.940s] -- Found parameter_traits: 0.6.0 (/opt/ros/jazzy/share/parameter_traits/cmake)
[1.003s] -- Found rosidl_generator_c: 4.6.7 (/opt/ros/jazzy/share/rosidl_generator_c/cmake)
[1.025s] -- Found rosidl_generator_cpp: 4.6.7 (/opt/ros/jazzy/share/rosidl_generator_cpp/cmake)
[1.049s] -- Using all available rosidl_typesupport_c: rosidl_typesupport_fastrtps_c;rosidl_typesupport_introspection_c
[1.075s] -- Using all available rosidl_typesupport_cpp: rosidl_typesupport_fastrtps_cpp;rosidl_typesupport_introspection_cpp
[1.179s] -- Found rmw_implementation_cmake: 7.3.3 (/opt/ros/jazzy/share/rmw_implementation_cmake/cmake)
[1.185s] -- Found rmw_fastrtps_cpp: 8.4.3 (/opt/ros/jazzy/share/rmw_fastrtps_cpp/cmake)
[1.304s] -- Found OpenSSL: /usr/lib/x86_64-linux-gnu/libcrypto.so (found version "3.0.13")  
[1.326s] -- Found FastRTPS: /opt/ros/jazzy/include (Required is at least version "2.13") 
[1.353s] -- Using RMW implementation 'rmw_fastrtps_cpp' as default
[1.462s] -- Found rclcpp_lifecycle: 28.1.16 (/opt/ros/jazzy/share/rclcpp_lifecycle/cmake)
[1.505s] -- Found Boost: /usr/lib/x86_64-linux-gnu/cmake/Boost-1.83.0/BoostConfig.cmake (found version "1.83.0") found components: filesystem 
[1.671s] -- Found Eigen3: TRUE (found version "3.4.0") 
[1.671s] -- Ensuring Eigen3 include directory is part of orocos-kdl CMake target
[2.049s] -- Found moveit_ros_planning_interface: 2.12.4 (/opt/ros/jazzy/share/moveit_ros_planning_interface/cmake)
[2.053s] -- Found Boost: /usr/lib/x86_64-linux-gnu/cmake/Boost-1.83.0/BoostConfig.cmake (found version "1.83.0") found components: date_time filesystem program_options system thread 
[2.069s] -- Found Boost: /usr/lib/x86_64-linux-gnu/cmake/Boost-1.83.0/BoostConfig.cmake (found version "1.83.0") found components: system filesystem date_time program_options thread chrono 
[2.122s] -- Found Boost: /usr/lib/x86_64-linux-gnu/cmake/Boost-1.83.0/BoostConfig.cmake (found version "1.83.0") found components: thread system filesystem regex date_time program_options 
[2.152s] -- Found Boost: /usr/lib/x86_64-linux-gnu/cmake/Boost-1.83.0/BoostConfig.cmake (found version "1.83.0") found components: system filesystem date_time program_options thread 
[2.194s] -- Found rviz2: 14.1.19 (/opt/ros/jazzy/share/rviz2/cmake)
[2.199s] -- Found robot_state_publisher: 3.3.3 (/opt/ros/jazzy/share/robot_state_publisher/cmake)
[2.208s] -- Found checkers_msgs: 0.0.0 (/home/marek/amavet_ws/install/checkers_msgs/share/checkers_msgs/cmake)
[2.226s] -- Found moveit_visual_tools: 4.1.2 (/opt/ros/jazzy/share/moveit_visual_tools/cmake)
[2.320s] -- Setting OGRE_DIR to: '/opt/ros/jazzy/share/rviz_ogre_vendor/cmake/../../../opt/rviz_ogre_vendor/lib/OGRE/cmake'
[2.322s] -- Found OGRE
[2.322s] --   static     : OFF
[2.322s] --   components : MeshLodGenerator;Overlay;Paging;Property;RTShaderSystem;Terrain;Volume
[2.322s] --   plugins    : Plugin_BSPSceneManager;Plugin_OctreeSceneManager;Plugin_PCZSceneManager;Plugin_ParticleFX;RenderSystem_GL;RenderSystem_GL3Plus;Codec_STBI
[2.322s] --   media      : /opt/ros/jazzy/opt/rviz_ogre_vendor/share/OGRE/Media
[2.322s] -- OGRE_LIBRARIES: OgreMeshLodGenerator;OgreOverlay;OgrePaging;OgreProperty;OgreRTShaderSystem;OgreTerrain;OgreVolume;OgreMain
[2.322s] -- OGRE_LIBRARY_DIRS: /opt/ros/jazzy/opt/rviz_ogre_vendor/lib
[2.322s] -- OGRE_PLUGINS: Plugin_BSPSceneManager;Plugin_OctreeSceneManager;Plugin_PCZSceneManager;Plugin_ParticleFX;RenderSystem_GL;RenderSystem_GL3Plus;Codec_STBI
[2.322s] -- OGRE_PLUGIN_DIR: /opt/ros/jazzy/opt/rviz_ogre_vendor/lib/OGRE
[2.323s] -- rviz_ogre_vendor::OgreOverlay for IMPORTED_LOCATION_RELEASE: /opt/ros/jazzy/opt/rviz_ogre_vendor/lib/libOgreOverlay.so
[2.323s] -- rviz_ogre_vendor::OgreOverlay for IMPORTED_LOCATION_DEBUG: /opt/ros/jazzy/opt/rviz_ogre_vendor/lib/libOgreOverlay.so
[2.323s] -- rviz_ogre_vendor::OgreMain for IMPORTED_LOCATION_RELEASE: /opt/ros/jazzy/opt/rviz_ogre_vendor/lib/libOgreMain.so
[2.323s] -- rviz_ogre_vendor::OgreMain for IMPORTED_LOCATION_DEBUG: /opt/ros/jazzy/opt/rviz_ogre_vendor/lib/libOgreMain.so
[2.361s] -- Found ZLIB: /usr/lib/x86_64-linux-gnu/libz.so (found version "1.3")  
[2.374s] -- Found OpenGL: /usr/lib/x86_64-linux-gnu/libOpenGL.so   
[2.581s] -- Found X11: /usr/include   
[2.581s] -- Looking for XOpenDisplay in /usr/lib/x86_64-linux-gnu/libX11.so;/usr/lib/x86_64-linux-gnu/libXext.so
[2.687s] -- Looking for XOpenDisplay in /usr/lib/x86_64-linux-gnu/libX11.so;/usr/lib/x86_64-linux-gnu/libXext.so - found
[2.687s] -- Looking for gethostbyname
[2.787s] -- Looking for gethostbyname - found
[2.787s] -- Looking for connect
[2.889s] -- Looking for connect - found
[2.889s] -- Looking for remove
[2.991s] -- Looking for remove - found
[2.991s] -- Looking for shmat
[3.092s] -- Looking for shmat - found
[3.092s] -- Looking for IceConnectionNumber in ICE
[3.196s] -- Looking for IceConnectionNumber in ICE - found
[3.220s] -- Setting yaml-cpp_DIR to: '/opt/ros/jazzy/share/yaml_cpp_vendor/cmake/../../../opt/yaml_cpp_vendor/share/cmake/yaml-cpp'
[3.376s] -- Found gripper_srv: 0.0.0 (/home/marek/amavet_ws/install/gripper_srv/share/gripper_srv/cmake)
[3.398s] -- Found ament_lint_auto: 0.17.4 (/opt/ros/jazzy/share/ament_lint_auto/cmake)
[3.534s] -- Added test 'cppcheck' to perform static code analysis on C / C++ code
[3.534s] -- Configured cppcheck include dirs: /home/marek/amavet_ws/src/demo_node/include;$<BUILD_INTERFACE:/home/marek/amavet_ws/src/demo_node/include>
[3.535s] -- Configured cppcheck exclude dirs and/or files: 
[3.535s] -- Added test 'flake8' to check Python code syntax and style conventions
[3.535s] -- Configured 'flake8' exclude dirs and/or files: 
[3.536s] -- Added test 'lint_cmake' to check CMake code style
[3.537s] -- Added test 'pep257' to check Python code against some of the docstring style conventions in PEP 257
[3.539s] -- Added test 'uncrustify' to check C / C++ code style
[3.539s] -- Configured uncrustify additional arguments: 
[3.539s] -- Added test 'xmllint' to check XML markup files
[3.541s] -- Configuring done (3.5s)
[3.571s] -- Generating done (0.0s)
[3.578s] -- Build files have been written to: /home/marek/amavet_ws/build/demo_node
[3.598s] Invoked command in '/home/marek/amavet_ws/build/demo_node' returned '0': AMENT_PREFIX_PATH=/home/marek/amavet_ws/install/ur_robot_driver:/home/marek/amavet_ws/install/ur_moveit_config:/home/marek/amavet_ws/install/ur_controllers:/home/marek/amavet_ws/install/ur_description:/home/marek/amavet_ws/install/ur_dashboard_msgs:/home/marek/amavet_ws/install/gripper_srv:/home/marek/amavet_ws/install/checkers_msgs:${AMENT_PREFIX_PATH} CMAKE_PREFIX_PATH=/home/marek/amavet_ws/install/ur_robot_driver:/home/marek/amavet_ws/install/ur_moveit_config:/home/marek/amavet_ws/install/ur_controllers:/home/marek/amavet_ws/install/ur_description:/home/marek/amavet_ws/install/ur_dashboard_msgs:/home/marek/amavet_ws/install/ur_client_library:/home/marek/amavet_ws/install/gripper_srv:/home/marek/amavet_ws/install/checkers_msgs:/opt/ros/jazzy/opt/gz_sim_vendor:/opt/ros/jazzy/opt/gz_sensors_vendor:/opt/ros/jazzy/opt/gz_physics_vendor:/opt/ros/jazzy/opt/sdformat_vendor:/opt/ros/jazzy/opt/gz_gui_vendor:/opt/ros/jazzy/opt/gz_transport_vendor:/opt/ros/jazzy/opt/gz_rendering_vendor:/opt/ros/jazzy/opt/gz_plugin_vendor:/opt/ros/jazzy/opt/gz_fuel_tools_vendor:/opt/ros/jazzy/opt/gz_msgs_vendor:/opt/ros/jazzy/opt/gz_common_vendor:/opt/ros/jazzy/opt/gz_math_vendor:/opt/ros/jazzy/opt/gz_utils_vendor:/opt/ros/jazzy/opt/gz_tools_vendor:/opt/ros/jazzy/opt/gz_ogre_next_vendor:/opt/ros/jazzy/opt/gz_dartsim_vendor:/opt/ros/jazzy/opt/gz_cmake_vendor:/opt/leap/LeapSDK:/opt/leap/LeapSDK:/opt/leap/LeapSDK:/opt/leap/LeapSDK:/opt/leap/LeapSDK:/opt/leap/LeapSDK:/opt/ros/jazzy DEBUGINFOD_URLS=https://debuginfod.ubuntu.com LD_LIBRARY_PATH=/home/marek/amavet_ws/install/ur_robot_driver/lib:/home/marek/amavet_ws/install/ur_controllers/lib:/home/marek/amavet_ws/install/ur_dashboard_msgs/lib:/home/marek/amavet_ws/install/ur_client_library/lib:/home/marek/amavet_ws/install/gripper_srv/lib:/home/marek/amavet_ws/install/checkers_msgs/lib:${LD_LIBRARY_PATH} PATH=/home/marek/amavet_ws/install/ur_robot_driver/bin:${PATH} PKG_CONFIG_PATH=/home/marek/amavet_ws/install/ur_client_library/lib/x86_64-linux-gnu/pkgconfig:/home/marek/amavet_ws/install/ur_client_library/lib/pkgconfig PYTHONPATH=/home/marek/amavet_ws/install/ur_robot_driver/lib/python3.12/site-packages:/home/marek/amavet_ws/install/ur_dashboard_msgs/lib/python3.12/site-packages:/home/marek/amavet_ws/install/gripper_srv/lib/python3.12/site-packages:/home/marek/amavet_ws/install/checkers_msgs/lib/python3.12/site-packages:${PYTHONPATH} /usr/bin/cmake /home/marek/amavet_ws/src/demo_node -DCMAKE_INSTALL_PREFIX=/home/marek/amavet_ws/install/demo_node
[3.599s] Invoking command in '/home/marek/amavet_ws/build/demo_node': AMENT_PREFIX_PATH=/home/marek/amavet_ws/install/ur_robot_driver:/home/marek/amavet_ws/install/ur_moveit_config:/home/marek/amavet_ws/install/ur_controllers:/home/marek/amavet_ws/install/ur_description:/home/marek/amavet_ws/install/ur_dashboard_msgs:/home/marek/amavet_ws/install/gripper_srv:/home/marek/amavet_ws/install/checkers_msgs:${AMENT_PREFIX_PATH} CMAKE_PREFIX_PATH=/home/marek/amavet_ws/install/ur_robot_driver:/home/marek/amavet_ws/install/ur_moveit_config:/home/marek/amavet_ws/install/ur_controllers:/home/marek/amavet_ws/install/ur_description:/home/marek/amavet_ws/install/ur_dashboard_msgs:/home/marek/amavet_ws/install/ur_client_library:/home/marek/amavet_ws/install/gripper_srv:/home/marek/amavet_ws/install/checkers_msgs:/opt/ros/jazzy/opt/gz_sim_vendor:/opt/ros/jazzy/opt/gz_sensors_vendor:/opt/ros/jazzy/opt/gz_physics_vendor:/opt/ros/jazzy/opt/sdformat_vendor:/opt/ros/jazzy/opt/gz_gui_vendor:/opt/ros/jazzy/opt/gz_transport_vendor:/opt/ros/jazzy/opt/gz_rendering_vendor:/opt/ros/jazzy/opt/gz_plugin_vendor:/opt/ros/jazzy/opt/gz_fuel_tools_vendor:/opt/ros/jazzy/opt/gz_msgs_vendor:/opt/ros/jazzy/opt/gz_common_vendor:/opt/ros/jazzy/opt/gz_math_vendor:/opt/ros/jazzy/opt/gz_utils_vendor:/opt/ros/jazzy/opt/gz_tools_vendor:/opt/ros/jazzy/opt/gz_ogre_next_vendor:/opt/ros/jazzy/opt/gz_dartsim_vendor:/opt/ros/jazzy/opt/gz_cmake_vendor:/opt/leap/LeapSDK:/opt/leap/LeapSDK:/opt/leap/LeapSDK:/opt/leap/LeapSDK:/opt/leap/LeapSDK:/opt/leap/LeapSDK:/opt/ros/jazzy DEBUGINFOD_URLS=https://debuginfod.ubuntu.com LD_LIBRARY_PATH=/home/marek/amavet_ws/install/ur_robot_driver/lib:/home/marek/amavet_ws/install/ur_controllers/lib:/home/marek/amavet_ws/install/ur_dashboard_msgs/lib:/home/marek/amavet_ws/install/ur_client_library/lib:/home/marek/amavet_ws/install/gripper_srv/lib:/home/marek/amavet_ws/install/checkers_msgs/lib:${LD_LIBRARY_PATH} PATH=/home/marek/amavet_ws/install/ur_robot_driver/bin:${PATH} PKG_CONFIG_PATH=/home/marek/amavet_ws/install/ur_client_library/lib/x86_64-linux-gnu/pkgconfig:/home/marek/amavet_ws/install/ur_client_library/lib/pkgconfig PYTHONPATH=/home/marek/amavet_ws/install/ur_robot_driver/lib/python3.12/site-packages:/home/marek/amavet_ws/install/ur_dashboard_msgs/lib/python3.12/site-packages:/home/marek/amavet_ws/install/gripper_srv/lib/python3.12/site-packages:/home/marek/amavet_ws/install/checkers_msgs/lib/python3.12/site-packages:${PYTHONPATH} /usr/bin/cmake --build /home/marek/amavet_ws/build/demo_node -- -j16 -l16
[3.671s] [ 50%] [32mBuilding CXX object CMakeFiles/simple_pose_reader.dir/src/SimplePoseReader.cpp.o[0m
[6.280s] In file included from [01m[K/home/marek/amavet_ws/src/demo_node/src/SimplePoseReader.cpp:3[m[K:
[6.280s] [01m[K/opt/ros/jazzy/include/moveit_ros_planning_interface/moveit/move_group_interface/move_group_interface.h:51:77:[m[K [01;36m[Knote: [m[K‘[01m[K#pragma message: .h header is obsolete. Please use the .hpp header instead.[m[K’
[6.280s]    51 | a message(".h header is obsolete. Please use the .hpp header instead."[01;36m[K)[m[K
[6.280s]       |                                                                       [01;36m[K^[m[K
[6.280s] 
[8.199s] In file included from [01m[K/home/marek/amavet_ws/src/demo_node/src/SimplePoseReader.cpp:4[m[K:
[8.199s] [01m[K/opt/ros/jazzy/include/moveit_ros_planning/moveit/robot_model_loader/robot_model_loader.h:50:77:[m[K [01;36m[Knote: [m[K‘[01m[K#pragma message: .h header is obsolete. Please use the .hpp header instead.[m[K’
[8.199s]    50 | a message(".h header is obsolete. Please use the .hpp header instead."[01;36m[K)[m[K
[8.200s]       |                                                                       [01;36m[K^[m[K
[8.200s] 
[8.364s] In file included from [01m[K/home/marek/amavet_ws/src/demo_node/src/SimplePoseReader.cpp:5[m[K:
[8.365s] [01m[K/opt/ros/jazzy/include/moveit_core/moveit/robot_state/robot_state.h:51:77:[m[K [01;36m[Knote: [m[K‘[01m[K#pragma message: .h header is obsolete. Please use the .hpp header instead.[m[K’
[8.365s]    51 | a message(".h header is obsolete. Please use the .hpp header instead."[01;36m[K)[m[K
[8.365s]       |                                                                       [01;36m[K^[m[K
[8.365s] 
[15.196s] [100%] [32m[1mLinking CXX executable simple_pose_reader[0m
[15.738s] [100%] Built target simple_pose_reader
[15.751s] Invoked command in '/home/marek/amavet_ws/build/demo_node' returned '0': AMENT_PREFIX_PATH=/home/marek/amavet_ws/install/ur_robot_driver:/home/marek/amavet_ws/install/ur_moveit_config:/home/marek/amavet_ws/install/ur_controllers:/home/marek/amavet_ws/install/ur_description:/home/marek/amavet_ws/install/ur_dashboard_msgs:/home/marek/amavet_ws/install/gripper_srv:/home/marek/amavet_ws/install/checkers_msgs:${AMENT_PREFIX_PATH} CMAKE_PREFIX_PATH=/home/marek/amavet_ws/install/ur_robot_driver:/home/marek/amavet_ws/install/ur_moveit_config:/home/marek/amavet_ws/install/ur_controllers:/home/marek/amavet_ws/install/ur_description:/home/marek/amavet_ws/install/ur_dashboard_msgs:/home/marek/amavet_ws/install/ur_client_library:/home/marek/amavet_ws/install/gripper_srv:/home/marek/amavet_ws/install/checkers_msgs:/opt/ros/jazzy/opt/gz_sim_vendor:/opt/ros/jazzy/opt/gz_sensors_vendor:/opt/ros/jazzy/opt/gz_physics_vendor:/opt/ros/jazzy/opt/sdformat_vendor:/opt/ros/jazzy/opt/gz_gui_vendor:/opt/ros/jazzy/opt/gz_transport_vendor:/opt/ros/jazzy/opt/gz_rendering_vendor:/opt/ros/jazzy/opt/gz_plugin_vendor:/opt/ros/jazzy/opt/gz_fuel_tools_vendor:/opt/ros/jazzy/opt/gz_msgs_vendor:/opt/ros/jazzy/opt/gz_common_vendor:/opt/ros/jazzy/opt/gz_math_vendor:/opt/ros/jazzy/opt/gz_utils_vendor:/opt/ros/jazzy/opt/gz_tools_vendor:/opt/ros/jazzy/opt/gz_ogre_next_vendor:/opt/ros/jazzy/opt/gz_dartsim_vendor:/opt/ros/jazzy/opt/gz_cmake_vendor:/opt/leap/LeapSDK:/opt/leap/LeapSDK:/opt/leap/LeapSDK:/opt/leap/LeapSDK:/opt/leap/LeapSDK:/opt/leap/LeapSDK:/opt/ros/jazzy DEBUGINFOD_URLS=https://debuginfod.ubuntu.com LD_LIBRARY_PATH=/home/marek/amavet_ws/install/ur_robot_driver/lib:/home/marek/amavet_ws/install/ur_controllers/lib:/home/marek/amavet_ws/install/ur_dashboard_msgs/lib:/home/marek/amavet_ws/install/ur_client_library/lib:/home/marek/amavet_ws/install/gripper_srv/lib:/home/marek/amavet_ws/install/checkers_msgs/lib:${LD_LIBRARY_PATH} PATH=/home/marek/amavet_ws/install/ur_robot_driver/bin:${PATH} PKG_CONFIG_PATH=/home/marek/amavet_ws/install/ur_client_library/lib/x86_64-linux-gnu/pkgconfig:/home/marek/amavet_ws/install/ur_client_library/lib/pkgconfig PYTHONPATH=/home/marek/amavet_ws/install/ur_robot_driver/lib/python3.12/site-packages:/home/marek/amavet_ws/install/ur_dashboard_msgs/lib/python3.12/site-packages:/home/marek/amavet_ws/install/gripper_srv/lib/python3.12/site-packages:/home/marek/amavet_ws/install/checkers_msgs/lib/python3.12/site-packages:${PYTHONPATH} /usr/bin/cmake --build /home/marek/amavet_ws/build/demo_node -- -j16 -l16
[15.753s] Invoking command in '/home/marek/amavet_ws/build/demo_node': AMENT_PREFIX_PATH=/home/marek/amavet_ws/install/ur_robot_driver:/home/marek/amavet_ws/install/ur_moveit_config:/home/marek/amavet_ws/install/ur_controllers:/home/marek/amavet_ws/install/ur_description:/home/marek/amavet_ws/install/ur_dashboard_msgs:/home/marek/amavet_ws/install/gripper_srv:/home/marek/amavet_ws/install/checkers_msgs:${AMENT_PREFIX_PATH} CMAKE_PREFIX_PATH=/home/marek/amavet_ws/install/ur_robot_driver:/home/marek/amavet_ws/install/ur_moveit_config:/home/marek/amavet_ws/install/ur_controllers:/home/marek/amavet_ws/install/ur_description:/home/marek/amavet_ws/install/ur_dashboard_msgs:/home/marek/amavet_ws/install/ur_client_library:/home/marek/amavet_ws/install/gripper_srv:/home/marek/amavet_ws/install/checkers_msgs:/opt/ros/jazzy/opt/gz_sim_vendor:/opt/ros/jazzy/opt/gz_sensors_vendor:/opt/ros/jazzy/opt/gz_physics_vendor:/opt/ros/jazzy/opt/sdformat_vendor:/opt/ros/jazzy/opt/gz_gui_vendor:/opt/ros/jazzy/opt/gz_transport_vendor:/opt/ros/jazzy/opt/gz_rendering_vendor:/opt/ros/jazzy/opt/gz_plugin_vendor:/opt/ros/jazzy/opt/gz_fuel_tools_vendor:/opt/ros/jazzy/opt/gz_msgs_vendor:/opt/ros/jazzy/opt/gz_common_vendor:/opt/ros/jazzy/opt/gz_math_vendor:/opt/ros/jazzy/opt/gz_utils_vendor:/opt/ros/jazzy/opt/gz_tools_vendor:/opt/ros/jazzy/opt/gz_ogre_next_vendor:/opt/ros/jazzy/opt/gz_dartsim_vendor:/opt/ros/jazzy/opt/gz_cmake_vendor:/opt/leap/LeapSDK:/opt/leap/LeapSDK:/opt/leap/LeapSDK:/opt/leap/LeapSDK:/opt/leap/LeapSDK:/opt/leap/LeapSDK:/opt/ros/jazzy DEBUGINFOD_URLS=https://debuginfod.ubuntu.com LD_LIBRARY_PATH=/home/marek/amavet_ws/install/ur_robot_driver/lib:/home/marek/amavet_ws/install/ur_controllers/lib:/home/marek/amavet_ws/install/ur_dashboard_msgs/lib:/home/marek/amavet_ws/install/ur_client_library/lib:/home/marek/amavet_ws/install/gripper_srv/lib:/home/marek/amavet_ws/install/checkers_msgs/lib:${LD_LIBRARY_PATH} PATH=/home/marek/amavet_ws/install/ur_robot_driver/bin:${PATH} PKG_CONFIG_PATH=/home/marek/amavet_ws/install/ur_client_library/lib/x86_64-linux-gnu/pkgconfig:/home/marek/amavet_ws/install/ur_client_library/lib/pkgconfig PYTHONPATH=/home/marek/amavet_ws/install/ur_robot_driver/lib/python3.12/site-packages:/home/marek/amavet_ws/install/ur_dashboard_msgs/lib/python3.12/site-packages:/home/marek/amavet_ws/install/gripper_srv/lib/python3.12/site-packages:/home/marek/amavet_ws/install/checkers_msgs/lib/python3.12/site-packages:${PYTHONPATH} /usr/bin/cmake --install /home/marek/amavet_ws/build/demo_node
[15.762s] -- Install configuration: ""
[15.763s] -- Installing: /home/marek/amavet_ws/install/demo_node/lib/demo_node/simple_pose_reader
[15.766s] -- Set non-toolchain portion of runtime path of "/home/marek/amavet_ws/install/demo_node/lib/demo_node/simple_pose_reader" to ""
[15.767s] -- Installing: /home/marek/amavet_ws/install/demo_node/share/demo_node/launch
[15.767s] -- Installing: /home/marek/amavet_ws/install/demo_node/share/demo_node/launch/test_launch.py
[15.767s] -- Installing: /home/marek/amavet_ws/install/demo_node/share/demo_node/etc
[15.767s] -- Installing: /home/marek/amavet_ws/install/demo_node/share/demo_node/etc/ur5e_cocohrip_calibration.yaml
[15.767s] -- Installing: /home/marek/amavet_ws/install/demo_node/share/demo_node/etc/ur.urdf.xacro
[15.767s] -- Installing: /home/marek/amavet_ws/install/demo_node/share/demo_node/urdf
[15.768s] -- Installing: /home/marek/amavet_ws/install/demo_node/share/demo_node/urdf/ur.urdf_old.xacro
[15.768s] -- Installing: /home/marek/amavet_ws/install/demo_node/share/demo_node/urdf/ur.ros2_control.xacro
[15.768s] -- Installing: /home/marek/amavet_ws/install/demo_node/share/demo_node/urdf/ur.urdf.xacro
[15.768s] -- Installing: /home/marek/amavet_ws/install/demo_node/share/demo_node/urdf/ur.urdf_foxy.xacro
[15.768s] -- Installing: /home/marek/amavet_ws/install/demo_node/share/demo_node/rviz
[15.768s] -- Installing: /home/marek/amavet_ws/install/demo_node/share/demo_node/rviz/rviz_config_file.rviz
[15.769s] -- Installing: /home/marek/amavet_ws/install/demo_node/share/ament_index/resource_index/package_run_dependencies/demo_node
[15.769s] -- Installing: /home/marek/amavet_ws/install/demo_node/share/ament_index/resource_index/parent_prefix_path/demo_node
[15.769s] -- Installing: /home/marek/amavet_ws/install/demo_node/share/demo_node/environment/ament_prefix_path.sh
[15.769s] -- Installing: /home/marek/amavet_ws/install/demo_node/share/demo_node/environment/ament_prefix_path.dsv
[15.769s] -- Installing: /home/marek/amavet_ws/install/demo_node/share/demo_node/environment/path.sh
[15.770s] -- Installing: /home/marek/amavet_ws/install/demo_node/share/demo_node/environment/path.dsv
[15.770s] -- Installing: /home/marek/amavet_ws/install/demo_node/share/demo_node/local_setup.bash
[15.770s] -- Installing: /home/marek/amavet_ws/install/demo_node/share/demo_node/local_setup.sh
[15.770s] -- Installing: /home/marek/amavet_ws/install/demo_node/share/demo_node/local_setup.zsh
[15.770s] -- Installing: /home/marek/amavet_ws/install/demo_node/share/demo_node/local_setup.dsv
[15.770s] -- Installing: /home/marek/amavet_ws/install/demo_node/share/demo_node/package.dsv
[15.770s] -- Installing: /home/marek/amavet_ws/install/demo_node/share/ament_index/resource_index/packages/demo_node
[15.770s] -- Installing: /home/marek/amavet_ws/install/demo_node/share/demo_node/cmake/demo_nodeConfig.cmake
[15.771s] -- Installing: /home/marek/amavet_ws/install/demo_node/share/demo_node/cmake/demo_nodeConfig-version.cmake
[15.771s] -- Installing: /home/marek/amavet_ws/install/demo_node/share/demo_node/package.xml
[15.773s] Invoked command in '/home/marek/amavet_ws/build/demo_node' returned '0': AMENT_PREFIX_PATH=/home/marek/amavet_ws/install/ur_robot_driver:/home/marek/amavet_ws/install/ur_moveit_config:/home/marek/amavet_ws/install/ur_controllers:/home/marek/amavet_ws/install/ur_description:/home/marek/amavet_ws/install/ur_dashboard_msgs:/home/marek/amavet_ws/install/gripper_srv:/home/marek/amavet_ws/install/checkers_msgs:${AMENT_PREFIX_PATH} CMAKE_PREFIX_PATH=/home/marek/amavet_ws/install/ur_robot_driver:/home/marek/amavet_ws/install/ur_moveit_config:/home/marek/amavet_ws/install/ur_controllers:/home/marek/amavet_ws/install/ur_description:/home/marek/amavet_ws/install/ur_dashboard_msgs:/home/marek/amavet_ws/install/ur_client_library:/home/marek/amavet_ws/install/gripper_srv:/home/marek/amavet_ws/install/checkers_msgs:/opt/ros/jazzy/opt/gz_sim_vendor:/opt/ros/jazzy/opt/gz_sensors_vendor:/opt/ros/jazzy/opt/gz_physics_vendor:/opt/ros/jazzy/opt/sdformat_vendor:/opt/ros/jazzy/opt/gz_gui_vendor:/opt/ros/jazzy/opt/gz_transport_vendor:/opt/ros/jazzy/opt/gz_rendering_vendor:/opt/ros/jazzy/opt/gz_plugin_vendor:/opt/ros/jazzy/opt/gz_fuel_tools_vendor:/opt/ros/jazzy/opt/gz_msgs_vendor:/opt/ros/jazzy/opt/gz_common_vendor:/opt/ros/jazzy/opt/gz_math_vendor:/opt/ros/jazzy/opt/gz_utils_vendor:/opt/ros/jazzy/opt/gz_tools_vendor:/opt/ros/jazzy/opt/gz_ogre_next_vendor:/opt/ros/jazzy/opt/gz_dartsim_vendor:/opt/ros/jazzy/opt/gz_cmake_vendor:/opt/leap/LeapSDK:/opt/leap/LeapSDK:/opt/leap/LeapSDK:/opt/leap/LeapSDK:/opt/leap/LeapSDK:/opt/leap/LeapSDK:/opt/ros/jazzy DEBUGINFOD_URLS=https://debuginfod.ubuntu.com LD_LIBRARY_PATH=/home/marek/amavet_ws/install/ur_robot_driver/lib:/home/marek/amavet_ws/install/ur_controllers/lib:/home/marek/amavet_ws/install/ur_dashboard_msgs/lib:/home/marek/amavet_ws/install/ur_client_library/lib:/home/marek/amavet_ws/install/gripper_srv/lib:/home/marek/amavet_ws/install/checkers_msgs/lib:${LD_LIBRARY_PATH} PATH=/home/marek/amavet_ws/install/ur_robot_driver/bin:${PATH} PKG_CONFIG_PATH=/home/marek/amavet_ws/install/ur_client_library/lib/x86_64-linux-gnu/pkgconfig:/home/marek/amavet_ws/install/ur_client_library/lib/pkgconfig PYTHONPATH=/home/marek/amavet_ws/install/ur_robot_driver/lib/python3.12/site-packages:/home/marek/amavet_ws/install/ur_dashboard_msgs/lib/python3.12/site-packages:/home/marek/amavet_ws/install/gripper_srv/lib/python3.12/site-packages:/home/marek/amavet_ws/install/checkers_msgs/lib/python3.12/site-packages:${PYTHONPATH} /usr/bin/cmake --install /home/marek/amavet_ws/build/demo_node
