[0.010s] Invoking command in '/home/marek/amavet_ws/build/ur_moveit_config': AMENT_PREFIX_PATH=/home/marek/amavet_ws/install/ur_description:${AMENT_PREFIX_PATH} CMAKE_PREFIX_PATH=/home/marek/amavet_ws/install/ur_description:/opt/ros/jazzy/opt/gz_sim_vendor:/opt/ros/jazzy/opt/gz_sensors_vendor:/opt/ros/jazzy/opt/gz_physics_vendor:/opt/ros/jazzy/opt/sdformat_vendor:/opt/ros/jazzy/opt/gz_gui_vendor:/opt/ros/jazzy/opt/gz_transport_vendor:/opt/ros/jazzy/opt/gz_rendering_vendor:/opt/ros/jazzy/opt/gz_plugin_vendor:/opt/ros/jazzy/opt/gz_fuel_tools_vendor:/opt/ros/jazzy/opt/gz_msgs_vendor:/opt/ros/jazzy/opt/gz_common_vendor:/opt/ros/jazzy/opt/gz_math_vendor:/opt/ros/jazzy/opt/gz_utils_vendor:/opt/ros/jazzy/opt/gz_tools_vendor:/opt/ros/jazzy/opt/gz_ogre_next_vendor:/opt/ros/jazzy/opt/gz_dartsim_vendor:/opt/ros/jazzy/opt/gz_cmake_vendor:/opt/leap/LeapSDK:/opt/leap/LeapSDK:/opt/leap/LeapSDK:/opt/leap/LeapSDK:/opt/leap/LeapSDK:/opt/leap/LeapSDK:/opt/ros/jazzy DEBUGINFOD_URLS=https://debuginfod.ubuntu.com /usr/bin/cmake /home/marek/amavet_ws/src/Universal_Robots_ROS2_Driver/ur_moveit_config -DCMAKE_INSTALL_PREFIX=/home/marek/amavet_ws/install/ur_moveit_config
[0.088s] -- The C compiler identification is GNU 13.3.0
[0.160s] -- The CXX compiler identification is GNU 13.3.0
[0.183s] -- Detecting C compiler ABI info
[0.303s] -- Detecting C compiler ABI info - done
[0.318s] -- Check for working C compiler: /usr/bin/cc - skipped
[0.319s] -- Detecting C compile features
[0.319s] -- Detecting C compile features - done
[0.333s] -- Detecting CXX compiler ABI info
[0.481s] -- Detecting CXX compiler ABI info - done
[0.491s] -- Check for working CXX compiler: /usr/bin/c++ - skipped
[0.491s] -- Detecting CXX compile features
[0.491s] -- Detecting CXX compile features - done
[0.500s] -- Found ament_cmake: 2.5.5 (/opt/ros/jazzy/share/ament_cmake/cmake)
[0.696s] -- Found Python3: /usr/bin/python3 (found version "3.12.3") found components: Interpreter 
[1.144s] -- Configuring done (1.1s)
[1.153s] -- Generating done (0.0s)
[1.160s] -- Build files have been written to: /home/marek/amavet_ws/build/ur_moveit_config
[1.178s] Invoked command in '/home/marek/amavet_ws/build/ur_moveit_config' returned '0': AMENT_PREFIX_PATH=/home/marek/amavet_ws/install/ur_description:${AMENT_PREFIX_PATH} CMAKE_PREFIX_PATH=/home/marek/amavet_ws/install/ur_description:/opt/ros/jazzy/opt/gz_sim_vendor:/opt/ros/jazzy/opt/gz_sensors_vendor:/opt/ros/jazzy/opt/gz_physics_vendor:/opt/ros/jazzy/opt/sdformat_vendor:/opt/ros/jazzy/opt/gz_gui_vendor:/opt/ros/jazzy/opt/gz_transport_vendor:/opt/ros/jazzy/opt/gz_rendering_vendor:/opt/ros/jazzy/opt/gz_plugin_vendor:/opt/ros/jazzy/opt/gz_fuel_tools_vendor:/opt/ros/jazzy/opt/gz_msgs_vendor:/opt/ros/jazzy/opt/gz_common_vendor:/opt/ros/jazzy/opt/gz_math_vendor:/opt/ros/jazzy/opt/gz_utils_vendor:/opt/ros/jazzy/opt/gz_tools_vendor:/opt/ros/jazzy/opt/gz_ogre_next_vendor:/opt/ros/jazzy/opt/gz_dartsim_vendor:/opt/ros/jazzy/opt/gz_cmake_vendor:/opt/leap/LeapSDK:/opt/leap/LeapSDK:/opt/leap/LeapSDK:/opt/leap/LeapSDK:/opt/leap/LeapSDK:/opt/leap/LeapSDK:/opt/ros/jazzy DEBUGINFOD_URLS=https://debuginfod.ubuntu.com /usr/bin/cmake /home/marek/amavet_ws/src/Universal_Robots_ROS2_Driver/ur_moveit_config -DCMAKE_INSTALL_PREFIX=/home/marek/amavet_ws/install/ur_moveit_config
[1.178s] Invoking command in '/home/marek/amavet_ws/build/ur_moveit_config': AMENT_PREFIX_PATH=/home/marek/amavet_ws/install/ur_description:${AMENT_PREFIX_PATH} CMAKE_PREFIX_PATH=/home/marek/amavet_ws/install/ur_description:/opt/ros/jazzy/opt/gz_sim_vendor:/opt/ros/jazzy/opt/gz_sensors_vendor:/opt/ros/jazzy/opt/gz_physics_vendor:/opt/ros/jazzy/opt/sdformat_vendor:/opt/ros/jazzy/opt/gz_gui_vendor:/opt/ros/jazzy/opt/gz_transport_vendor:/opt/ros/jazzy/opt/gz_rendering_vendor:/opt/ros/jazzy/opt/gz_plugin_vendor:/opt/ros/jazzy/opt/gz_fuel_tools_vendor:/opt/ros/jazzy/opt/gz_msgs_vendor:/opt/ros/jazzy/opt/gz_common_vendor:/opt/ros/jazzy/opt/gz_math_vendor:/opt/ros/jazzy/opt/gz_utils_vendor:/opt/ros/jazzy/opt/gz_tools_vendor:/opt/ros/jazzy/opt/gz_ogre_next_vendor:/opt/ros/jazzy/opt/gz_dartsim_vendor:/opt/ros/jazzy/opt/gz_cmake_vendor:/opt/leap/LeapSDK:/opt/leap/LeapSDK:/opt/leap/LeapSDK:/opt/leap/LeapSDK:/opt/leap/LeapSDK:/opt/leap/LeapSDK:/opt/ros/jazzy DEBUGINFOD_URLS=https://debuginfod.ubuntu.com /usr/bin/cmake --build /home/marek/amavet_ws/build/ur_moveit_config -- -j16 -l16
[1.306s] Invoked command in '/home/marek/amavet_ws/build/ur_moveit_config' returned '0': AMENT_PREFIX_PATH=/home/marek/amavet_ws/install/ur_description:${AMENT_PREFIX_PATH} CMAKE_PREFIX_PATH=/home/marek/amavet_ws/install/ur_description:/opt/ros/jazzy/opt/gz_sim_vendor:/opt/ros/jazzy/opt/gz_sensors_vendor:/opt/ros/jazzy/opt/gz_physics_vendor:/opt/ros/jazzy/opt/sdformat_vendor:/opt/ros/jazzy/opt/gz_gui_vendor:/opt/ros/jazzy/opt/gz_transport_vendor:/opt/ros/jazzy/opt/gz_rendering_vendor:/opt/ros/jazzy/opt/gz_plugin_vendor:/opt/ros/jazzy/opt/gz_fuel_tools_vendor:/opt/ros/jazzy/opt/gz_msgs_vendor:/opt/ros/jazzy/opt/gz_common_vendor:/opt/ros/jazzy/opt/gz_math_vendor:/opt/ros/jazzy/opt/gz_utils_vendor:/opt/ros/jazzy/opt/gz_tools_vendor:/opt/ros/jazzy/opt/gz_ogre_next_vendor:/opt/ros/jazzy/opt/gz_dartsim_vendor:/opt/ros/jazzy/opt/gz_cmake_vendor:/opt/leap/LeapSDK:/opt/leap/LeapSDK:/opt/leap/LeapSDK:/opt/leap/LeapSDK:/opt/leap/LeapSDK:/opt/leap/LeapSDK:/opt/ros/jazzy DEBUGINFOD_URLS=https://debuginfod.ubuntu.com /usr/bin/cmake --build /home/marek/amavet_ws/build/ur_moveit_config -- -j16 -l16
[1.310s] Invoking command in '/home/marek/amavet_ws/build/ur_moveit_config': AMENT_PREFIX_PATH=/home/marek/amavet_ws/install/ur_description:${AMENT_PREFIX_PATH} CMAKE_PREFIX_PATH=/home/marek/amavet_ws/install/ur_description:/opt/ros/jazzy/opt/gz_sim_vendor:/opt/ros/jazzy/opt/gz_sensors_vendor:/opt/ros/jazzy/opt/gz_physics_vendor:/opt/ros/jazzy/opt/sdformat_vendor:/opt/ros/jazzy/opt/gz_gui_vendor:/opt/ros/jazzy/opt/gz_transport_vendor:/opt/ros/jazzy/opt/gz_rendering_vendor:/opt/ros/jazzy/opt/gz_plugin_vendor:/opt/ros/jazzy/opt/gz_fuel_tools_vendor:/opt/ros/jazzy/opt/gz_msgs_vendor:/opt/ros/jazzy/opt/gz_common_vendor:/opt/ros/jazzy/opt/gz_math_vendor:/opt/ros/jazzy/opt/gz_utils_vendor:/opt/ros/jazzy/opt/gz_tools_vendor:/opt/ros/jazzy/opt/gz_ogre_next_vendor:/opt/ros/jazzy/opt/gz_dartsim_vendor:/opt/ros/jazzy/opt/gz_cmake_vendor:/opt/leap/LeapSDK:/opt/leap/LeapSDK:/opt/leap/LeapSDK:/opt/leap/LeapSDK:/opt/leap/LeapSDK:/opt/leap/LeapSDK:/opt/ros/jazzy DEBUGINFOD_URLS=https://debuginfod.ubuntu.com /usr/bin/cmake --install /home/marek/amavet_ws/build/ur_moveit_config
[1.341s] -- Install configuration: ""
[1.346s] -- Installing: /home/marek/amavet_ws/install/ur_moveit_config/share/ament_index/resource_index/package_run_dependencies/ur_moveit_config
[1.346s] -- Installing: /home/marek/amavet_ws/install/ur_moveit_config/share/ament_index/resource_index/parent_prefix_path/ur_moveit_config
[1.346s] -- Installing: /home/marek/amavet_ws/install/ur_moveit_config/share/ur_moveit_config/environment/ament_prefix_path.sh
[1.346s] -- Installing: /home/marek/amavet_ws/install/ur_moveit_config/share/ur_moveit_config/environment/ament_prefix_path.dsv
[1.346s] -- Installing: /home/marek/amavet_ws/install/ur_moveit_config/share/ur_moveit_config/environment/path.sh
[1.347s] -- Installing: /home/marek/amavet_ws/install/ur_moveit_config/share/ur_moveit_config/environment/path.dsv
[1.347s] -- Installing: /home/marek/amavet_ws/install/ur_moveit_config/share/ur_moveit_config/local_setup.bash
[1.351s] -- Installing: /home/marek/amavet_ws/install/ur_moveit_config/share/ur_moveit_config/local_setup.sh
[1.354s] -- Installing: /home/marek/amavet_ws/install/ur_moveit_config/share/ur_moveit_config/local_setup.zsh
[1.355s] -- Installing: /home/marek/amavet_ws/install/ur_moveit_config/share/ur_moveit_config/local_setup.dsv
[1.355s] -- Installing: /home/marek/amavet_ws/install/ur_moveit_config/share/ur_moveit_config/package.dsv
[1.355s] -- Installing: /home/marek/amavet_ws/install/ur_moveit_config/share/ament_index/resource_index/packages/ur_moveit_config
[1.355s] -- Installing: /home/marek/amavet_ws/install/ur_moveit_config/share/ur_moveit_config/cmake/ur_moveit_configConfig.cmake
[1.355s] -- Installing: /home/marek/amavet_ws/install/ur_moveit_config/share/ur_moveit_config/cmake/ur_moveit_configConfig-version.cmake
[1.355s] -- Installing: /home/marek/amavet_ws/install/ur_moveit_config/share/ur_moveit_config/package.xml
[1.355s] -- Installing: /home/marek/amavet_ws/install/ur_moveit_config/share/ur_moveit_config/config
[1.355s] -- Installing: /home/marek/amavet_ws/install/ur_moveit_config/share/ur_moveit_config/config/moveit.rviz
[1.355s] -- Installing: /home/marek/amavet_ws/install/ur_moveit_config/share/ur_moveit_config/config/kinematics.yaml
[1.356s] -- Installing: /home/marek/amavet_ws/install/ur_moveit_config/share/ur_moveit_config/config/moveit_controllers.yaml
[1.356s] -- Installing: /home/marek/amavet_ws/install/ur_moveit_config/share/ur_moveit_config/config/ompl_planning.yaml
[1.356s] -- Installing: /home/marek/amavet_ws/install/ur_moveit_config/share/ur_moveit_config/config/pilz_industrial_motion_planner_planning.yaml
[1.356s] -- Installing: /home/marek/amavet_ws/install/ur_moveit_config/share/ur_moveit_config/config/ur_servo.yaml
[1.357s] -- Installing: /home/marek/amavet_ws/install/ur_moveit_config/share/ur_moveit_config/config/chomp_planning.yaml
[1.358s] -- Installing: /home/marek/amavet_ws/install/ur_moveit_config/share/ur_moveit_config/config/joint_limits.yaml
[1.358s] -- Installing: /home/marek/amavet_ws/install/ur_moveit_config/share/ur_moveit_config/config/pilz_cartesian_limits.yaml
[1.358s] -- Installing: /home/marek/amavet_ws/install/ur_moveit_config/share/ur_moveit_config/launch
[1.358s] -- Installing: /home/marek/amavet_ws/install/ur_moveit_config/share/ur_moveit_config/launch/ur_moveit.launch.py
[1.358s] -- Installing: /home/marek/amavet_ws/install/ur_moveit_config/share/ur_moveit_config/srdf
[1.358s] -- Installing: /home/marek/amavet_ws/install/ur_moveit_config/share/ur_moveit_config/srdf/ur.srdf.xacro
[1.359s] -- Installing: /home/marek/amavet_ws/install/ur_moveit_config/share/ur_moveit_config/srdf/ur_macro.srdf.xacro
[1.369s] Invoked command in '/home/marek/amavet_ws/build/ur_moveit_config' returned '0': AMENT_PREFIX_PATH=/home/marek/amavet_ws/install/ur_description:${AMENT_PREFIX_PATH} CMAKE_PREFIX_PATH=/home/marek/amavet_ws/install/ur_description:/opt/ros/jazzy/opt/gz_sim_vendor:/opt/ros/jazzy/opt/gz_sensors_vendor:/opt/ros/jazzy/opt/gz_physics_vendor:/opt/ros/jazzy/opt/sdformat_vendor:/opt/ros/jazzy/opt/gz_gui_vendor:/opt/ros/jazzy/opt/gz_transport_vendor:/opt/ros/jazzy/opt/gz_rendering_vendor:/opt/ros/jazzy/opt/gz_plugin_vendor:/opt/ros/jazzy/opt/gz_fuel_tools_vendor:/opt/ros/jazzy/opt/gz_msgs_vendor:/opt/ros/jazzy/opt/gz_common_vendor:/opt/ros/jazzy/opt/gz_math_vendor:/opt/ros/jazzy/opt/gz_utils_vendor:/opt/ros/jazzy/opt/gz_tools_vendor:/opt/ros/jazzy/opt/gz_ogre_next_vendor:/opt/ros/jazzy/opt/gz_dartsim_vendor:/opt/ros/jazzy/opt/gz_cmake_vendor:/opt/leap/LeapSDK:/opt/leap/LeapSDK:/opt/leap/LeapSDK:/opt/leap/LeapSDK:/opt/leap/LeapSDK:/opt/leap/LeapSDK:/opt/ros/jazzy DEBUGINFOD_URLS=https://debuginfod.ubuntu.com /usr/bin/cmake --install /home/marek/amavet_ws/build/ur_moveit_config
