running develop
running egg_info
creating robotiq_hande_ros2_driver.egg-info
writing robotiq_hande_ros2_driver.egg-info/PKG-INFO
writing dependency_links to robotiq_hande_ros2_driver.egg-info/dependency_links.txt
writing entry points to robotiq_hande_ros2_driver.egg-info/entry_points.txt
writing requirements to robotiq_hande_ros2_driver.egg-info/requires.txt
writing top-level names to robotiq_hande_ros2_driver.egg-info/top_level.txt
writing manifest file 'robotiq_hande_ros2_driver.egg-info/SOURCES.txt'
reading manifest file 'robotiq_hande_ros2_driver.egg-info/SOURCES.txt'
writing manifest file 'robotiq_hande_ros2_driver.egg-info/SOURCES.txt'
running build_ext
Creating /home/marek/amavet_ws/install/robotiq_hande_ros2_driver/lib/python3.12/site-packages/robotiq-hande-ros2-driver.egg-link (link to .)
Installing gripper_node script to /home/marek/amavet_ws/install/robotiq_hande_ros2_driver/lib/robotiq_hande_ros2_driver
Installing test script to /home/marek/amavet_ws/install/robotiq_hande_ros2_driver/lib/robotiq_hande_ros2_driver

Installed /home/marek/amavet_ws/build/robotiq_hande_ros2_driver
running symlink_data
creating /home/marek/amavet_ws/install/robotiq_hande_ros2_driver/share/ament_index
creating /home/marek/amavet_ws/install/robotiq_hande_ros2_driver/share/ament_index/resource_index
creating /home/marek/amavet_ws/install/robotiq_hande_ros2_driver/share/ament_index/resource_index/packages
symbolically linking /home/marek/amavet_ws/build/robotiq_hande_ros2_driver/resource/robotiq_hande_ros2_driver -> /home/marek/amavet_ws/install/robotiq_hande_ros2_driver/share/ament_index/resource_index/packages
symbolically linking /home/marek/amavet_ws/build/robotiq_hande_ros2_driver/package.xml -> /home/marek/amavet_ws/install/robotiq_hande_ros2_driver/share/robotiq_hande_ros2_driver
creating /home/marek/amavet_ws/install/robotiq_hande_ros2_driver/share/robotiq_hande_ros2_driver/launch
symbolically linking /home/marek/amavet_ws/build/robotiq_hande_ros2_driver/launch/gripper_bringup.launch.py -> /home/marek/amavet_ws/install/robotiq_hande_ros2_driver/share/robotiq_hande_ros2_driver/launch
creating /home/marek/amavet_ws/install/robotiq_hande_ros2_driver/share/gripper_srv
creating /home/marek/amavet_ws/install/robotiq_hande_ros2_driver/share/gripper_srv/srv
