[1.765s] Invoking command in '/home/marek/amavet_ws/build/robotiq_hande_ros2_driver': DEBUGINFOD_URLS=https://debuginfod.ubuntu.com PYTHONPATH=/home/marek/amavet_ws/build/robotiq_hande_ros2_driver/prefix_override:/usr/lib/python3/dist-packages/colcon_core/task/python/colcon_distutils_commands:/home/marek/amavet_ws/install/robotiq_hande_ros2_driver/lib/python3.12/site-packages:${PYTHONPATH} /usr/bin/python3 -W ignore:setup.py install is deprecated -W ignore:easy_install command is deprecated setup.py develop --editable --build-directory /home/marek/amavet_ws/build/robotiq_hande_ros2_driver/build --no-deps symlink_data
[2.543s] running develop
[3.018s] running egg_info
[3.018s] creating robotiq_hande_ros2_driver.egg-info
[3.062s] writing robotiq_hande_ros2_driver.egg-info/PKG-INFO
[3.062s] writing dependency_links to robotiq_hande_ros2_driver.egg-info/dependency_links.txt
[3.062s] writing entry points to robotiq_hande_ros2_driver.egg-info/entry_points.txt
[3.063s] writing requirements to robotiq_hande_ros2_driver.egg-info/requires.txt
[3.063s] writing top-level names to robotiq_hande_ros2_driver.egg-info/top_level.txt
[3.063s] writing manifest file 'robotiq_hande_ros2_driver.egg-info/SOURCES.txt'
[3.145s] reading manifest file 'robotiq_hande_ros2_driver.egg-info/SOURCES.txt'
[3.149s] writing manifest file 'robotiq_hande_ros2_driver.egg-info/SOURCES.txt'
[3.205s] running build_ext
[3.205s] Creating /home/marek/amavet_ws/install/robotiq_hande_ros2_driver/lib/python3.12/site-packages/robotiq-hande-ros2-driver.egg-link (link to .)
[3.206s] Installing gripper_node script to /home/marek/amavet_ws/install/robotiq_hande_ros2_driver/lib/robotiq_hande_ros2_driver
[3.207s] Installing test script to /home/marek/amavet_ws/install/robotiq_hande_ros2_driver/lib/robotiq_hande_ros2_driver
[3.207s] 
[3.208s] Installed /home/marek/amavet_ws/build/robotiq_hande_ros2_driver
[3.208s] running symlink_data
[3.208s] creating /home/marek/amavet_ws/install/robotiq_hande_ros2_driver/share/ament_index
[3.208s] creating /home/marek/amavet_ws/install/robotiq_hande_ros2_driver/share/ament_index/resource_index
[3.212s] creating /home/marek/amavet_ws/install/robotiq_hande_ros2_driver/share/ament_index/resource_index/packages
[3.212s] symbolically linking /home/marek/amavet_ws/build/robotiq_hande_ros2_driver/resource/robotiq_hande_ros2_driver -> /home/marek/amavet_ws/install/robotiq_hande_ros2_driver/share/ament_index/resource_index/packages
[3.212s] symbolically linking /home/marek/amavet_ws/build/robotiq_hande_ros2_driver/package.xml -> /home/marek/amavet_ws/install/robotiq_hande_ros2_driver/share/robotiq_hande_ros2_driver
[3.212s] creating /home/marek/amavet_ws/install/robotiq_hande_ros2_driver/share/robotiq_hande_ros2_driver/launch
[3.213s] symbolically linking /home/marek/amavet_ws/build/robotiq_hande_ros2_driver/launch/gripper_bringup.launch.py -> /home/marek/amavet_ws/install/robotiq_hande_ros2_driver/share/robotiq_hande_ros2_driver/launch
[3.213s] creating /home/marek/amavet_ws/install/robotiq_hande_ros2_driver/share/gripper_srv
[3.213s] creating /home/marek/amavet_ws/install/robotiq_hande_ros2_driver/share/gripper_srv/srv
