[0.018s] Invoking command in '/home/marek/amavet_ws/build/ur_robot_driver': AMENT_PREFIX_PATH=/home/marek/amavet_ws/install/ur_controllers:/home/marek/amavet_ws/install/ur_description:/home/marek/amavet_ws/install/ur_dashboard_msgs:${AMENT_PREFIX_PATH} CMAKE_PREFIX_PATH=/home/marek/amavet_ws/install/ur_controllers:/home/marek/amavet_ws/install/ur_description:/home/marek/amavet_ws/install/ur_dashboard_msgs:/home/marek/amavet_ws/install/ur_client_library:/opt/ros/jazzy/opt/gz_sim_vendor:/opt/ros/jazzy/opt/gz_sensors_vendor:/opt/ros/jazzy/opt/gz_physics_vendor:/opt/ros/jazzy/opt/sdformat_vendor:/opt/ros/jazzy/opt/gz_gui_vendor:/opt/ros/jazzy/opt/gz_transport_vendor:/opt/ros/jazzy/opt/gz_rendering_vendor:/opt/ros/jazzy/opt/gz_plugin_vendor:/opt/ros/jazzy/opt/gz_fuel_tools_vendor:/opt/ros/jazzy/opt/gz_msgs_vendor:/opt/ros/jazzy/opt/gz_common_vendor:/opt/ros/jazzy/opt/gz_math_vendor:/opt/ros/jazzy/opt/gz_utils_vendor:/opt/ros/jazzy/opt/gz_tools_vendor:/opt/ros/jazzy/opt/gz_ogre_next_vendor:/opt/ros/jazzy/opt/gz_dartsim_vendor:/opt/ros/jazzy/opt/gz_cmake_vendor:/opt/leap/LeapSDK:/opt/leap/LeapSDK:/opt/leap/LeapSDK:/opt/leap/LeapSDK:/opt/leap/LeapSDK:/opt/leap/LeapSDK:/opt/ros/jazzy DEBUGINFOD_URLS=https://debuginfod.ubuntu.com LD_LIBRARY_PATH=/home/marek/amavet_ws/install/ur_controllers/lib:/home/marek/amavet_ws/install/ur_dashboard_msgs/lib:/home/marek/amavet_ws/install/ur_client_library/lib:${LD_LIBRARY_PATH} PKG_CONFIG_PATH=/home/marek/amavet_ws/install/ur_client_library/lib/x86_64-linux-gnu/pkgconfig:/home/marek/amavet_ws/install/ur_client_library/lib/pkgconfig PYTHONPATH=/home/marek/amavet_ws/install/ur_dashboard_msgs/lib/python3.12/site-packages:${PYTHONPATH} /usr/bin/cmake /home/marek/amavet_ws/src/Universal_Robots_ROS2_Driver/ur_robot_driver -DCMAKE_INSTALL_PREFIX=/home/marek/amavet_ws/install/ur_robot_driver
[0.071s] -- The C compiler identification is GNU 13.3.0
[0.121s] -- The CXX compiler identification is GNU 13.3.0
[0.140s] -- Detecting C compiler ABI info
[0.235s] -- Detecting C compiler ABI info - done
[0.241s] -- Check for working C compiler: /usr/bin/cc - skipped
[0.241s] -- Detecting C compile features
[0.241s] -- Detecting C compile features - done
[0.250s] -- Detecting CXX compiler ABI info
[0.351s] -- Detecting CXX compiler ABI info - done
[0.357s] -- Check for working CXX compiler: /usr/bin/c++ - skipped
[0.358s] -- Detecting CXX compile features
[0.358s] -- Detecting CXX compile features - done
[0.358s] [0mur_robot_driver: You did not request a specific build type: selecting 'RelWithDebInfo'.[0m
[0.363s] -- Found ament_cmake: 2.5.5 (/opt/ros/jazzy/share/ament_cmake/cmake)
[0.491s] -- Found Python3: /usr/bin/python3 (found version "3.12.3") found components: Interpreter 
[0.605s] -- Found controller_manager: 4.42.2 (/opt/ros/jazzy/share/controller_manager/cmake)
[0.669s] -- Found rosidl_generator_c: 4.6.7 (/opt/ros/jazzy/share/rosidl_generator_c/cmake)
[0.686s] -- Found rosidl_generator_cpp: 4.6.7 (/opt/ros/jazzy/share/rosidl_generator_cpp/cmake)
[0.704s] -- Using all available rosidl_typesupport_c: rosidl_typesupport_fastrtps_c;rosidl_typesupport_introspection_c
[0.725s] -- Using all available rosidl_typesupport_cpp: rosidl_typesupport_fastrtps_cpp;rosidl_typesupport_introspection_cpp
[0.807s] -- Found rmw_implementation_cmake: 7.3.3 (/opt/ros/jazzy/share/rmw_implementation_cmake/cmake)
[0.812s] -- Found rmw_fastrtps_cpp: 8.4.3 (/opt/ros/jazzy/share/rmw_fastrtps_cpp/cmake)
[0.915s] -- Found OpenSSL: /usr/lib/x86_64-linux-gnu/libcrypto.so (found version "3.0.13")  
[0.932s] -- Found FastRTPS: /opt/ros/jazzy/include (Required is at least version "2.13") 
[0.952s] -- Using RMW implementation 'rmw_fastrtps_cpp' as default
[1.529s] -- Found std_srvs: 5.3.6 (/opt/ros/jazzy/share/std_srvs/cmake)
[1.545s] -- Found tf2_geometry_msgs: 0.36.19 (/opt/ros/jazzy/share/tf2_geometry_msgs/cmake)
[1.560s] -- Found eigen3_cmake_module: 0.3.0 (/opt/ros/jazzy/share/eigen3_cmake_module/cmake)
[1.561s] -- Found Eigen3: TRUE (found version "3.4.0") 
[1.561s] -- Ensuring Eigen3 include directory is part of orocos-kdl CMake target
[1.640s] -- Found ur_dashboard_msgs: 3.4.0 (/home/marek/amavet_ws/install/ur_dashboard_msgs/share/ur_dashboard_msgs/cmake)
[1.671s] -- Found ur_msgs: 2.3.0 (/opt/ros/jazzy/share/ur_msgs/cmake)
[1.902s] -- Found ur_controllers: 3.4.0 (/home/marek/amavet_ws/install/ur_controllers/share/ur_controllers/cmake)
[2.008s] -- Found ur_description: 4.3.0 (/home/marek/amavet_ws/install/ur_description/share/ur_description/cmake)
[2.012s] -- Found launch_testing_ament_cmake: 3.4.10 (/opt/ros/jazzy/share/launch_testing_ament_cmake/cmake)
[2.016s] -- Found python_cmake_module: 0.11.1 (/opt/ros/jazzy/share/python_cmake_module/cmake)
[2.128s] -- Found PythonExtra: /usr/bin/python3  
[2.128s] -- Configuring done (2.1s)
[2.211s] -- Generating done (0.1s)
[2.225s] -- Build files have been written to: /home/marek/amavet_ws/build/ur_robot_driver
[2.240s] Invoked command in '/home/marek/amavet_ws/build/ur_robot_driver' returned '0': AMENT_PREFIX_PATH=/home/marek/amavet_ws/install/ur_controllers:/home/marek/amavet_ws/install/ur_description:/home/marek/amavet_ws/install/ur_dashboard_msgs:${AMENT_PREFIX_PATH} CMAKE_PREFIX_PATH=/home/marek/amavet_ws/install/ur_controllers:/home/marek/amavet_ws/install/ur_description:/home/marek/amavet_ws/install/ur_dashboard_msgs:/home/marek/amavet_ws/install/ur_client_library:/opt/ros/jazzy/opt/gz_sim_vendor:/opt/ros/jazzy/opt/gz_sensors_vendor:/opt/ros/jazzy/opt/gz_physics_vendor:/opt/ros/jazzy/opt/sdformat_vendor:/opt/ros/jazzy/opt/gz_gui_vendor:/opt/ros/jazzy/opt/gz_transport_vendor:/opt/ros/jazzy/opt/gz_rendering_vendor:/opt/ros/jazzy/opt/gz_plugin_vendor:/opt/ros/jazzy/opt/gz_fuel_tools_vendor:/opt/ros/jazzy/opt/gz_msgs_vendor:/opt/ros/jazzy/opt/gz_common_vendor:/opt/ros/jazzy/opt/gz_math_vendor:/opt/ros/jazzy/opt/gz_utils_vendor:/opt/ros/jazzy/opt/gz_tools_vendor:/opt/ros/jazzy/opt/gz_ogre_next_vendor:/opt/ros/jazzy/opt/gz_dartsim_vendor:/opt/ros/jazzy/opt/gz_cmake_vendor:/opt/leap/LeapSDK:/opt/leap/LeapSDK:/opt/leap/LeapSDK:/opt/leap/LeapSDK:/opt/leap/LeapSDK:/opt/leap/LeapSDK:/opt/ros/jazzy DEBUGINFOD_URLS=https://debuginfod.ubuntu.com LD_LIBRARY_PATH=/home/marek/amavet_ws/install/ur_controllers/lib:/home/marek/amavet_ws/install/ur_dashboard_msgs/lib:/home/marek/amavet_ws/install/ur_client_library/lib:${LD_LIBRARY_PATH} PKG_CONFIG_PATH=/home/marek/amavet_ws/install/ur_client_library/lib/x86_64-linux-gnu/pkgconfig:/home/marek/amavet_ws/install/ur_client_library/lib/pkgconfig PYTHONPATH=/home/marek/amavet_ws/install/ur_dashboard_msgs/lib/python3.12/site-packages:${PYTHONPATH} /usr/bin/cmake /home/marek/amavet_ws/src/Universal_Robots_ROS2_Driver/ur_robot_driver -DCMAKE_INSTALL_PREFIX=/home/marek/amavet_ws/install/ur_robot_driver
[2.241s] Invoking command in '/home/marek/amavet_ws/build/ur_robot_driver': AMENT_PREFIX_PATH=/home/marek/amavet_ws/install/ur_controllers:/home/marek/amavet_ws/install/ur_description:/home/marek/amavet_ws/install/ur_dashboard_msgs:${AMENT_PREFIX_PATH} CMAKE_PREFIX_PATH=/home/marek/amavet_ws/install/ur_controllers:/home/marek/amavet_ws/install/ur_description:/home/marek/amavet_ws/install/ur_dashboard_msgs:/home/marek/amavet_ws/install/ur_client_library:/opt/ros/jazzy/opt/gz_sim_vendor:/opt/ros/jazzy/opt/gz_sensors_vendor:/opt/ros/jazzy/opt/gz_physics_vendor:/opt/ros/jazzy/opt/sdformat_vendor:/opt/ros/jazzy/opt/gz_gui_vendor:/opt/ros/jazzy/opt/gz_transport_vendor:/opt/ros/jazzy/opt/gz_rendering_vendor:/opt/ros/jazzy/opt/gz_plugin_vendor:/opt/ros/jazzy/opt/gz_fuel_tools_vendor:/opt/ros/jazzy/opt/gz_msgs_vendor:/opt/ros/jazzy/opt/gz_common_vendor:/opt/ros/jazzy/opt/gz_math_vendor:/opt/ros/jazzy/opt/gz_utils_vendor:/opt/ros/jazzy/opt/gz_tools_vendor:/opt/ros/jazzy/opt/gz_ogre_next_vendor:/opt/ros/jazzy/opt/gz_dartsim_vendor:/opt/ros/jazzy/opt/gz_cmake_vendor:/opt/leap/LeapSDK:/opt/leap/LeapSDK:/opt/leap/LeapSDK:/opt/leap/LeapSDK:/opt/leap/LeapSDK:/opt/leap/LeapSDK:/opt/ros/jazzy DEBUGINFOD_URLS=https://debuginfod.ubuntu.com LD_LIBRARY_PATH=/home/marek/amavet_ws/install/ur_controllers/lib:/home/marek/amavet_ws/install/ur_dashboard_msgs/lib:/home/marek/amavet_ws/install/ur_client_library/lib:${LD_LIBRARY_PATH} PKG_CONFIG_PATH=/home/marek/amavet_ws/install/ur_client_library/lib/x86_64-linux-gnu/pkgconfig:/home/marek/amavet_ws/install/ur_client_library/lib/pkgconfig PYTHONPATH=/home/marek/amavet_ws/install/ur_dashboard_msgs/lib/python3.12/site-packages:${PYTHONPATH} /usr/bin/cmake --build /home/marek/amavet_ws/build/ur_robot_driver -- -j16 -l16
[2.305s] [ 55%] [32mBuilding CXX object CMakeFiles/controller_stopper_node.dir/src/controller_stopper_node.cpp.o[0m
[2.305s] [ 55%] [32mBuilding CXX object CMakeFiles/dashboard_client.dir/src/dashboard_client_node.cpp.o[0m
[2.306s] [ 55%] [32mBuilding CXX object CMakeFiles/ur_robot_driver_plugin.dir/src/robot_state_helper.cpp.o[0m
[2.306s] [ 55%] [32mBuilding CXX object CMakeFiles/trajectory_until_node.dir/src/trajectory_until_node.cpp.o[0m
[2.306s] [ 55%] [32mBuilding CXX object CMakeFiles/robot_state_helper.dir/src/robot_state_helper_node.cpp.o[0m
[2.306s] [ 65%] [32mBuilding CXX object CMakeFiles/urscript_interface.dir/src/urscript_interface.cpp.o[0m
[2.306s] [ 55%] [32mBuilding CXX object CMakeFiles/controller_stopper_node.dir/src/controller_stopper.cpp.o[0m
[2.306s] [ 55%] [32mBuilding CXX object CMakeFiles/ur_robot_driver_plugin.dir/src/hardware_interface.cpp.o[0m
[2.306s] [ 55%] [32mBuilding CXX object CMakeFiles/ur_robot_driver_plugin.dir/src/dashboard_client_ros.cpp.o[0m
[2.306s] [ 55%] [32mBuilding CXX object CMakeFiles/ur_robot_driver_plugin.dir/src/urcl_log_handler.cpp.o[0m
[2.306s] [ 65%] [32mBuilding CXX object CMakeFiles/robot_state_helper.dir/src/robot_state_helper.cpp.o[0m
[2.306s] [ 65%] [32mBuilding CXX object CMakeFiles/dashboard_client.dir/src/urcl_log_handler.cpp.o[0m
[2.306s] [ 65%] [32mBuilding CXX object CMakeFiles/dashboard_client.dir/src/dashboard_client_ros.cpp.o[0m
[2.307s] [ 70%] [32mBuilding CXX object CMakeFiles/robot_state_helper.dir/src/urcl_log_handler.cpp.o[0m
[2.323s] [ 70%] Built target ament_cmake_python_copy_ur_robot_driver
[2.625s] running egg_info
[2.626s] creating ur_robot_driver.egg-info
[2.657s] writing ur_robot_driver.egg-info/PKG-INFO
[2.658s] writing dependency_links to ur_robot_driver.egg-info/dependency_links.txt
[2.658s] writing top-level names to ur_robot_driver.egg-info/top_level.txt
[2.662s] writing manifest file 'ur_robot_driver.egg-info/SOURCES.txt'
[2.777s] reading manifest file 'ur_robot_driver.egg-info/SOURCES.txt'
[2.778s] writing manifest file 'ur_robot_driver.egg-info/SOURCES.txt'
[2.841s] [ 70%] Built target ament_cmake_python_build_ur_robot_driver_egg
[8.827s] [01m[K/home/marek/amavet_ws/src/Universal_Robots_ROS2_Driver/ur_robot_driver/src/hardware_interface.cpp:[m[K In member function ‘[01m[Kvirtual hardware_interface::CallbackReturn ur_robot_driver::URPositionHardwareInterface::[01;32m[Kon_init[m[K(const hardware_interface::HardwareInfo&)[m[K’:
[8.827s] [01m[K/home/marek/amavet_ws/src/Universal_Robots_ROS2_Driver/ur_robot_driver/src/hardware_interface.cpp:119:51:[m[K [01;35m[Kwarning: [m[K‘[01m[Kvirtual rclcpp_lifecycle::node_interfaces::LifecycleNodeInterface::CallbackReturn hardware_interface::HardwareComponentInterface::[01;32m[Kon_init[m[K(const hardware_interface::HardwareInfo&)[m[K’ is deprecated: Use on_init(const HardwareComponentInterfaceParams & params) instead. [[01;35m[K]8;;https://gcc.gnu.org/onlinedocs/gcc/Warning-Options.html#index-Wdeprecated-declarations-Wdeprecated-declarations]8;;[m[K]
[8.827s]   119 |   if ([01;35m[Khardware_interface::SystemInterface::on_init(system_info)[m[K != hardware_interface::CallbackReturn::SUCCESS) {
[8.827s]       |       [01;35m[K~~~~~~~~~~~~~~~~~~~~~~~~~~~~~~~~~~~~~~~~~~~~^~~~~~~~~~~~~[m[K
[8.827s] In file included from [01m[K/opt/ros/jazzy/include/hardware_interface/hardware_interface/system_interface.hpp:18[m[K,
[8.827s]                  from [01m[K/home/marek/amavet_ws/src/Universal_Robots_ROS2_Driver/ur_robot_driver/include/ur_robot_driver/hardware_interface.hpp:51[m[K,
[8.827s]                  from [01m[K/home/marek/amavet_ws/src/Universal_Robots_ROS2_Driver/ur_robot_driver/src/hardware_interface.cpp:52[m[K:
[8.827s] [01m[K/opt/ros/jazzy/include/hardware_interface/hardware_interface/hardware_component_interface.hpp:140:26:[m[K [01;36m[Knote: [m[Kdeclared here
[8.827s]   140 |   virtual CallbackReturn [01;36m[Kon_init[m[K(const HardwareInfo & hardware_info);
[8.827s]       |                          [01;36m[K^~~~~~~[m[K
[16.030s] [ 75%] [32m[1mLinking CXX executable trajectory_until_node[0m
[16.298s] [ 75%] Built target trajectory_until_node
[17.547s] [ 80%] [32m[1mLinking CXX executable urscript_interface[0m
[17.928s] [ 80%] Built target urscript_interface
[21.464s] [ 85%] [32m[1mLinking CXX executable controller_stopper_node[0m
[21.838s] [ 85%] Built target controller_stopper_node
[25.958s] [ 90%] [32m[1mLinking CXX executable dashboard_client[0m
[26.355s] [ 90%] Built target dashboard_client
[30.221s] [ 95%] [32m[1mLinking CXX shared library libur_robot_driver_plugin.so[0m
[30.958s] [ 95%] Built target ur_robot_driver_plugin
[31.369s] [100%] [32m[1mLinking CXX executable robot_state_helper[0m
[31.859s] [100%] Built target robot_state_helper
[31.873s] Invoked command in '/home/marek/amavet_ws/build/ur_robot_driver' returned '0': AMENT_PREFIX_PATH=/home/marek/amavet_ws/install/ur_controllers:/home/marek/amavet_ws/install/ur_description:/home/marek/amavet_ws/install/ur_dashboard_msgs:${AMENT_PREFIX_PATH} CMAKE_PREFIX_PATH=/home/marek/amavet_ws/install/ur_controllers:/home/marek/amavet_ws/install/ur_description:/home/marek/amavet_ws/install/ur_dashboard_msgs:/home/marek/amavet_ws/install/ur_client_library:/opt/ros/jazzy/opt/gz_sim_vendor:/opt/ros/jazzy/opt/gz_sensors_vendor:/opt/ros/jazzy/opt/gz_physics_vendor:/opt/ros/jazzy/opt/sdformat_vendor:/opt/ros/jazzy/opt/gz_gui_vendor:/opt/ros/jazzy/opt/gz_transport_vendor:/opt/ros/jazzy/opt/gz_rendering_vendor:/opt/ros/jazzy/opt/gz_plugin_vendor:/opt/ros/jazzy/opt/gz_fuel_tools_vendor:/opt/ros/jazzy/opt/gz_msgs_vendor:/opt/ros/jazzy/opt/gz_common_vendor:/opt/ros/jazzy/opt/gz_math_vendor:/opt/ros/jazzy/opt/gz_utils_vendor:/opt/ros/jazzy/opt/gz_tools_vendor:/opt/ros/jazzy/opt/gz_ogre_next_vendor:/opt/ros/jazzy/opt/gz_dartsim_vendor:/opt/ros/jazzy/opt/gz_cmake_vendor:/opt/leap/LeapSDK:/opt/leap/LeapSDK:/opt/leap/LeapSDK:/opt/leap/LeapSDK:/opt/leap/LeapSDK:/opt/leap/LeapSDK:/opt/ros/jazzy DEBUGINFOD_URLS=https://debuginfod.ubuntu.com LD_LIBRARY_PATH=/home/marek/amavet_ws/install/ur_controllers/lib:/home/marek/amavet_ws/install/ur_dashboard_msgs/lib:/home/marek/amavet_ws/install/ur_client_library/lib:${LD_LIBRARY_PATH} PKG_CONFIG_PATH=/home/marek/amavet_ws/install/ur_client_library/lib/x86_64-linux-gnu/pkgconfig:/home/marek/amavet_ws/install/ur_client_library/lib/pkgconfig PYTHONPATH=/home/marek/amavet_ws/install/ur_dashboard_msgs/lib/python3.12/site-packages:${PYTHONPATH} /usr/bin/cmake --build /home/marek/amavet_ws/build/ur_robot_driver -- -j16 -l16
[31.874s] Invoking command in '/home/marek/amavet_ws/build/ur_robot_driver': AMENT_PREFIX_PATH=/home/marek/amavet_ws/install/ur_controllers:/home/marek/amavet_ws/install/ur_description:/home/marek/amavet_ws/install/ur_dashboard_msgs:${AMENT_PREFIX_PATH} CMAKE_PREFIX_PATH=/home/marek/amavet_ws/install/ur_controllers:/home/marek/amavet_ws/install/ur_description:/home/marek/amavet_ws/install/ur_dashboard_msgs:/home/marek/amavet_ws/install/ur_client_library:/opt/ros/jazzy/opt/gz_sim_vendor:/opt/ros/jazzy/opt/gz_sensors_vendor:/opt/ros/jazzy/opt/gz_physics_vendor:/opt/ros/jazzy/opt/sdformat_vendor:/opt/ros/jazzy/opt/gz_gui_vendor:/opt/ros/jazzy/opt/gz_transport_vendor:/opt/ros/jazzy/opt/gz_rendering_vendor:/opt/ros/jazzy/opt/gz_plugin_vendor:/opt/ros/jazzy/opt/gz_fuel_tools_vendor:/opt/ros/jazzy/opt/gz_msgs_vendor:/opt/ros/jazzy/opt/gz_common_vendor:/opt/ros/jazzy/opt/gz_math_vendor:/opt/ros/jazzy/opt/gz_utils_vendor:/opt/ros/jazzy/opt/gz_tools_vendor:/opt/ros/jazzy/opt/gz_ogre_next_vendor:/opt/ros/jazzy/opt/gz_dartsim_vendor:/opt/ros/jazzy/opt/gz_cmake_vendor:/opt/leap/LeapSDK:/opt/leap/LeapSDK:/opt/leap/LeapSDK:/opt/leap/LeapSDK:/opt/leap/LeapSDK:/opt/leap/LeapSDK:/opt/ros/jazzy DEBUGINFOD_URLS=https://debuginfod.ubuntu.com LD_LIBRARY_PATH=/home/marek/amavet_ws/install/ur_controllers/lib:/home/marek/amavet_ws/install/ur_dashboard_msgs/lib:/home/marek/amavet_ws/install/ur_client_library/lib:${LD_LIBRARY_PATH} PKG_CONFIG_PATH=/home/marek/amavet_ws/install/ur_client_library/lib/x86_64-linux-gnu/pkgconfig:/home/marek/amavet_ws/install/ur_client_library/lib/pkgconfig PYTHONPATH=/home/marek/amavet_ws/install/ur_dashboard_msgs/lib/python3.12/site-packages:${PYTHONPATH} /usr/bin/cmake --install /home/marek/amavet_ws/build/ur_robot_driver
[31.883s] -- Install configuration: "RelWithDebInfo"
[31.883s] -- Installing: /home/marek/amavet_ws/install/ur_robot_driver/share/ur_robot_driver/hardware_interface_plugin.xml
[31.884s] -- Installing: /home/marek/amavet_ws/install/ur_robot_driver/lib/ur_robot_driver/dashboard_client
[31.893s] -- Set non-toolchain portion of runtime path of "/home/marek/amavet_ws/install/ur_robot_driver/lib/ur_robot_driver/dashboard_client" to ""
[31.893s] -- Installing: /home/marek/amavet_ws/install/ur_robot_driver/lib/ur_robot_driver/controller_stopper_node
[31.902s] -- Set non-toolchain portion of runtime path of "/home/marek/amavet_ws/install/ur_robot_driver/lib/ur_robot_driver/controller_stopper_node" to ""
[31.902s] -- Installing: /home/marek/amavet_ws/install/ur_robot_driver/lib/ur_robot_driver/urscript_interface
[31.908s] -- Set non-toolchain portion of runtime path of "/home/marek/amavet_ws/install/ur_robot_driver/lib/ur_robot_driver/urscript_interface" to ""
[31.908s] -- Installing: /home/marek/amavet_ws/install/ur_robot_driver/lib/ur_robot_driver/robot_state_helper
[31.923s] -- Set non-toolchain portion of runtime path of "/home/marek/amavet_ws/install/ur_robot_driver/lib/ur_robot_driver/robot_state_helper" to ""
[31.923s] -- Installing: /home/marek/amavet_ws/install/ur_robot_driver/lib/ur_robot_driver/trajectory_until_node
[31.926s] -- Set non-toolchain portion of runtime path of "/home/marek/amavet_ws/install/ur_robot_driver/lib/ur_robot_driver/trajectory_until_node" to ""
[31.927s] -- Installing: /home/marek/amavet_ws/install/ur_robot_driver/lib/libur_robot_driver_plugin.so
[31.953s] -- Set non-toolchain portion of runtime path of "/home/marek/amavet_ws/install/ur_robot_driver/lib/libur_robot_driver_plugin.so" to ""
[31.953s] -- Installing: /home/marek/amavet_ws/install/ur_robot_driver/include
[31.953s] -- Installing: /home/marek/amavet_ws/install/ur_robot_driver/include/ur_robot_driver
[31.954s] -- Installing: /home/marek/amavet_ws/install/ur_robot_driver/include/ur_robot_driver/dashboard_client_ros.hpp
[31.954s] -- Installing: /home/marek/amavet_ws/install/ur_robot_driver/include/ur_robot_driver/urcl_log_handler.hpp
[31.954s] -- Installing: /home/marek/amavet_ws/install/ur_robot_driver/include/ur_robot_driver/trajectory_until_node.hpp
[31.954s] -- Installing: /home/marek/amavet_ws/install/ur_robot_driver/include/ur_robot_driver/hardware_interface.hpp
[31.954s] -- Installing: /home/marek/amavet_ws/install/ur_robot_driver/include/ur_robot_driver/robot_state_helper.hpp
[31.954s] -- Installing: /home/marek/amavet_ws/install/ur_robot_driver/include/ur_robot_driver/controller_stopper.hpp
[31.955s] -- Installing: /home/marek/amavet_ws/install/ur_robot_driver/share/ur_robot_driver/environment/library_path.sh
[31.955s] -- Installing: /home/marek/amavet_ws/install/ur_robot_driver/share/ur_robot_driver/environment/library_path.dsv
[31.955s] -- Installing: /home/marek/amavet_ws/install/ur_robot_driver/share/ur_robot_driver/resources
[31.955s] -- Installing: /home/marek/amavet_ws/install/ur_robot_driver/share/ur_robot_driver/resources/rs485-1.0.urcap
[31.956s] -- Installing: /home/marek/amavet_ws/install/ur_robot_driver/share/ur_robot_driver/resources/rtde_input_recipe.txt
[31.956s] -- Installing: /home/marek/amavet_ws/install/ur_robot_driver/share/ur_robot_driver/resources/rtde_output_recipe.txt
[31.956s] -- Installing: /home/marek/amavet_ws/install/ur_robot_driver/share/ur_robot_driver/resources/externalcontrol-1.0.5.urcap
[31.957s] -- Up-to-date: /home/marek/amavet_ws/install/ur_robot_driver/include
[31.957s] -- Up-to-date: /home/marek/amavet_ws/install/ur_robot_driver/include/ur_robot_driver
[31.957s] -- Up-to-date: /home/marek/amavet_ws/install/ur_robot_driver/include/ur_robot_driver/dashboard_client_ros.hpp
[31.957s] -- Up-to-date: /home/marek/amavet_ws/install/ur_robot_driver/include/ur_robot_driver/urcl_log_handler.hpp
[31.957s] -- Up-to-date: /home/marek/amavet_ws/install/ur_robot_driver/include/ur_robot_driver/trajectory_until_node.hpp
[31.957s] -- Up-to-date: /home/marek/amavet_ws/install/ur_robot_driver/include/ur_robot_driver/hardware_interface.hpp
[31.957s] -- Up-to-date: /home/marek/amavet_ws/install/ur_robot_driver/include/ur_robot_driver/robot_state_helper.hpp
[31.957s] -- Up-to-date: /home/marek/amavet_ws/install/ur_robot_driver/include/ur_robot_driver/controller_stopper.hpp
[31.957s] -- Installing: /home/marek/amavet_ws/install/ur_robot_driver/share/ur_robot_driver/environment/pythonpath.sh
[31.957s] -- Installing: /home/marek/amavet_ws/install/ur_robot_driver/share/ur_robot_driver/environment/pythonpath.dsv
[31.957s] -- Installing: /home/marek/amavet_ws/install/ur_robot_driver/lib/python3.12/site-packages/ur_robot_driver-3.4.0-py3.12.egg-info
[31.957s] -- Installing: /home/marek/amavet_ws/install/ur_robot_driver/lib/python3.12/site-packages/ur_robot_driver-3.4.0-py3.12.egg-info/top_level.txt
[31.957s] -- Installing: /home/marek/amavet_ws/install/ur_robot_driver/lib/python3.12/site-packages/ur_robot_driver-3.4.0-py3.12.egg-info/PKG-INFO
[31.958s] -- Installing: /home/marek/amavet_ws/install/ur_robot_driver/lib/python3.12/site-packages/ur_robot_driver-3.4.0-py3.12.egg-info/dependency_links.txt
[31.958s] -- Installing: /home/marek/amavet_ws/install/ur_robot_driver/lib/python3.12/site-packages/ur_robot_driver-3.4.0-py3.12.egg-info/SOURCES.txt
[31.958s] -- Installing: /home/marek/amavet_ws/install/ur_robot_driver/lib/python3.12/site-packages/ur_robot_driver
[31.958s] -- Installing: /home/marek/amavet_ws/install/ur_robot_driver/lib/python3.12/site-packages/ur_robot_driver/__init__.py
[31.990s] Listing '/home/marek/amavet_ws/install/ur_robot_driver/lib/python3.12/site-packages/ur_robot_driver'...
[31.990s] Compiling '/home/marek/amavet_ws/install/ur_robot_driver/lib/python3.12/site-packages/ur_robot_driver/__init__.py'...
[31.994s] -- Installing: /home/marek/amavet_ws/install/ur_robot_driver/lib/ur_robot_driver/tool_communication.py
[31.994s] -- Installing: /home/marek/amavet_ws/install/ur_robot_driver/lib/ur_robot_driver/wait_for_robot_description
[31.994s] -- Installing: /home/marek/amavet_ws/install/ur_robot_driver/lib/ur_robot_driver/example_move.py
[31.995s] -- Installing: /home/marek/amavet_ws/install/ur_robot_driver/lib/ur_robot_driver/start_ursim.sh
[31.995s] -- Installing: /home/marek/amavet_ws/install/ur_robot_driver/lib/ur_robot_driver/examples.py
[31.995s] -- Installing: /home/marek/amavet_ws/install/ur_robot_driver/lib/ur_robot_driver/force_mode.py
[31.995s] -- Installing: /home/marek/amavet_ws/install/ur_robot_driver/lib/ur_robot_driver/move_until_example.py
[31.996s] -- Installing: /home/marek/amavet_ws/install/ur_robot_driver/bin/wait_dashboard_server.sh
[31.996s] -- Installing: /home/marek/amavet_ws/install/ur_robot_driver/share/ur_robot_driver/config
[31.996s] -- Installing: /home/marek/amavet_ws/install/ur_robot_driver/share/ur_robot_driver/config/ur8long_update_rate.yaml
[31.996s] -- Installing: /home/marek/amavet_ws/install/ur_robot_driver/share/ur_robot_driver/config/ur18_update_rate.yaml
[31.996s] -- Installing: /home/marek/amavet_ws/install/ur_robot_driver/share/ur_robot_driver/config/ur16e_update_rate.yaml
[31.996s] -- Installing: /home/marek/amavet_ws/install/ur_robot_driver/share/ur_robot_driver/config/ur5_update_rate.yaml
[31.997s] -- Installing: /home/marek/amavet_ws/install/ur_robot_driver/share/ur_robot_driver/config/ur3e_update_rate.yaml
[31.997s] -- Installing: /home/marek/amavet_ws/install/ur_robot_driver/share/ur_robot_driver/config/ur_controllers.yaml
[31.997s] -- Installing: /home/marek/amavet_ws/install/ur_robot_driver/share/ur_robot_driver/config/ur3_update_rate.yaml
[31.997s] -- Installing: /home/marek/amavet_ws/install/ur_robot_driver/share/ur_robot_driver/config/ur5e_update_rate.yaml
[31.997s] -- Installing: /home/marek/amavet_ws/install/ur_robot_driver/share/ur_robot_driver/config/ur10_update_rate.yaml
[31.998s] -- Installing: /home/marek/amavet_ws/install/ur_robot_driver/share/ur_robot_driver/config/test_goal_publishers_config.yaml
[31.998s] -- Installing: /home/marek/amavet_ws/install/ur_robot_driver/share/ur_robot_driver/config/test_velocity_goal_publishers_config.yaml
[31.998s] -- Installing: /home/marek/amavet_ws/install/ur_robot_driver/share/ur_robot_driver/config/ur30_update_rate.yaml
[31.998s] -- Installing: /home/marek/amavet_ws/install/ur_robot_driver/share/ur_robot_driver/config/ur20_update_rate.yaml
[31.998s] -- Installing: /home/marek/amavet_ws/install/ur_robot_driver/share/ur_robot_driver/config/ur15_update_rate.yaml
[31.999s] -- Installing: /home/marek/amavet_ws/install/ur_robot_driver/share/ur_robot_driver/config/ur10e_update_rate.yaml
[31.999s] -- Installing: /home/marek/amavet_ws/install/ur_robot_driver/share/ur_robot_driver/launch
[31.999s] -- Installing: /home/marek/amavet_ws/install/ur_robot_driver/share/ur_robot_driver/launch/ur30.launch.py
[31.999s] -- Installing: /home/marek/amavet_ws/install/ur_robot_driver/share/ur_robot_driver/launch/ur10.launch.py
[31.999s] -- Installing: /home/marek/amavet_ws/install/ur_robot_driver/share/ur_robot_driver/launch/ur_rsp.launch.py
[31.999s] -- Installing: /home/marek/amavet_ws/install/ur_robot_driver/share/ur_robot_driver/launch/ur_control.launch.py
[32.000s] -- Installing: /home/marek/amavet_ws/install/ur_robot_driver/share/ur_robot_driver/launch/test_forward_velocity_controller.launch.py
[32.000s] -- Installing: /home/marek/amavet_ws/install/ur_robot_driver/share/ur_robot_driver/launch/ur5.launch.py
[32.000s] -- Installing: /home/marek/amavet_ws/install/ur_robot_driver/share/ur_robot_driver/launch/test_joint_trajectory_controller.launch.py
[32.000s] -- Installing: /home/marek/amavet_ws/install/ur_robot_driver/share/ur_robot_driver/launch/ur3.launch.py
[32.000s] -- Installing: /home/marek/amavet_ws/install/ur_robot_driver/share/ur_robot_driver/launch/test_scaled_joint_trajectory_controller.launch.py
[32.000s] -- Installing: /home/marek/amavet_ws/install/ur_robot_driver/share/ur_robot_driver/launch/ur7e.launch.py
[32.001s] -- Installing: /home/marek/amavet_ws/install/ur_robot_driver/share/ur_robot_driver/launch/ur8long.launch.py
[32.001s] -- Installing: /home/marek/amavet_ws/install/ur_robot_driver/share/ur_robot_driver/launch/ur15.launch.py
[32.001s] -- Installing: /home/marek/amavet_ws/install/ur_robot_driver/share/ur_robot_driver/launch/ur12e.launch.py
[32.001s] -- Installing: /home/marek/amavet_ws/install/ur_robot_driver/share/ur_robot_driver/launch/ur16e.launch.py
[32.001s] -- Installing: /home/marek/amavet_ws/install/ur_robot_driver/share/ur_robot_driver/launch/ur3e.launch.py
[32.002s] -- Installing: /home/marek/amavet_ws/install/ur_robot_driver/share/ur_robot_driver/launch/ur18.launch.py
[32.002s] -- Installing: /home/marek/amavet_ws/install/ur_robot_driver/share/ur_robot_driver/launch/ur_dashboard_client.launch.py
[32.002s] -- Installing: /home/marek/amavet_ws/install/ur_robot_driver/share/ur_robot_driver/launch/ur20.launch.py
[32.002s] -- Installing: /home/marek/amavet_ws/install/ur_robot_driver/share/ur_robot_driver/launch/ur5e.launch.py
[32.002s] -- Installing: /home/marek/amavet_ws/install/ur_robot_driver/share/ur_robot_driver/launch/ur10e.launch.py
[32.002s] -- Installing: /home/marek/amavet_ws/install/ur_robot_driver/share/ur_robot_driver/urdf
[32.002s] -- Installing: /home/marek/amavet_ws/install/ur_robot_driver/share/ur_robot_driver/urdf/ur.ros2_control.xacro
[32.003s] -- Installing: /home/marek/amavet_ws/install/ur_robot_driver/share/ur_robot_driver/urdf/ur.urdf.xacro
[32.003s] -- Installing: /home/marek/amavet_ws/install/ur_robot_driver/share/ament_index/resource_index/package_run_dependencies/ur_robot_driver
[32.003s] -- Installing: /home/marek/amavet_ws/install/ur_robot_driver/share/ament_index/resource_index/parent_prefix_path/ur_robot_driver
[32.003s] -- Installing: /home/marek/amavet_ws/install/ur_robot_driver/share/ur_robot_driver/environment/ament_prefix_path.sh
[32.003s] -- Installing: /home/marek/amavet_ws/install/ur_robot_driver/share/ur_robot_driver/environment/ament_prefix_path.dsv
[32.003s] -- Installing: /home/marek/amavet_ws/install/ur_robot_driver/share/ur_robot_driver/environment/path.sh
[32.004s] -- Installing: /home/marek/amavet_ws/install/ur_robot_driver/share/ur_robot_driver/environment/path.dsv
[32.004s] -- Installing: /home/marek/amavet_ws/install/ur_robot_driver/share/ur_robot_driver/local_setup.bash
[32.004s] -- Installing: /home/marek/amavet_ws/install/ur_robot_driver/share/ur_robot_driver/local_setup.sh
[32.004s] -- Installing: /home/marek/amavet_ws/install/ur_robot_driver/share/ur_robot_driver/local_setup.zsh
[32.004s] -- Installing: /home/marek/amavet_ws/install/ur_robot_driver/share/ur_robot_driver/local_setup.dsv
[32.004s] -- Installing: /home/marek/amavet_ws/install/ur_robot_driver/share/ur_robot_driver/package.dsv
[32.004s] -- Installing: /home/marek/amavet_ws/install/ur_robot_driver/share/ament_index/resource_index/packages/ur_robot_driver
[32.004s] -- Installing: /home/marek/amavet_ws/install/ur_robot_driver/share/ament_index/resource_index/hardware_interface__pluginlib__plugin/ur_robot_driver
[32.005s] -- Installing: /home/marek/amavet_ws/install/ur_robot_driver/share/ur_robot_driver/cmake/ament_cmake_export_include_directories-extras.cmake
[32.005s] -- Installing: /home/marek/amavet_ws/install/ur_robot_driver/share/ur_robot_driver/cmake/ament_cmake_export_libraries-extras.cmake
[32.005s] -- Installing: /home/marek/amavet_ws/install/ur_robot_driver/share/ur_robot_driver/cmake/ament_cmake_export_dependencies-extras.cmake
[32.005s] -- Installing: /home/marek/amavet_ws/install/ur_robot_driver/share/ur_robot_driver/cmake/ur_robot_driverConfig.cmake
[32.005s] -- Installing: /home/marek/amavet_ws/install/ur_robot_driver/share/ur_robot_driver/cmake/ur_robot_driverConfig-version.cmake
[32.005s] -- Installing: /home/marek/amavet_ws/install/ur_robot_driver/share/ur_robot_driver/package.xml
[32.008s] Invoked command in '/home/marek/amavet_ws/build/ur_robot_driver' returned '0': AMENT_PREFIX_PATH=/home/marek/amavet_ws/install/ur_controllers:/home/marek/amavet_ws/install/ur_description:/home/marek/amavet_ws/install/ur_dashboard_msgs:${AMENT_PREFIX_PATH} CMAKE_PREFIX_PATH=/home/marek/amavet_ws/install/ur_controllers:/home/marek/amavet_ws/install/ur_description:/home/marek/amavet_ws/install/ur_dashboard_msgs:/home/marek/amavet_ws/install/ur_client_library:/opt/ros/jazzy/opt/gz_sim_vendor:/opt/ros/jazzy/opt/gz_sensors_vendor:/opt/ros/jazzy/opt/gz_physics_vendor:/opt/ros/jazzy/opt/sdformat_vendor:/opt/ros/jazzy/opt/gz_gui_vendor:/opt/ros/jazzy/opt/gz_transport_vendor:/opt/ros/jazzy/opt/gz_rendering_vendor:/opt/ros/jazzy/opt/gz_plugin_vendor:/opt/ros/jazzy/opt/gz_fuel_tools_vendor:/opt/ros/jazzy/opt/gz_msgs_vendor:/opt/ros/jazzy/opt/gz_common_vendor:/opt/ros/jazzy/opt/gz_math_vendor:/opt/ros/jazzy/opt/gz_utils_vendor:/opt/ros/jazzy/opt/gz_tools_vendor:/opt/ros/jazzy/opt/gz_ogre_next_vendor:/opt/ros/jazzy/opt/gz_dartsim_vendor:/opt/ros/jazzy/opt/gz_cmake_vendor:/opt/leap/LeapSDK:/opt/leap/LeapSDK:/opt/leap/LeapSDK:/opt/leap/LeapSDK:/opt/leap/LeapSDK:/opt/leap/LeapSDK:/opt/ros/jazzy DEBUGINFOD_URLS=https://debuginfod.ubuntu.com LD_LIBRARY_PATH=/home/marek/amavet_ws/install/ur_controllers/lib:/home/marek/amavet_ws/install/ur_dashboard_msgs/lib:/home/marek/amavet_ws/install/ur_client_library/lib:${LD_LIBRARY_PATH} PKG_CONFIG_PATH=/home/marek/amavet_ws/install/ur_client_library/lib/x86_64-linux-gnu/pkgconfig:/home/marek/amavet_ws/install/ur_client_library/lib/pkgconfig PYTHONPATH=/home/marek/amavet_ws/install/ur_dashboard_msgs/lib/python3.12/site-packages:${PYTHONPATH} /usr/bin/cmake --install /home/marek/amavet_ws/build/ur_robot_driver
