/home/marek/amavet_ws/install/checkers_game_tutorial/lib/python3.12/site-packages/checkers_game_tutorial/__init__.py
/home/marek/amavet_ws/install/checkers_game_tutorial/lib/python3.12/site-packages/checkers_game_tutorial/checkers_node.py
/home/marek/amavet_ws/install/checkers_game_tutorial/lib/python3.12/site-packages/checkers_game_tutorial/minimax/__init__.py
/home/marek/amavet_ws/install/checkers_game_tutorial/lib/python3.12/site-packages/checkers_game_tutorial/minimax/algorithm.py
/home/marek/amavet_ws/install/checkers_game_tutorial/lib/python3.12/site-packages/checkers_game_tutorial/checkers/__init__.py
/home/marek/amavet_ws/install/checkers_game_tutorial/lib/python3.12/site-packages/checkers_game_tutorial/checkers/game.py
/home/marek/amavet_ws/install/checkers_game_tutorial/lib/python3.12/site-packages/checkers_game_tutorial/checkers/board.py
/home/marek/amavet_ws/install/checkers_game_tutorial/lib/python3.12/site-packages/checkers_game_tutorial/checkers/constants.py
/home/marek/amavet_ws/install/checkers_game_tutorial/lib/python3.12/site-packages/checkers_game_tutorial/checkers/piece.py
/home/marek/amavet_ws/install/checkers_game_tutorial/lib/python3.12/site-packages/checkers_game_tutorial/__pycache__/__init__.cpython-312.pyc
/home/marek/amavet_ws/install/checkers_game_tutorial/lib/python3.12/site-packages/checkers_game_tutorial/__pycache__/checkers_node.cpython-312.pyc
/home/marek/amavet_ws/install/checkers_game_tutorial/lib/python3.12/site-packages/checkers_game_tutorial/minimax/__pycache__/__init__.cpython-312.pyc
/home/marek/amavet_ws/install/checkers_game_tutorial/lib/python3.12/site-packages/checkers_game_tutorial/minimax/__pycache__/algorithm.cpython-312.pyc
/home/marek/amavet_ws/install/checkers_game_tutorial/lib/python3.12/site-packages/checkers_game_tutorial/checkers/__pycache__/__init__.cpython-312.pyc
/home/marek/amavet_ws/install/checkers_game_tutorial/lib/python3.12/site-packages/checkers_game_tutorial/checkers/__pycache__/game.cpython-312.pyc
/home/marek/amavet_ws/install/checkers_game_tutorial/lib/python3.12/site-packages/checkers_game_tutorial/checkers/__pycache__/board.cpython-312.pyc
/home/marek/amavet_ws/install/checkers_game_tutorial/lib/python3.12/site-packages/checkers_game_tutorial/checkers/__pycache__/constants.cpython-312.pyc
/home/marek/amavet_ws/install/checkers_game_tutorial/lib/python3.12/site-packages/checkers_game_tutorial/checkers/__pycache__/piece.cpython-312.pyc
/home/marek/amavet_ws/install/checkers_game_tutorial/share/ament_index/resource_index/packages/checkers_game_tutorial
/home/marek/amavet_ws/install/checkers_game_tutorial/share/checkers_game_tutorial/package.xml
/home/marek/amavet_ws/install/checkers_game_tutorial/share/checkers_game_tutorial/launch/checkers_game_launch.launch.py
/home/marek/amavet_ws/install/checkers_game_tutorial/lib/python3.12/site-packages/checkers_game_tutorial-0.0.0-py3.12.egg-info/requires.txt
/home/marek/amavet_ws/install/checkers_game_tutorial/lib/python3.12/site-packages/checkers_game_tutorial-0.0.0-py3.12.egg-info/top_level.txt
/home/marek/amavet_ws/install/checkers_game_tutorial/lib/python3.12/site-packages/checkers_game_tutorial-0.0.0-py3.12.egg-info/zip-safe
/home/marek/amavet_ws/install/checkers_game_tutorial/lib/python3.12/site-packages/checkers_game_tutorial-0.0.0-py3.12.egg-info/PKG-INFO
/home/marek/amavet_ws/install/checkers_game_tutorial/lib/python3.12/site-packages/checkers_game_tutorial-0.0.0-py3.12.egg-info/dependency_links.txt
/home/marek/amavet_ws/install/checkers_game_tutorial/lib/python3.12/site-packages/checkers_game_tutorial-0.0.0-py3.12.egg-info/entry_points.txt
/home/marek/amavet_ws/install/checkers_game_tutorial/lib/python3.12/site-packages/checkers_game_tutorial-0.0.0-py3.12.egg-info/SOURCES.txt
/home/marek/amavet_ws/install/checkers_game_tutorial/lib/checkers_game_tutorial/checkers_node
