[0.035s] Invoking command in '/home/marek/amavet_ws/build/leap_gesture_interface': CMAKE_PREFIX_PATH=${CMAKE_PREFIX_PATH}:/opt/ros/jazzy DEBUGINFOD_URLS=https://debuginfod.ubuntu.com /usr/bin/cmake /home/marek/amavet_ws/src/leap_gesture_interface -DAMENT_CMAKE_SYMLINK_INSTALL=1 -DCMAKE_INSTALL_PREFIX=/home/marek/amavet_ws/install/leap_gesture_interface
[0.151s] -- The CXX compiler identification is GNU 13.3.0
[0.233s] -- The C compiler identification is GNU 13.3.0
[0.261s] -- Detecting CXX compiler ABI info
[0.450s] -- Detecting CXX compiler ABI info - done
[0.466s] -- Check for working CXX compiler: /usr/bin/c++ - skipped
[0.466s] -- Detecting CXX compile features
[0.467s] -- Detecting CXX compile features - done
[0.489s] -- Detecting C compiler ABI info
[0.653s] -- Detecting C compiler ABI info - done
[0.668s] -- Check for working C compiler: /usr/bin/cc - skipped
[0.668s] -- Detecting C compile features
[0.669s] -- Detecting C compile features - done
[0.677s] -- Found rclcpp: 28.1.16 (/opt/ros/jazzy/share/rclcpp/cmake)
[0.895s] -- Found Python3: /usr/bin/python3 (found version "3.12.3") found components: Interpreter 
[1.084s] -- Override CMake install command with custom implementation using symlinks instead of copying resources
[1.512s] -- Found rosidl_generator_c: 4.6.7 (/opt/ros/jazzy/share/rosidl_generator_c/cmake)
[1.582s] -- Found rosidl_generator_cpp: 4.6.7 (/opt/ros/jazzy/share/rosidl_generator_cpp/cmake)
[1.663s] -- Using all available rosidl_typesupport_c: rosidl_typesupport_fastrtps_c;rosidl_typesupport_introspection_c
[1.734s] -- Using all available rosidl_typesupport_cpp: rosidl_typesupport_fastrtps_cpp;rosidl_typesupport_introspection_cpp
[2.000s] -- Found rmw_implementation_cmake: 7.3.3 (/opt/ros/jazzy/share/rmw_implementation_cmake/cmake)
[2.007s] -- Found rmw_fastrtps_cpp: 8.4.3 (/opt/ros/jazzy/share/rmw_fastrtps_cpp/cmake)
[2.285s] -- Found OpenSSL: /usr/lib/x86_64-linux-gnu/libcrypto.so (found version "3.0.13")  
[2.373s] -- Found FastRTPS: /opt/ros/jazzy/include (Required is at least version "2.13") 
[2.446s] -- Using RMW implementation 'rmw_fastrtps_cpp' as default
[2.619s] -- Found std_msgs: 5.3.6 (/opt/ros/jazzy/share/std_msgs/cmake)
[2.647s] -- Found sensor_msgs: 5.3.6 (/opt/ros/jazzy/share/sensor_msgs/cmake)
[2.726s] -- Found rosidl_default_generators: 1.6.0 (/opt/ros/jazzy/share/rosidl_default_generators/cmake)
[2.763s] -- Found rosidl_adapter: 4.6.7 (/opt/ros/jazzy/share/rosidl_adapter/cmake)
[2.776s] -- Performing Test CMAKE_HAVE_LIBC_PTHREAD
[3.107s] -- Performing Test CMAKE_HAVE_LIBC_PTHREAD - Success
[3.114s] -- Found Threads: TRUE  
[3.163s] -- Configuring incomplete, errors occurred!
[3.163s] [31mCMake Error at CMakeLists.txt:34 (find_package):
[3.163s]   Could not find a configuration file for package "LeapSDK" that is
[3.163s]   compatible with requested version "5".
[3.163s] 
[3.163s]   The following configuration files were considered but not accepted:
[3.163s] 
[3.164s]     /opt/leap/LeapSDK/share/LeapSDK/cmake/LeapSDKConfig.cmake, version: unknown
[3.164s] 
[3.164s] 
[3.171s] [0m
[3.205s] Invoked command in '/home/marek/amavet_ws/build/leap_gesture_interface' returned '1': CMAKE_PREFIX_PATH=${CMAKE_PREFIX_PATH}:/opt/ros/jazzy DEBUGINFOD_URLS=https://debuginfod.ubuntu.com /usr/bin/cmake /home/marek/amavet_ws/src/leap_gesture_interface -DAMENT_CMAKE_SYMLINK_INSTALL=1 -DCMAKE_INSTALL_PREFIX=/home/marek/amavet_ws/install/leap_gesture_interface
