-- The C compiler identification is GNU 13.3.0
-- The CXX compiler identification is GNU 13.3.0
-- Detecting C compiler ABI info
-- Detecting C compiler ABI info - done
-- Check for working C compiler: /usr/bin/cc - skipped
-- Detecting C compile features
-- Detecting C compile features - done
-- Detecting CXX compiler ABI info
-- Detecting CXX compiler ABI info - done
-- Check for working CXX compiler: /usr/bin/c++ - skipped
-- Detecting CXX compile features
-- Detecting CXX compile features - done
-- Found ament_cmake: 2.5.5 (/opt/ros/jazzy/share/ament_cmake/cmake)
-- Found Python3: /usr/bin/python3 (found version "3.12.3") found components: Interpreter 
-- Found rclcpp: 28.1.16 (/opt/ros/jazzy/share/rclcpp/cmake)
-- Found rosidl_generator_c: 4.6.7 (/opt/ros/jazzy/share/rosidl_generator_c/cmake)
-- Found rosidl_generator_cpp: 4.6.7 (/opt/ros/jazzy/share/rosidl_generator_cpp/cmake)
-- Using all available rosidl_typesupport_c: rosidl_typesupport_fastrtps_c;rosidl_typesupport_introspection_c
-- Using all available rosidl_typesupport_cpp: rosidl_typesupport_fastrtps_cpp;rosidl_typesupport_introspection_cpp
-- Found rmw_implementation_cmake: 7.3.3 (/opt/ros/jazzy/share/rmw_implementation_cmake/cmake)
-- Found rmw_fastrtps_cpp: 8.4.3 (/opt/ros/jazzy/share/rmw_fastrtps_cpp/cmake)
-- Found OpenSSL: /usr/lib/x86_64-linux-gnu/libcrypto.so (found version "3.0.13")  
-- Found FastRTPS: /opt/ros/jazzy/include (Required is at least version "2.13") 
-- Using RMW implementation 'rmw_fastrtps_cpp' as default
-- Found std_msgs: 5.3.6 (/opt/ros/jazzy/share/std_msgs/cmake)
-- Found geometry_msgs: 5.3.6 (/opt/ros/jazzy/share/geometry_msgs/cmake)
-- Found moveit_core: 2.12.4 (/opt/ros/jazzy/share/moveit_core/cmake)
-- Found Boost: /usr/lib/x86_64-linux-gnu/cmake/Boost-1.83.0/BoostConfig.cmake (found version "1.83.0") found components: chrono date_time filesystem iostreams program_options regex serialization system thread 
-- Found parameter_traits: 0.6.0 (/opt/ros/jazzy/share/parameter_traits/cmake)
-- Found rclcpp_lifecycle: 28.1.16 (/opt/ros/jazzy/share/rclcpp_lifecycle/cmake)
-- Found Boost: /usr/lib/x86_64-linux-gnu/cmake/Boost-1.83.0/BoostConfig.cmake (found version "1.83.0") found components: filesystem 
-- Found Eigen3: TRUE (found version "3.4.0") 
-- Ensuring Eigen3 include directory is part of orocos-kdl CMake target
-- Found moveit_ros_planning_interface: 2.12.4 (/opt/ros/jazzy/share/moveit_ros_planning_interface/cmake)
-- Found Boost: /usr/lib/x86_64-linux-gnu/cmake/Boost-1.83.0/BoostConfig.cmake (found version "1.83.0") found components: date_time filesystem program_options system thread 
-- Found Boost: /usr/lib/x86_64-linux-gnu/cmake/Boost-1.83.0/BoostConfig.cmake (found version "1.83.0") found components: system filesystem date_time program_options thread chrono 
-- Found Boost: /usr/lib/x86_64-linux-gnu/cmake/Boost-1.83.0/BoostConfig.cmake (found version "1.83.0") found components: thread system filesystem regex date_time program_options 
-- Found Boost: /usr/lib/x86_64-linux-gnu/cmake/Boost-1.83.0/BoostConfig.cmake (found version "1.83.0") found components: system filesystem date_time program_options thread 
-- Found gripper_srv: 0.0.0 (/home/marek/amavet_ws/install/gripper_srv/share/gripper_srv/cmake)
-- Found ament_lint_auto: 0.17.4 (/opt/ros/jazzy/share/ament_lint_auto/cmake)
-- Added test 'cppcheck' to perform static code analysis on C / C++ code
-- Configured cppcheck include dirs: /home/marek/amavet_ws/src/cocohrip_moveit_control/include;$<BUILD_INTERFACE:/home/marek/amavet_ws/src/cocohrip_moveit_control/include>
-- Configured cppcheck exclude dirs and/or files: 
-- Added test 'flake8' to check Python code syntax and style conventions
-- Configured 'flake8' exclude dirs and/or files: 
-- Added test 'lint_cmake' to check CMake code style
-- Added test 'pep257' to check Python code against some of the docstring style conventions in PEP 257
-- Added test 'uncrustify' to check C / C++ code style
-- Configured uncrustify additional arguments: 
-- Added test 'xmllint' to check XML markup files
-- Configuring done (4.6s)
-- Generating done (0.0s)
-- Build files have been written to: /home/marek/amavet_ws/build/cocohrip_moveit_control
[ 57%] [32mBuilding CXX object CMakeFiles/ur_position_control_node.dir/src/ur_position_control.cpp.o[0m
[ 57%] [32mBuilding CXX object CMakeFiles/key_input_publisher.dir/src/key_input_publisher.cpp.o[0m
[ 57%] [32mBuilding CXX object CMakeFiles/ur_position_control_node.dir/src/ur_position_control_node.cpp.o[0m
[ 57%] [32mBuilding CXX object CMakeFiles/ur_scenarios_node.dir/src/scenarios_node.cpp.o[0m
In file included from [01m[K/home/marek/amavet_ws/src/cocohrip_moveit_control/include/cocohrip_moveit_control/ur_position_control.hpp:6[m[K,
                 from [01m[K/home/marek/amavet_ws/src/cocohrip_moveit_control/src/ur_position_control_node.cpp:2[m[K:
[01m[K/opt/ros/jazzy/include/moveit_ros_planning_interface/moveit/move_group_interface/move_group_interface.h:51:77:[m[K [01;36m[Knote: [m[K‘[01m[K#pragma message: .h header is obsolete. Please use the .hpp header instead.[m[K’
   51 | #pragma message(".h header is obsolete. Please use the .hpp header instead."[01;36m[K)[m[K
      |                                                                             [01;36m[K^[m[K
In file included from [01m[K/home/marek/amavet_ws/src/cocohrip_moveit_control/include/cocohrip_moveit_control/ur_position_control.hpp:6[m[K,
                 from [01m[K/home/marek/amavet_ws/src/cocohrip_moveit_control/src/ur_position_control.cpp:2[m[K:
[01m[K/opt/ros/jazzy/include/moveit_ros_planning_interface/moveit/move_group_interface/move_group_interface.h:51:77:[m[K [01;36m[Knote: [m[K‘[01m[K#pragma message: .h header is obsolete. Please use the .hpp header instead.[m[K’
   51 | #pragma message(".h header is obsolete. Please use the .hpp header instead."[01;36m[K)[m[K
      |                                                                             [01;36m[K^[m[K
In file included from [01m[K/home/marek/amavet_ws/src/cocohrip_moveit_control/src/scenarios_node.cpp:2[m[K:
[01m[K/opt/ros/jazzy/include/moveit_ros_planning_interface/moveit/move_group_interface/move_group_interface.h:51:77:[m[K [01;36m[Knote: [m[K‘[01m[K#pragma message: .h header is obsolete. Please use the .hpp header instead.[m[K’
   51 | #pragma message(".h header is obsolete. Please use the .hpp header instead."[01;36m[K)[m[K
      |                                                                             [01;36m[K^[m[K
[ 71%] [32m[1mLinking CXX executable key_input_publisher[0m
[ 71%] Built target key_input_publisher
[ 85%] [32m[1mLinking CXX executable ur_scenarios_node[0m
[ 85%] Built target ur_scenarios_node
[100%] [32m[1mLinking CXX executable ur_position_control_node[0m
[100%] Built target ur_position_control_node
-- Install configuration: ""
-- Installing: /home/marek/amavet_ws/install/cocohrip_moveit_control/lib/cocohrip_moveit_control/key_input_publisher
-- Set non-toolchain portion of runtime path of "/home/marek/amavet_ws/install/cocohrip_moveit_control/lib/cocohrip_moveit_control/key_input_publisher" to ""
-- Installing: /home/marek/amavet_ws/install/cocohrip_moveit_control/lib/cocohrip_moveit_control/ur_scenarios_node
-- Set non-toolchain portion of runtime path of "/home/marek/amavet_ws/install/cocohrip_moveit_control/lib/cocohrip_moveit_control/ur_scenarios_node" to ""
-- Up-to-date: /home/marek/amavet_ws/install/cocohrip_moveit_control/lib/cocohrip_moveit_control/ur_scenarios_node
-- Installing: /home/marek/amavet_ws/install/cocohrip_moveit_control/lib/cocohrip_moveit_control/ur_position_control_node
-- Set non-toolchain portion of runtime path of "/home/marek/amavet_ws/install/cocohrip_moveit_control/lib/cocohrip_moveit_control/ur_position_control_node" to ""
-- Installing: /home/marek/amavet_ws/install/cocohrip_moveit_control/include
-- Installing: /home/marek/amavet_ws/install/cocohrip_moveit_control/include/cocohrip_moveit_control
-- Installing: /home/marek/amavet_ws/install/cocohrip_moveit_control/include/cocohrip_moveit_control/ur_position_control.hpp
-- Up-to-date: /home/marek/amavet_ws/install/cocohrip_moveit_control/include
-- Installing: /home/marek/amavet_ws/install/cocohrip_moveit_control/include/ur_position_control.launch_old080525.py
-- Installing: /home/marek/amavet_ws/install/cocohrip_moveit_control/include/scenarios_control.launch.py
-- Installing: /home/marek/amavet_ws/install/cocohrip_moveit_control/include/ur_position_control.launch.py
-- Installing: /home/marek/amavet_ws/install/cocohrip_moveit_control/share/cocohrip_moveit_control//launch
-- Installing: /home/marek/amavet_ws/install/cocohrip_moveit_control/share/cocohrip_moveit_control//launch/ur_position_control.launch_old080525.py
-- Installing: /home/marek/amavet_ws/install/cocohrip_moveit_control/share/cocohrip_moveit_control//launch/scenarios_control.launch.py
-- Installing: /home/marek/amavet_ws/install/cocohrip_moveit_control/share/cocohrip_moveit_control//launch/ur_position_control.launch.py
-- Installing: /home/marek/amavet_ws/install/cocohrip_moveit_control/share/cocohrip_moveit_control//srdf
-- Installing: /home/marek/amavet_ws/install/cocohrip_moveit_control/share/cocohrip_moveit_control//srdf/ur.srdf.xacro
-- Installing: /home/marek/amavet_ws/install/cocohrip_moveit_control/share/cocohrip_moveit_control//srdf/ur_macro.srdf.xacro
-- Installing: /home/marek/amavet_ws/install/cocohrip_moveit_control/share/ament_index/resource_index/package_run_dependencies/cocohrip_moveit_control
-- Installing: /home/marek/amavet_ws/install/cocohrip_moveit_control/share/ament_index/resource_index/parent_prefix_path/cocohrip_moveit_control
-- Installing: /home/marek/amavet_ws/install/cocohrip_moveit_control/share/cocohrip_moveit_control/environment/ament_prefix_path.sh
-- Installing: /home/marek/amavet_ws/install/cocohrip_moveit_control/share/cocohrip_moveit_control/environment/ament_prefix_path.dsv
-- Installing: /home/marek/amavet_ws/install/cocohrip_moveit_control/share/cocohrip_moveit_control/environment/path.sh
-- Installing: /home/marek/amavet_ws/install/cocohrip_moveit_control/share/cocohrip_moveit_control/environment/path.dsv
-- Installing: /home/marek/amavet_ws/install/cocohrip_moveit_control/share/cocohrip_moveit_control/local_setup.bash
-- Installing: /home/marek/amavet_ws/install/cocohrip_moveit_control/share/cocohrip_moveit_control/local_setup.sh
-- Installing: /home/marek/amavet_ws/install/cocohrip_moveit_control/share/cocohrip_moveit_control/local_setup.zsh
-- Installing: /home/marek/amavet_ws/install/cocohrip_moveit_control/share/cocohrip_moveit_control/local_setup.dsv
-- Installing: /home/marek/amavet_ws/install/cocohrip_moveit_control/share/cocohrip_moveit_control/package.dsv
-- Installing: /home/marek/amavet_ws/install/cocohrip_moveit_control/share/ament_index/resource_index/packages/cocohrip_moveit_control
-- Installing: /home/marek/amavet_ws/install/cocohrip_moveit_control/share/cocohrip_moveit_control/cmake/cocohrip_moveit_controlConfig.cmake
-- Installing: /home/marek/amavet_ws/install/cocohrip_moveit_control/share/cocohrip_moveit_control/cmake/cocohrip_moveit_controlConfig-version.cmake
-- Installing: /home/marek/amavet_ws/install/cocohrip_moveit_control/share/cocohrip_moveit_control/package.xml
