[0.023s] Invoking command in '/home/marek/amavet_ws/build/cocohrip_moveit_control': AMENT_PREFIX_PATH=/home/marek/amavet_ws/install/gripper_srv:${AMENT_PREFIX_PATH} CMAKE_PREFIX_PATH=/home/marek/amavet_ws/install/gripper_srv:/opt/ros/jazzy/opt/gz_sim_vendor:/opt/ros/jazzy/opt/gz_sensors_vendor:/opt/ros/jazzy/opt/gz_physics_vendor:/opt/ros/jazzy/opt/sdformat_vendor:/opt/ros/jazzy/opt/gz_gui_vendor:/opt/ros/jazzy/opt/gz_transport_vendor:/opt/ros/jazzy/opt/gz_rendering_vendor:/opt/ros/jazzy/opt/gz_plugin_vendor:/opt/ros/jazzy/opt/gz_fuel_tools_vendor:/opt/ros/jazzy/opt/gz_msgs_vendor:/opt/ros/jazzy/opt/gz_common_vendor:/opt/ros/jazzy/opt/gz_math_vendor:/opt/ros/jazzy/opt/gz_utils_vendor:/opt/ros/jazzy/opt/gz_tools_vendor:/opt/ros/jazzy/opt/gz_ogre_next_vendor:/opt/ros/jazzy/opt/gz_dartsim_vendor:/opt/ros/jazzy/opt/gz_cmake_vendor:/opt/leap/LeapSDK:/opt/leap/LeapSDK:/opt/leap/LeapSDK:/opt/leap/LeapSDK:/opt/leap/LeapSDK:/opt/leap/LeapSDK:/opt/ros/jazzy DEBUGINFOD_URLS=https://debuginfod.ubuntu.com LD_LIBRARY_PATH=/home/marek/amavet_ws/install/gripper_srv/lib:${LD_LIBRARY_PATH} PYTHONPATH=/home/marek/amavet_ws/install/gripper_srv/lib/python3.12/site-packages:${PYTHONPATH} /usr/bin/cmake /home/marek/amavet_ws/src/cocohrip_moveit_control -DCMAKE_INSTALL_PREFIX=/home/marek/amavet_ws/install/cocohrip_moveit_control
[0.132s] -- The C compiler identification is GNU 13.3.0
[0.268s] -- The CXX compiler identification is GNU 13.3.0
[0.320s] -- Detecting C compiler ABI info
[0.618s] -- Detecting C compiler ABI info - done
[0.655s] -- Check for working C compiler: /usr/bin/cc - skipped
[0.655s] -- Detecting C compile features
[0.655s] -- Detecting C compile features - done
[0.683s] -- Detecting CXX compiler ABI info
[0.922s] -- Detecting CXX compiler ABI info - done
[0.937s] -- Check for working CXX compiler: /usr/bin/c++ - skipped
[0.938s] -- Detecting CXX compile features
[0.939s] -- Detecting CXX compile features - done
[0.949s] -- Found ament_cmake: 2.5.5 (/opt/ros/jazzy/share/ament_cmake/cmake)
[1.239s] -- Found Python3: /usr/bin/python3 (found version "3.12.3") found components: Interpreter 
[1.509s] -- Found rclcpp: 28.1.16 (/opt/ros/jazzy/share/rclcpp/cmake)
[1.627s] -- Found rosidl_generator_c: 4.6.7 (/opt/ros/jazzy/share/rosidl_generator_c/cmake)
[1.666s] -- Found rosidl_generator_cpp: 4.6.7 (/opt/ros/jazzy/share/rosidl_generator_cpp/cmake)
[1.711s] -- Using all available rosidl_typesupport_c: rosidl_typesupport_fastrtps_c;rosidl_typesupport_introspection_c
[1.759s] -- Using all available rosidl_typesupport_cpp: rosidl_typesupport_fastrtps_cpp;rosidl_typesupport_introspection_cpp
[1.935s] -- Found rmw_implementation_cmake: 7.3.3 (/opt/ros/jazzy/share/rmw_implementation_cmake/cmake)
[1.946s] -- Found rmw_fastrtps_cpp: 8.4.3 (/opt/ros/jazzy/share/rmw_fastrtps_cpp/cmake)
[2.244s] -- Found OpenSSL: /usr/lib/x86_64-linux-gnu/libcrypto.so (found version "3.0.13")  
[2.343s] -- Found FastRTPS: /opt/ros/jazzy/include (Required is at least version "2.13") 
[2.447s] -- Using RMW implementation 'rmw_fastrtps_cpp' as default
[2.820s] -- Found std_msgs: 5.3.6 (/opt/ros/jazzy/share/std_msgs/cmake)
[2.853s] -- Found geometry_msgs: 5.3.6 (/opt/ros/jazzy/share/geometry_msgs/cmake)
[2.889s] -- Found moveit_core: 2.12.4 (/opt/ros/jazzy/share/moveit_core/cmake)
[3.224s] -- Found Boost: /usr/lib/x86_64-linux-gnu/cmake/Boost-1.83.0/BoostConfig.cmake (found version "1.83.0") found components: chrono date_time filesystem iostreams program_options regex serialization system thread 
[3.509s] -- Found parameter_traits: 0.6.0 (/opt/ros/jazzy/share/parameter_traits/cmake)
[3.547s] -- Found rclcpp_lifecycle: 28.1.16 (/opt/ros/jazzy/share/rclcpp_lifecycle/cmake)
[3.633s] -- Found Boost: /usr/lib/x86_64-linux-gnu/cmake/Boost-1.83.0/BoostConfig.cmake (found version "1.83.0") found components: filesystem 
[3.881s] -- Found Eigen3: TRUE (found version "3.4.0") 
[3.881s] -- Ensuring Eigen3 include directory is part of orocos-kdl CMake target
[4.308s] -- Found moveit_ros_planning_interface: 2.12.4 (/opt/ros/jazzy/share/moveit_ros_planning_interface/cmake)
[4.312s] -- Found Boost: /usr/lib/x86_64-linux-gnu/cmake/Boost-1.83.0/BoostConfig.cmake (found version "1.83.0") found components: date_time filesystem program_options system thread 
[4.327s] -- Found Boost: /usr/lib/x86_64-linux-gnu/cmake/Boost-1.83.0/BoostConfig.cmake (found version "1.83.0") found components: system filesystem date_time program_options thread chrono 
[4.376s] -- Found Boost: /usr/lib/x86_64-linux-gnu/cmake/Boost-1.83.0/BoostConfig.cmake (found version "1.83.0") found components: thread system filesystem regex date_time program_options 
[4.405s] -- Found Boost: /usr/lib/x86_64-linux-gnu/cmake/Boost-1.83.0/BoostConfig.cmake (found version "1.83.0") found components: system filesystem date_time program_options thread 
[4.444s] -- Found gripper_srv: 0.0.0 (/home/marek/amavet_ws/install/gripper_srv/share/gripper_srv/cmake)
[4.465s] -- Found ament_lint_auto: 0.17.4 (/opt/ros/jazzy/share/ament_lint_auto/cmake)
[4.586s] -- Added test 'cppcheck' to perform static code analysis on C / C++ code
[4.586s] -- Configured cppcheck include dirs: /home/marek/amavet_ws/src/cocohrip_moveit_control/include;$<BUILD_INTERFACE:/home/marek/amavet_ws/src/cocohrip_moveit_control/include>
[4.586s] -- Configured cppcheck exclude dirs and/or files: 
[4.587s] -- Added test 'flake8' to check Python code syntax and style conventions
[4.587s] -- Configured 'flake8' exclude dirs and/or files: 
[4.590s] -- Added test 'lint_cmake' to check CMake code style
[4.591s] -- Added test 'pep257' to check Python code against some of the docstring style conventions in PEP 257
[4.599s] -- Added test 'uncrustify' to check C / C++ code style
[4.599s] -- Configured uncrustify additional arguments: 
[4.601s] -- Added test 'xmllint' to check XML markup files
[4.602s] -- Configuring done (4.6s)
[4.644s] -- Generating done (0.0s)
[4.653s] -- Build files have been written to: /home/marek/amavet_ws/build/cocohrip_moveit_control
[4.669s] Invoked command in '/home/marek/amavet_ws/build/cocohrip_moveit_control' returned '0': AMENT_PREFIX_PATH=/home/marek/amavet_ws/install/gripper_srv:${AMENT_PREFIX_PATH} CMAKE_PREFIX_PATH=/home/marek/amavet_ws/install/gripper_srv:/opt/ros/jazzy/opt/gz_sim_vendor:/opt/ros/jazzy/opt/gz_sensors_vendor:/opt/ros/jazzy/opt/gz_physics_vendor:/opt/ros/jazzy/opt/sdformat_vendor:/opt/ros/jazzy/opt/gz_gui_vendor:/opt/ros/jazzy/opt/gz_transport_vendor:/opt/ros/jazzy/opt/gz_rendering_vendor:/opt/ros/jazzy/opt/gz_plugin_vendor:/opt/ros/jazzy/opt/gz_fuel_tools_vendor:/opt/ros/jazzy/opt/gz_msgs_vendor:/opt/ros/jazzy/opt/gz_common_vendor:/opt/ros/jazzy/opt/gz_math_vendor:/opt/ros/jazzy/opt/gz_utils_vendor:/opt/ros/jazzy/opt/gz_tools_vendor:/opt/ros/jazzy/opt/gz_ogre_next_vendor:/opt/ros/jazzy/opt/gz_dartsim_vendor:/opt/ros/jazzy/opt/gz_cmake_vendor:/opt/leap/LeapSDK:/opt/leap/LeapSDK:/opt/leap/LeapSDK:/opt/leap/LeapSDK:/opt/leap/LeapSDK:/opt/leap/LeapSDK:/opt/ros/jazzy DEBUGINFOD_URLS=https://debuginfod.ubuntu.com LD_LIBRARY_PATH=/home/marek/amavet_ws/install/gripper_srv/lib:${LD_LIBRARY_PATH} PYTHONPATH=/home/marek/amavet_ws/install/gripper_srv/lib/python3.12/site-packages:${PYTHONPATH} /usr/bin/cmake /home/marek/amavet_ws/src/cocohrip_moveit_control -DCMAKE_INSTALL_PREFIX=/home/marek/amavet_ws/install/cocohrip_moveit_control
[4.670s] Invoking command in '/home/marek/amavet_ws/build/cocohrip_moveit_control': AMENT_PREFIX_PATH=/home/marek/amavet_ws/install/gripper_srv:${AMENT_PREFIX_PATH} CMAKE_PREFIX_PATH=/home/marek/amavet_ws/install/gripper_srv:/opt/ros/jazzy/opt/gz_sim_vendor:/opt/ros/jazzy/opt/gz_sensors_vendor:/opt/ros/jazzy/opt/gz_physics_vendor:/opt/ros/jazzy/opt/sdformat_vendor:/opt/ros/jazzy/opt/gz_gui_vendor:/opt/ros/jazzy/opt/gz_transport_vendor:/opt/ros/jazzy/opt/gz_rendering_vendor:/opt/ros/jazzy/opt/gz_plugin_vendor:/opt/ros/jazzy/opt/gz_fuel_tools_vendor:/opt/ros/jazzy/opt/gz_msgs_vendor:/opt/ros/jazzy/opt/gz_common_vendor:/opt/ros/jazzy/opt/gz_math_vendor:/opt/ros/jazzy/opt/gz_utils_vendor:/opt/ros/jazzy/opt/gz_tools_vendor:/opt/ros/jazzy/opt/gz_ogre_next_vendor:/opt/ros/jazzy/opt/gz_dartsim_vendor:/opt/ros/jazzy/opt/gz_cmake_vendor:/opt/leap/LeapSDK:/opt/leap/LeapSDK:/opt/leap/LeapSDK:/opt/leap/LeapSDK:/opt/leap/LeapSDK:/opt/leap/LeapSDK:/opt/ros/jazzy DEBUGINFOD_URLS=https://debuginfod.ubuntu.com LD_LIBRARY_PATH=/home/marek/amavet_ws/install/gripper_srv/lib:${LD_LIBRARY_PATH} PYTHONPATH=/home/marek/amavet_ws/install/gripper_srv/lib/python3.12/site-packages:${PYTHONPATH} /usr/bin/cmake --build /home/marek/amavet_ws/build/cocohrip_moveit_control -- -j16 -l16
[4.733s] [ 57%] [32mBuilding CXX object CMakeFiles/ur_position_control_node.dir/src/ur_position_control.cpp.o[0m
[4.733s] [ 57%] [32mBuilding CXX object CMakeFiles/key_input_publisher.dir/src/key_input_publisher.cpp.o[0m
[4.733s] [ 57%] [32mBuilding CXX object CMakeFiles/ur_position_control_node.dir/src/ur_position_control_node.cpp.o[0m
[4.733s] [ 57%] [32mBuilding CXX object CMakeFiles/ur_scenarios_node.dir/src/scenarios_node.cpp.o[0m
[7.480s] In file included from [01m[K/home/marek/amavet_ws/src/cocohrip_moveit_control/include/cocohrip_moveit_control/ur_position_control.hpp:6[m[K,
[7.480s]                  from [01m[K/home/marek/amavet_ws/src/cocohrip_moveit_control/src/ur_position_control_node.cpp:2[m[K:
[7.480s] [01m[K/opt/ros/jazzy/include/moveit_ros_planning_interface/moveit/move_group_interface/move_group_interface.h:51:77:[m[K [01;36m[Knote: [m[K‘[01m[K#pragma message: .h header is obsolete. Please use the .hpp header instead.[m[K’
[7.481s]    51 | #pragma message(".h header is obsolete. Please use the .hpp header instead."[01;36m[K)[m[K
[7.481s]       |                                                                             [01;36m[K^[m[K
[7.501s] In file included from [01m[K/home/marek/amavet_ws/src/cocohrip_moveit_control/include/cocohrip_moveit_control/ur_position_control.hpp:6[m[K,
[7.501s]                  from [01m[K/home/marek/amavet_ws/src/cocohrip_moveit_control/src/ur_position_control.cpp:2[m[K:
[7.501s] [01m[K/opt/ros/jazzy/include/moveit_ros_planning_interface/moveit/move_group_interface/move_group_interface.h:51:77:[m[K [01;36m[Knote: [m[K‘[01m[K#pragma message: .h header is obsolete. Please use the .hpp header instead.[m[K’
[7.501s]    51 | #pragma message(".h header is obsolete. Please use the .hpp header instead."[01;36m[K)[m[K
[7.501s]       |                                                                             [01;36m[K^[m[K
[7.541s] In file included from [01m[K/home/marek/amavet_ws/src/cocohrip_moveit_control/src/scenarios_node.cpp:2[m[K:
[7.541s] [01m[K/opt/ros/jazzy/include/moveit_ros_planning_interface/moveit/move_group_interface/move_group_interface.h:51:77:[m[K [01;36m[Knote: [m[K‘[01m[K#pragma message: .h header is obsolete. Please use the .hpp header instead.[m[K’
[7.541s]    51 | #pragma message(".h header is obsolete. Please use the .hpp header instead."[01;36m[K)[m[K
[7.541s]       |                                                                             [01;36m[K^[m[K
[8.779s] [ 71%] [32m[1mLinking CXX executable key_input_publisher[0m
[8.940s] [ 71%] Built target key_input_publisher
[17.517s] [ 85%] [32m[1mLinking CXX executable ur_scenarios_node[0m
[18.235s] [ 85%] Built target ur_scenarios_node
[19.889s] [100%] [32m[1mLinking CXX executable ur_position_control_node[0m
[20.935s] [100%] Built target ur_position_control_node
[20.959s] Invoked command in '/home/marek/amavet_ws/build/cocohrip_moveit_control' returned '0': AMENT_PREFIX_PATH=/home/marek/amavet_ws/install/gripper_srv:${AMENT_PREFIX_PATH} CMAKE_PREFIX_PATH=/home/marek/amavet_ws/install/gripper_srv:/opt/ros/jazzy/opt/gz_sim_vendor:/opt/ros/jazzy/opt/gz_sensors_vendor:/opt/ros/jazzy/opt/gz_physics_vendor:/opt/ros/jazzy/opt/sdformat_vendor:/opt/ros/jazzy/opt/gz_gui_vendor:/opt/ros/jazzy/opt/gz_transport_vendor:/opt/ros/jazzy/opt/gz_rendering_vendor:/opt/ros/jazzy/opt/gz_plugin_vendor:/opt/ros/jazzy/opt/gz_fuel_tools_vendor:/opt/ros/jazzy/opt/gz_msgs_vendor:/opt/ros/jazzy/opt/gz_common_vendor:/opt/ros/jazzy/opt/gz_math_vendor:/opt/ros/jazzy/opt/gz_utils_vendor:/opt/ros/jazzy/opt/gz_tools_vendor:/opt/ros/jazzy/opt/gz_ogre_next_vendor:/opt/ros/jazzy/opt/gz_dartsim_vendor:/opt/ros/jazzy/opt/gz_cmake_vendor:/opt/leap/LeapSDK:/opt/leap/LeapSDK:/opt/leap/LeapSDK:/opt/leap/LeapSDK:/opt/leap/LeapSDK:/opt/leap/LeapSDK:/opt/ros/jazzy DEBUGINFOD_URLS=https://debuginfod.ubuntu.com LD_LIBRARY_PATH=/home/marek/amavet_ws/install/gripper_srv/lib:${LD_LIBRARY_PATH} PYTHONPATH=/home/marek/amavet_ws/install/gripper_srv/lib/python3.12/site-packages:${PYTHONPATH} /usr/bin/cmake --build /home/marek/amavet_ws/build/cocohrip_moveit_control -- -j16 -l16
[20.961s] Invoking command in '/home/marek/amavet_ws/build/cocohrip_moveit_control': AMENT_PREFIX_PATH=/home/marek/amavet_ws/install/gripper_srv:${AMENT_PREFIX_PATH} CMAKE_PREFIX_PATH=/home/marek/amavet_ws/install/gripper_srv:/opt/ros/jazzy/opt/gz_sim_vendor:/opt/ros/jazzy/opt/gz_sensors_vendor:/opt/ros/jazzy/opt/gz_physics_vendor:/opt/ros/jazzy/opt/sdformat_vendor:/opt/ros/jazzy/opt/gz_gui_vendor:/opt/ros/jazzy/opt/gz_transport_vendor:/opt/ros/jazzy/opt/gz_rendering_vendor:/opt/ros/jazzy/opt/gz_plugin_vendor:/opt/ros/jazzy/opt/gz_fuel_tools_vendor:/opt/ros/jazzy/opt/gz_msgs_vendor:/opt/ros/jazzy/opt/gz_common_vendor:/opt/ros/jazzy/opt/gz_math_vendor:/opt/ros/jazzy/opt/gz_utils_vendor:/opt/ros/jazzy/opt/gz_tools_vendor:/opt/ros/jazzy/opt/gz_ogre_next_vendor:/opt/ros/jazzy/opt/gz_dartsim_vendor:/opt/ros/jazzy/opt/gz_cmake_vendor:/opt/leap/LeapSDK:/opt/leap/LeapSDK:/opt/leap/LeapSDK:/opt/leap/LeapSDK:/opt/leap/LeapSDK:/opt/leap/LeapSDK:/opt/ros/jazzy DEBUGINFOD_URLS=https://debuginfod.ubuntu.com LD_LIBRARY_PATH=/home/marek/amavet_ws/install/gripper_srv/lib:${LD_LIBRARY_PATH} PYTHONPATH=/home/marek/amavet_ws/install/gripper_srv/lib/python3.12/site-packages:${PYTHONPATH} /usr/bin/cmake --install /home/marek/amavet_ws/build/cocohrip_moveit_control
[20.976s] -- Install configuration: ""
[20.976s] -- Installing: /home/marek/amavet_ws/install/cocohrip_moveit_control/lib/cocohrip_moveit_control/key_input_publisher
[20.978s] -- Set non-toolchain portion of runtime path of "/home/marek/amavet_ws/install/cocohrip_moveit_control/lib/cocohrip_moveit_control/key_input_publisher" to ""
[20.978s] -- Installing: /home/marek/amavet_ws/install/cocohrip_moveit_control/lib/cocohrip_moveit_control/ur_scenarios_node
[20.984s] -- Set non-toolchain portion of runtime path of "/home/marek/amavet_ws/install/cocohrip_moveit_control/lib/cocohrip_moveit_control/ur_scenarios_node" to ""
[20.984s] -- Up-to-date: /home/marek/amavet_ws/install/cocohrip_moveit_control/lib/cocohrip_moveit_control/ur_scenarios_node
[20.985s] -- Installing: /home/marek/amavet_ws/install/cocohrip_moveit_control/lib/cocohrip_moveit_control/ur_position_control_node
[20.993s] -- Set non-toolchain portion of runtime path of "/home/marek/amavet_ws/install/cocohrip_moveit_control/lib/cocohrip_moveit_control/ur_position_control_node" to ""
[20.993s] -- Installing: /home/marek/amavet_ws/install/cocohrip_moveit_control/include
[20.993s] -- Installing: /home/marek/amavet_ws/install/cocohrip_moveit_control/include/cocohrip_moveit_control
[20.993s] -- Installing: /home/marek/amavet_ws/install/cocohrip_moveit_control/include/cocohrip_moveit_control/ur_position_control.hpp
[20.994s] -- Up-to-date: /home/marek/amavet_ws/install/cocohrip_moveit_control/include
[20.994s] -- Installing: /home/marek/amavet_ws/install/cocohrip_moveit_control/include/ur_position_control.launch_old080525.py
[20.994s] -- Installing: /home/marek/amavet_ws/install/cocohrip_moveit_control/include/scenarios_control.launch.py
[20.994s] -- Installing: /home/marek/amavet_ws/install/cocohrip_moveit_control/include/ur_position_control.launch.py
[20.994s] -- Installing: /home/marek/amavet_ws/install/cocohrip_moveit_control/share/cocohrip_moveit_control//launch
[20.994s] -- Installing: /home/marek/amavet_ws/install/cocohrip_moveit_control/share/cocohrip_moveit_control//launch/ur_position_control.launch_old080525.py
[20.994s] -- Installing: /home/marek/amavet_ws/install/cocohrip_moveit_control/share/cocohrip_moveit_control//launch/scenarios_control.launch.py
[20.995s] -- Installing: /home/marek/amavet_ws/install/cocohrip_moveit_control/share/cocohrip_moveit_control//launch/ur_position_control.launch.py
[20.995s] -- Installing: /home/marek/amavet_ws/install/cocohrip_moveit_control/share/cocohrip_moveit_control//srdf
[20.995s] -- Installing: /home/marek/amavet_ws/install/cocohrip_moveit_control/share/cocohrip_moveit_control//srdf/ur.srdf.xacro
[20.995s] -- Installing: /home/marek/amavet_ws/install/cocohrip_moveit_control/share/cocohrip_moveit_control//srdf/ur_macro.srdf.xacro
[20.995s] -- Installing: /home/marek/amavet_ws/install/cocohrip_moveit_control/share/ament_index/resource_index/package_run_dependencies/cocohrip_moveit_control
[20.995s] -- Installing: /home/marek/amavet_ws/install/cocohrip_moveit_control/share/ament_index/resource_index/parent_prefix_path/cocohrip_moveit_control
[20.996s] -- Installing: /home/marek/amavet_ws/install/cocohrip_moveit_control/share/cocohrip_moveit_control/environment/ament_prefix_path.sh
[20.996s] -- Installing: /home/marek/amavet_ws/install/cocohrip_moveit_control/share/cocohrip_moveit_control/environment/ament_prefix_path.dsv
[20.996s] -- Installing: /home/marek/amavet_ws/install/cocohrip_moveit_control/share/cocohrip_moveit_control/environment/path.sh
[20.996s] -- Installing: /home/marek/amavet_ws/install/cocohrip_moveit_control/share/cocohrip_moveit_control/environment/path.dsv
[20.997s] -- Installing: /home/marek/amavet_ws/install/cocohrip_moveit_control/share/cocohrip_moveit_control/local_setup.bash
[20.997s] -- Installing: /home/marek/amavet_ws/install/cocohrip_moveit_control/share/cocohrip_moveit_control/local_setup.sh
[20.997s] -- Installing: /home/marek/amavet_ws/install/cocohrip_moveit_control/share/cocohrip_moveit_control/local_setup.zsh
[20.997s] -- Installing: /home/marek/amavet_ws/install/cocohrip_moveit_control/share/cocohrip_moveit_control/local_setup.dsv
[20.997s] -- Installing: /home/marek/amavet_ws/install/cocohrip_moveit_control/share/cocohrip_moveit_control/package.dsv
[20.998s] -- Installing: /home/marek/amavet_ws/install/cocohrip_moveit_control/share/ament_index/resource_index/packages/cocohrip_moveit_control
[20.998s] -- Installing: /home/marek/amavet_ws/install/cocohrip_moveit_control/share/cocohrip_moveit_control/cmake/cocohrip_moveit_controlConfig.cmake
[20.998s] -- Installing: /home/marek/amavet_ws/install/cocohrip_moveit_control/share/cocohrip_moveit_control/cmake/cocohrip_moveit_controlConfig-version.cmake
[20.998s] -- Installing: /home/marek/amavet_ws/install/cocohrip_moveit_control/share/cocohrip_moveit_control/package.xml
[21.002s] Invoked command in '/home/marek/amavet_ws/build/cocohrip_moveit_control' returned '0': AMENT_PREFIX_PATH=/home/marek/amavet_ws/install/gripper_srv:${AMENT_PREFIX_PATH} CMAKE_PREFIX_PATH=/home/marek/amavet_ws/install/gripper_srv:/opt/ros/jazzy/opt/gz_sim_vendor:/opt/ros/jazzy/opt/gz_sensors_vendor:/opt/ros/jazzy/opt/gz_physics_vendor:/opt/ros/jazzy/opt/sdformat_vendor:/opt/ros/jazzy/opt/gz_gui_vendor:/opt/ros/jazzy/opt/gz_transport_vendor:/opt/ros/jazzy/opt/gz_rendering_vendor:/opt/ros/jazzy/opt/gz_plugin_vendor:/opt/ros/jazzy/opt/gz_fuel_tools_vendor:/opt/ros/jazzy/opt/gz_msgs_vendor:/opt/ros/jazzy/opt/gz_common_vendor:/opt/ros/jazzy/opt/gz_math_vendor:/opt/ros/jazzy/opt/gz_utils_vendor:/opt/ros/jazzy/opt/gz_tools_vendor:/opt/ros/jazzy/opt/gz_ogre_next_vendor:/opt/ros/jazzy/opt/gz_dartsim_vendor:/opt/ros/jazzy/opt/gz_cmake_vendor:/opt/leap/LeapSDK:/opt/leap/LeapSDK:/opt/leap/LeapSDK:/opt/leap/LeapSDK:/opt/leap/LeapSDK:/opt/leap/LeapSDK:/opt/ros/jazzy DEBUGINFOD_URLS=https://debuginfod.ubuntu.com LD_LIBRARY_PATH=/home/marek/amavet_ws/install/gripper_srv/lib:${LD_LIBRARY_PATH} PYTHONPATH=/home/marek/amavet_ws/install/gripper_srv/lib/python3.12/site-packages:${PYTHONPATH} /usr/bin/cmake --install /home/marek/amavet_ws/build/cocohrip_moveit_control
