-- Found ament_cmake: 2.5.5 (/opt/ros/jazzy/share/ament_cmake/cmake)
-- Found Python3: /usr/bin/python3 (found version "3.12.3") found components: Interpreter 
-- Override CMake install command with custom implementation using symlinks instead of copying resources
-- Found rosidl_default_generators: 1.6.0 (/opt/ros/jazzy/share/rosidl_default_generators/cmake)
-- Using all available rosidl_typesupport_c: rosidl_typesupport_fastrtps_c;rosidl_typesupport_introspection_c
-- Using all available rosidl_typesupport_cpp: rosidl_typesupport_fastrtps_cpp;rosidl_typesupport_introspection_cpp
-- Found rosidl_adapter: 4.6.7 (/opt/ros/jazzy/share/rosidl_adapter/cmake)
-- Found ament_cmake_ros: 0.12.0 (/opt/ros/jazzy/share/ament_cmake_ros/cmake)
-- Using all available rosidl_typesupport_c: rosidl_typesupport_fastrtps_c;rosidl_typesupport_introspection_c
-- Using all available rosidl_typesupport_cpp: rosidl_typesupport_fastrtps_cpp;rosidl_typesupport_introspection_cpp
-- Found python_cmake_module: 0.11.1 (/opt/ros/jazzy/share/python_cmake_module/cmake)
-- Found Python3: /usr/bin/python3 (found version "3.12.3") found components: Interpreter Development NumPy Development.Module Development.Embed 
-- Found ament_lint_auto: 0.17.4 (/opt/ros/jazzy/share/ament_lint_auto/cmake)
-- Added test 'lint_cmake' to check CMake code style
-- Added test 'xmllint' to check XML markup files
-- Configuring done (1.8s)
-- Generating done (0.0s)
-- Build files have been written to: /home/marek/amavet_ws/build/gripper_srv
[  2%] [34m[1mGenerating type hashes for ROS interfaces[0m
[  2%] Built target ament_cmake_python_symlink_gripper_srv
[  2%] Built target gripper_srv__rosidl_generator_type_description
[  5%] [34m[1mGenerating C code for ROS interfaces[0m
[  8%] [34m[1mGenerating C++ code for ROS interfaces[0m
running egg_info
creating gripper_srv.egg-info
writing gripper_srv.egg-info/PKG-INFO
writing dependency_links to gripper_srv.egg-info/dependency_links.txt
writing top-level names to gripper_srv.egg-info/top_level.txt
writing manifest file 'gripper_srv.egg-info/SOURCES.txt'
reading manifest file 'gripper_srv.egg-info/SOURCES.txt'
writing manifest file 'gripper_srv.egg-info/SOURCES.txt'
[  8%] Built target ament_cmake_python_build_gripper_srv_egg
[  8%] Built target gripper_srv__cpp
[ 14%] [32mBuilding C object CMakeFiles/gripper_srv__rosidl_generator_c.dir/rosidl_generator_c/gripper_srv/srv/detail/gripper_service__type_support.c.o[0m
[ 14%] [32mBuilding C object CMakeFiles/gripper_srv__rosidl_generator_c.dir/rosidl_generator_c/gripper_srv/srv/detail/gripper_service__description.c.o[0m
[ 17%] [32mBuilding C object CMakeFiles/gripper_srv__rosidl_generator_c.dir/rosidl_generator_c/gripper_srv/srv/detail/gripper_service__functions.c.o[0m
[ 20%] [32m[1mLinking C shared library libgripper_srv__rosidl_generator_c.so[0m
[ 20%] Built target gripper_srv__rosidl_generator_c
[ 32%] [34m[1mGenerating C++ type support for eProsima Fast-RTPS[0m
[ 32%] [34m[1mGenerating C introspection for ROS interfaces[0m
[ 32%] [34m[1mGenerating C++ introspection for ROS interfaces[0m
[ 32%] [34m[1mGenerating C type support dispatch for ROS interfaces[0m
[ 35%] [34m[1mGenerating C type support for eProsima Fast-RTPS[0m
[ 38%] [34m[1mGenerating C++ type support dispatch for ROS interfaces[0m
[ 41%] [32mBuilding CXX object CMakeFiles/gripper_srv__rosidl_typesupport_cpp.dir/rosidl_typesupport_cpp/gripper_srv/srv/gripper_service__type_support.cpp.o[0m
[ 44%] [32mBuilding C object CMakeFiles/gripper_srv__rosidl_typesupport_introspection_c.dir/rosidl_typesupport_introspection_c/gripper_srv/srv/detail/gripper_service__type_support.c.o[0m
[ 47%] [32mBuilding CXX object CMakeFiles/gripper_srv__rosidl_typesupport_introspection_cpp.dir/rosidl_typesupport_introspection_cpp/gripper_srv/srv/detail/gripper_service__type_support.cpp.o[0m
[ 50%] [32mBuilding CXX object CMakeFiles/gripper_srv__rosidl_typesupport_c.dir/rosidl_typesupport_c/gripper_srv/srv/gripper_service__type_support.cpp.o[0m
[ 52%] [32mBuilding CXX object CMakeFiles/gripper_srv__rosidl_typesupport_fastrtps_cpp.dir/rosidl_typesupport_fastrtps_cpp/gripper_srv/srv/detail/dds_fastrtps/gripper_service__type_support.cpp.o[0m
[ 55%] [32mBuilding CXX object CMakeFiles/gripper_srv__rosidl_typesupport_fastrtps_c.dir/rosidl_typesupport_fastrtps_c/gripper_srv/srv/detail/gripper_service__type_support_c.cpp.o[0m
[ 58%] [32m[1mLinking C shared library libgripper_srv__rosidl_typesupport_introspection_c.so[0m
[ 61%] [32m[1mLinking CXX shared library libgripper_srv__rosidl_typesupport_c.so[0m
[ 61%] Built target gripper_srv__rosidl_typesupport_introspection_c
[ 61%] Built target gripper_srv__rosidl_typesupport_c
[ 64%] [32m[1mLinking CXX shared library libgripper_srv__rosidl_typesupport_introspection_cpp.so[0m
[ 67%] [32m[1mLinking CXX shared library libgripper_srv__rosidl_typesupport_cpp.so[0m
[ 67%] Built target gripper_srv__rosidl_typesupport_introspection_cpp
[ 67%] Built target gripper_srv__rosidl_typesupport_cpp
[ 70%] [32m[1mLinking CXX shared library libgripper_srv__rosidl_typesupport_fastrtps_c.so[0m
[ 73%] [32m[1mLinking CXX shared library libgripper_srv__rosidl_typesupport_fastrtps_cpp.so[0m
[ 73%] Built target gripper_srv__rosidl_typesupport_fastrtps_c
[ 73%] Built target gripper_srv__rosidl_typesupport_fastrtps_cpp
[ 73%] Built target gripper_srv
[ 76%] [34m[1mGenerating Python code for ROS interfaces[0m
[ 76%] Built target gripper_srv__py
[ 79%] [32mBuilding C object CMakeFiles/gripper_srv__rosidl_generator_py.dir/rosidl_generator_py/gripper_srv/srv/_gripper_service_s.c.o[0m
[ 82%] [32m[1mLinking C shared library libgripper_srv__rosidl_generator_py.so[0m
[ 82%] Built target gripper_srv__rosidl_generator_py
[ 85%] [32mBuilding C object CMakeFiles/gripper_srv_s__rosidl_typesupport_fastrtps_c.dir/rosidl_generator_py/gripper_srv/_gripper_srv_s.ep.rosidl_typesupport_fastrtps_c.c.o[0m
[ 88%] [32mBuilding C object CMakeFiles/gripper_srv_s__rosidl_typesupport_c.dir/rosidl_generator_py/gripper_srv/_gripper_srv_s.ep.rosidl_typesupport_c.c.o[0m
[ 91%] [32mBuilding C object CMakeFiles/gripper_srv_s__rosidl_typesupport_introspection_c.dir/rosidl_generator_py/gripper_srv/_gripper_srv_s.ep.rosidl_typesupport_introspection_c.c.o[0m
[ 97%] [32m[1mLinking C shared module rosidl_generator_py/gripper_srv/gripper_srv_s__rosidl_typesupport_fastrtps_c.so[0m
[ 97%] [32m[1mLinking C shared module rosidl_generator_py/gripper_srv/gripper_srv_s__rosidl_typesupport_introspection_c.so[0m
[100%] [32m[1mLinking C shared module rosidl_generator_py/gripper_srv/gripper_srv_s__rosidl_typesupport_c.so[0m
[100%] Built target gripper_srv_s__rosidl_typesupport_c
[100%] Built target gripper_srv_s__rosidl_typesupport_introspection_c
[100%] Built target gripper_srv_s__rosidl_typesupport_fastrtps_c
-- Install configuration: ""
-- Execute custom install script
-- Symlinking: /home/marek/amavet_ws/install/gripper_srv/share/ament_index/resource_index/rosidl_interfaces/gripper_srv
-- Symlinking: /home/marek/amavet_ws/install/gripper_srv/share/gripper_srv/srv/GripperService.json
-- Symlinking: /home/marek/amavet_ws/install/gripper_srv/include/gripper_srv/gripper_srv/msg/rosidl_generator_c__visibility_control.h
-- Symlinking: /home/marek/amavet_ws/install/gripper_srv/include/gripper_srv/gripper_srv/srv/detail/gripper_service__functions.h
-- Symlinking: /home/marek/amavet_ws/install/gripper_srv/include/gripper_srv/gripper_srv/srv/detail/gripper_service__struct.h
-- Symlinking: /home/marek/amavet_ws/install/gripper_srv/include/gripper_srv/gripper_srv/srv/detail/gripper_service__type_support.h
-- Symlinking: /home/marek/amavet_ws/install/gripper_srv/include/gripper_srv/gripper_srv/srv/gripper_service.h
-- Symlinking: /home/marek/amavet_ws/install/gripper_srv/share/gripper_srv/environment/library_path.sh
-- Symlinking: /home/marek/amavet_ws/install/gripper_srv/share/gripper_srv/environment/library_path.dsv
-- Symlinking: /home/marek/amavet_ws/install/gripper_srv/include/gripper_srv/gripper_srv/msg/rosidl_typesupport_fastrtps_c__visibility_control.h
-- Symlinking: /home/marek/amavet_ws/install/gripper_srv/include/gripper_srv/gripper_srv/srv/detail/gripper_service__rosidl_typesupport_fastrtps_c.h
-- Symlinking: /home/marek/amavet_ws/install/gripper_srv/include/gripper_srv/gripper_srv/msg/rosidl_typesupport_introspection_c__visibility_control.h
-- Symlinking: /home/marek/amavet_ws/install/gripper_srv/include/gripper_srv/gripper_srv/srv/detail/gripper_service__rosidl_typesupport_introspection_c.h
-- Symlinking: /home/marek/amavet_ws/install/gripper_srv/include/gripper_srv/gripper_srv/msg/rosidl_generator_cpp__visibility_control.hpp
-- Symlinking: /home/marek/amavet_ws/install/gripper_srv/include/gripper_srv/gripper_srv/srv/detail/gripper_service__builder.hpp
-- Symlinking: /home/marek/amavet_ws/install/gripper_srv/include/gripper_srv/gripper_srv/srv/detail/gripper_service__struct.hpp
-- Symlinking: /home/marek/amavet_ws/install/gripper_srv/include/gripper_srv/gripper_srv/srv/detail/gripper_service__traits.hpp
-- Symlinking: /home/marek/amavet_ws/install/gripper_srv/include/gripper_srv/gripper_srv/srv/detail/gripper_service__type_support.hpp
-- Symlinking: /home/marek/amavet_ws/install/gripper_srv/include/gripper_srv/gripper_srv/srv/gripper_service.hpp
-- Symlinking: /home/marek/amavet_ws/install/gripper_srv/include/gripper_srv/gripper_srv/msg/rosidl_typesupport_fastrtps_cpp__visibility_control.h
-- Symlinking: /home/marek/amavet_ws/install/gripper_srv/include/gripper_srv/gripper_srv/srv/detail/gripper_service__rosidl_typesupport_fastrtps_cpp.hpp
-- Symlinking: /home/marek/amavet_ws/install/gripper_srv/include/gripper_srv/gripper_srv/srv/detail/gripper_service__rosidl_typesupport_introspection_cpp.hpp
-- Symlinking: /home/marek/amavet_ws/install/gripper_srv/share/gripper_srv/environment/pythonpath.sh
-- Symlinking: /home/marek/amavet_ws/install/gripper_srv/share/gripper_srv/environment/pythonpath.dsv
-- Symlinking: /home/marek/amavet_ws/install/gripper_srv/lib/python3.12/site-packages/gripper_srv-0.0.0-py3.12.egg-info/PKG-INFO
-- Symlinking: /home/marek/amavet_ws/install/gripper_srv/lib/python3.12/site-packages/gripper_srv-0.0.0-py3.12.egg-info/SOURCES.txt
-- Symlinking: /home/marek/amavet_ws/install/gripper_srv/lib/python3.12/site-packages/gripper_srv-0.0.0-py3.12.egg-info/dependency_links.txt
-- Symlinking: /home/marek/amavet_ws/install/gripper_srv/lib/python3.12/site-packages/gripper_srv-0.0.0-py3.12.egg-info/top_level.txt
-- Symlinking: /home/marek/amavet_ws/install/gripper_srv/lib/python3.12/site-packages/gripper_srv/__init__.py
-- Symlinking: /home/marek/amavet_ws/install/gripper_srv/lib/python3.12/site-packages/gripper_srv/_gripper_srv_s.ep.rosidl_typesupport_c.c
-- Symlinking: /home/marek/amavet_ws/install/gripper_srv/lib/python3.12/site-packages/gripper_srv/_gripper_srv_s.ep.rosidl_typesupport_fastrtps_c.c
-- Symlinking: /home/marek/amavet_ws/install/gripper_srv/lib/python3.12/site-packages/gripper_srv/_gripper_srv_s.ep.rosidl_typesupport_introspection_c.c
-- Symlinking: /home/marek/amavet_ws/install/gripper_srv/lib/python3.12/site-packages/gripper_srv/gripper_srv_s__rosidl_typesupport_c.so
-- Symlinking: /home/marek/amavet_ws/install/gripper_srv/lib/python3.12/site-packages/gripper_srv/gripper_srv_s__rosidl_typesupport_fastrtps_c.so
-- Symlinking: /home/marek/amavet_ws/install/gripper_srv/lib/python3.12/site-packages/gripper_srv/gripper_srv_s__rosidl_typesupport_introspection_c.so
-- Symlinking: /home/marek/amavet_ws/install/gripper_srv/lib/python3.12/site-packages/gripper_srv/srv/__init__.py
-- Symlinking: /home/marek/amavet_ws/install/gripper_srv/lib/python3.12/site-packages/gripper_srv/srv/_gripper_service.py
-- Symlinking: /home/marek/amavet_ws/install/gripper_srv/lib/python3.12/site-packages/gripper_srv/srv/_gripper_service_s.c
-- Up-to-date symlink: /home/marek/amavet_ws/install/gripper_srv/lib/python3.12/site-packages/gripper_srv/gripper_srv_s__rosidl_typesupport_fastrtps_c.so
-- Up-to-date symlink: /home/marek/amavet_ws/install/gripper_srv/lib/python3.12/site-packages/gripper_srv/gripper_srv_s__rosidl_typesupport_introspection_c.so
-- Up-to-date symlink: /home/marek/amavet_ws/install/gripper_srv/lib/python3.12/site-packages/gripper_srv/gripper_srv_s__rosidl_typesupport_c.so
-- Symlinking: /home/marek/amavet_ws/install/gripper_srv/share/gripper_srv/srv/GripperService.idl
-- Symlinking: /home/marek/amavet_ws/install/gripper_srv/share/gripper_srv/srv/GripperService.srv
-- Symlinking: /home/marek/amavet_ws/install/gripper_srv/share/ament_index/resource_index/package_run_dependencies/gripper_srv
-- Symlinking: /home/marek/amavet_ws/install/gripper_srv/share/ament_index/resource_index/parent_prefix_path/gripper_srv
-- Symlinking: /home/marek/amavet_ws/install/gripper_srv/share/gripper_srv/environment/ament_prefix_path.sh
-- Symlinking: /home/marek/amavet_ws/install/gripper_srv/share/gripper_srv/environment/ament_prefix_path.dsv
-- Symlinking: /home/marek/amavet_ws/install/gripper_srv/share/gripper_srv/environment/path.sh
-- Symlinking: /home/marek/amavet_ws/install/gripper_srv/share/gripper_srv/environment/path.dsv
-- Symlinking: /home/marek/amavet_ws/install/gripper_srv/share/gripper_srv/local_setup.bash
-- Symlinking: /home/marek/amavet_ws/install/gripper_srv/share/gripper_srv/local_setup.sh
-- Symlinking: /home/marek/amavet_ws/install/gripper_srv/share/gripper_srv/local_setup.zsh
-- Symlinking: /home/marek/amavet_ws/install/gripper_srv/share/gripper_srv/local_setup.dsv
-- Symlinking: /home/marek/amavet_ws/install/gripper_srv/share/gripper_srv/package.dsv
-- Symlinking: /home/marek/amavet_ws/install/gripper_srv/share/ament_index/resource_index/packages/gripper_srv
-- Symlinking: /home/marek/amavet_ws/install/gripper_srv/share/gripper_srv/cmake/rosidl_cmake-extras.cmake
-- Symlinking: /home/marek/amavet_ws/install/gripper_srv/share/gripper_srv/cmake/ament_cmake_export_dependencies-extras.cmake
-- Symlinking: /home/marek/amavet_ws/install/gripper_srv/share/gripper_srv/cmake/ament_cmake_export_include_directories-extras.cmake
-- Symlinking: /home/marek/amavet_ws/install/gripper_srv/share/gripper_srv/cmake/ament_cmake_export_libraries-extras.cmake
-- Symlinking: /home/marek/amavet_ws/install/gripper_srv/share/gripper_srv/cmake/ament_cmake_export_targets-extras.cmake
-- Symlinking: /home/marek/amavet_ws/install/gripper_srv/share/gripper_srv/cmake/rosidl_cmake_export_typesupport_targets-extras.cmake
-- Symlinking: /home/marek/amavet_ws/install/gripper_srv/share/gripper_srv/cmake/rosidl_cmake_export_typesupport_libraries-extras.cmake
-- Symlinking: /home/marek/amavet_ws/install/gripper_srv/share/gripper_srv/cmake/gripper_srvConfig.cmake
-- Symlinking: /home/marek/amavet_ws/install/gripper_srv/share/gripper_srv/cmake/gripper_srvConfig-version.cmake
-- Symlinking: /home/marek/amavet_ws/install/gripper_srv/share/gripper_srv/package.xml
-- Installing: /home/marek/amavet_ws/install/gripper_srv/lib/libgripper_srv__rosidl_generator_c.so
-- Set non-toolchain portion of runtime path of "/home/marek/amavet_ws/install/gripper_srv/lib/libgripper_srv__rosidl_generator_c.so" to ""
-- Installing: /home/marek/amavet_ws/install/gripper_srv/lib/libgripper_srv__rosidl_typesupport_fastrtps_c.so
-- Set non-toolchain portion of runtime path of "/home/marek/amavet_ws/install/gripper_srv/lib/libgripper_srv__rosidl_typesupport_fastrtps_c.so" to ""
-- Installing: /home/marek/amavet_ws/install/gripper_srv/lib/libgripper_srv__rosidl_typesupport_introspection_c.so
-- Set non-toolchain portion of runtime path of "/home/marek/amavet_ws/install/gripper_srv/lib/libgripper_srv__rosidl_typesupport_introspection_c.so" to ""
-- Installing: /home/marek/amavet_ws/install/gripper_srv/lib/libgripper_srv__rosidl_typesupport_c.so
-- Set non-toolchain portion of runtime path of "/home/marek/amavet_ws/install/gripper_srv/lib/libgripper_srv__rosidl_typesupport_c.so" to ""
-- Installing: /home/marek/amavet_ws/install/gripper_srv/lib/libgripper_srv__rosidl_typesupport_fastrtps_cpp.so
-- Set non-toolchain portion of runtime path of "/home/marek/amavet_ws/install/gripper_srv/lib/libgripper_srv__rosidl_typesupport_fastrtps_cpp.so" to ""
-- Installing: /home/marek/amavet_ws/install/gripper_srv/lib/libgripper_srv__rosidl_typesupport_introspection_cpp.so
-- Set non-toolchain portion of runtime path of "/home/marek/amavet_ws/install/gripper_srv/lib/libgripper_srv__rosidl_typesupport_introspection_cpp.so" to ""
-- Installing: /home/marek/amavet_ws/install/gripper_srv/lib/libgripper_srv__rosidl_typesupport_cpp.so
-- Set non-toolchain portion of runtime path of "/home/marek/amavet_ws/install/gripper_srv/lib/libgripper_srv__rosidl_typesupport_cpp.so" to ""
Listing '/home/marek/amavet_ws/install/gripper_srv/lib/python3.12/site-packages/gripper_srv'...
Compiling '/home/marek/amavet_ws/install/gripper_srv/lib/python3.12/site-packages/gripper_srv/__init__.py'...
Listing '/home/marek/amavet_ws/install/gripper_srv/lib/python3.12/site-packages/gripper_srv/srv'...
Compiling '/home/marek/amavet_ws/install/gripper_srv/lib/python3.12/site-packages/gripper_srv/srv/__init__.py'...
Compiling '/home/marek/amavet_ws/install/gripper_srv/lib/python3.12/site-packages/gripper_srv/srv/_gripper_service.py'...
-- Installing: /home/marek/amavet_ws/install/gripper_srv/lib/libgripper_srv__rosidl_generator_py.so
-- Set non-toolchain portion of runtime path of "/home/marek/amavet_ws/install/gripper_srv/lib/libgripper_srv__rosidl_generator_py.so" to ""
-- Installing: /home/marek/amavet_ws/install/gripper_srv/share/gripper_srv/cmake/export_gripper_srv__rosidl_generator_cExport.cmake
-- Installing: /home/marek/amavet_ws/install/gripper_srv/share/gripper_srv/cmake/export_gripper_srv__rosidl_generator_cExport-noconfig.cmake
-- Installing: /home/marek/amavet_ws/install/gripper_srv/share/gripper_srv/cmake/export_gripper_srv__rosidl_typesupport_fastrtps_cExport.cmake
-- Installing: /home/marek/amavet_ws/install/gripper_srv/share/gripper_srv/cmake/export_gripper_srv__rosidl_typesupport_fastrtps_cExport-noconfig.cmake
-- Installing: /home/marek/amavet_ws/install/gripper_srv/share/gripper_srv/cmake/gripper_srv__rosidl_typesupport_introspection_cExport.cmake
-- Installing: /home/marek/amavet_ws/install/gripper_srv/share/gripper_srv/cmake/gripper_srv__rosidl_typesupport_introspection_cExport-noconfig.cmake
-- Installing: /home/marek/amavet_ws/install/gripper_srv/share/gripper_srv/cmake/gripper_srv__rosidl_typesupport_cExport.cmake
-- Installing: /home/marek/amavet_ws/install/gripper_srv/share/gripper_srv/cmake/gripper_srv__rosidl_typesupport_cExport-noconfig.cmake
-- Installing: /home/marek/amavet_ws/install/gripper_srv/share/gripper_srv/cmake/export_gripper_srv__rosidl_generator_cppExport.cmake
-- Installing: /home/marek/amavet_ws/install/gripper_srv/share/gripper_srv/cmake/export_gripper_srv__rosidl_typesupport_fastrtps_cppExport.cmake
-- Installing: /home/marek/amavet_ws/install/gripper_srv/share/gripper_srv/cmake/export_gripper_srv__rosidl_typesupport_fastrtps_cppExport-noconfig.cmake
-- Installing: /home/marek/amavet_ws/install/gripper_srv/share/gripper_srv/cmake/gripper_srv__rosidl_typesupport_introspection_cppExport.cmake
-- Installing: /home/marek/amavet_ws/install/gripper_srv/share/gripper_srv/cmake/gripper_srv__rosidl_typesupport_introspection_cppExport-noconfig.cmake
-- Installing: /home/marek/amavet_ws/install/gripper_srv/share/gripper_srv/cmake/gripper_srv__rosidl_typesupport_cppExport.cmake
-- Installing: /home/marek/amavet_ws/install/gripper_srv/share/gripper_srv/cmake/gripper_srv__rosidl_typesupport_cppExport-noconfig.cmake
-- Installing: /home/marek/amavet_ws/install/gripper_srv/share/gripper_srv/cmake/export_gripper_srv__rosidl_generator_pyExport.cmake
-- Installing: /home/marek/amavet_ws/install/gripper_srv/share/gripper_srv/cmake/export_gripper_srv__rosidl_generator_pyExport-noconfig.cmake
