[0.034s] Invoking command in '/home/marek/amavet_ws/build/gripper_srv': CMAKE_PREFIX_PATH=${CMAKE_PREFIX_PATH}:/opt/ros/jazzy DEBUGINFOD_URLS=https://debuginfod.ubuntu.com /usr/bin/cmake /home/marek/amavet_ws/src/RobotiqHandeROS2Driver-main/RobotiqHandeROS2Driver-main/gripper_srv -DCMAKE_INSTALL_PREFIX=/home/marek/amavet_ws/install/gripper_srv
[0.056s] -- Found ament_cmake: 2.5.5 (/opt/ros/jazzy/share/ament_cmake/cmake)
[0.101s] -- Found Python3: /usr/bin/python3 (found version "3.12.3") found components: Interpreter 
[0.252s] -- Override CMake install command with custom implementation using symlinks instead of copying resources
[0.269s] -- Found rosidl_default_generators: 1.6.0 (/opt/ros/jazzy/share/rosidl_default_generators/cmake)
[0.273s] -- Using all available rosidl_typesupport_c: rosidl_typesupport_fastrtps_c;rosidl_typesupport_introspection_c
[0.334s] -- Using all available rosidl_typesupport_cpp: rosidl_typesupport_fastrtps_cpp;rosidl_typesupport_introspection_cpp
[0.376s] -- Found rosidl_adapter: 4.6.7 (/opt/ros/jazzy/share/rosidl_adapter/cmake)
[0.838s] -- Found ament_cmake_ros: 0.12.0 (/opt/ros/jazzy/share/ament_cmake_ros/cmake)
[0.993s] -- Using all available rosidl_typesupport_c: rosidl_typesupport_fastrtps_c;rosidl_typesupport_introspection_c
[1.191s] -- Using all available rosidl_typesupport_cpp: rosidl_typesupport_fastrtps_cpp;rosidl_typesupport_introspection_cpp
[1.193s] -- Found python_cmake_module: 0.11.1 (/opt/ros/jazzy/share/python_cmake_module/cmake)
[1.774s] -- Found Python3: /usr/bin/python3 (found version "3.12.3") found components: Interpreter Development NumPy Development.Module Development.Embed 
[1.796s] -- Found ament_lint_auto: 0.17.4 (/opt/ros/jazzy/share/ament_lint_auto/cmake)
[1.812s] -- Added test 'lint_cmake' to check CMake code style
[1.813s] -- Added test 'xmllint' to check XML markup files
[1.817s] -- Configuring done (1.8s)
[1.870s] -- Generating done (0.0s)
[1.891s] -- Build files have been written to: /home/marek/amavet_ws/build/gripper_srv
[1.918s] Invoked command in '/home/marek/amavet_ws/build/gripper_srv' returned '0': CMAKE_PREFIX_PATH=${CMAKE_PREFIX_PATH}:/opt/ros/jazzy DEBUGINFOD_URLS=https://debuginfod.ubuntu.com /usr/bin/cmake /home/marek/amavet_ws/src/RobotiqHandeROS2Driver-main/RobotiqHandeROS2Driver-main/gripper_srv -DCMAKE_INSTALL_PREFIX=/home/marek/amavet_ws/install/gripper_srv
[1.918s] Invoking command in '/home/marek/amavet_ws/build/gripper_srv': CMAKE_PREFIX_PATH=${CMAKE_PREFIX_PATH}:/opt/ros/jazzy DEBUGINFOD_URLS=https://debuginfod.ubuntu.com /usr/bin/cmake --build /home/marek/amavet_ws/build/gripper_srv -- -j16 -l16
[2.004s] [  2%] [34m[1mGenerating type hashes for ROS interfaces[0m
[2.016s] [  2%] Built target ament_cmake_python_symlink_gripper_srv
[2.192s] [  2%] Built target gripper_srv__rosidl_generator_type_description
[2.205s] [  5%] [34m[1mGenerating C code for ROS interfaces[0m
[2.217s] [  8%] [34m[1mGenerating C++ code for ROS interfaces[0m
[2.235s] running egg_info
[2.235s] creating gripper_srv.egg-info
[2.255s] writing gripper_srv.egg-info/PKG-INFO
[2.255s] writing dependency_links to gripper_srv.egg-info/dependency_links.txt
[2.256s] writing top-level names to gripper_srv.egg-info/top_level.txt
[2.256s] writing manifest file 'gripper_srv.egg-info/SOURCES.txt'
[2.328s] reading manifest file 'gripper_srv.egg-info/SOURCES.txt'
[2.329s] writing manifest file 'gripper_srv.egg-info/SOURCES.txt'
[2.395s] [  8%] Built target ament_cmake_python_build_gripper_srv_egg
[2.493s] [  8%] Built target gripper_srv__cpp
[2.566s] [ 14%] [32mBuilding C object CMakeFiles/gripper_srv__rosidl_generator_c.dir/rosidl_generator_c/gripper_srv/srv/detail/gripper_service__type_support.c.o[0m
[2.566s] [ 14%] [32mBuilding C object CMakeFiles/gripper_srv__rosidl_generator_c.dir/rosidl_generator_c/gripper_srv/srv/detail/gripper_service__description.c.o[0m
[2.569s] [ 17%] [32mBuilding C object CMakeFiles/gripper_srv__rosidl_generator_c.dir/rosidl_generator_c/gripper_srv/srv/detail/gripper_service__functions.c.o[0m
[2.636s] [ 20%] [32m[1mLinking C shared library libgripper_srv__rosidl_generator_c.so[0m
[2.674s] [ 20%] Built target gripper_srv__rosidl_generator_c
[2.687s] [ 32%] [34m[1mGenerating C++ type support for eProsima Fast-RTPS[0m
[2.687s] [ 32%] [34m[1mGenerating C introspection for ROS interfaces[0m
[2.687s] [ 32%] [34m[1mGenerating C++ introspection for ROS interfaces[0m
[2.687s] [ 32%] [34m[1mGenerating C type support dispatch for ROS interfaces[0m
[2.688s] [ 35%] [34m[1mGenerating C type support for eProsima Fast-RTPS[0m
[2.688s] [ 38%] [34m[1mGenerating C++ type support dispatch for ROS interfaces[0m
[3.048s] [ 41%] [32mBuilding CXX object CMakeFiles/gripper_srv__rosidl_typesupport_cpp.dir/rosidl_typesupport_cpp/gripper_srv/srv/gripper_service__type_support.cpp.o[0m
[3.099s] [ 44%] [32mBuilding C object CMakeFiles/gripper_srv__rosidl_typesupport_introspection_c.dir/rosidl_typesupport_introspection_c/gripper_srv/srv/detail/gripper_service__type_support.c.o[0m
[3.102s] [ 47%] [32mBuilding CXX object CMakeFiles/gripper_srv__rosidl_typesupport_introspection_cpp.dir/rosidl_typesupport_introspection_cpp/gripper_srv/srv/detail/gripper_service__type_support.cpp.o[0m
[3.119s] [ 50%] [32mBuilding CXX object CMakeFiles/gripper_srv__rosidl_typesupport_c.dir/rosidl_typesupport_c/gripper_srv/srv/gripper_service__type_support.cpp.o[0m
[3.121s] [ 52%] [32mBuilding CXX object CMakeFiles/gripper_srv__rosidl_typesupport_fastrtps_cpp.dir/rosidl_typesupport_fastrtps_cpp/gripper_srv/srv/detail/dds_fastrtps/gripper_service__type_support.cpp.o[0m
[3.131s] [ 55%] [32mBuilding CXX object CMakeFiles/gripper_srv__rosidl_typesupport_fastrtps_c.dir/rosidl_typesupport_fastrtps_c/gripper_srv/srv/detail/gripper_service__type_support_c.cpp.o[0m
[3.159s] [ 58%] [32m[1mLinking C shared library libgripper_srv__rosidl_typesupport_introspection_c.so[0m
[3.165s] [ 61%] [32m[1mLinking CXX shared library libgripper_srv__rosidl_typesupport_c.so[0m
[3.195s] [ 61%] Built target gripper_srv__rosidl_typesupport_introspection_c
[3.225s] [ 61%] Built target gripper_srv__rosidl_typesupport_c
[3.515s] [ 64%] [32m[1mLinking CXX shared library libgripper_srv__rosidl_typesupport_introspection_cpp.so[0m
[3.552s] [ 67%] [32m[1mLinking CXX shared library libgripper_srv__rosidl_typesupport_cpp.so[0m
[3.652s] [ 67%] Built target gripper_srv__rosidl_typesupport_introspection_cpp
[3.703s] [ 67%] Built target gripper_srv__rosidl_typesupport_cpp
[3.832s] [ 70%] [32m[1mLinking CXX shared library libgripper_srv__rosidl_typesupport_fastrtps_c.so[0m
[4.007s] [ 73%] [32m[1mLinking CXX shared library libgripper_srv__rosidl_typesupport_fastrtps_cpp.so[0m
[4.046s] [ 73%] Built target gripper_srv__rosidl_typesupport_fastrtps_c
[4.309s] [ 73%] Built target gripper_srv__rosidl_typesupport_fastrtps_cpp
[4.366s] [ 73%] Built target gripper_srv
[4.440s] [ 76%] [34m[1mGenerating Python code for ROS interfaces[0m
[5.046s] [ 76%] Built target gripper_srv__py
[5.073s] [ 79%] [32mBuilding C object CMakeFiles/gripper_srv__rosidl_generator_py.dir/rosidl_generator_py/gripper_srv/srv/_gripper_service_s.c.o[0m
[5.289s] [ 82%] [32m[1mLinking C shared library libgripper_srv__rosidl_generator_py.so[0m
[5.392s] [ 82%] Built target gripper_srv__rosidl_generator_py
[5.429s] [ 85%] [32mBuilding C object CMakeFiles/gripper_srv_s__rosidl_typesupport_fastrtps_c.dir/rosidl_generator_py/gripper_srv/_gripper_srv_s.ep.rosidl_typesupport_fastrtps_c.c.o[0m
[5.441s] [ 88%] [32mBuilding C object CMakeFiles/gripper_srv_s__rosidl_typesupport_c.dir/rosidl_generator_py/gripper_srv/_gripper_srv_s.ep.rosidl_typesupport_c.c.o[0m
[5.448s] [ 91%] [32mBuilding C object CMakeFiles/gripper_srv_s__rosidl_typesupport_introspection_c.dir/rosidl_generator_py/gripper_srv/_gripper_srv_s.ep.rosidl_typesupport_introspection_c.c.o[0m
[5.553s] [ 97%] [32m[1mLinking C shared module rosidl_generator_py/gripper_srv/gripper_srv_s__rosidl_typesupport_fastrtps_c.so[0m
[5.553s] [ 97%] [32m[1mLinking C shared module rosidl_generator_py/gripper_srv/gripper_srv_s__rosidl_typesupport_introspection_c.so[0m
[5.553s] [100%] [32m[1mLinking C shared module rosidl_generator_py/gripper_srv/gripper_srv_s__rosidl_typesupport_c.so[0m
[5.582s] [100%] Built target gripper_srv_s__rosidl_typesupport_c
[5.583s] [100%] Built target gripper_srv_s__rosidl_typesupport_introspection_c
[5.583s] [100%] Built target gripper_srv_s__rosidl_typesupport_fastrtps_c
[5.594s] Invoked command in '/home/marek/amavet_ws/build/gripper_srv' returned '0': CMAKE_PREFIX_PATH=${CMAKE_PREFIX_PATH}:/opt/ros/jazzy DEBUGINFOD_URLS=https://debuginfod.ubuntu.com /usr/bin/cmake --build /home/marek/amavet_ws/build/gripper_srv -- -j16 -l16
[5.595s] Invoking command in '/home/marek/amavet_ws/build/gripper_srv': CMAKE_PREFIX_PATH=${CMAKE_PREFIX_PATH}:/opt/ros/jazzy DEBUGINFOD_URLS=https://debuginfod.ubuntu.com /usr/bin/cmake --install /home/marek/amavet_ws/build/gripper_srv
[5.605s] -- Install configuration: ""
[5.605s] -- Execute custom install script
[5.606s] -- Symlinking: /home/marek/amavet_ws/install/gripper_srv/share/ament_index/resource_index/rosidl_interfaces/gripper_srv
[5.616s] -- Symlinking: /home/marek/amavet_ws/install/gripper_srv/share/gripper_srv/srv/GripperService.json
[5.625s] -- Symlinking: /home/marek/amavet_ws/install/gripper_srv/include/gripper_srv/gripper_srv/msg/rosidl_generator_c__visibility_control.h
[5.635s] -- Symlinking: /home/marek/amavet_ws/install/gripper_srv/include/gripper_srv/gripper_srv/srv/detail/gripper_service__functions.h
[5.644s] -- Symlinking: /home/marek/amavet_ws/install/gripper_srv/include/gripper_srv/gripper_srv/srv/detail/gripper_service__struct.h
[5.657s] -- Symlinking: /home/marek/amavet_ws/install/gripper_srv/include/gripper_srv/gripper_srv/srv/detail/gripper_service__type_support.h
[5.669s] -- Symlinking: /home/marek/amavet_ws/install/gripper_srv/include/gripper_srv/gripper_srv/srv/gripper_service.h
[5.682s] -- Symlinking: /home/marek/amavet_ws/install/gripper_srv/share/gripper_srv/environment/library_path.sh
[5.695s] -- Symlinking: /home/marek/amavet_ws/install/gripper_srv/share/gripper_srv/environment/library_path.dsv
[5.709s] -- Symlinking: /home/marek/amavet_ws/install/gripper_srv/include/gripper_srv/gripper_srv/msg/rosidl_typesupport_fastrtps_c__visibility_control.h
[5.722s] -- Symlinking: /home/marek/amavet_ws/install/gripper_srv/include/gripper_srv/gripper_srv/srv/detail/gripper_service__rosidl_typesupport_fastrtps_c.h
[5.735s] -- Symlinking: /home/marek/amavet_ws/install/gripper_srv/include/gripper_srv/gripper_srv/msg/rosidl_typesupport_introspection_c__visibility_control.h
[5.747s] -- Symlinking: /home/marek/amavet_ws/install/gripper_srv/include/gripper_srv/gripper_srv/srv/detail/gripper_service__rosidl_typesupport_introspection_c.h
[5.758s] -- Symlinking: /home/marek/amavet_ws/install/gripper_srv/include/gripper_srv/gripper_srv/msg/rosidl_generator_cpp__visibility_control.hpp
[5.769s] -- Symlinking: /home/marek/amavet_ws/install/gripper_srv/include/gripper_srv/gripper_srv/srv/detail/gripper_service__builder.hpp
[5.779s] -- Symlinking: /home/marek/amavet_ws/install/gripper_srv/include/gripper_srv/gripper_srv/srv/detail/gripper_service__struct.hpp
[5.790s] -- Symlinking: /home/marek/amavet_ws/install/gripper_srv/include/gripper_srv/gripper_srv/srv/detail/gripper_service__traits.hpp
[5.802s] -- Symlinking: /home/marek/amavet_ws/install/gripper_srv/include/gripper_srv/gripper_srv/srv/detail/gripper_service__type_support.hpp
[5.814s] -- Symlinking: /home/marek/amavet_ws/install/gripper_srv/include/gripper_srv/gripper_srv/srv/gripper_service.hpp
[5.826s] -- Symlinking: /home/marek/amavet_ws/install/gripper_srv/include/gripper_srv/gripper_srv/msg/rosidl_typesupport_fastrtps_cpp__visibility_control.h
[5.838s] -- Symlinking: /home/marek/amavet_ws/install/gripper_srv/include/gripper_srv/gripper_srv/srv/detail/gripper_service__rosidl_typesupport_fastrtps_cpp.hpp
[5.849s] -- Symlinking: /home/marek/amavet_ws/install/gripper_srv/include/gripper_srv/gripper_srv/srv/detail/gripper_service__rosidl_typesupport_introspection_cpp.hpp
[5.860s] -- Symlinking: /home/marek/amavet_ws/install/gripper_srv/share/gripper_srv/environment/pythonpath.sh
[5.872s] -- Symlinking: /home/marek/amavet_ws/install/gripper_srv/share/gripper_srv/environment/pythonpath.dsv
[5.884s] -- Symlinking: /home/marek/amavet_ws/install/gripper_srv/lib/python3.12/site-packages/gripper_srv-0.0.0-py3.12.egg-info/PKG-INFO
[5.899s] -- Symlinking: /home/marek/amavet_ws/install/gripper_srv/lib/python3.12/site-packages/gripper_srv-0.0.0-py3.12.egg-info/SOURCES.txt
[5.913s] -- Symlinking: /home/marek/amavet_ws/install/gripper_srv/lib/python3.12/site-packages/gripper_srv-0.0.0-py3.12.egg-info/dependency_links.txt
[5.924s] -- Symlinking: /home/marek/amavet_ws/install/gripper_srv/lib/python3.12/site-packages/gripper_srv-0.0.0-py3.12.egg-info/top_level.txt
[5.937s] -- Symlinking: /home/marek/amavet_ws/install/gripper_srv/lib/python3.12/site-packages/gripper_srv/__init__.py
[5.950s] -- Symlinking: /home/marek/amavet_ws/install/gripper_srv/lib/python3.12/site-packages/gripper_srv/_gripper_srv_s.ep.rosidl_typesupport_c.c
[5.961s] -- Symlinking: /home/marek/amavet_ws/install/gripper_srv/lib/python3.12/site-packages/gripper_srv/_gripper_srv_s.ep.rosidl_typesupport_fastrtps_c.c
[5.971s] -- Symlinking: /home/marek/amavet_ws/install/gripper_srv/lib/python3.12/site-packages/gripper_srv/_gripper_srv_s.ep.rosidl_typesupport_introspection_c.c
[5.983s] -- Symlinking: /home/marek/amavet_ws/install/gripper_srv/lib/python3.12/site-packages/gripper_srv/gripper_srv_s__rosidl_typesupport_c.so
[5.998s] -- Symlinking: /home/marek/amavet_ws/install/gripper_srv/lib/python3.12/site-packages/gripper_srv/gripper_srv_s__rosidl_typesupport_fastrtps_c.so
[6.012s] -- Symlinking: /home/marek/amavet_ws/install/gripper_srv/lib/python3.12/site-packages/gripper_srv/gripper_srv_s__rosidl_typesupport_introspection_c.so
[6.024s] -- Symlinking: /home/marek/amavet_ws/install/gripper_srv/lib/python3.12/site-packages/gripper_srv/srv/__init__.py
[6.035s] -- Symlinking: /home/marek/amavet_ws/install/gripper_srv/lib/python3.12/site-packages/gripper_srv/srv/_gripper_service.py
[6.046s] -- Symlinking: /home/marek/amavet_ws/install/gripper_srv/lib/python3.12/site-packages/gripper_srv/srv/_gripper_service_s.c
[6.057s] -- Up-to-date symlink: /home/marek/amavet_ws/install/gripper_srv/lib/python3.12/site-packages/gripper_srv/gripper_srv_s__rosidl_typesupport_fastrtps_c.so
[6.057s] -- Up-to-date symlink: /home/marek/amavet_ws/install/gripper_srv/lib/python3.12/site-packages/gripper_srv/gripper_srv_s__rosidl_typesupport_introspection_c.so
[6.057s] -- Up-to-date symlink: /home/marek/amavet_ws/install/gripper_srv/lib/python3.12/site-packages/gripper_srv/gripper_srv_s__rosidl_typesupport_c.so
[6.057s] -- Symlinking: /home/marek/amavet_ws/install/gripper_srv/share/gripper_srv/srv/GripperService.idl
[6.069s] -- Symlinking: /home/marek/amavet_ws/install/gripper_srv/share/gripper_srv/srv/GripperService.srv
[6.080s] -- Symlinking: /home/marek/amavet_ws/install/gripper_srv/share/ament_index/resource_index/package_run_dependencies/gripper_srv
[6.096s] -- Symlinking: /home/marek/amavet_ws/install/gripper_srv/share/ament_index/resource_index/parent_prefix_path/gripper_srv
[6.110s] -- Symlinking: /home/marek/amavet_ws/install/gripper_srv/share/gripper_srv/environment/ament_prefix_path.sh
[6.122s] -- Symlinking: /home/marek/amavet_ws/install/gripper_srv/share/gripper_srv/environment/ament_prefix_path.dsv
[6.132s] -- Symlinking: /home/marek/amavet_ws/install/gripper_srv/share/gripper_srv/environment/path.sh
[6.142s] -- Symlinking: /home/marek/amavet_ws/install/gripper_srv/share/gripper_srv/environment/path.dsv
[6.158s] -- Symlinking: /home/marek/amavet_ws/install/gripper_srv/share/gripper_srv/local_setup.bash
[6.172s] -- Symlinking: /home/marek/amavet_ws/install/gripper_srv/share/gripper_srv/local_setup.sh
[6.185s] -- Symlinking: /home/marek/amavet_ws/install/gripper_srv/share/gripper_srv/local_setup.zsh
[6.201s] -- Symlinking: /home/marek/amavet_ws/install/gripper_srv/share/gripper_srv/local_setup.dsv
[6.217s] -- Symlinking: /home/marek/amavet_ws/install/gripper_srv/share/gripper_srv/package.dsv
[6.233s] -- Symlinking: /home/marek/amavet_ws/install/gripper_srv/share/ament_index/resource_index/packages/gripper_srv
[6.249s] -- Symlinking: /home/marek/amavet_ws/install/gripper_srv/share/gripper_srv/cmake/rosidl_cmake-extras.cmake
[6.265s] -- Symlinking: /home/marek/amavet_ws/install/gripper_srv/share/gripper_srv/cmake/ament_cmake_export_dependencies-extras.cmake
[6.280s] -- Symlinking: /home/marek/amavet_ws/install/gripper_srv/share/gripper_srv/cmake/ament_cmake_export_include_directories-extras.cmake
[6.295s] -- Symlinking: /home/marek/amavet_ws/install/gripper_srv/share/gripper_srv/cmake/ament_cmake_export_libraries-extras.cmake
[6.308s] -- Symlinking: /home/marek/amavet_ws/install/gripper_srv/share/gripper_srv/cmake/ament_cmake_export_targets-extras.cmake
[6.321s] -- Symlinking: /home/marek/amavet_ws/install/gripper_srv/share/gripper_srv/cmake/rosidl_cmake_export_typesupport_targets-extras.cmake
[6.333s] -- Symlinking: /home/marek/amavet_ws/install/gripper_srv/share/gripper_srv/cmake/rosidl_cmake_export_typesupport_libraries-extras.cmake
[6.347s] -- Symlinking: /home/marek/amavet_ws/install/gripper_srv/share/gripper_srv/cmake/gripper_srvConfig.cmake
[6.360s] -- Symlinking: /home/marek/amavet_ws/install/gripper_srv/share/gripper_srv/cmake/gripper_srvConfig-version.cmake
[6.373s] -- Symlinking: /home/marek/amavet_ws/install/gripper_srv/share/gripper_srv/package.xml
[6.385s] -- Installing: /home/marek/amavet_ws/install/gripper_srv/lib/libgripper_srv__rosidl_generator_c.so
[6.385s] -- Set non-toolchain portion of runtime path of "/home/marek/amavet_ws/install/gripper_srv/lib/libgripper_srv__rosidl_generator_c.so" to ""
[6.386s] -- Installing: /home/marek/amavet_ws/install/gripper_srv/lib/libgripper_srv__rosidl_typesupport_fastrtps_c.so
[6.386s] -- Set non-toolchain portion of runtime path of "/home/marek/amavet_ws/install/gripper_srv/lib/libgripper_srv__rosidl_typesupport_fastrtps_c.so" to ""
[6.386s] -- Installing: /home/marek/amavet_ws/install/gripper_srv/lib/libgripper_srv__rosidl_typesupport_introspection_c.so
[6.386s] -- Set non-toolchain portion of runtime path of "/home/marek/amavet_ws/install/gripper_srv/lib/libgripper_srv__rosidl_typesupport_introspection_c.so" to ""
[6.386s] -- Installing: /home/marek/amavet_ws/install/gripper_srv/lib/libgripper_srv__rosidl_typesupport_c.so
[6.387s] -- Set non-toolchain portion of runtime path of "/home/marek/amavet_ws/install/gripper_srv/lib/libgripper_srv__rosidl_typesupport_c.so" to ""
[6.387s] -- Installing: /home/marek/amavet_ws/install/gripper_srv/lib/libgripper_srv__rosidl_typesupport_fastrtps_cpp.so
[6.387s] -- Set non-toolchain portion of runtime path of "/home/marek/amavet_ws/install/gripper_srv/lib/libgripper_srv__rosidl_typesupport_fastrtps_cpp.so" to ""
[6.387s] -- Installing: /home/marek/amavet_ws/install/gripper_srv/lib/libgripper_srv__rosidl_typesupport_introspection_cpp.so
[6.388s] -- Set non-toolchain portion of runtime path of "/home/marek/amavet_ws/install/gripper_srv/lib/libgripper_srv__rosidl_typesupport_introspection_cpp.so" to ""
[6.388s] -- Installing: /home/marek/amavet_ws/install/gripper_srv/lib/libgripper_srv__rosidl_typesupport_cpp.so
[6.388s] -- Set non-toolchain portion of runtime path of "/home/marek/amavet_ws/install/gripper_srv/lib/libgripper_srv__rosidl_typesupport_cpp.so" to ""
[6.446s] Listing '/home/marek/amavet_ws/install/gripper_srv/lib/python3.12/site-packages/gripper_srv'...
[6.446s] Compiling '/home/marek/amavet_ws/install/gripper_srv/lib/python3.12/site-packages/gripper_srv/__init__.py'...
[6.446s] Listing '/home/marek/amavet_ws/install/gripper_srv/lib/python3.12/site-packages/gripper_srv/srv'...
[6.446s] Compiling '/home/marek/amavet_ws/install/gripper_srv/lib/python3.12/site-packages/gripper_srv/srv/__init__.py'...
[6.446s] Compiling '/home/marek/amavet_ws/install/gripper_srv/lib/python3.12/site-packages/gripper_srv/srv/_gripper_service.py'...
[6.458s] -- Installing: /home/marek/amavet_ws/install/gripper_srv/lib/libgripper_srv__rosidl_generator_py.so
[6.458s] -- Set non-toolchain portion of runtime path of "/home/marek/amavet_ws/install/gripper_srv/lib/libgripper_srv__rosidl_generator_py.so" to ""
[6.459s] -- Installing: /home/marek/amavet_ws/install/gripper_srv/share/gripper_srv/cmake/export_gripper_srv__rosidl_generator_cExport.cmake
[6.459s] -- Installing: /home/marek/amavet_ws/install/gripper_srv/share/gripper_srv/cmake/export_gripper_srv__rosidl_generator_cExport-noconfig.cmake
[6.459s] -- Installing: /home/marek/amavet_ws/install/gripper_srv/share/gripper_srv/cmake/export_gripper_srv__rosidl_typesupport_fastrtps_cExport.cmake
[6.459s] -- Installing: /home/marek/amavet_ws/install/gripper_srv/share/gripper_srv/cmake/export_gripper_srv__rosidl_typesupport_fastrtps_cExport-noconfig.cmake
[6.459s] -- Installing: /home/marek/amavet_ws/install/gripper_srv/share/gripper_srv/cmake/gripper_srv__rosidl_typesupport_introspection_cExport.cmake
[6.460s] -- Installing: /home/marek/amavet_ws/install/gripper_srv/share/gripper_srv/cmake/gripper_srv__rosidl_typesupport_introspection_cExport-noconfig.cmake
[6.460s] -- Installing: /home/marek/amavet_ws/install/gripper_srv/share/gripper_srv/cmake/gripper_srv__rosidl_typesupport_cExport.cmake
[6.460s] -- Installing: /home/marek/amavet_ws/install/gripper_srv/share/gripper_srv/cmake/gripper_srv__rosidl_typesupport_cExport-noconfig.cmake
[6.460s] -- Installing: /home/marek/amavet_ws/install/gripper_srv/share/gripper_srv/cmake/export_gripper_srv__rosidl_generator_cppExport.cmake
[6.460s] -- Installing: /home/marek/amavet_ws/install/gripper_srv/share/gripper_srv/cmake/export_gripper_srv__rosidl_typesupport_fastrtps_cppExport.cmake
[6.461s] -- Installing: /home/marek/amavet_ws/install/gripper_srv/share/gripper_srv/cmake/export_gripper_srv__rosidl_typesupport_fastrtps_cppExport-noconfig.cmake
[6.461s] -- Installing: /home/marek/amavet_ws/install/gripper_srv/share/gripper_srv/cmake/gripper_srv__rosidl_typesupport_introspection_cppExport.cmake
[6.461s] -- Installing: /home/marek/amavet_ws/install/gripper_srv/share/gripper_srv/cmake/gripper_srv__rosidl_typesupport_introspection_cppExport-noconfig.cmake
[6.461s] -- Installing: /home/marek/amavet_ws/install/gripper_srv/share/gripper_srv/cmake/gripper_srv__rosidl_typesupport_cppExport.cmake
[6.461s] -- Installing: /home/marek/amavet_ws/install/gripper_srv/share/gripper_srv/cmake/gripper_srv__rosidl_typesupport_cppExport-noconfig.cmake
[6.462s] -- Installing: /home/marek/amavet_ws/install/gripper_srv/share/gripper_srv/cmake/export_gripper_srv__rosidl_generator_pyExport.cmake
[6.462s] -- Installing: /home/marek/amavet_ws/install/gripper_srv/share/gripper_srv/cmake/export_gripper_srv__rosidl_generator_pyExport-noconfig.cmake
[6.466s] Invoked command in '/home/marek/amavet_ws/build/gripper_srv' returned '0': CMAKE_PREFIX_PATH=${CMAKE_PREFIX_PATH}:/opt/ros/jazzy DEBUGINFOD_URLS=https://debuginfod.ubuntu.com /usr/bin/cmake --install /home/marek/amavet_ws/build/gripper_srv
