/home/marek/amavet_ws/install/robotiq_hande_ros2_driver/lib/python3.12/site-packages/robotiq_hande_ros2_driver/__init__.py
/home/marek/amavet_ws/install/robotiq_hande_ros2_driver/lib/python3.12/site-packages/robotiq_hande_ros2_driver/robotiq_gripper.py
/home/marek/amavet_ws/install/robotiq_hande_ros2_driver/lib/python3.12/site-packages/robotiq_hande_ros2_driver/test.py
/home/marek/amavet_ws/install/robotiq_hande_ros2_driver/lib/python3.12/site-packages/robotiq_hande_ros2_driver/gripper_node.py
/home/marek/amavet_ws/install/robotiq_hande_ros2_driver/lib/python3.12/site-packages/robotiq_hande_ros2_driver/__pycache__/__init__.cpython-312.pyc
/home/marek/amavet_ws/install/robotiq_hande_ros2_driver/lib/python3.12/site-packages/robotiq_hande_ros2_driver/__pycache__/robotiq_gripper.cpython-312.pyc
/home/marek/amavet_ws/install/robotiq_hande_ros2_driver/lib/python3.12/site-packages/robotiq_hande_ros2_driver/__pycache__/test.cpython-312.pyc
/home/marek/amavet_ws/install/robotiq_hande_ros2_driver/lib/python3.12/site-packages/robotiq_hande_ros2_driver/__pycache__/gripper_node.cpython-312.pyc
/home/marek/amavet_ws/install/robotiq_hande_ros2_driver/share/ament_index/resource_index/packages/robotiq_hande_ros2_driver
/home/marek/amavet_ws/install/robotiq_hande_ros2_driver/share/robotiq_hande_ros2_driver/package.xml
/home/marek/amavet_ws/install/robotiq_hande_ros2_driver/share/robotiq_hande_ros2_driver/launch/gripper_bringup.launch.py
/home/marek/amavet_ws/install/robotiq_hande_ros2_driver/share/gripper_srv/srv
/home/marek/amavet_ws/install/robotiq_hande_ros2_driver/lib/python3.12/site-packages/robotiq_hande_ros2_driver-0.0.0-py3.12.egg-info/requires.txt
/home/marek/amavet_ws/install/robotiq_hande_ros2_driver/lib/python3.12/site-packages/robotiq_hande_ros2_driver-0.0.0-py3.12.egg-info/top_level.txt
/home/marek/amavet_ws/install/robotiq_hande_ros2_driver/lib/python3.12/site-packages/robotiq_hande_ros2_driver-0.0.0-py3.12.egg-info/zip-safe
/home/marek/amavet_ws/install/robotiq_hande_ros2_driver/lib/python3.12/site-packages/robotiq_hande_ros2_driver-0.0.0-py3.12.egg-info/PKG-INFO
/home/marek/amavet_ws/install/robotiq_hande_ros2_driver/lib/python3.12/site-packages/robotiq_hande_ros2_driver-0.0.0-py3.12.egg-info/dependency_links.txt
/home/marek/amavet_ws/install/robotiq_hande_ros2_driver/lib/python3.12/site-packages/robotiq_hande_ros2_driver-0.0.0-py3.12.egg-info/entry_points.txt
/home/marek/amavet_ws/install/robotiq_hande_ros2_driver/lib/python3.12/site-packages/robotiq_hande_ros2_driver-0.0.0-py3.12.egg-info/SOURCES.txt
/home/marek/amavet_ws/install/robotiq_hande_ros2_driver/lib/robotiq_hande_ros2_driver/gripper_node
/home/marek/amavet_ws/install/robotiq_hande_ros2_driver/lib/robotiq_hande_ros2_driver/test
