[0.011s] Invoking command in '/home/marek/amavet_ws/build/ur_controllers': AMENT_PREFIX_PATH=/home/marek/amavet_ws/install/ur_dashboard_msgs:${AMENT_PREFIX_PATH} CMAKE_PREFIX_PATH=/home/marek/amavet_ws/install/ur_dashboard_msgs:/opt/ros/jazzy/opt/gz_sim_vendor:/opt/ros/jazzy/opt/gz_sensors_vendor:/opt/ros/jazzy/opt/gz_physics_vendor:/opt/ros/jazzy/opt/sdformat_vendor:/opt/ros/jazzy/opt/gz_gui_vendor:/opt/ros/jazzy/opt/gz_transport_vendor:/opt/ros/jazzy/opt/gz_rendering_vendor:/opt/ros/jazzy/opt/gz_plugin_vendor:/opt/ros/jazzy/opt/gz_fuel_tools_vendor:/opt/ros/jazzy/opt/gz_msgs_vendor:/opt/ros/jazzy/opt/gz_common_vendor:/opt/ros/jazzy/opt/gz_math_vendor:/opt/ros/jazzy/opt/gz_utils_vendor:/opt/ros/jazzy/opt/gz_tools_vendor:/opt/ros/jazzy/opt/gz_ogre_next_vendor:/opt/ros/jazzy/opt/gz_dartsim_vendor:/opt/ros/jazzy/opt/gz_cmake_vendor:/opt/leap/LeapSDK:/opt/leap/LeapSDK:/opt/leap/LeapSDK:/opt/leap/LeapSDK:/opt/leap/LeapSDK:/opt/leap/LeapSDK:/opt/ros/jazzy DEBUGINFOD_URLS=https://debuginfod.ubuntu.com LD_LIBRARY_PATH=/home/marek/amavet_ws/install/ur_dashboard_msgs/lib:${LD_LIBRARY_PATH} PYTHONPATH=/home/marek/amavet_ws/install/ur_dashboard_msgs/lib/python3.12/site-packages:${PYTHONPATH} /usr/bin/cmake /home/marek/amavet_ws/src/Universal_Robots_ROS2_Driver/ur_controllers -DCMAKE_INSTALL_PREFIX=/home/marek/amavet_ws/install/ur_controllers
[0.066s] -- The C compiler identification is GNU 13.3.0
[0.118s] -- The CXX compiler identification is GNU 13.3.0
[0.137s] -- Detecting C compiler ABI info
[0.233s] -- Detecting C compiler ABI info - done
[0.240s] -- Check for working C compiler: /usr/bin/cc - skipped
[0.240s] -- Detecting C compile features
[0.241s] -- Detecting C compile features - done
[0.251s] -- Detecting CXX compiler ABI info
[0.356s] -- Detecting CXX compiler ABI info - done
[0.363s] -- Check for working CXX compiler: /usr/bin/c++ - skipped
[0.364s] -- Detecting CXX compile features
[0.364s] -- Detecting CXX compile features - done
[0.369s] -- Found ament_cmake: 2.5.5 (/opt/ros/jazzy/share/ament_cmake/cmake)
[0.510s] -- Found Python3: /usr/bin/python3 (found version "3.12.3") found components: Interpreter 
[0.628s] -- Found angles: 1.16.1 (/opt/ros/jazzy/share/angles/cmake)
[0.633s] -- Found controller_interface: 4.42.2 (/opt/ros/jazzy/share/controller_interface/cmake)
[0.700s] -- Found rosidl_generator_c: 4.6.7 (/opt/ros/jazzy/share/rosidl_generator_c/cmake)
[0.717s] -- Found rosidl_generator_cpp: 4.6.7 (/opt/ros/jazzy/share/rosidl_generator_cpp/cmake)
[0.737s] -- Using all available rosidl_typesupport_c: rosidl_typesupport_fastrtps_c;rosidl_typesupport_introspection_c
[0.758s] -- Using all available rosidl_typesupport_cpp: rosidl_typesupport_fastrtps_cpp;rosidl_typesupport_introspection_cpp
[0.980s] -- Found TinyXML2 via Config file: /usr/lib/x86_64-linux-gnu/cmake/tinyxml2
[1.034s] -- Found rmw_implementation_cmake: 7.3.3 (/opt/ros/jazzy/share/rmw_implementation_cmake/cmake)
[1.038s] -- Found rmw_fastrtps_cpp: 8.4.3 (/opt/ros/jazzy/share/rmw_fastrtps_cpp/cmake)
[1.067s] -- Found TinyXML2 via Config file: /usr/lib/x86_64-linux-gnu/cmake/tinyxml2
[1.136s] -- Found OpenSSL: /usr/lib/x86_64-linux-gnu/libcrypto.so (found version "3.0.13")  
[1.139s] -- Found TinyXML2 via Config file: /usr/lib/x86_64-linux-gnu/cmake/tinyxml2
[1.156s] -- Found FastRTPS: /opt/ros/jazzy/include (Required is at least version "2.13") 
[1.158s] -- Found TinyXML2 via Config file: /usr/lib/x86_64-linux-gnu/cmake/tinyxml2
[1.167s] -- Found TinyXML2 via Config file: /usr/lib/x86_64-linux-gnu/cmake/tinyxml2
[1.179s] -- Using RMW implementation 'rmw_fastrtps_cpp' as default
[1.458s] -- Found joint_trajectory_controller: 4.36.0 (/opt/ros/jazzy/share/joint_trajectory_controller/cmake)
[1.538s] -- Found eigen3_cmake_module: 0.3.0 (/opt/ros/jazzy/share/eigen3_cmake_module/cmake)
[1.539s] -- Found Eigen3: TRUE (found version "3.4.0") 
[1.539s] -- Ensuring Eigen3 include directory is part of orocos-kdl CMake target
[1.647s] -- Found std_srvs: 5.3.6 (/opt/ros/jazzy/share/std_srvs/cmake)
[1.661s] -- Found ur_dashboard_msgs: 3.4.0 (/home/marek/amavet_ws/install/ur_dashboard_msgs/share/ur_dashboard_msgs/cmake)
[1.693s] -- Found ur_msgs: 2.3.0 (/opt/ros/jazzy/share/ur_msgs/cmake)
[1.750s] -- Found ament_cmake_gmock: 2.5.5 (/opt/ros/jazzy/share/ament_cmake_gmock/cmake)
[1.753s] -- Found controller_manager: 4.42.2 (/opt/ros/jazzy/share/controller_manager/cmake)
[1.829s] -- Found ros2_control_test_assets: 4.42.2 (/opt/ros/jazzy/share/ros2_control_test_assets/cmake)
[1.833s] -- Found gmock sources under '/opt/ros/jazzy/src/gmock_vendor': C++ tests using 'Google Mock' will be built
[1.842s] -- Found ament_cmake_gtest: 2.5.5 (/opt/ros/jazzy/share/ament_cmake_gtest/cmake)
[1.843s] -- Found gtest sources under '/opt/ros/jazzy/src/gtest_vendor': C++ tests using 'Google Test' will be built
[1.931s] -- Configuring done (1.9s)
[1.991s] -- Generating done (0.0s)
[2.003s] -- Build files have been written to: /home/marek/amavet_ws/build/ur_controllers
[2.021s] Invoked command in '/home/marek/amavet_ws/build/ur_controllers' returned '0': AMENT_PREFIX_PATH=/home/marek/amavet_ws/install/ur_dashboard_msgs:${AMENT_PREFIX_PATH} CMAKE_PREFIX_PATH=/home/marek/amavet_ws/install/ur_dashboard_msgs:/opt/ros/jazzy/opt/gz_sim_vendor:/opt/ros/jazzy/opt/gz_sensors_vendor:/opt/ros/jazzy/opt/gz_physics_vendor:/opt/ros/jazzy/opt/sdformat_vendor:/opt/ros/jazzy/opt/gz_gui_vendor:/opt/ros/jazzy/opt/gz_transport_vendor:/opt/ros/jazzy/opt/gz_rendering_vendor:/opt/ros/jazzy/opt/gz_plugin_vendor:/opt/ros/jazzy/opt/gz_fuel_tools_vendor:/opt/ros/jazzy/opt/gz_msgs_vendor:/opt/ros/jazzy/opt/gz_common_vendor:/opt/ros/jazzy/opt/gz_math_vendor:/opt/ros/jazzy/opt/gz_utils_vendor:/opt/ros/jazzy/opt/gz_tools_vendor:/opt/ros/jazzy/opt/gz_ogre_next_vendor:/opt/ros/jazzy/opt/gz_dartsim_vendor:/opt/ros/jazzy/opt/gz_cmake_vendor:/opt/leap/LeapSDK:/opt/leap/LeapSDK:/opt/leap/LeapSDK:/opt/leap/LeapSDK:/opt/leap/LeapSDK:/opt/leap/LeapSDK:/opt/ros/jazzy DEBUGINFOD_URLS=https://debuginfod.ubuntu.com LD_LIBRARY_PATH=/home/marek/amavet_ws/install/ur_dashboard_msgs/lib:${LD_LIBRARY_PATH} PYTHONPATH=/home/marek/amavet_ws/install/ur_dashboard_msgs/lib/python3.12/site-packages:${PYTHONPATH} /usr/bin/cmake /home/marek/amavet_ws/src/Universal_Robots_ROS2_Driver/ur_controllers -DCMAKE_INSTALL_PREFIX=/home/marek/amavet_ws/install/ur_controllers
[2.022s] Invoking command in '/home/marek/amavet_ws/build/ur_controllers': AMENT_PREFIX_PATH=/home/marek/amavet_ws/install/ur_dashboard_msgs:${AMENT_PREFIX_PATH} CMAKE_PREFIX_PATH=/home/marek/amavet_ws/install/ur_dashboard_msgs:/opt/ros/jazzy/opt/gz_sim_vendor:/opt/ros/jazzy/opt/gz_sensors_vendor:/opt/ros/jazzy/opt/gz_physics_vendor:/opt/ros/jazzy/opt/sdformat_vendor:/opt/ros/jazzy/opt/gz_gui_vendor:/opt/ros/jazzy/opt/gz_transport_vendor:/opt/ros/jazzy/opt/gz_rendering_vendor:/opt/ros/jazzy/opt/gz_plugin_vendor:/opt/ros/jazzy/opt/gz_fuel_tools_vendor:/opt/ros/jazzy/opt/gz_msgs_vendor:/opt/ros/jazzy/opt/gz_common_vendor:/opt/ros/jazzy/opt/gz_math_vendor:/opt/ros/jazzy/opt/gz_utils_vendor:/opt/ros/jazzy/opt/gz_tools_vendor:/opt/ros/jazzy/opt/gz_ogre_next_vendor:/opt/ros/jazzy/opt/gz_dartsim_vendor:/opt/ros/jazzy/opt/gz_cmake_vendor:/opt/leap/LeapSDK:/opt/leap/LeapSDK:/opt/leap/LeapSDK:/opt/leap/LeapSDK:/opt/leap/LeapSDK:/opt/leap/LeapSDK:/opt/ros/jazzy DEBUGINFOD_URLS=https://debuginfod.ubuntu.com LD_LIBRARY_PATH=/home/marek/amavet_ws/install/ur_dashboard_msgs/lib:${LD_LIBRARY_PATH} PYTHONPATH=/home/marek/amavet_ws/install/ur_dashboard_msgs/lib/python3.12/site-packages:${PYTHONPATH} /usr/bin/cmake --build /home/marek/amavet_ws/build/ur_controllers -- -j16 -l16
[2.083s] [ 14%] [34m[1mRunning `/opt/ros/jazzy/bin/generate_parameter_library_cpp /home/marek/amavet_ws/build/ur_controllers/include/ur_controllers/speed_scaling_state_broadcaster_parameters.hpp /home/marek/amavet_ws/src/Universal_Robots_ROS2_Driver/ur_controllers/src/speed_scaling_state_broadcaster_parameters.yaml `[0m
[2.083s] [ 14%] [34m[1mRunning `/opt/ros/jazzy/bin/generate_parameter_library_cpp /home/marek/amavet_ws/build/ur_controllers/include/ur_controllers/scaled_joint_trajectory_controller_parameters.hpp /home/marek/amavet_ws/src/Universal_Robots_ROS2_Driver/ur_controllers/src/scaled_joint_trajectory_controller_parameters.yaml `[0m
[2.083s] [ 14%] [32mBuilding CXX object gmock/CMakeFiles/gmock.dir/opt/ros/jazzy/src/gtest_vendor/src/gtest-all.cc.o[0m
[2.083s] [ 20%] [34m[1mRunning `/opt/ros/jazzy/bin/generate_parameter_library_cpp /home/marek/amavet_ws/build/ur_controllers/include/ur_controllers/ur_configuration_controller_parameters.hpp /home/marek/amavet_ws/src/Universal_Robots_ROS2_Driver/ur_controllers/src/ur_configuration_controller_parameters.yaml `[0m
[2.083s] [ 20%] [34m[1mRunning `/opt/ros/jazzy/bin/generate_parameter_library_cpp /home/marek/amavet_ws/build/ur_controllers/include/ur_controllers/passthrough_trajectory_controller_parameters.hpp /home/marek/amavet_ws/src/Universal_Robots_ROS2_Driver/ur_controllers/src/passthrough_trajectory_controller_parameters.yaml `[0m
[2.083s] [ 20%] [34m[1mRunning `/opt/ros/jazzy/bin/generate_parameter_library_cpp /home/marek/amavet_ws/build/ur_controllers/include/ur_controllers/tool_contact_controller_parameters.hpp /home/marek/amavet_ws/src/Universal_Robots_ROS2_Driver/ur_controllers/src/tool_contact_controller_parameters.yaml `[0m
[2.084s] [ 23%] [34m[1mRunning `/opt/ros/jazzy/bin/generate_parameter_library_cpp /home/marek/amavet_ws/build/ur_controllers/include/ur_controllers/force_mode_controller_parameters.hpp /home/marek/amavet_ws/src/Universal_Robots_ROS2_Driver/ur_controllers/src/force_mode_controller_parameters.yaml `[0m
[2.084s] [ 23%] [34m[1mRunning `/opt/ros/jazzy/bin/generate_parameter_library_cpp /home/marek/amavet_ws/build/ur_controllers/include/ur_controllers/gpio_controller_parameters.hpp /home/marek/amavet_ws/src/Universal_Robots_ROS2_Driver/ur_controllers/src/gpio_controller_parameters.yaml `[0m
[2.084s] [ 26%] [34m[1mRunning `/opt/ros/jazzy/bin/generate_parameter_library_cpp /home/marek/amavet_ws/build/ur_controllers/include/ur_controllers/freedrive_mode_controller_parameters.hpp /home/marek/amavet_ws/src/Universal_Robots_ROS2_Driver/ur_controllers/src/freedrive_mode_controller_parameters.yaml `[0m
[2.084s] [ 29%] [32mBuilding CXX object gmock/CMakeFiles/gmock.dir/src/gmock-all.cc.o[0m
[2.085s] [ 32%] [32mBuilding CXX object gmock/CMakeFiles/gmock_main.dir/src/gmock_main.cc.o[0m
[2.718s] [ 35%] [34m[1mCreating deprecated header file /home/marek/amavet_ws/build/ur_controllers/include/ur_configuration_controller_parameters.hpp[0m
[2.725s] [ 38%] [34m[1mCreating deprecated header file /home/marek/amavet_ws/build/ur_controllers/include/force_mode_controller_parameters.hpp[0m
[2.743s] [ 38%] Built target ur_configuration_controller_parameters
[2.752s] [ 38%] Built target force_mode_controller_parameters
[2.991s] [ 41%] [34m[1mCreating deprecated header file /home/marek/amavet_ws/build/ur_controllers/include/scaled_joint_trajectory_controller_parameters.hpp[0m
[3.027s] [ 41%] Built target scaled_joint_trajectory_controller_parameters
[3.092s] [ 44%] [34m[1mCreating deprecated header file /home/marek/amavet_ws/build/ur_controllers/include/tool_contact_controller_parameters.hpp[0m
[3.107s] [ 47%] [34m[1mCreating deprecated header file /home/marek/amavet_ws/build/ur_controllers/include/freedrive_mode_controller_parameters.hpp[0m
[3.121s] [ 47%] Built target tool_contact_controller_parameters
[3.137s] [ 50%] [34m[1mCreating deprecated header file /home/marek/amavet_ws/build/ur_controllers/include/passthrough_trajectory_controller_parameters.hpp[0m
[3.137s] [ 50%] Built target freedrive_mode_controller_parameters
[3.153s] [ 52%] [34m[1mCreating deprecated header file /home/marek/amavet_ws/build/ur_controllers/include/gpio_controller_parameters.hpp[0m
[3.161s] [ 52%] Built target passthrough_trajectory_controller_parameters
[3.177s] [ 52%] Built target gpio_controller_parameters
[3.194s] [ 55%] [34m[1mCreating deprecated header file /home/marek/amavet_ws/build/ur_controllers/include/speed_scaling_state_broadcaster_parameters.hpp[0m
[3.218s] [ 55%] Built target speed_scaling_state_broadcaster_parameters
[3.247s] [ 58%] [32mBuilding CXX object CMakeFiles/ur_controllers.dir/src/tool_contact_controller.cpp.o[0m
[3.247s] [ 61%] [32mBuilding CXX object CMakeFiles/ur_controllers.dir/src/scaled_joint_trajectory_controller.cpp.o[0m
[3.247s] [ 64%] [32mBuilding CXX object CMakeFiles/ur_controllers.dir/src/freedrive_mode_controller.cpp.o[0m
[3.247s] [ 67%] [32mBuilding CXX object CMakeFiles/ur_controllers.dir/src/gpio_controller.cpp.o[0m
[3.248s] [ 70%] [32mBuilding CXX object CMakeFiles/ur_controllers.dir/src/force_mode_controller.cpp.o[0m
[3.248s] [ 73%] [32mBuilding CXX object CMakeFiles/ur_controllers.dir/src/passthrough_trajectory_controller.cpp.o[0m
[3.248s] [ 76%] [32mBuilding CXX object CMakeFiles/ur_controllers.dir/src/speed_scaling_state_broadcaster.cpp.o[0m
[3.248s] [ 79%] [32mBuilding CXX object CMakeFiles/ur_controllers.dir/src/ur_configuration_controller.cpp.o[0m
[3.637s] [ 82%] [32m[1mLinking CXX static library libgmock_main.a[0m
[3.695s] [ 82%] Built target gmock_main
[7.113s] [ 85%] [32m[1mLinking CXX static library libgmock.a[0m
[7.191s] [ 85%] Built target gmock
[17.001s] [ 88%] [32m[1mLinking CXX shared library libur_controllers.so[0m
[18.056s] [ 88%] Built target ur_controllers
[18.083s] [ 94%] [32mBuilding CXX object CMakeFiles/test_load_force_mode_controller.dir/test/test_load_force_mode_controller.cpp.o[0m
[18.083s] [ 94%] [32mBuilding CXX object CMakeFiles/test_load_freedrive_mode_controller.dir/test/test_load_freedrive_mode_controller.cpp.o[0m
[23.196s] [ 97%] [32m[1mLinking CXX executable test_load_freedrive_mode_controller[0m
[23.202s] [100%] [32m[1mLinking CXX executable test_load_force_mode_controller[0m
[23.496s] [100%] Built target test_load_force_mode_controller
[23.504s] [100%] Built target test_load_freedrive_mode_controller
[23.515s] Invoked command in '/home/marek/amavet_ws/build/ur_controllers' returned '0': AMENT_PREFIX_PATH=/home/marek/amavet_ws/install/ur_dashboard_msgs:${AMENT_PREFIX_PATH} CMAKE_PREFIX_PATH=/home/marek/amavet_ws/install/ur_dashboard_msgs:/opt/ros/jazzy/opt/gz_sim_vendor:/opt/ros/jazzy/opt/gz_sensors_vendor:/opt/ros/jazzy/opt/gz_physics_vendor:/opt/ros/jazzy/opt/sdformat_vendor:/opt/ros/jazzy/opt/gz_gui_vendor:/opt/ros/jazzy/opt/gz_transport_vendor:/opt/ros/jazzy/opt/gz_rendering_vendor:/opt/ros/jazzy/opt/gz_plugin_vendor:/opt/ros/jazzy/opt/gz_fuel_tools_vendor:/opt/ros/jazzy/opt/gz_msgs_vendor:/opt/ros/jazzy/opt/gz_common_vendor:/opt/ros/jazzy/opt/gz_math_vendor:/opt/ros/jazzy/opt/gz_utils_vendor:/opt/ros/jazzy/opt/gz_tools_vendor:/opt/ros/jazzy/opt/gz_ogre_next_vendor:/opt/ros/jazzy/opt/gz_dartsim_vendor:/opt/ros/jazzy/opt/gz_cmake_vendor:/opt/leap/LeapSDK:/opt/leap/LeapSDK:/opt/leap/LeapSDK:/opt/leap/LeapSDK:/opt/leap/LeapSDK:/opt/leap/LeapSDK:/opt/ros/jazzy DEBUGINFOD_URLS=https://debuginfod.ubuntu.com LD_LIBRARY_PATH=/home/marek/amavet_ws/install/ur_dashboard_msgs/lib:${LD_LIBRARY_PATH} PYTHONPATH=/home/marek/amavet_ws/install/ur_dashboard_msgs/lib/python3.12/site-packages:${PYTHONPATH} /usr/bin/cmake --build /home/marek/amavet_ws/build/ur_controllers -- -j16 -l16
[23.516s] Invoking command in '/home/marek/amavet_ws/build/ur_controllers': AMENT_PREFIX_PATH=/home/marek/amavet_ws/install/ur_dashboard_msgs:${AMENT_PREFIX_PATH} CMAKE_PREFIX_PATH=/home/marek/amavet_ws/install/ur_dashboard_msgs:/opt/ros/jazzy/opt/gz_sim_vendor:/opt/ros/jazzy/opt/gz_sensors_vendor:/opt/ros/jazzy/opt/gz_physics_vendor:/opt/ros/jazzy/opt/sdformat_vendor:/opt/ros/jazzy/opt/gz_gui_vendor:/opt/ros/jazzy/opt/gz_transport_vendor:/opt/ros/jazzy/opt/gz_rendering_vendor:/opt/ros/jazzy/opt/gz_plugin_vendor:/opt/ros/jazzy/opt/gz_fuel_tools_vendor:/opt/ros/jazzy/opt/gz_msgs_vendor:/opt/ros/jazzy/opt/gz_common_vendor:/opt/ros/jazzy/opt/gz_math_vendor:/opt/ros/jazzy/opt/gz_utils_vendor:/opt/ros/jazzy/opt/gz_tools_vendor:/opt/ros/jazzy/opt/gz_ogre_next_vendor:/opt/ros/jazzy/opt/gz_dartsim_vendor:/opt/ros/jazzy/opt/gz_cmake_vendor:/opt/leap/LeapSDK:/opt/leap/LeapSDK:/opt/leap/LeapSDK:/opt/leap/LeapSDK:/opt/leap/LeapSDK:/opt/leap/LeapSDK:/opt/ros/jazzy DEBUGINFOD_URLS=https://debuginfod.ubuntu.com LD_LIBRARY_PATH=/home/marek/amavet_ws/install/ur_dashboard_msgs/lib:${LD_LIBRARY_PATH} PYTHONPATH=/home/marek/amavet_ws/install/ur_dashboard_msgs/lib/python3.12/site-packages:${PYTHONPATH} /usr/bin/cmake --install /home/marek/amavet_ws/build/ur_controllers
[23.526s] -- Install configuration: ""
[23.526s] -- Installing: /home/marek/amavet_ws/install/ur_controllers/include/ur_controllers
[23.527s] -- Installing: /home/marek/amavet_ws/install/ur_controllers/include/ur_controllers/tool_contact_controller_parameters.hpp
[23.527s] -- Installing: /home/marek/amavet_ws/install/ur_controllers/include/ur_controllers/ur_configuration_controller_parameters.hpp
[23.527s] -- Installing: /home/marek/amavet_ws/install/ur_controllers/include/ur_controllers/scaled_joint_trajectory_controller_parameters.hpp
[23.527s] -- Installing: /home/marek/amavet_ws/install/ur_controllers/include/ur_controllers/speed_scaling_state_broadcaster_parameters.hpp
[23.527s] -- Installing: /home/marek/amavet_ws/install/ur_controllers/include/ur_controllers/force_mode_controller_parameters.hpp
[23.527s] -- Installing: /home/marek/amavet_ws/install/ur_controllers/include/ur_controllers/gpio_controller_parameters.hpp
[23.527s] -- Installing: /home/marek/amavet_ws/install/ur_controllers/include/ur_controllers/passthrough_trajectory_controller_parameters.hpp
[23.527s] -- Installing: /home/marek/amavet_ws/install/ur_controllers/include/ur_controllers/freedrive_mode_controller_parameters.hpp
[23.527s] -- Up-to-date: /home/marek/amavet_ws/install/ur_controllers/include/ur_controllers
[23.527s] -- Up-to-date: /home/marek/amavet_ws/install/ur_controllers/include/ur_controllers/tool_contact_controller_parameters.hpp
[23.527s] -- Up-to-date: /home/marek/amavet_ws/install/ur_controllers/include/ur_controllers/ur_configuration_controller_parameters.hpp
[23.528s] -- Up-to-date: /home/marek/amavet_ws/install/ur_controllers/include/ur_controllers/scaled_joint_trajectory_controller_parameters.hpp
[23.528s] -- Up-to-date: /home/marek/amavet_ws/install/ur_controllers/include/ur_controllers/speed_scaling_state_broadcaster_parameters.hpp
[23.528s] -- Up-to-date: /home/marek/amavet_ws/install/ur_controllers/include/ur_controllers/force_mode_controller_parameters.hpp
[23.528s] -- Up-to-date: /home/marek/amavet_ws/install/ur_controllers/include/ur_controllers/gpio_controller_parameters.hpp
[23.528s] -- Up-to-date: /home/marek/amavet_ws/install/ur_controllers/include/ur_controllers/passthrough_trajectory_controller_parameters.hpp
[23.528s] -- Up-to-date: /home/marek/amavet_ws/install/ur_controllers/include/ur_controllers/freedrive_mode_controller_parameters.hpp
[23.528s] -- Up-to-date: /home/marek/amavet_ws/install/ur_controllers/include/ur_controllers
[23.528s] -- Up-to-date: /home/marek/amavet_ws/install/ur_controllers/include/ur_controllers/tool_contact_controller_parameters.hpp
[23.529s] -- Up-to-date: /home/marek/amavet_ws/install/ur_controllers/include/ur_controllers/ur_configuration_controller_parameters.hpp
[23.529s] -- Up-to-date: /home/marek/amavet_ws/install/ur_controllers/include/ur_controllers/scaled_joint_trajectory_controller_parameters.hpp
[23.529s] -- Up-to-date: /home/marek/amavet_ws/install/ur_controllers/include/ur_controllers/speed_scaling_state_broadcaster_parameters.hpp
[23.529s] -- Up-to-date: /home/marek/amavet_ws/install/ur_controllers/include/ur_controllers/force_mode_controller_parameters.hpp
[23.529s] -- Up-to-date: /home/marek/amavet_ws/install/ur_controllers/include/ur_controllers/gpio_controller_parameters.hpp
[23.529s] -- Up-to-date: /home/marek/amavet_ws/install/ur_controllers/include/ur_controllers/passthrough_trajectory_controller_parameters.hpp
[23.529s] -- Up-to-date: /home/marek/amavet_ws/install/ur_controllers/include/ur_controllers/freedrive_mode_controller_parameters.hpp
[23.529s] -- Up-to-date: /home/marek/amavet_ws/install/ur_controllers/include/ur_controllers
[23.529s] -- Up-to-date: /home/marek/amavet_ws/install/ur_controllers/include/ur_controllers/tool_contact_controller_parameters.hpp
[23.529s] -- Up-to-date: /home/marek/amavet_ws/install/ur_controllers/include/ur_controllers/ur_configuration_controller_parameters.hpp
[23.529s] -- Up-to-date: /home/marek/amavet_ws/install/ur_controllers/include/ur_controllers/scaled_joint_trajectory_controller_parameters.hpp
[23.529s] -- Up-to-date: /home/marek/amavet_ws/install/ur_controllers/include/ur_controllers/speed_scaling_state_broadcaster_parameters.hpp
[23.529s] -- Up-to-date: /home/marek/amavet_ws/install/ur_controllers/include/ur_controllers/force_mode_controller_parameters.hpp
[23.529s] -- Up-to-date: /home/marek/amavet_ws/install/ur_controllers/include/ur_controllers/gpio_controller_parameters.hpp
[23.529s] -- Up-to-date: /home/marek/amavet_ws/install/ur_controllers/include/ur_controllers/passthrough_trajectory_controller_parameters.hpp
[23.530s] -- Up-to-date: /home/marek/amavet_ws/install/ur_controllers/include/ur_controllers/freedrive_mode_controller_parameters.hpp
[23.530s] -- Up-to-date: /home/marek/amavet_ws/install/ur_controllers/include/ur_controllers
[23.530s] -- Up-to-date: /home/marek/amavet_ws/install/ur_controllers/include/ur_controllers/tool_contact_controller_parameters.hpp
[23.530s] -- Up-to-date: /home/marek/amavet_ws/install/ur_controllers/include/ur_controllers/ur_configuration_controller_parameters.hpp
[23.530s] -- Up-to-date: /home/marek/amavet_ws/install/ur_controllers/include/ur_controllers/scaled_joint_trajectory_controller_parameters.hpp
[23.530s] -- Up-to-date: /home/marek/amavet_ws/install/ur_controllers/include/ur_controllers/speed_scaling_state_broadcaster_parameters.hpp
[23.530s] -- Up-to-date: /home/marek/amavet_ws/install/ur_controllers/include/ur_controllers/force_mode_controller_parameters.hpp
[23.530s] -- Up-to-date: /home/marek/amavet_ws/install/ur_controllers/include/ur_controllers/gpio_controller_parameters.hpp
[23.530s] -- Up-to-date: /home/marek/amavet_ws/install/ur_controllers/include/ur_controllers/passthrough_trajectory_controller_parameters.hpp
[23.530s] -- Up-to-date: /home/marek/amavet_ws/install/ur_controllers/include/ur_controllers/freedrive_mode_controller_parameters.hpp
[23.530s] -- Up-to-date: /home/marek/amavet_ws/install/ur_controllers/include/ur_controllers
[23.530s] -- Up-to-date: /home/marek/amavet_ws/install/ur_controllers/include/ur_controllers/tool_contact_controller_parameters.hpp
[23.530s] -- Up-to-date: /home/marek/amavet_ws/install/ur_controllers/include/ur_controllers/ur_configuration_controller_parameters.hpp
[23.530s] -- Up-to-date: /home/marek/amavet_ws/install/ur_controllers/include/ur_controllers/scaled_joint_trajectory_controller_parameters.hpp
[23.530s] -- Up-to-date: /home/marek/amavet_ws/install/ur_controllers/include/ur_controllers/speed_scaling_state_broadcaster_parameters.hpp
[23.530s] -- Up-to-date: /home/marek/amavet_ws/install/ur_controllers/include/ur_controllers/force_mode_controller_parameters.hpp
[23.530s] -- Up-to-date: /home/marek/amavet_ws/install/ur_controllers/include/ur_controllers/gpio_controller_parameters.hpp
[23.530s] -- Up-to-date: /home/marek/amavet_ws/install/ur_controllers/include/ur_controllers/passthrough_trajectory_controller_parameters.hpp
[23.530s] -- Up-to-date: /home/marek/amavet_ws/install/ur_controllers/include/ur_controllers/freedrive_mode_controller_parameters.hpp
[23.530s] -- Up-to-date: /home/marek/amavet_ws/install/ur_controllers/include/ur_controllers
[23.530s] -- Up-to-date: /home/marek/amavet_ws/install/ur_controllers/include/ur_controllers/tool_contact_controller_parameters.hpp
[23.530s] -- Up-to-date: /home/marek/amavet_ws/install/ur_controllers/include/ur_controllers/ur_configuration_controller_parameters.hpp
[23.530s] -- Up-to-date: /home/marek/amavet_ws/install/ur_controllers/include/ur_controllers/scaled_joint_trajectory_controller_parameters.hpp
[23.530s] -- Up-to-date: /home/marek/amavet_ws/install/ur_controllers/include/ur_controllers/speed_scaling_state_broadcaster_parameters.hpp
[23.530s] -- Up-to-date: /home/marek/amavet_ws/install/ur_controllers/include/ur_controllers/force_mode_controller_parameters.hpp
[23.530s] -- Up-to-date: /home/marek/amavet_ws/install/ur_controllers/include/ur_controllers/gpio_controller_parameters.hpp
[23.531s] -- Up-to-date: /home/marek/amavet_ws/install/ur_controllers/include/ur_controllers/passthrough_trajectory_controller_parameters.hpp
[23.531s] -- Up-to-date: /home/marek/amavet_ws/install/ur_controllers/include/ur_controllers/freedrive_mode_controller_parameters.hpp
[23.531s] -- Up-to-date: /home/marek/amavet_ws/install/ur_controllers/include/ur_controllers
[23.531s] -- Up-to-date: /home/marek/amavet_ws/install/ur_controllers/include/ur_controllers/tool_contact_controller_parameters.hpp
[23.531s] -- Up-to-date: /home/marek/amavet_ws/install/ur_controllers/include/ur_controllers/ur_configuration_controller_parameters.hpp
[23.531s] -- Up-to-date: /home/marek/amavet_ws/install/ur_controllers/include/ur_controllers/scaled_joint_trajectory_controller_parameters.hpp
[23.531s] -- Up-to-date: /home/marek/amavet_ws/install/ur_controllers/include/ur_controllers/speed_scaling_state_broadcaster_parameters.hpp
[23.531s] -- Up-to-date: /home/marek/amavet_ws/install/ur_controllers/include/ur_controllers/force_mode_controller_parameters.hpp
[23.531s] -- Up-to-date: /home/marek/amavet_ws/install/ur_controllers/include/ur_controllers/gpio_controller_parameters.hpp
[23.531s] -- Up-to-date: /home/marek/amavet_ws/install/ur_controllers/include/ur_controllers/passthrough_trajectory_controller_parameters.hpp
[23.531s] -- Up-to-date: /home/marek/amavet_ws/install/ur_controllers/include/ur_controllers/freedrive_mode_controller_parameters.hpp
[23.531s] -- Installing: /home/marek/amavet_ws/install/ur_controllers/share/ur_controllers/controller_plugins.xml
[23.531s] -- Installing: /home/marek/amavet_ws/install/ur_controllers/lib/libur_controllers.so
[23.541s] -- Set non-toolchain portion of runtime path of "/home/marek/amavet_ws/install/ur_controllers/lib/libur_controllers.so" to ""
[23.541s] -- Up-to-date: /home/marek/amavet_ws/install/ur_controllers/include
[23.541s] -- Up-to-date: /home/marek/amavet_ws/install/ur_controllers/include/ur_controllers
[23.541s] -- Installing: /home/marek/amavet_ws/install/ur_controllers/include/ur_controllers/force_mode_controller.hpp
[23.541s] -- Installing: /home/marek/amavet_ws/install/ur_controllers/include/ur_controllers/scaled_joint_trajectory_controller.hpp
[23.541s] -- Installing: /home/marek/amavet_ws/install/ur_controllers/include/ur_controllers/tool_contact_controller.hpp
[23.541s] -- Installing: /home/marek/amavet_ws/install/ur_controllers/include/ur_controllers/gpio_controller.hpp
[23.542s] -- Installing: /home/marek/amavet_ws/install/ur_controllers/include/ur_controllers/freedrive_mode_controller.hpp
[23.542s] -- Installing: /home/marek/amavet_ws/install/ur_controllers/include/ur_controllers/passthrough_trajectory_controller.hpp
[23.542s] -- Installing: /home/marek/amavet_ws/install/ur_controllers/include/ur_controllers/ur_configuration_controller.hpp
[23.542s] -- Installing: /home/marek/amavet_ws/install/ur_controllers/include/ur_controllers/speed_scaling_state_broadcaster.hpp
[23.542s] -- Up-to-date: /home/marek/amavet_ws/install/ur_controllers/share/ur_controllers/controller_plugins.xml
[23.542s] -- Installing: /home/marek/amavet_ws/install/ur_controllers/share/ur_controllers/environment/library_path.sh
[23.542s] -- Installing: /home/marek/amavet_ws/install/ur_controllers/share/ur_controllers/environment/library_path.dsv
[23.542s] -- Installing: /home/marek/amavet_ws/install/ur_controllers/share/ament_index/resource_index/package_run_dependencies/ur_controllers
[23.542s] -- Installing: /home/marek/amavet_ws/install/ur_controllers/share/ament_index/resource_index/parent_prefix_path/ur_controllers
[23.542s] -- Installing: /home/marek/amavet_ws/install/ur_controllers/share/ur_controllers/environment/ament_prefix_path.sh
[23.542s] -- Installing: /home/marek/amavet_ws/install/ur_controllers/share/ur_controllers/environment/ament_prefix_path.dsv
[23.543s] -- Installing: /home/marek/amavet_ws/install/ur_controllers/share/ur_controllers/environment/path.sh
[23.543s] -- Installing: /home/marek/amavet_ws/install/ur_controllers/share/ur_controllers/environment/path.dsv
[23.543s] -- Installing: /home/marek/amavet_ws/install/ur_controllers/share/ur_controllers/local_setup.bash
[23.543s] -- Installing: /home/marek/amavet_ws/install/ur_controllers/share/ur_controllers/local_setup.sh
[23.543s] -- Installing: /home/marek/amavet_ws/install/ur_controllers/share/ur_controllers/local_setup.zsh
[23.543s] -- Installing: /home/marek/amavet_ws/install/ur_controllers/share/ur_controllers/local_setup.dsv
[23.543s] -- Installing: /home/marek/amavet_ws/install/ur_controllers/share/ur_controllers/package.dsv
[23.543s] -- Installing: /home/marek/amavet_ws/install/ur_controllers/share/ament_index/resource_index/packages/ur_controllers
[23.543s] -- Installing: /home/marek/amavet_ws/install/ur_controllers/share/ament_index/resource_index/controller_interface__pluginlib__plugin/ur_controllers
[23.543s] -- Installing: /home/marek/amavet_ws/install/ur_controllers/share/ur_controllers/cmake/ament_cmake_export_dependencies-extras.cmake
[23.543s] -- Installing: /home/marek/amavet_ws/install/ur_controllers/share/ur_controllers/cmake/ament_cmake_export_include_directories-extras.cmake
[23.543s] -- Installing: /home/marek/amavet_ws/install/ur_controllers/share/ur_controllers/cmake/ament_cmake_export_libraries-extras.cmake
[23.544s] -- Installing: /home/marek/amavet_ws/install/ur_controllers/share/ur_controllers/cmake/ur_controllersConfig.cmake
[23.544s] -- Installing: /home/marek/amavet_ws/install/ur_controllers/share/ur_controllers/cmake/ur_controllersConfig-version.cmake
[23.544s] -- Installing: /home/marek/amavet_ws/install/ur_controllers/share/ur_controllers/package.xml
[23.547s] Invoked command in '/home/marek/amavet_ws/build/ur_controllers' returned '0': AMENT_PREFIX_PATH=/home/marek/amavet_ws/install/ur_dashboard_msgs:${AMENT_PREFIX_PATH} CMAKE_PREFIX_PATH=/home/marek/amavet_ws/install/ur_dashboard_msgs:/opt/ros/jazzy/opt/gz_sim_vendor:/opt/ros/jazzy/opt/gz_sensors_vendor:/opt/ros/jazzy/opt/gz_physics_vendor:/opt/ros/jazzy/opt/sdformat_vendor:/opt/ros/jazzy/opt/gz_gui_vendor:/opt/ros/jazzy/opt/gz_transport_vendor:/opt/ros/jazzy/opt/gz_rendering_vendor:/opt/ros/jazzy/opt/gz_plugin_vendor:/opt/ros/jazzy/opt/gz_fuel_tools_vendor:/opt/ros/jazzy/opt/gz_msgs_vendor:/opt/ros/jazzy/opt/gz_common_vendor:/opt/ros/jazzy/opt/gz_math_vendor:/opt/ros/jazzy/opt/gz_utils_vendor:/opt/ros/jazzy/opt/gz_tools_vendor:/opt/ros/jazzy/opt/gz_ogre_next_vendor:/opt/ros/jazzy/opt/gz_dartsim_vendor:/opt/ros/jazzy/opt/gz_cmake_vendor:/opt/leap/LeapSDK:/opt/leap/LeapSDK:/opt/leap/LeapSDK:/opt/leap/LeapSDK:/opt/leap/LeapSDK:/opt/leap/LeapSDK:/opt/ros/jazzy DEBUGINFOD_URLS=https://debuginfod.ubuntu.com LD_LIBRARY_PATH=/home/marek/amavet_ws/install/ur_dashboard_msgs/lib:${LD_LIBRARY_PATH} PYTHONPATH=/home/marek/amavet_ws/install/ur_dashboard_msgs/lib/python3.12/site-packages:${PYTHONPATH} /usr/bin/cmake --install /home/marek/amavet_ws/build/ur_controllers
