[0.163s] DEBUG:colcon:Command line arguments: ['/usr/bin/colcon', 'build', '--packages-select', 'robot_control']
[0.163s] DEBUG:colcon:Parsed command line arguments: Namespace(log_base=None, log_level=None, verb_name='build', build_base='build', install_base='install', merge_install=False, symlink_install=False, test_result_base=None, continue_on_error=False, executor='parallel', parallel_workers=16, event_handlers=None, ignore_user_meta=False, metas=['./colcon.meta'], base_paths=['.'], packages_ignore=None, packages_ignore_regex=None, paths=None, packages_up_to=None, packages_up_to_regex=None, packages_above=None, packages_above_and_dependencies=None, packages_above_depth=None, packages_select_by_dep=None, packages_skip_by_dep=None, packages_skip_up_to=None, packages_select_build_failed=False, packages_skip_build_finished=False, packages_select_test_failures=False, packages_skip_test_passed=False, packages_select=['robot_control'], packages_skip=None, packages_select_regex=None, packages_skip_regex=None, packages_start=None, packages_end=None, cmake_args=None, cmake_target=None, cmake_target_skip_unavailable=False, cmake_clean_cache=False, cmake_clean_first=False, cmake_force_configure=False, ament_cmake_args=None, catkin_cmake_args=None, catkin_skip_building_tests=False, verb_parser=<colcon_defaults.argument_parser.defaults.DefaultArgumentsDecorator object at 0x70142001e120>, verb_extension=<colcon_core.verb.build.BuildVerb object at 0x7014201cb710>, main=<bound method BuildVerb.main of <colcon_core.verb.build.BuildVerb object at 0x7014201cb710>>)
[0.226s] Level 1:colcon.colcon_core.package_discovery:discover_packages(colcon_meta) check parameters
[0.226s] Level 1:colcon.colcon_core.package_discovery:discover_packages(recursive) check parameters
[0.226s] Level 1:colcon.colcon_core.package_discovery:discover_packages(ignore) check parameters
[0.226s] Level 1:colcon.colcon_core.package_discovery:discover_packages(path) check parameters
[0.226s] Level 1:colcon.colcon_core.package_discovery:discover_packages(colcon_meta) discover
[0.227s] Level 1:colcon.colcon_core.package_discovery:discover_packages(recursive) discover
[0.227s] INFO:colcon.colcon_core.package_discovery:Crawling recursively for packages in '/home/marek/amavet_ws'
[0.227s] Level 1:colcon.colcon_core.package_identification:_identify(.) by extensions ['ignore', 'ignore_ament_install']
[0.227s] Level 1:colcon.colcon_core.package_identification:_identify(.) by extension 'ignore'
[0.227s] Level 1:colcon.colcon_core.package_identification:_identify(.) by extension 'ignore_ament_install'
[0.227s] Level 1:colcon.colcon_core.package_identification:_identify(.) by extensions ['colcon_pkg']
[0.227s] Level 1:colcon.colcon_core.package_identification:_identify(.) by extension 'colcon_pkg'
[0.227s] Level 1:colcon.colcon_core.package_identification:_identify(.) by extensions ['colcon_meta']
[0.227s] Level 1:colcon.colcon_core.package_identification:_identify(.) by extension 'colcon_meta'
[0.227s] Level 1:colcon.colcon_core.package_identification:_identify(.) by extensions ['ros']
[0.227s] Level 1:colcon.colcon_core.package_identification:_identify(.) by extension 'ros'
[0.277s] Level 1:colcon.colcon_core.package_identification:_identify(.) by extensions ['cmake', 'python']
[0.277s] Level 1:colcon.colcon_core.package_identification:_identify(.) by extension 'cmake'
[0.277s] Level 1:colcon.colcon_core.package_identification:_identify(.) by extension 'python'
[0.277s] Level 1:colcon.colcon_core.package_identification:_identify(.) by extensions ['python_setup_py']
[0.277s] Level 1:colcon.colcon_core.package_identification:_identify(.) by extension 'python_setup_py'
[0.277s] Level 1:colcon.colcon_core.package_identification:_identify(build) by extensions ['ignore', 'ignore_ament_install']
[0.277s] Level 1:colcon.colcon_core.package_identification:_identify(build) by extension 'ignore'
[0.277s] Level 1:colcon.colcon_core.package_identification:_identify(build) ignored
[0.278s] Level 1:colcon.colcon_core.package_identification:_identify(install) by extensions ['ignore', 'ignore_ament_install']
[0.278s] Level 1:colcon.colcon_core.package_identification:_identify(install) by extension 'ignore'
[0.278s] Level 1:colcon.colcon_core.package_identification:_identify(install) ignored
[0.278s] Level 1:colcon.colcon_core.package_identification:_identify(log) by extensions ['ignore', 'ignore_ament_install']
[0.278s] Level 1:colcon.colcon_core.package_identification:_identify(log) by extension 'ignore'
[0.278s] Level 1:colcon.colcon_core.package_identification:_identify(log) ignored
[0.278s] Level 1:colcon.colcon_core.package_identification:_identify(src) by extensions ['ignore', 'ignore_ament_install']
[0.279s] Level 1:colcon.colcon_core.package_identification:_identify(src) by extension 'ignore'
[0.279s] Level 1:colcon.colcon_core.package_identification:_identify(src) by extension 'ignore_ament_install'
[0.279s] Level 1:colcon.colcon_core.package_identification:_identify(src) by extensions ['colcon_pkg']
[0.279s] Level 1:colcon.colcon_core.package_identification:_identify(src) by extension 'colcon_pkg'
[0.279s] Level 1:colcon.colcon_core.package_identification:_identify(src) by extensions ['colcon_meta']
[0.279s] Level 1:colcon.colcon_core.package_identification:_identify(src) by extension 'colcon_meta'
[0.279s] Level 1:colcon.colcon_core.package_identification:_identify(src) by extensions ['ros']
[0.279s] Level 1:colcon.colcon_core.package_identification:_identify(src) by extension 'ros'
[0.279s] Level 1:colcon.colcon_core.package_identification:_identify(src) by extensions ['cmake', 'python']
[0.279s] Level 1:colcon.colcon_core.package_identification:_identify(src) by extension 'cmake'
[0.279s] Level 1:colcon.colcon_core.package_identification:_identify(src) by extension 'python'
[0.279s] Level 1:colcon.colcon_core.package_identification:_identify(src) by extensions ['python_setup_py']
[0.279s] Level 1:colcon.colcon_core.package_identification:_identify(src) by extension 'python_setup_py'
[0.280s] Level 1:colcon.colcon_core.package_identification:_identify(src/RobotiqHandeROS2Driver-main) by extensions ['ignore', 'ignore_ament_install']
[0.280s] Level 1:colcon.colcon_core.package_identification:_identify(src/RobotiqHandeROS2Driver-main) by extension 'ignore'
[0.280s] Level 1:colcon.colcon_core.package_identification:_identify(src/RobotiqHandeROS2Driver-main) by extension 'ignore_ament_install'
[0.280s] Level 1:colcon.colcon_core.package_identification:_identify(src/RobotiqHandeROS2Driver-main) by extensions ['colcon_pkg']
[0.280s] Level 1:colcon.colcon_core.package_identification:_identify(src/RobotiqHandeROS2Driver-main) by extension 'colcon_pkg'
[0.280s] Level 1:colcon.colcon_core.package_identification:_identify(src/RobotiqHandeROS2Driver-main) by extensions ['colcon_meta']
[0.280s] Level 1:colcon.colcon_core.package_identification:_identify(src/RobotiqHandeROS2Driver-main) by extension 'colcon_meta'
[0.280s] Level 1:colcon.colcon_core.package_identification:_identify(src/RobotiqHandeROS2Driver-main) by extensions ['ros']
[0.280s] Level 1:colcon.colcon_core.package_identification:_identify(src/RobotiqHandeROS2Driver-main) by extension 'ros'
[0.280s] Level 1:colcon.colcon_core.package_identification:_identify(src/RobotiqHandeROS2Driver-main) by extensions ['cmake', 'python']
[0.280s] Level 1:colcon.colcon_core.package_identification:_identify(src/RobotiqHandeROS2Driver-main) by extension 'cmake'
[0.280s] Level 1:colcon.colcon_core.package_identification:_identify(src/RobotiqHandeROS2Driver-main) by extension 'python'
[0.281s] Level 1:colcon.colcon_core.package_identification:_identify(src/RobotiqHandeROS2Driver-main) by extensions ['python_setup_py']
[0.281s] Level 1:colcon.colcon_core.package_identification:_identify(src/RobotiqHandeROS2Driver-main) by extension 'python_setup_py'
[0.281s] Level 1:colcon.colcon_core.package_identification:_identify(src/RobotiqHandeROS2Driver-main/RobotiqHandeROS2Driver-main) by extensions ['ignore', 'ignore_ament_install']
[0.281s] Level 1:colcon.colcon_core.package_identification:_identify(src/RobotiqHandeROS2Driver-main/RobotiqHandeROS2Driver-main) by extension 'ignore'
[0.281s] Level 1:colcon.colcon_core.package_identification:_identify(src/RobotiqHandeROS2Driver-main/RobotiqHandeROS2Driver-main) by extension 'ignore_ament_install'
[0.281s] Level 1:colcon.colcon_core.package_identification:_identify(src/RobotiqHandeROS2Driver-main/RobotiqHandeROS2Driver-main) by extensions ['colcon_pkg']
[0.281s] Level 1:colcon.colcon_core.package_identification:_identify(src/RobotiqHandeROS2Driver-main/RobotiqHandeROS2Driver-main) by extension 'colcon_pkg'
[0.281s] Level 1:colcon.colcon_core.package_identification:_identify(src/RobotiqHandeROS2Driver-main/RobotiqHandeROS2Driver-main) by extensions ['colcon_meta']
[0.281s] Level 1:colcon.colcon_core.package_identification:_identify(src/RobotiqHandeROS2Driver-main/RobotiqHandeROS2Driver-main) by extension 'colcon_meta'
[0.281s] Level 1:colcon.colcon_core.package_identification:_identify(src/RobotiqHandeROS2Driver-main/RobotiqHandeROS2Driver-main) by extensions ['ros']
[0.281s] Level 1:colcon.colcon_core.package_identification:_identify(src/RobotiqHandeROS2Driver-main/RobotiqHandeROS2Driver-main) by extension 'ros'
[0.282s] Level 1:colcon.colcon_core.package_identification:_identify(src/RobotiqHandeROS2Driver-main/RobotiqHandeROS2Driver-main) by extensions ['cmake', 'python']
[0.282s] Level 1:colcon.colcon_core.package_identification:_identify(src/RobotiqHandeROS2Driver-main/RobotiqHandeROS2Driver-main) by extension 'cmake'
[0.282s] Level 1:colcon.colcon_core.package_identification:_identify(src/RobotiqHandeROS2Driver-main/RobotiqHandeROS2Driver-main) by extension 'python'
[0.282s] Level 1:colcon.colcon_core.package_identification:_identify(src/RobotiqHandeROS2Driver-main/RobotiqHandeROS2Driver-main) by extensions ['python_setup_py']
[0.282s] Level 1:colcon.colcon_core.package_identification:_identify(src/RobotiqHandeROS2Driver-main/RobotiqHandeROS2Driver-main) by extension 'python_setup_py'
[0.282s] Level 1:colcon.colcon_core.package_identification:_identify(src/RobotiqHandeROS2Driver-main/RobotiqHandeROS2Driver-main/gripper_srv) by extensions ['ignore', 'ignore_ament_install']
[0.282s] Level 1:colcon.colcon_core.package_identification:_identify(src/RobotiqHandeROS2Driver-main/RobotiqHandeROS2Driver-main/gripper_srv) by extension 'ignore'
[0.282s] Level 1:colcon.colcon_core.package_identification:_identify(src/RobotiqHandeROS2Driver-main/RobotiqHandeROS2Driver-main/gripper_srv) by extension 'ignore_ament_install'
[0.282s] Level 1:colcon.colcon_core.package_identification:_identify(src/RobotiqHandeROS2Driver-main/RobotiqHandeROS2Driver-main/gripper_srv) by extensions ['colcon_pkg']
[0.282s] Level 1:colcon.colcon_core.package_identification:_identify(src/RobotiqHandeROS2Driver-main/RobotiqHandeROS2Driver-main/gripper_srv) by extension 'colcon_pkg'
[0.283s] Level 1:colcon.colcon_core.package_identification:_identify(src/RobotiqHandeROS2Driver-main/RobotiqHandeROS2Driver-main/gripper_srv) by extensions ['colcon_meta']
[0.283s] Level 1:colcon.colcon_core.package_identification:_identify(src/RobotiqHandeROS2Driver-main/RobotiqHandeROS2Driver-main/gripper_srv) by extension 'colcon_meta'
[0.283s] Level 1:colcon.colcon_core.package_identification:_identify(src/RobotiqHandeROS2Driver-main/RobotiqHandeROS2Driver-main/gripper_srv) by extensions ['ros']
[0.283s] Level 1:colcon.colcon_core.package_identification:_identify(src/RobotiqHandeROS2Driver-main/RobotiqHandeROS2Driver-main/gripper_srv) by extension 'ros'
[0.286s] DEBUG:colcon.colcon_core.package_identification:Package 'src/RobotiqHandeROS2Driver-main/RobotiqHandeROS2Driver-main/gripper_srv' with type 'ros.ament_cmake' and name 'gripper_srv'
[0.286s] Level 1:colcon.colcon_core.package_identification:_identify(src/RobotiqHandeROS2Driver-main/RobotiqHandeROS2Driver-main/robotiq_hande_ros2_driver) by extensions ['ignore', 'ignore_ament_install']
[0.286s] Level 1:colcon.colcon_core.package_identification:_identify(src/RobotiqHandeROS2Driver-main/RobotiqHandeROS2Driver-main/robotiq_hande_ros2_driver) by extension 'ignore'
[0.286s] Level 1:colcon.colcon_core.package_identification:_identify(src/RobotiqHandeROS2Driver-main/RobotiqHandeROS2Driver-main/robotiq_hande_ros2_driver) by extension 'ignore_ament_install'
[0.287s] Level 1:colcon.colcon_core.package_identification:_identify(src/RobotiqHandeROS2Driver-main/RobotiqHandeROS2Driver-main/robotiq_hande_ros2_driver) by extensions ['colcon_pkg']
[0.287s] Level 1:colcon.colcon_core.package_identification:_identify(src/RobotiqHandeROS2Driver-main/RobotiqHandeROS2Driver-main/robotiq_hande_ros2_driver) by extension 'colcon_pkg'
[0.287s] Level 1:colcon.colcon_core.package_identification:_identify(src/RobotiqHandeROS2Driver-main/RobotiqHandeROS2Driver-main/robotiq_hande_ros2_driver) by extensions ['colcon_meta']
[0.287s] Level 1:colcon.colcon_core.package_identification:_identify(src/RobotiqHandeROS2Driver-main/RobotiqHandeROS2Driver-main/robotiq_hande_ros2_driver) by extension 'colcon_meta'
[0.287s] Level 1:colcon.colcon_core.package_identification:_identify(src/RobotiqHandeROS2Driver-main/RobotiqHandeROS2Driver-main/robotiq_hande_ros2_driver) by extensions ['ros']
[0.287s] Level 1:colcon.colcon_core.package_identification:_identify(src/RobotiqHandeROS2Driver-main/RobotiqHandeROS2Driver-main/robotiq_hande_ros2_driver) by extension 'ros'
[0.288s] DEBUG:colcon.colcon_core.package_identification:Package 'src/RobotiqHandeROS2Driver-main/RobotiqHandeROS2Driver-main/robotiq_hande_ros2_driver' with type 'ros.ament_python' and name 'robotiq_hande_ros2_driver'
[0.288s] Level 1:colcon.colcon_core.package_identification:_identify(src/Universal_Robots_Client_Library) by extensions ['ignore', 'ignore_ament_install']
[0.288s] Level 1:colcon.colcon_core.package_identification:_identify(src/Universal_Robots_Client_Library) by extension 'ignore'
[0.288s] Level 1:colcon.colcon_core.package_identification:_identify(src/Universal_Robots_Client_Library) by extension 'ignore_ament_install'
[0.288s] Level 1:colcon.colcon_core.package_identification:_identify(src/Universal_Robots_Client_Library) by extensions ['colcon_pkg']
[0.288s] Level 1:colcon.colcon_core.package_identification:_identify(src/Universal_Robots_Client_Library) by extension 'colcon_pkg'
[0.289s] Level 1:colcon.colcon_core.package_identification:_identify(src/Universal_Robots_Client_Library) by extensions ['colcon_meta']
[0.289s] Level 1:colcon.colcon_core.package_identification:_identify(src/Universal_Robots_Client_Library) by extension 'colcon_meta'
[0.289s] Level 1:colcon.colcon_core.package_identification:_identify(src/Universal_Robots_Client_Library) by extensions ['ros']
[0.290s] Level 1:colcon.colcon_core.package_identification:_identify(src/Universal_Robots_Client_Library) by extension 'ros'
[0.295s] DEBUG:colcon.colcon_core.package_identification:Package 'src/Universal_Robots_Client_Library' with type 'ros.cmake' and name 'ur_client_library'
[0.295s] Level 1:colcon.colcon_core.package_identification:_identify(src/Universal_Robots_ROS2_Description) by extensions ['ignore', 'ignore_ament_install']
[0.295s] Level 1:colcon.colcon_core.package_identification:_identify(src/Universal_Robots_ROS2_Description) by extension 'ignore'
[0.295s] Level 1:colcon.colcon_core.package_identification:_identify(src/Universal_Robots_ROS2_Description) by extension 'ignore_ament_install'
[0.295s] Level 1:colcon.colcon_core.package_identification:_identify(src/Universal_Robots_ROS2_Description) by extensions ['colcon_pkg']
[0.295s] Level 1:colcon.colcon_core.package_identification:_identify(src/Universal_Robots_ROS2_Description) by extension 'colcon_pkg'
[0.296s] Level 1:colcon.colcon_core.package_identification:_identify(src/Universal_Robots_ROS2_Description) by extensions ['colcon_meta']
[0.296s] Level 1:colcon.colcon_core.package_identification:_identify(src/Universal_Robots_ROS2_Description) by extension 'colcon_meta'
[0.296s] Level 1:colcon.colcon_core.package_identification:_identify(src/Universal_Robots_ROS2_Description) by extensions ['ros']
[0.296s] Level 1:colcon.colcon_core.package_identification:_identify(src/Universal_Robots_ROS2_Description) by extension 'ros'
[0.297s] DEBUG:colcon.colcon_core.package_identification:Package 'src/Universal_Robots_ROS2_Description' with type 'ros.ament_cmake' and name 'ur_description'
[0.297s] Level 1:colcon.colcon_core.package_identification:_identify(src/Universal_Robots_ROS2_Driver) by extensions ['ignore', 'ignore_ament_install']
[0.297s] Level 1:colcon.colcon_core.package_identification:_identify(src/Universal_Robots_ROS2_Driver) by extension 'ignore'
[0.297s] Level 1:colcon.colcon_core.package_identification:_identify(src/Universal_Robots_ROS2_Driver) by extension 'ignore_ament_install'
[0.297s] Level 1:colcon.colcon_core.package_identification:_identify(src/Universal_Robots_ROS2_Driver) by extensions ['colcon_pkg']
[0.298s] Level 1:colcon.colcon_core.package_identification:_identify(src/Universal_Robots_ROS2_Driver) by extension 'colcon_pkg'
[0.298s] Level 1:colcon.colcon_core.package_identification:_identify(src/Universal_Robots_ROS2_Driver) by extensions ['colcon_meta']
[0.298s] Level 1:colcon.colcon_core.package_identification:_identify(src/Universal_Robots_ROS2_Driver) by extension 'colcon_meta'
[0.298s] Level 1:colcon.colcon_core.package_identification:_identify(src/Universal_Robots_ROS2_Driver) by extensions ['ros']
[0.298s] Level 1:colcon.colcon_core.package_identification:_identify(src/Universal_Robots_ROS2_Driver) by extension 'ros'
[0.298s] Level 1:colcon.colcon_core.package_identification:_identify(src/Universal_Robots_ROS2_Driver) by extensions ['cmake', 'python']
[0.298s] Level 1:colcon.colcon_core.package_identification:_identify(src/Universal_Robots_ROS2_Driver) by extension 'cmake'
[0.298s] Level 1:colcon.colcon_core.package_identification:_identify(src/Universal_Robots_ROS2_Driver) by extension 'python'
[0.298s] Level 1:colcon.colcon_core.package_identification:_identify(src/Universal_Robots_ROS2_Driver) by extensions ['python_setup_py']
[0.298s] Level 1:colcon.colcon_core.package_identification:_identify(src/Universal_Robots_ROS2_Driver) by extension 'python_setup_py'
[0.298s] Level 1:colcon.colcon_core.package_identification:_identify(src/Universal_Robots_ROS2_Driver/ur) by extensions ['ignore', 'ignore_ament_install']
[0.298s] Level 1:colcon.colcon_core.package_identification:_identify(src/Universal_Robots_ROS2_Driver/ur) by extension 'ignore'
[0.298s] Level 1:colcon.colcon_core.package_identification:_identify(src/Universal_Robots_ROS2_Driver/ur) by extension 'ignore_ament_install'
[0.299s] Level 1:colcon.colcon_core.package_identification:_identify(src/Universal_Robots_ROS2_Driver/ur) by extensions ['colcon_pkg']
[0.299s] Level 1:colcon.colcon_core.package_identification:_identify(src/Universal_Robots_ROS2_Driver/ur) by extension 'colcon_pkg'
[0.299s] Level 1:colcon.colcon_core.package_identification:_identify(src/Universal_Robots_ROS2_Driver/ur) by extensions ['colcon_meta']
[0.299s] Level 1:colcon.colcon_core.package_identification:_identify(src/Universal_Robots_ROS2_Driver/ur) by extension 'colcon_meta'
[0.299s] Level 1:colcon.colcon_core.package_identification:_identify(src/Universal_Robots_ROS2_Driver/ur) by extensions ['ros']
[0.299s] Level 1:colcon.colcon_core.package_identification:_identify(src/Universal_Robots_ROS2_Driver/ur) by extension 'ros'
[0.300s] DEBUG:colcon.colcon_core.package_identification:Package 'src/Universal_Robots_ROS2_Driver/ur' with type 'ros.ament_cmake' and name 'ur'
[0.300s] Level 1:colcon.colcon_core.package_identification:_identify(src/Universal_Robots_ROS2_Driver/ur_calibration) by extensions ['ignore', 'ignore_ament_install']
[0.300s] Level 1:colcon.colcon_core.package_identification:_identify(src/Universal_Robots_ROS2_Driver/ur_calibration) by extension 'ignore'
[0.300s] Level 1:colcon.colcon_core.package_identification:_identify(src/Universal_Robots_ROS2_Driver/ur_calibration) by extension 'ignore_ament_install'
[0.300s] Level 1:colcon.colcon_core.package_identification:_identify(src/Universal_Robots_ROS2_Driver/ur_calibration) by extensions ['colcon_pkg']
[0.300s] Level 1:colcon.colcon_core.package_identification:_identify(src/Universal_Robots_ROS2_Driver/ur_calibration) by extension 'colcon_pkg'
[0.300s] Level 1:colcon.colcon_core.package_identification:_identify(src/Universal_Robots_ROS2_Driver/ur_calibration) by extensions ['colcon_meta']
[0.300s] Level 1:colcon.colcon_core.package_identification:_identify(src/Universal_Robots_ROS2_Driver/ur_calibration) by extension 'colcon_meta'
[0.300s] Level 1:colcon.colcon_core.package_identification:_identify(src/Universal_Robots_ROS2_Driver/ur_calibration) by extensions ['ros']
[0.300s] Level 1:colcon.colcon_core.package_identification:_identify(src/Universal_Robots_ROS2_Driver/ur_calibration) by extension 'ros'
[0.302s] DEBUG:colcon.colcon_core.package_identification:Package 'src/Universal_Robots_ROS2_Driver/ur_calibration' with type 'ros.ament_cmake' and name 'ur_calibration'
[0.302s] Level 1:colcon.colcon_core.package_identification:_identify(src/Universal_Robots_ROS2_Driver/ur_controllers) by extensions ['ignore', 'ignore_ament_install']
[0.302s] Level 1:colcon.colcon_core.package_identification:_identify(src/Universal_Robots_ROS2_Driver/ur_controllers) by extension 'ignore'
[0.302s] Level 1:colcon.colcon_core.package_identification:_identify(src/Universal_Robots_ROS2_Driver/ur_controllers) by extension 'ignore_ament_install'
[0.302s] Level 1:colcon.colcon_core.package_identification:_identify(src/Universal_Robots_ROS2_Driver/ur_controllers) by extensions ['colcon_pkg']
[0.302s] Level 1:colcon.colcon_core.package_identification:_identify(src/Universal_Robots_ROS2_Driver/ur_controllers) by extension 'colcon_pkg'
[0.302s] Level 1:colcon.colcon_core.package_identification:_identify(src/Universal_Robots_ROS2_Driver/ur_controllers) by extensions ['colcon_meta']
[0.302s] Level 1:colcon.colcon_core.package_identification:_identify(src/Universal_Robots_ROS2_Driver/ur_controllers) by extension 'colcon_meta'
[0.302s] Level 1:colcon.colcon_core.package_identification:_identify(src/Universal_Robots_ROS2_Driver/ur_controllers) by extensions ['ros']
[0.302s] Level 1:colcon.colcon_core.package_identification:_identify(src/Universal_Robots_ROS2_Driver/ur_controllers) by extension 'ros'
[0.305s] DEBUG:colcon.colcon_core.package_identification:Package 'src/Universal_Robots_ROS2_Driver/ur_controllers' with type 'ros.ament_cmake' and name 'ur_controllers'
[0.305s] Level 1:colcon.colcon_core.package_identification:_identify(src/Universal_Robots_ROS2_Driver/ur_dashboard_msgs) by extensions ['ignore', 'ignore_ament_install']
[0.305s] Level 1:colcon.colcon_core.package_identification:_identify(src/Universal_Robots_ROS2_Driver/ur_dashboard_msgs) by extension 'ignore'
[0.306s] Level 1:colcon.colcon_core.package_identification:_identify(src/Universal_Robots_ROS2_Driver/ur_dashboard_msgs) by extension 'ignore_ament_install'
[0.306s] Level 1:colcon.colcon_core.package_identification:_identify(src/Universal_Robots_ROS2_Driver/ur_dashboard_msgs) by extensions ['colcon_pkg']
[0.306s] Level 1:colcon.colcon_core.package_identification:_identify(src/Universal_Robots_ROS2_Driver/ur_dashboard_msgs) by extension 'colcon_pkg'
[0.306s] Level 1:colcon.colcon_core.package_identification:_identify(src/Universal_Robots_ROS2_Driver/ur_dashboard_msgs) by extensions ['colcon_meta']
[0.306s] Level 1:colcon.colcon_core.package_identification:_identify(src/Universal_Robots_ROS2_Driver/ur_dashboard_msgs) by extension 'colcon_meta'
[0.306s] Level 1:colcon.colcon_core.package_identification:_identify(src/Universal_Robots_ROS2_Driver/ur_dashboard_msgs) by extensions ['ros']
[0.306s] Level 1:colcon.colcon_core.package_identification:_identify(src/Universal_Robots_ROS2_Driver/ur_dashboard_msgs) by extension 'ros'
[0.307s] DEBUG:colcon.colcon_core.package_identification:Package 'src/Universal_Robots_ROS2_Driver/ur_dashboard_msgs' with type 'ros.ament_cmake' and name 'ur_dashboard_msgs'
[0.307s] Level 1:colcon.colcon_core.package_identification:_identify(src/Universal_Robots_ROS2_Driver/ur_moveit_config) by extensions ['ignore', 'ignore_ament_install']
[0.307s] Level 1:colcon.colcon_core.package_identification:_identify(src/Universal_Robots_ROS2_Driver/ur_moveit_config) by extension 'ignore'
[0.307s] Level 1:colcon.colcon_core.package_identification:_identify(src/Universal_Robots_ROS2_Driver/ur_moveit_config) by extension 'ignore_ament_install'
[0.307s] Level 1:colcon.colcon_core.package_identification:_identify(src/Universal_Robots_ROS2_Driver/ur_moveit_config) by extensions ['colcon_pkg']
[0.307s] Level 1:colcon.colcon_core.package_identification:_identify(src/Universal_Robots_ROS2_Driver/ur_moveit_config) by extension 'colcon_pkg'
[0.307s] Level 1:colcon.colcon_core.package_identification:_identify(src/Universal_Robots_ROS2_Driver/ur_moveit_config) by extensions ['colcon_meta']
[0.307s] Level 1:colcon.colcon_core.package_identification:_identify(src/Universal_Robots_ROS2_Driver/ur_moveit_config) by extension 'colcon_meta'
[0.308s] Level 1:colcon.colcon_core.package_identification:_identify(src/Universal_Robots_ROS2_Driver/ur_moveit_config) by extensions ['ros']
[0.308s] Level 1:colcon.colcon_core.package_identification:_identify(src/Universal_Robots_ROS2_Driver/ur_moveit_config) by extension 'ros'
[0.309s] DEBUG:colcon.colcon_core.package_identification:Package 'src/Universal_Robots_ROS2_Driver/ur_moveit_config' with type 'ros.ament_cmake' and name 'ur_moveit_config'
[0.309s] Level 1:colcon.colcon_core.package_identification:_identify(src/Universal_Robots_ROS2_Driver/ur_robot_driver) by extensions ['ignore', 'ignore_ament_install']
[0.309s] Level 1:colcon.colcon_core.package_identification:_identify(src/Universal_Robots_ROS2_Driver/ur_robot_driver) by extension 'ignore'
[0.309s] Level 1:colcon.colcon_core.package_identification:_identify(src/Universal_Robots_ROS2_Driver/ur_robot_driver) by extension 'ignore_ament_install'
[0.309s] Level 1:colcon.colcon_core.package_identification:_identify(src/Universal_Robots_ROS2_Driver/ur_robot_driver) by extensions ['colcon_pkg']
[0.309s] Level 1:colcon.colcon_core.package_identification:_identify(src/Universal_Robots_ROS2_Driver/ur_robot_driver) by extension 'colcon_pkg'
[0.309s] Level 1:colcon.colcon_core.package_identification:_identify(src/Universal_Robots_ROS2_Driver/ur_robot_driver) by extensions ['colcon_meta']
[0.309s] Level 1:colcon.colcon_core.package_identification:_identify(src/Universal_Robots_ROS2_Driver/ur_robot_driver) by extension 'colcon_meta'
[0.309s] Level 1:colcon.colcon_core.package_identification:_identify(src/Universal_Robots_ROS2_Driver/ur_robot_driver) by extensions ['ros']
[0.309s] Level 1:colcon.colcon_core.package_identification:_identify(src/Universal_Robots_ROS2_Driver/ur_robot_driver) by extension 'ros'
[0.312s] DEBUG:colcon.colcon_core.package_identification:Package 'src/Universal_Robots_ROS2_Driver/ur_robot_driver' with type 'ros.ament_cmake' and name 'ur_robot_driver'
[0.312s] Level 1:colcon.colcon_core.package_identification:_identify(src/checkers_game) by extensions ['ignore', 'ignore_ament_install']
[0.312s] Level 1:colcon.colcon_core.package_identification:_identify(src/checkers_game) by extension 'ignore'
[0.312s] Level 1:colcon.colcon_core.package_identification:_identify(src/checkers_game) by extension 'ignore_ament_install'
[0.313s] Level 1:colcon.colcon_core.package_identification:_identify(src/checkers_game) by extensions ['colcon_pkg']
[0.313s] Level 1:colcon.colcon_core.package_identification:_identify(src/checkers_game) by extension 'colcon_pkg'
[0.313s] Level 1:colcon.colcon_core.package_identification:_identify(src/checkers_game) by extensions ['colcon_meta']
[0.313s] Level 1:colcon.colcon_core.package_identification:_identify(src/checkers_game) by extension 'colcon_meta'
[0.313s] Level 1:colcon.colcon_core.package_identification:_identify(src/checkers_game) by extensions ['ros']
[0.313s] Level 1:colcon.colcon_core.package_identification:_identify(src/checkers_game) by extension 'ros'
[0.314s] DEBUG:colcon.colcon_core.package_identification:Package 'src/checkers_game' with type 'ros.ament_python' and name 'checkers_game'
[0.314s] Level 1:colcon.colcon_core.package_identification:_identify(src/checkers_game_tutorial) by extensions ['ignore', 'ignore_ament_install']
[0.314s] Level 1:colcon.colcon_core.package_identification:_identify(src/checkers_game_tutorial) by extension 'ignore'
[0.314s] Level 1:colcon.colcon_core.package_identification:_identify(src/checkers_game_tutorial) by extension 'ignore_ament_install'
[0.314s] Level 1:colcon.colcon_core.package_identification:_identify(src/checkers_game_tutorial) by extensions ['colcon_pkg']
[0.314s] Level 1:colcon.colcon_core.package_identification:_identify(src/checkers_game_tutorial) by extension 'colcon_pkg'
[0.314s] Level 1:colcon.colcon_core.package_identification:_identify(src/checkers_game_tutorial) by extensions ['colcon_meta']
[0.314s] Level 1:colcon.colcon_core.package_identification:_identify(src/checkers_game_tutorial) by extension 'colcon_meta'
[0.314s] Level 1:colcon.colcon_core.package_identification:_identify(src/checkers_game_tutorial) by extensions ['ros']
[0.314s] Level 1:colcon.colcon_core.package_identification:_identify(src/checkers_game_tutorial) by extension 'ros'
[0.315s] DEBUG:colcon.colcon_core.package_identification:Package 'src/checkers_game_tutorial' with type 'ros.ament_python' and name 'checkers_game_tutorial'
[0.315s] Level 1:colcon.colcon_core.package_identification:_identify(src/checkers_msgs) by extensions ['ignore', 'ignore_ament_install']
[0.315s] Level 1:colcon.colcon_core.package_identification:_identify(src/checkers_msgs) by extension 'ignore'
[0.315s] Level 1:colcon.colcon_core.package_identification:_identify(src/checkers_msgs) by extension 'ignore_ament_install'
[0.315s] Level 1:colcon.colcon_core.package_identification:_identify(src/checkers_msgs) by extensions ['colcon_pkg']
[0.316s] Level 1:colcon.colcon_core.package_identification:_identify(src/checkers_msgs) by extension 'colcon_pkg'
[0.316s] Level 1:colcon.colcon_core.package_identification:_identify(src/checkers_msgs) by extensions ['colcon_meta']
[0.316s] Level 1:colcon.colcon_core.package_identification:_identify(src/checkers_msgs) by extension 'colcon_meta'
[0.316s] Level 1:colcon.colcon_core.package_identification:_identify(src/checkers_msgs) by extensions ['ros']
[0.316s] Level 1:colcon.colcon_core.package_identification:_identify(src/checkers_msgs) by extension 'ros'
[0.316s] DEBUG:colcon.colcon_core.package_identification:Package 'src/checkers_msgs' with type 'ros.ament_cmake' and name 'checkers_msgs'
[0.317s] Level 1:colcon.colcon_core.package_identification:_identify(src/cocohrip_control) by extensions ['ignore', 'ignore_ament_install']
[0.317s] Level 1:colcon.colcon_core.package_identification:_identify(src/cocohrip_control) by extension 'ignore'
[0.317s] Level 1:colcon.colcon_core.package_identification:_identify(src/cocohrip_control) by extension 'ignore_ament_install'
[0.317s] Level 1:colcon.colcon_core.package_identification:_identify(src/cocohrip_control) by extensions ['colcon_pkg']
[0.317s] Level 1:colcon.colcon_core.package_identification:_identify(src/cocohrip_control) by extension 'colcon_pkg'
[0.317s] Level 1:colcon.colcon_core.package_identification:_identify(src/cocohrip_control) by extensions ['colcon_meta']
[0.317s] Level 1:colcon.colcon_core.package_identification:_identify(src/cocohrip_control) by extension 'colcon_meta'
[0.317s] Level 1:colcon.colcon_core.package_identification:_identify(src/cocohrip_control) by extensions ['ros']
[0.317s] Level 1:colcon.colcon_core.package_identification:_identify(src/cocohrip_control) by extension 'ros'
[0.318s] DEBUG:colcon.colcon_core.package_identification:Package 'src/cocohrip_control' with type 'ros.ament_cmake' and name 'cocohrip_control'
[0.318s] Level 1:colcon.colcon_core.package_identification:_identify(src/cocohrip_description) by extensions ['ignore', 'ignore_ament_install']
[0.318s] Level 1:colcon.colcon_core.package_identification:_identify(src/cocohrip_description) by extension 'ignore'
[0.318s] Level 1:colcon.colcon_core.package_identification:_identify(src/cocohrip_description) by extension 'ignore_ament_install'
[0.319s] Level 1:colcon.colcon_core.package_identification:_identify(src/cocohrip_description) by extensions ['colcon_pkg']
[0.319s] Level 1:colcon.colcon_core.package_identification:_identify(src/cocohrip_description) by extension 'colcon_pkg'
[0.319s] Level 1:colcon.colcon_core.package_identification:_identify(src/cocohrip_description) by extensions ['colcon_meta']
[0.319s] Level 1:colcon.colcon_core.package_identification:_identify(src/cocohrip_description) by extension 'colcon_meta'
[0.319s] Level 1:colcon.colcon_core.package_identification:_identify(src/cocohrip_description) by extensions ['ros']
[0.319s] Level 1:colcon.colcon_core.package_identification:_identify(src/cocohrip_description) by extension 'ros'
[0.320s] DEBUG:colcon.colcon_core.package_identification:Package 'src/cocohrip_description' with type 'ros.ament_cmake' and name 'cocohrip_description'
[0.320s] Level 1:colcon.colcon_core.package_identification:_identify(src/cocohrip_moveit_config) by extensions ['ignore', 'ignore_ament_install']
[0.320s] Level 1:colcon.colcon_core.package_identification:_identify(src/cocohrip_moveit_config) by extension 'ignore'
[0.320s] Level 1:colcon.colcon_core.package_identification:_identify(src/cocohrip_moveit_config) by extension 'ignore_ament_install'
[0.320s] Level 1:colcon.colcon_core.package_identification:_identify(src/cocohrip_moveit_config) by extensions ['colcon_pkg']
[0.320s] Level 1:colcon.colcon_core.package_identification:_identify(src/cocohrip_moveit_config) by extension 'colcon_pkg'
[0.320s] Level 1:colcon.colcon_core.package_identification:_identify(src/cocohrip_moveit_config) by extensions ['colcon_meta']
[0.320s] Level 1:colcon.colcon_core.package_identification:_identify(src/cocohrip_moveit_config) by extension 'colcon_meta'
[0.320s] Level 1:colcon.colcon_core.package_identification:_identify(src/cocohrip_moveit_config) by extensions ['ros']
[0.320s] Level 1:colcon.colcon_core.package_identification:_identify(src/cocohrip_moveit_config) by extension 'ros'
[0.321s] DEBUG:colcon.colcon_core.package_identification:Package 'src/cocohrip_moveit_config' with type 'ros.ament_cmake' and name 'cocohrip_moveit_config'
[0.322s] Level 1:colcon.colcon_core.package_identification:_identify(src/cocohrip_moveit_control) by extensions ['ignore', 'ignore_ament_install']
[0.322s] Level 1:colcon.colcon_core.package_identification:_identify(src/cocohrip_moveit_control) by extension 'ignore'
[0.322s] Level 1:colcon.colcon_core.package_identification:_identify(src/cocohrip_moveit_control) by extension 'ignore_ament_install'
[0.322s] Level 1:colcon.colcon_core.package_identification:_identify(src/cocohrip_moveit_control) by extensions ['colcon_pkg']
[0.322s] Level 1:colcon.colcon_core.package_identification:_identify(src/cocohrip_moveit_control) by extension 'colcon_pkg'
[0.322s] Level 1:colcon.colcon_core.package_identification:_identify(src/cocohrip_moveit_control) by extensions ['colcon_meta']
[0.322s] Level 1:colcon.colcon_core.package_identification:_identify(src/cocohrip_moveit_control) by extension 'colcon_meta'
[0.322s] Level 1:colcon.colcon_core.package_identification:_identify(src/cocohrip_moveit_control) by extensions ['ros']
[0.322s] Level 1:colcon.colcon_core.package_identification:_identify(src/cocohrip_moveit_control) by extension 'ros'
[0.323s] DEBUG:colcon.colcon_core.package_identification:Package 'src/cocohrip_moveit_control' with type 'ros.ament_cmake' and name 'cocohrip_moveit_control'
[0.323s] Level 1:colcon.colcon_core.package_identification:_identify(src/demo_node) by extensions ['ignore', 'ignore_ament_install']
[0.324s] Level 1:colcon.colcon_core.package_identification:_identify(src/demo_node) by extension 'ignore'
[0.324s] Level 1:colcon.colcon_core.package_identification:_identify(src/demo_node) by extension 'ignore_ament_install'
[0.324s] Level 1:colcon.colcon_core.package_identification:_identify(src/demo_node) by extensions ['colcon_pkg']
[0.324s] Level 1:colcon.colcon_core.package_identification:_identify(src/demo_node) by extension 'colcon_pkg'
[0.324s] Level 1:colcon.colcon_core.package_identification:_identify(src/demo_node) by extensions ['colcon_meta']
[0.324s] Level 1:colcon.colcon_core.package_identification:_identify(src/demo_node) by extension 'colcon_meta'
[0.324s] Level 1:colcon.colcon_core.package_identification:_identify(src/demo_node) by extensions ['ros']
[0.324s] Level 1:colcon.colcon_core.package_identification:_identify(src/demo_node) by extension 'ros'
[0.326s] DEBUG:colcon.colcon_core.package_identification:Package 'src/demo_node' with type 'ros.ament_cmake' and name 'demo_node'
[0.326s] Level 1:colcon.colcon_core.package_identification:_identify(src/graph_msgs) by extensions ['ignore', 'ignore_ament_install']
[0.326s] Level 1:colcon.colcon_core.package_identification:_identify(src/graph_msgs) by extension 'ignore'
[0.327s] Level 1:colcon.colcon_core.package_identification:_identify(src/graph_msgs) by extension 'ignore_ament_install'
[0.327s] Level 1:colcon.colcon_core.package_identification:_identify(src/graph_msgs) by extensions ['colcon_pkg']
[0.327s] Level 1:colcon.colcon_core.package_identification:_identify(src/graph_msgs) by extension 'colcon_pkg'
[0.327s] Level 1:colcon.colcon_core.package_identification:_identify(src/graph_msgs) by extensions ['colcon_meta']
[0.327s] Level 1:colcon.colcon_core.package_identification:_identify(src/graph_msgs) by extension 'colcon_meta'
[0.327s] Level 1:colcon.colcon_core.package_identification:_identify(src/graph_msgs) by extensions ['ros']
[0.327s] Level 1:colcon.colcon_core.package_identification:_identify(src/graph_msgs) by extension 'ros'
[0.327s] Level 1:colcon.colcon_core.package_identification:_identify(src/graph_msgs) by extensions ['cmake', 'python']
[0.327s] Level 1:colcon.colcon_core.package_identification:_identify(src/graph_msgs) by extension 'cmake'
[0.327s] Level 1:colcon.colcon_core.package_identification:_identify(src/graph_msgs) by extension 'python'
[0.327s] Level 1:colcon.colcon_core.package_identification:_identify(src/graph_msgs) by extensions ['python_setup_py']
[0.327s] Level 1:colcon.colcon_core.package_identification:_identify(src/graph_msgs) by extension 'python_setup_py'
[0.327s] Level 1:colcon.colcon_core.package_identification:_identify(src/leap_gesture_interface) by extensions ['ignore', 'ignore_ament_install']
[0.328s] Level 1:colcon.colcon_core.package_identification:_identify(src/leap_gesture_interface) by extension 'ignore'
[0.328s] Level 1:colcon.colcon_core.package_identification:_identify(src/leap_gesture_interface) by extension 'ignore_ament_install'
[0.328s] Level 1:colcon.colcon_core.package_identification:_identify(src/leap_gesture_interface) by extensions ['colcon_pkg']
[0.328s] Level 1:colcon.colcon_core.package_identification:_identify(src/leap_gesture_interface) by extension 'colcon_pkg'
[0.328s] Level 1:colcon.colcon_core.package_identification:_identify(src/leap_gesture_interface) by extensions ['colcon_meta']
[0.328s] Level 1:colcon.colcon_core.package_identification:_identify(src/leap_gesture_interface) by extension 'colcon_meta'
[0.328s] Level 1:colcon.colcon_core.package_identification:_identify(src/leap_gesture_interface) by extensions ['ros']
[0.328s] Level 1:colcon.colcon_core.package_identification:_identify(src/leap_gesture_interface) by extension 'ros'
[0.329s] DEBUG:colcon.colcon_core.package_identification:Package 'src/leap_gesture_interface' with type 'ros.ament_cmake' and name 'leap_gesture_interface'
[0.329s] Level 1:colcon.colcon_core.package_identification:_identify(src/moveit_visual_tools) by extensions ['ignore', 'ignore_ament_install']
[0.329s] Level 1:colcon.colcon_core.package_identification:_identify(src/moveit_visual_tools) by extension 'ignore'
[0.329s] Level 1:colcon.colcon_core.package_identification:_identify(src/moveit_visual_tools) by extension 'ignore_ament_install'
[0.329s] Level 1:colcon.colcon_core.package_identification:_identify(src/moveit_visual_tools) by extensions ['colcon_pkg']
[0.330s] Level 1:colcon.colcon_core.package_identification:_identify(src/moveit_visual_tools) by extension 'colcon_pkg'
[0.330s] Level 1:colcon.colcon_core.package_identification:_identify(src/moveit_visual_tools) by extensions ['colcon_meta']
[0.330s] Level 1:colcon.colcon_core.package_identification:_identify(src/moveit_visual_tools) by extension 'colcon_meta'
[0.330s] Level 1:colcon.colcon_core.package_identification:_identify(src/moveit_visual_tools) by extensions ['ros']
[0.330s] Level 1:colcon.colcon_core.package_identification:_identify(src/moveit_visual_tools) by extension 'ros'
[0.330s] Level 1:colcon.colcon_core.package_identification:_identify(src/moveit_visual_tools) by extensions ['cmake', 'python']
[0.330s] Level 1:colcon.colcon_core.package_identification:_identify(src/moveit_visual_tools) by extension 'cmake'
[0.330s] Level 1:colcon.colcon_core.package_identification:_identify(src/moveit_visual_tools) by extension 'python'
[0.330s] Level 1:colcon.colcon_core.package_identification:_identify(src/moveit_visual_tools) by extensions ['python_setup_py']
[0.330s] Level 1:colcon.colcon_core.package_identification:_identify(src/moveit_visual_tools) by extension 'python_setup_py'
[0.330s] Level 1:colcon.colcon_core.package_identification:_identify(src/robot_control) by extensions ['ignore', 'ignore_ament_install']
[0.330s] Level 1:colcon.colcon_core.package_identification:_identify(src/robot_control) by extension 'ignore'
[0.331s] Level 1:colcon.colcon_core.package_identification:_identify(src/robot_control) by extension 'ignore_ament_install'
[0.331s] Level 1:colcon.colcon_core.package_identification:_identify(src/robot_control) by extensions ['colcon_pkg']
[0.331s] Level 1:colcon.colcon_core.package_identification:_identify(src/robot_control) by extension 'colcon_pkg'
[0.331s] Level 1:colcon.colcon_core.package_identification:_identify(src/robot_control) by extensions ['colcon_meta']
[0.331s] Level 1:colcon.colcon_core.package_identification:_identify(src/robot_control) by extension 'colcon_meta'
[0.331s] Level 1:colcon.colcon_core.package_identification:_identify(src/robot_control) by extensions ['ros']
[0.331s] Level 1:colcon.colcon_core.package_identification:_identify(src/robot_control) by extension 'ros'
[0.333s] DEBUG:colcon.colcon_core.package_identification:Package 'src/robot_control' with type 'ros.ament_cmake' and name 'robot_control'
[0.334s] Level 1:colcon.colcon_core.package_identification:_identify(src/robot_control_amavet) by extensions ['ignore', 'ignore_ament_install']
[0.334s] Level 1:colcon.colcon_core.package_identification:_identify(src/robot_control_amavet) by extension 'ignore'
[0.334s] Level 1:colcon.colcon_core.package_identification:_identify(src/robot_control_amavet) by extension 'ignore_ament_install'
[0.334s] Level 1:colcon.colcon_core.package_identification:_identify(src/robot_control_amavet) by extensions ['colcon_pkg']
[0.334s] Level 1:colcon.colcon_core.package_identification:_identify(src/robot_control_amavet) by extension 'colcon_pkg'
[0.334s] Level 1:colcon.colcon_core.package_identification:_identify(src/robot_control_amavet) by extensions ['colcon_meta']
[0.334s] Level 1:colcon.colcon_core.package_identification:_identify(src/robot_control_amavet) by extension 'colcon_meta'
[0.334s] Level 1:colcon.colcon_core.package_identification:_identify(src/robot_control_amavet) by extensions ['ros']
[0.334s] Level 1:colcon.colcon_core.package_identification:_identify(src/robot_control_amavet) by extension 'ros'
[0.335s] DEBUG:colcon.colcon_core.package_identification:Package 'src/robot_control_amavet' with type 'ros.ament_python' and name 'robot_control_amavet'
[0.336s] Level 1:colcon.colcon_core.package_identification:_identify(src/rviz_visual_tools) by extensions ['ignore', 'ignore_ament_install']
[0.336s] Level 1:colcon.colcon_core.package_identification:_identify(src/rviz_visual_tools) by extension 'ignore'
[0.336s] Level 1:colcon.colcon_core.package_identification:_identify(src/rviz_visual_tools) by extension 'ignore_ament_install'
[0.336s] Level 1:colcon.colcon_core.package_identification:_identify(src/rviz_visual_tools) by extensions ['colcon_pkg']
[0.336s] Level 1:colcon.colcon_core.package_identification:_identify(src/rviz_visual_tools) by extension 'colcon_pkg'
[0.336s] Level 1:colcon.colcon_core.package_identification:_identify(src/rviz_visual_tools) by extensions ['colcon_meta']
[0.336s] Level 1:colcon.colcon_core.package_identification:_identify(src/rviz_visual_tools) by extension 'colcon_meta'
[0.336s] Level 1:colcon.colcon_core.package_identification:_identify(src/rviz_visual_tools) by extensions ['ros']
[0.336s] Level 1:colcon.colcon_core.package_identification:_identify(src/rviz_visual_tools) by extension 'ros'
[0.336s] Level 1:colcon.colcon_core.package_identification:_identify(src/rviz_visual_tools) by extensions ['cmake', 'python']
[0.336s] Level 1:colcon.colcon_core.package_identification:_identify(src/rviz_visual_tools) by extension 'cmake'
[0.336s] Level 1:colcon.colcon_core.package_identification:_identify(src/rviz_visual_tools) by extension 'python'
[0.336s] Level 1:colcon.colcon_core.package_identification:_identify(src/rviz_visual_tools) by extensions ['python_setup_py']
[0.336s] Level 1:colcon.colcon_core.package_identification:_identify(src/rviz_visual_tools) by extension 'python_setup_py'
[0.337s] Level 1:colcon.colcon_core.package_discovery:discover_packages(recursive) using defaults
[0.337s] Level 1:colcon.colcon_core.package_discovery:discover_packages(ignore) discover
[0.337s] Level 1:colcon.colcon_core.package_discovery:discover_packages(ignore) using defaults
[0.337s] Level 1:colcon.colcon_core.package_discovery:discover_packages(path) discover
[0.337s] Level 1:colcon.colcon_core.package_discovery:discover_packages(path) using defaults
[0.370s] INFO:colcon.colcon_metadata.metadata.colcon_pkg:Updating descriptor of package 'src/Universal_Robots_Client_Library' from colcon.pkg: {'hooks': ['share/ur_client_library/hook/ament_prefix_path.dsv', 'share/ur_client_library/hook/ros_package_path.dsv']}
[0.382s] INFO:colcon.colcon_core.package_selection:Skipping not selected package 'checkers_msgs' in 'src/checkers_msgs'
[0.382s] INFO:colcon.colcon_core.package_selection:Skipping not selected package 'gripper_srv' in 'src/RobotiqHandeROS2Driver-main/RobotiqHandeROS2Driver-main/gripper_srv'
[0.382s] INFO:colcon.colcon_core.package_selection:Skipping not selected package 'leap_gesture_interface' in 'src/leap_gesture_interface'
[0.382s] INFO:colcon.colcon_core.package_selection:Skipping not selected package 'robotiq_hande_ros2_driver' in 'src/RobotiqHandeROS2Driver-main/RobotiqHandeROS2Driver-main/robotiq_hande_ros2_driver'
[0.382s] INFO:colcon.colcon_core.package_selection:Skipping not selected package 'ur_client_library' in 'src/Universal_Robots_Client_Library'
[0.382s] INFO:colcon.colcon_core.package_selection:Skipping not selected package 'ur_dashboard_msgs' in 'src/Universal_Robots_ROS2_Driver/ur_dashboard_msgs'
[0.382s] INFO:colcon.colcon_core.package_selection:Skipping not selected package 'ur_description' in 'src/Universal_Robots_ROS2_Description'
[0.382s] INFO:colcon.colcon_core.package_selection:Skipping not selected package 'checkers_game' in 'src/checkers_game'
[0.382s] INFO:colcon.colcon_core.package_selection:Skipping not selected package 'checkers_game_tutorial' in 'src/checkers_game_tutorial'
[0.382s] INFO:colcon.colcon_core.package_selection:Skipping not selected package 'cocohrip_moveit_control' in 'src/cocohrip_moveit_control'
[0.382s] INFO:colcon.colcon_core.package_selection:Skipping not selected package 'ur_controllers' in 'src/Universal_Robots_ROS2_Driver/ur_controllers'
[0.382s] INFO:colcon.colcon_core.package_selection:Skipping not selected package 'ur_moveit_config' in 'src/Universal_Robots_ROS2_Driver/ur_moveit_config'
[0.382s] INFO:colcon.colcon_core.package_selection:Skipping not selected package 'ur_robot_driver' in 'src/Universal_Robots_ROS2_Driver/ur_robot_driver'
[0.382s] INFO:colcon.colcon_core.package_selection:Skipping not selected package 'cocohrip_description' in 'src/cocohrip_description'
[0.382s] INFO:colcon.colcon_core.package_selection:Skipping not selected package 'demo_node' in 'src/demo_node'
[0.383s] INFO:colcon.colcon_core.package_selection:Skipping not selected package 'robot_control_amavet' in 'src/robot_control_amavet'
[0.383s] INFO:colcon.colcon_core.package_selection:Skipping not selected package 'ur_calibration' in 'src/Universal_Robots_ROS2_Driver/ur_calibration'
[0.383s] INFO:colcon.colcon_core.package_selection:Skipping not selected package 'cocohrip_control' in 'src/cocohrip_control'
[0.383s] INFO:colcon.colcon_core.package_selection:Skipping not selected package 'cocohrip_moveit_config' in 'src/cocohrip_moveit_config'
[0.383s] INFO:colcon.colcon_core.package_selection:Skipping not selected package 'ur' in 'src/Universal_Robots_ROS2_Driver/ur'
[0.383s] Level 5:colcon.colcon_core.verb:set package 'robot_control' build argument 'cmake_args' from command line to 'None'
[0.383s] Level 5:colcon.colcon_core.verb:set package 'robot_control' build argument 'cmake_target' from command line to 'None'
[0.383s] Level 5:colcon.colcon_core.verb:set package 'robot_control' build argument 'cmake_target_skip_unavailable' from command line to 'False'
[0.383s] Level 5:colcon.colcon_core.verb:set package 'robot_control' build argument 'cmake_clean_cache' from command line to 'False'
[0.383s] Level 5:colcon.colcon_core.verb:set package 'robot_control' build argument 'cmake_clean_first' from command line to 'False'
[0.383s] Level 5:colcon.colcon_core.verb:set package 'robot_control' build argument 'cmake_force_configure' from command line to 'False'
[0.383s] Level 5:colcon.colcon_core.verb:set package 'robot_control' build argument 'ament_cmake_args' from command line to 'None'
[0.383s] Level 5:colcon.colcon_core.verb:set package 'robot_control' build argument 'catkin_cmake_args' from command line to 'None'
[0.384s] Level 5:colcon.colcon_core.verb:set package 'robot_control' build argument 'catkin_skip_building_tests' from command line to 'False'
[0.384s] DEBUG:colcon.colcon_core.verb:Building package 'robot_control' with the following arguments: {'ament_cmake_args': None, 'build_base': '/home/marek/amavet_ws/build/robot_control', 'catkin_cmake_args': None, 'catkin_skip_building_tests': False, 'cmake_args': None, 'cmake_clean_cache': False, 'cmake_clean_first': False, 'cmake_force_configure': False, 'cmake_target': None, 'cmake_target_skip_unavailable': False, 'install_base': '/home/marek/amavet_ws/install/robot_control', 'merge_install': False, 'path': '/home/marek/amavet_ws/src/robot_control', 'symlink_install': False, 'test_result_base': None}
[0.384s] INFO:colcon.colcon_core.executor:Executing jobs using 'parallel' executor
[0.386s] DEBUG:colcon.colcon_parallel_executor.executor.parallel:run_until_complete
[0.386s] INFO:colcon.colcon_ros.task.ament_cmake.build:Building ROS package in '/home/marek/amavet_ws/src/robot_control' with build type 'ament_cmake'
[0.386s] INFO:colcon.colcon_cmake.task.cmake.build:Building CMake package in '/home/marek/amavet_ws/src/robot_control'
[0.390s] INFO:colcon.colcon_core.plugin_system:Skipping extension 'colcon_core.shell.bat': Not used on non-Windows systems
[0.390s] DEBUG:colcon.colcon_core.shell:Skip shell extension 'dsv' for command environment
[0.446s] DEBUG:colcon.colcon_core.event_handler.log_command:Invoking command in '/home/marek/amavet_ws/build/robot_control': AMENT_PREFIX_PATH=/home/marek/amavet_ws/install/ur_robot_driver:/home/marek/amavet_ws/install/ur_moveit_config:/home/marek/amavet_ws/install/ur_controllers:/home/marek/amavet_ws/install/ur_description:/home/marek/amavet_ws/install/ur_dashboard_msgs:/home/marek/amavet_ws/install/gripper_srv:/home/marek/amavet_ws/install/checkers_msgs:${AMENT_PREFIX_PATH} CMAKE_PREFIX_PATH=/home/marek/amavet_ws/install/ur_robot_driver:/home/marek/amavet_ws/install/ur_moveit_config:/home/marek/amavet_ws/install/ur_controllers:/home/marek/amavet_ws/install/ur_description:/home/marek/amavet_ws/install/ur_dashboard_msgs:/home/marek/amavet_ws/install/ur_client_library:/home/marek/amavet_ws/install/gripper_srv:/home/marek/amavet_ws/install/checkers_msgs:/opt/ros/jazzy/opt/gz_sim_vendor:/opt/ros/jazzy/opt/gz_sensors_vendor:/opt/ros/jazzy/opt/gz_physics_vendor:/opt/ros/jazzy/opt/sdformat_vendor:/opt/ros/jazzy/opt/gz_gui_vendor:/opt/ros/jazzy/opt/gz_transport_vendor:/opt/ros/jazzy/opt/gz_rendering_vendor:/opt/ros/jazzy/opt/gz_plugin_vendor:/opt/ros/jazzy/opt/gz_fuel_tools_vendor:/opt/ros/jazzy/opt/gz_msgs_vendor:/opt/ros/jazzy/opt/gz_common_vendor:/opt/ros/jazzy/opt/gz_math_vendor:/opt/ros/jazzy/opt/gz_utils_vendor:/opt/ros/jazzy/opt/gz_tools_vendor:/opt/ros/jazzy/opt/gz_ogre_next_vendor:/opt/ros/jazzy/opt/gz_dartsim_vendor:/opt/ros/jazzy/opt/gz_cmake_vendor:/opt/leap/LeapSDK:/opt/leap/LeapSDK:/opt/ros/jazzy DEBUGINFOD_URLS=https://debuginfod.ubuntu.com LD_LIBRARY_PATH=/home/marek/amavet_ws/install/ur_robot_driver/lib:/home/marek/amavet_ws/install/ur_controllers/lib:/home/marek/amavet_ws/install/ur_dashboard_msgs/lib:/home/marek/amavet_ws/install/ur_client_library/lib:/home/marek/amavet_ws/install/gripper_srv/lib:/home/marek/amavet_ws/install/checkers_msgs/lib:${LD_LIBRARY_PATH} PATH=/home/marek/amavet_ws/install/ur_robot_driver/bin:${PATH} PKG_CONFIG_PATH=/home/marek/amavet_ws/install/ur_client_library/lib/x86_64-linux-gnu/pkgconfig:/home/marek/amavet_ws/install/ur_client_library/lib/pkgconfig PYTHONPATH=/home/marek/amavet_ws/install/ur_robot_driver/lib/python3.12/site-packages:/home/marek/amavet_ws/install/ur_dashboard_msgs/lib/python3.12/site-packages:/home/marek/amavet_ws/install/gripper_srv/lib/python3.12/site-packages:/home/marek/amavet_ws/install/checkers_msgs/lib/python3.12/site-packages:${PYTHONPATH} /usr/bin/cmake /home/marek/amavet_ws/src/robot_control -DCMAKE_INSTALL_PREFIX=/home/marek/amavet_ws/install/robot_control
[2.722s] DEBUG:colcon.colcon_core.event_handler.log_command:Invoked command in '/home/marek/amavet_ws/build/robot_control' returned '0': AMENT_PREFIX_PATH=/home/marek/amavet_ws/install/ur_robot_driver:/home/marek/amavet_ws/install/ur_moveit_config:/home/marek/amavet_ws/install/ur_controllers:/home/marek/amavet_ws/install/ur_description:/home/marek/amavet_ws/install/ur_dashboard_msgs:/home/marek/amavet_ws/install/gripper_srv:/home/marek/amavet_ws/install/checkers_msgs:${AMENT_PREFIX_PATH} CMAKE_PREFIX_PATH=/home/marek/amavet_ws/install/ur_robot_driver:/home/marek/amavet_ws/install/ur_moveit_config:/home/marek/amavet_ws/install/ur_controllers:/home/marek/amavet_ws/install/ur_description:/home/marek/amavet_ws/install/ur_dashboard_msgs:/home/marek/amavet_ws/install/ur_client_library:/home/marek/amavet_ws/install/gripper_srv:/home/marek/amavet_ws/install/checkers_msgs:/opt/ros/jazzy/opt/gz_sim_vendor:/opt/ros/jazzy/opt/gz_sensors_vendor:/opt/ros/jazzy/opt/gz_physics_vendor:/opt/ros/jazzy/opt/sdformat_vendor:/opt/ros/jazzy/opt/gz_gui_vendor:/opt/ros/jazzy/opt/gz_transport_vendor:/opt/ros/jazzy/opt/gz_rendering_vendor:/opt/ros/jazzy/opt/gz_plugin_vendor:/opt/ros/jazzy/opt/gz_fuel_tools_vendor:/opt/ros/jazzy/opt/gz_msgs_vendor:/opt/ros/jazzy/opt/gz_common_vendor:/opt/ros/jazzy/opt/gz_math_vendor:/opt/ros/jazzy/opt/gz_utils_vendor:/opt/ros/jazzy/opt/gz_tools_vendor:/opt/ros/jazzy/opt/gz_ogre_next_vendor:/opt/ros/jazzy/opt/gz_dartsim_vendor:/opt/ros/jazzy/opt/gz_cmake_vendor:/opt/leap/LeapSDK:/opt/leap/LeapSDK:/opt/ros/jazzy DEBUGINFOD_URLS=https://debuginfod.ubuntu.com LD_LIBRARY_PATH=/home/marek/amavet_ws/install/ur_robot_driver/lib:/home/marek/amavet_ws/install/ur_controllers/lib:/home/marek/amavet_ws/install/ur_dashboard_msgs/lib:/home/marek/amavet_ws/install/ur_client_library/lib:/home/marek/amavet_ws/install/gripper_srv/lib:/home/marek/amavet_ws/install/checkers_msgs/lib:${LD_LIBRARY_PATH} PATH=/home/marek/amavet_ws/install/ur_robot_driver/bin:${PATH} PKG_CONFIG_PATH=/home/marek/amavet_ws/install/ur_client_library/lib/x86_64-linux-gnu/pkgconfig:/home/marek/amavet_ws/install/ur_client_library/lib/pkgconfig PYTHONPATH=/home/marek/amavet_ws/install/ur_robot_driver/lib/python3.12/site-packages:/home/marek/amavet_ws/install/ur_dashboard_msgs/lib/python3.12/site-packages:/home/marek/amavet_ws/install/gripper_srv/lib/python3.12/site-packages:/home/marek/amavet_ws/install/checkers_msgs/lib/python3.12/site-packages:${PYTHONPATH} /usr/bin/cmake /home/marek/amavet_ws/src/robot_control -DCMAKE_INSTALL_PREFIX=/home/marek/amavet_ws/install/robot_control
[2.723s] DEBUG:colcon.colcon_core.event_handler.log_command:Invoking command in '/home/marek/amavet_ws/build/robot_control': AMENT_PREFIX_PATH=/home/marek/amavet_ws/install/ur_robot_driver:/home/marek/amavet_ws/install/ur_moveit_config:/home/marek/amavet_ws/install/ur_controllers:/home/marek/amavet_ws/install/ur_description:/home/marek/amavet_ws/install/ur_dashboard_msgs:/home/marek/amavet_ws/install/gripper_srv:/home/marek/amavet_ws/install/checkers_msgs:${AMENT_PREFIX_PATH} CMAKE_PREFIX_PATH=/home/marek/amavet_ws/install/ur_robot_driver:/home/marek/amavet_ws/install/ur_moveit_config:/home/marek/amavet_ws/install/ur_controllers:/home/marek/amavet_ws/install/ur_description:/home/marek/amavet_ws/install/ur_dashboard_msgs:/home/marek/amavet_ws/install/ur_client_library:/home/marek/amavet_ws/install/gripper_srv:/home/marek/amavet_ws/install/checkers_msgs:/opt/ros/jazzy/opt/gz_sim_vendor:/opt/ros/jazzy/opt/gz_sensors_vendor:/opt/ros/jazzy/opt/gz_physics_vendor:/opt/ros/jazzy/opt/sdformat_vendor:/opt/ros/jazzy/opt/gz_gui_vendor:/opt/ros/jazzy/opt/gz_transport_vendor:/opt/ros/jazzy/opt/gz_rendering_vendor:/opt/ros/jazzy/opt/gz_plugin_vendor:/opt/ros/jazzy/opt/gz_fuel_tools_vendor:/opt/ros/jazzy/opt/gz_msgs_vendor:/opt/ros/jazzy/opt/gz_common_vendor:/opt/ros/jazzy/opt/gz_math_vendor:/opt/ros/jazzy/opt/gz_utils_vendor:/opt/ros/jazzy/opt/gz_tools_vendor:/opt/ros/jazzy/opt/gz_ogre_next_vendor:/opt/ros/jazzy/opt/gz_dartsim_vendor:/opt/ros/jazzy/opt/gz_cmake_vendor:/opt/leap/LeapSDK:/opt/leap/LeapSDK:/opt/ros/jazzy DEBUGINFOD_URLS=https://debuginfod.ubuntu.com LD_LIBRARY_PATH=/home/marek/amavet_ws/install/ur_robot_driver/lib:/home/marek/amavet_ws/install/ur_controllers/lib:/home/marek/amavet_ws/install/ur_dashboard_msgs/lib:/home/marek/amavet_ws/install/ur_client_library/lib:/home/marek/amavet_ws/install/gripper_srv/lib:/home/marek/amavet_ws/install/checkers_msgs/lib:${LD_LIBRARY_PATH} PATH=/home/marek/amavet_ws/install/ur_robot_driver/bin:${PATH} PKG_CONFIG_PATH=/home/marek/amavet_ws/install/ur_client_library/lib/x86_64-linux-gnu/pkgconfig:/home/marek/amavet_ws/install/ur_client_library/lib/pkgconfig PYTHONPATH=/home/marek/amavet_ws/install/ur_robot_driver/lib/python3.12/site-packages:/home/marek/amavet_ws/install/ur_dashboard_msgs/lib/python3.12/site-packages:/home/marek/amavet_ws/install/gripper_srv/lib/python3.12/site-packages:/home/marek/amavet_ws/install/checkers_msgs/lib/python3.12/site-packages:${PYTHONPATH} /usr/bin/cmake --build /home/marek/amavet_ws/build/robot_control -- -j16 -l16
[35.726s] DEBUG:colcon.colcon_core.event_handler.log_command:Invoked command in '/home/marek/amavet_ws/build/robot_control' returned '0': AMENT_PREFIX_PATH=/home/marek/amavet_ws/install/ur_robot_driver:/home/marek/amavet_ws/install/ur_moveit_config:/home/marek/amavet_ws/install/ur_controllers:/home/marek/amavet_ws/install/ur_description:/home/marek/amavet_ws/install/ur_dashboard_msgs:/home/marek/amavet_ws/install/gripper_srv:/home/marek/amavet_ws/install/checkers_msgs:${AMENT_PREFIX_PATH} CMAKE_PREFIX_PATH=/home/marek/amavet_ws/install/ur_robot_driver:/home/marek/amavet_ws/install/ur_moveit_config:/home/marek/amavet_ws/install/ur_controllers:/home/marek/amavet_ws/install/ur_description:/home/marek/amavet_ws/install/ur_dashboard_msgs:/home/marek/amavet_ws/install/ur_client_library:/home/marek/amavet_ws/install/gripper_srv:/home/marek/amavet_ws/install/checkers_msgs:/opt/ros/jazzy/opt/gz_sim_vendor:/opt/ros/jazzy/opt/gz_sensors_vendor:/opt/ros/jazzy/opt/gz_physics_vendor:/opt/ros/jazzy/opt/sdformat_vendor:/opt/ros/jazzy/opt/gz_gui_vendor:/opt/ros/jazzy/opt/gz_transport_vendor:/opt/ros/jazzy/opt/gz_rendering_vendor:/opt/ros/jazzy/opt/gz_plugin_vendor:/opt/ros/jazzy/opt/gz_fuel_tools_vendor:/opt/ros/jazzy/opt/gz_msgs_vendor:/opt/ros/jazzy/opt/gz_common_vendor:/opt/ros/jazzy/opt/gz_math_vendor:/opt/ros/jazzy/opt/gz_utils_vendor:/opt/ros/jazzy/opt/gz_tools_vendor:/opt/ros/jazzy/opt/gz_ogre_next_vendor:/opt/ros/jazzy/opt/gz_dartsim_vendor:/opt/ros/jazzy/opt/gz_cmake_vendor:/opt/leap/LeapSDK:/opt/leap/LeapSDK:/opt/ros/jazzy DEBUGINFOD_URLS=https://debuginfod.ubuntu.com LD_LIBRARY_PATH=/home/marek/amavet_ws/install/ur_robot_driver/lib:/home/marek/amavet_ws/install/ur_controllers/lib:/home/marek/amavet_ws/install/ur_dashboard_msgs/lib:/home/marek/amavet_ws/install/ur_client_library/lib:/home/marek/amavet_ws/install/gripper_srv/lib:/home/marek/amavet_ws/install/checkers_msgs/lib:${LD_LIBRARY_PATH} PATH=/home/marek/amavet_ws/install/ur_robot_driver/bin:${PATH} PKG_CONFIG_PATH=/home/marek/amavet_ws/install/ur_client_library/lib/x86_64-linux-gnu/pkgconfig:/home/marek/amavet_ws/install/ur_client_library/lib/pkgconfig PYTHONPATH=/home/marek/amavet_ws/install/ur_robot_driver/lib/python3.12/site-packages:/home/marek/amavet_ws/install/ur_dashboard_msgs/lib/python3.12/site-packages:/home/marek/amavet_ws/install/gripper_srv/lib/python3.12/site-packages:/home/marek/amavet_ws/install/checkers_msgs/lib/python3.12/site-packages:${PYTHONPATH} /usr/bin/cmake --build /home/marek/amavet_ws/build/robot_control -- -j16 -l16
[35.739s] DEBUG:colcon.colcon_core.event_handler.log_command:Invoking command in '/home/marek/amavet_ws/build/robot_control': AMENT_PREFIX_PATH=/home/marek/amavet_ws/install/ur_robot_driver:/home/marek/amavet_ws/install/ur_moveit_config:/home/marek/amavet_ws/install/ur_controllers:/home/marek/amavet_ws/install/ur_description:/home/marek/amavet_ws/install/ur_dashboard_msgs:/home/marek/amavet_ws/install/gripper_srv:/home/marek/amavet_ws/install/checkers_msgs:${AMENT_PREFIX_PATH} CMAKE_PREFIX_PATH=/home/marek/amavet_ws/install/ur_robot_driver:/home/marek/amavet_ws/install/ur_moveit_config:/home/marek/amavet_ws/install/ur_controllers:/home/marek/amavet_ws/install/ur_description:/home/marek/amavet_ws/install/ur_dashboard_msgs:/home/marek/amavet_ws/install/ur_client_library:/home/marek/amavet_ws/install/gripper_srv:/home/marek/amavet_ws/install/checkers_msgs:/opt/ros/jazzy/opt/gz_sim_vendor:/opt/ros/jazzy/opt/gz_sensors_vendor:/opt/ros/jazzy/opt/gz_physics_vendor:/opt/ros/jazzy/opt/sdformat_vendor:/opt/ros/jazzy/opt/gz_gui_vendor:/opt/ros/jazzy/opt/gz_transport_vendor:/opt/ros/jazzy/opt/gz_rendering_vendor:/opt/ros/jazzy/opt/gz_plugin_vendor:/opt/ros/jazzy/opt/gz_fuel_tools_vendor:/opt/ros/jazzy/opt/gz_msgs_vendor:/opt/ros/jazzy/opt/gz_common_vendor:/opt/ros/jazzy/opt/gz_math_vendor:/opt/ros/jazzy/opt/gz_utils_vendor:/opt/ros/jazzy/opt/gz_tools_vendor:/opt/ros/jazzy/opt/gz_ogre_next_vendor:/opt/ros/jazzy/opt/gz_dartsim_vendor:/opt/ros/jazzy/opt/gz_cmake_vendor:/opt/leap/LeapSDK:/opt/leap/LeapSDK:/opt/ros/jazzy DEBUGINFOD_URLS=https://debuginfod.ubuntu.com LD_LIBRARY_PATH=/home/marek/amavet_ws/install/ur_robot_driver/lib:/home/marek/amavet_ws/install/ur_controllers/lib:/home/marek/amavet_ws/install/ur_dashboard_msgs/lib:/home/marek/amavet_ws/install/ur_client_library/lib:/home/marek/amavet_ws/install/gripper_srv/lib:/home/marek/amavet_ws/install/checkers_msgs/lib:${LD_LIBRARY_PATH} PATH=/home/marek/amavet_ws/install/ur_robot_driver/bin:${PATH} PKG_CONFIG_PATH=/home/marek/amavet_ws/install/ur_client_library/lib/x86_64-linux-gnu/pkgconfig:/home/marek/amavet_ws/install/ur_client_library/lib/pkgconfig PYTHONPATH=/home/marek/amavet_ws/install/ur_robot_driver/lib/python3.12/site-packages:/home/marek/amavet_ws/install/ur_dashboard_msgs/lib/python3.12/site-packages:/home/marek/amavet_ws/install/gripper_srv/lib/python3.12/site-packages:/home/marek/amavet_ws/install/checkers_msgs/lib/python3.12/site-packages:${PYTHONPATH} /usr/bin/cmake --install /home/marek/amavet_ws/build/robot_control
[35.792s] Level 1:colcon.colcon_core.environment:create_environment_scripts_only(robot_control)
[35.793s] DEBUG:colcon.colcon_core.event_handler.log_command:Invoked command in '/home/marek/amavet_ws/build/robot_control' returned '0': AMENT_PREFIX_PATH=/home/marek/amavet_ws/install/ur_robot_driver:/home/marek/amavet_ws/install/ur_moveit_config:/home/marek/amavet_ws/install/ur_controllers:/home/marek/amavet_ws/install/ur_description:/home/marek/amavet_ws/install/ur_dashboard_msgs:/home/marek/amavet_ws/install/gripper_srv:/home/marek/amavet_ws/install/checkers_msgs:${AMENT_PREFIX_PATH} CMAKE_PREFIX_PATH=/home/marek/amavet_ws/install/ur_robot_driver:/home/marek/amavet_ws/install/ur_moveit_config:/home/marek/amavet_ws/install/ur_controllers:/home/marek/amavet_ws/install/ur_description:/home/marek/amavet_ws/install/ur_dashboard_msgs:/home/marek/amavet_ws/install/ur_client_library:/home/marek/amavet_ws/install/gripper_srv:/home/marek/amavet_ws/install/checkers_msgs:/opt/ros/jazzy/opt/gz_sim_vendor:/opt/ros/jazzy/opt/gz_sensors_vendor:/opt/ros/jazzy/opt/gz_physics_vendor:/opt/ros/jazzy/opt/sdformat_vendor:/opt/ros/jazzy/opt/gz_gui_vendor:/opt/ros/jazzy/opt/gz_transport_vendor:/opt/ros/jazzy/opt/gz_rendering_vendor:/opt/ros/jazzy/opt/gz_plugin_vendor:/opt/ros/jazzy/opt/gz_fuel_tools_vendor:/opt/ros/jazzy/opt/gz_msgs_vendor:/opt/ros/jazzy/opt/gz_common_vendor:/opt/ros/jazzy/opt/gz_math_vendor:/opt/ros/jazzy/opt/gz_utils_vendor:/opt/ros/jazzy/opt/gz_tools_vendor:/opt/ros/jazzy/opt/gz_ogre_next_vendor:/opt/ros/jazzy/opt/gz_dartsim_vendor:/opt/ros/jazzy/opt/gz_cmake_vendor:/opt/leap/LeapSDK:/opt/leap/LeapSDK:/opt/ros/jazzy DEBUGINFOD_URLS=https://debuginfod.ubuntu.com LD_LIBRARY_PATH=/home/marek/amavet_ws/install/ur_robot_driver/lib:/home/marek/amavet_ws/install/ur_controllers/lib:/home/marek/amavet_ws/install/ur_dashboard_msgs/lib:/home/marek/amavet_ws/install/ur_client_library/lib:/home/marek/amavet_ws/install/gripper_srv/lib:/home/marek/amavet_ws/install/checkers_msgs/lib:${LD_LIBRARY_PATH} PATH=/home/marek/amavet_ws/install/ur_robot_driver/bin:${PATH} PKG_CONFIG_PATH=/home/marek/amavet_ws/install/ur_client_library/lib/x86_64-linux-gnu/pkgconfig:/home/marek/amavet_ws/install/ur_client_library/lib/pkgconfig PYTHONPATH=/home/marek/amavet_ws/install/ur_robot_driver/lib/python3.12/site-packages:/home/marek/amavet_ws/install/ur_dashboard_msgs/lib/python3.12/site-packages:/home/marek/amavet_ws/install/gripper_srv/lib/python3.12/site-packages:/home/marek/amavet_ws/install/checkers_msgs/lib/python3.12/site-packages:${PYTHONPATH} /usr/bin/cmake --install /home/marek/amavet_ws/build/robot_control
[35.795s] Level 1:colcon.colcon_core.environment:checking '/home/marek/amavet_ws/install/robot_control' for CMake module files
[35.795s] Level 1:colcon.colcon_core.environment:checking '/home/marek/amavet_ws/install/robot_control' for CMake config files
[35.795s] Level 1:colcon.colcon_core.shell:create_environment_hook('robot_control', 'cmake_prefix_path')
[35.795s] INFO:colcon.colcon_core.shell:Creating environment descriptor '/home/marek/amavet_ws/install/robot_control/share/robot_control/hook/cmake_prefix_path.dsv'
[35.796s] INFO:colcon.colcon_core.shell:Creating environment hook '/home/marek/amavet_ws/install/robot_control/share/robot_control/hook/cmake_prefix_path.sh'
[35.796s] Level 1:colcon.colcon_core.environment:checking '/home/marek/amavet_ws/install/robot_control/lib'
[35.797s] Level 1:colcon.colcon_core.environment:checking '/home/marek/amavet_ws/install/robot_control/bin'
[35.797s] Level 1:colcon.colcon_core.environment:checking '/home/marek/amavet_ws/install/robot_control/lib/pkgconfig/robot_control.pc'
[35.798s] Level 1:colcon.colcon_core.environment:checking '/home/marek/amavet_ws/install/robot_control/lib/python3.12/site-packages'
[35.798s] Level 1:colcon.colcon_core.environment:checking '/home/marek/amavet_ws/install/robot_control/bin'
[35.798s] INFO:colcon.colcon_core.shell:Creating package descriptor '/home/marek/amavet_ws/install/robot_control/share/robot_control/package.dsv'
[35.799s] INFO:colcon.colcon_core.shell:Creating package script '/home/marek/amavet_ws/install/robot_control/share/robot_control/package.sh'
[35.799s] INFO:colcon.colcon_core.shell:Creating package script '/home/marek/amavet_ws/install/robot_control/share/robot_control/package.bash'
[35.800s] INFO:colcon.colcon_core.shell:Creating package script '/home/marek/amavet_ws/install/robot_control/share/robot_control/package.zsh'
[35.800s] Level 1:colcon.colcon_core.environment:create_file_with_runtime_dependencies(/home/marek/amavet_ws/install/robot_control/share/colcon-core/packages/robot_control)
[35.801s] Level 1:colcon.colcon_core.environment:create_environment_scripts_only(robot_control)
[35.801s] Level 1:colcon.colcon_core.environment:checking '/home/marek/amavet_ws/install/robot_control' for CMake module files
[35.801s] Level 1:colcon.colcon_core.environment:checking '/home/marek/amavet_ws/install/robot_control' for CMake config files
[35.801s] Level 1:colcon.colcon_core.shell:create_environment_hook('robot_control', 'cmake_prefix_path')
[35.801s] INFO:colcon.colcon_core.shell:Creating environment descriptor '/home/marek/amavet_ws/install/robot_control/share/robot_control/hook/cmake_prefix_path.dsv'
[35.802s] INFO:colcon.colcon_core.shell:Creating environment hook '/home/marek/amavet_ws/install/robot_control/share/robot_control/hook/cmake_prefix_path.sh'
[35.802s] Level 1:colcon.colcon_core.environment:checking '/home/marek/amavet_ws/install/robot_control/lib'
[35.802s] Level 1:colcon.colcon_core.environment:checking '/home/marek/amavet_ws/install/robot_control/bin'
[35.802s] Level 1:colcon.colcon_core.environment:checking '/home/marek/amavet_ws/install/robot_control/lib/pkgconfig/robot_control.pc'
[35.802s] Level 1:colcon.colcon_core.environment:checking '/home/marek/amavet_ws/install/robot_control/lib/python3.12/site-packages'
[35.802s] Level 1:colcon.colcon_core.environment:checking '/home/marek/amavet_ws/install/robot_control/bin'
[35.803s] INFO:colcon.colcon_core.shell:Creating package descriptor '/home/marek/amavet_ws/install/robot_control/share/robot_control/package.dsv'
[35.803s] INFO:colcon.colcon_core.shell:Creating package script '/home/marek/amavet_ws/install/robot_control/share/robot_control/package.sh'
[35.803s] INFO:colcon.colcon_core.shell:Creating package script '/home/marek/amavet_ws/install/robot_control/share/robot_control/package.bash'
[35.803s] INFO:colcon.colcon_core.shell:Creating package script '/home/marek/amavet_ws/install/robot_control/share/robot_control/package.zsh'
[35.804s] Level 1:colcon.colcon_core.environment:create_file_with_runtime_dependencies(/home/marek/amavet_ws/install/robot_control/share/colcon-core/packages/robot_control)
[35.804s] DEBUG:colcon.colcon_parallel_executor.executor.parallel:closing loop
[35.804s] DEBUG:colcon.colcon_parallel_executor.executor.parallel:loop closed
[35.804s] DEBUG:colcon.colcon_parallel_executor.executor.parallel:run_until_complete finished with '0'
[35.804s] DEBUG:colcon.colcon_core.event_reactor:joining thread
[35.811s] INFO:colcon.colcon_core.plugin_system:Skipping extension 'colcon_notification.desktop_notification.terminal_notifier': Not used on non-Darwin systems
[35.811s] INFO:colcon.colcon_core.plugin_system:Skipping extension 'colcon_notification.desktop_notification.win32': Not used on non-Windows systems
[35.811s] INFO:colcon.colcon_notification.desktop_notification:Sending desktop notification using 'notify2'
[35.823s] DEBUG:colcon.colcon_core.event_reactor:joined thread
[35.823s] INFO:colcon.colcon_core.shell:Creating prefix script '/home/marek/amavet_ws/install/local_setup.sh'
[35.824s] INFO:colcon.colcon_core.shell:Creating prefix util module '/home/marek/amavet_ws/install/_local_setup_util_sh.py'
[35.824s] INFO:colcon.colcon_core.shell:Creating prefix chain script '/home/marek/amavet_ws/install/setup.sh'
[35.825s] INFO:colcon.colcon_core.shell:Creating prefix script '/home/marek/amavet_ws/install/local_setup.bash'
[35.825s] INFO:colcon.colcon_core.shell:Creating prefix chain script '/home/marek/amavet_ws/install/setup.bash'
[35.826s] INFO:colcon.colcon_core.shell:Creating prefix script '/home/marek/amavet_ws/install/local_setup.zsh'
[35.826s] INFO:colcon.colcon_core.shell:Creating prefix chain script '/home/marek/amavet_ws/install/setup.zsh'
