running egg_info
creating ../../build/checkers_game_tutorial/checkers_game_tutorial.egg-info
writing ../../build/checkers_game_tutorial/checkers_game_tutorial.egg-info/PKG-INFO
writing dependency_links to ../../build/checkers_game_tutorial/checkers_game_tutorial.egg-info/dependency_links.txt
writing entry points to ../../build/checkers_game_tutorial/checkers_game_tutorial.egg-info/entry_points.txt
writing requirements to ../../build/checkers_game_tutorial/checkers_game_tutorial.egg-info/requires.txt
writing top-level names to ../../build/checkers_game_tutorial/checkers_game_tutorial.egg-info/top_level.txt
writing manifest file '../../build/checkers_game_tutorial/checkers_game_tutorial.egg-info/SOURCES.txt'
reading manifest file '../../build/checkers_game_tutorial/checkers_game_tutorial.egg-info/SOURCES.txt'
writing manifest file '../../build/checkers_game_tutorial/checkers_game_tutorial.egg-info/SOURCES.txt'
running build
running build_py
creating /home/marek/amavet_ws/build/checkers_game_tutorial/build
creating /home/marek/amavet_ws/build/checkers_game_tutorial/build/lib
creating /home/marek/amavet_ws/build/checkers_game_tutorial/build/lib/checkers_game_tutorial
copying checkers_game_tutorial/__init__.py -> /home/marek/amavet_ws/build/checkers_game_tutorial/build/lib/checkers_game_tutorial
copying checkers_game_tutorial/checkers_node.py -> /home/marek/amavet_ws/build/checkers_game_tutorial/build/lib/checkers_game_tutorial
creating /home/marek/amavet_ws/build/checkers_game_tutorial/build/lib/checkers_game_tutorial/minimax
copying checkers_game_tutorial/minimax/__init__.py -> /home/marek/amavet_ws/build/checkers_game_tutorial/build/lib/checkers_game_tutorial/minimax
copying checkers_game_tutorial/minimax/algorithm.py -> /home/marek/amavet_ws/build/checkers_game_tutorial/build/lib/checkers_game_tutorial/minimax
creating /home/marek/amavet_ws/build/checkers_game_tutorial/build/lib/checkers_game_tutorial/checkers
copying checkers_game_tutorial/checkers/__init__.py -> /home/marek/amavet_ws/build/checkers_game_tutorial/build/lib/checkers_game_tutorial/checkers
copying checkers_game_tutorial/checkers/game.py -> /home/marek/amavet_ws/build/checkers_game_tutorial/build/lib/checkers_game_tutorial/checkers
copying checkers_game_tutorial/checkers/board.py -> /home/marek/amavet_ws/build/checkers_game_tutorial/build/lib/checkers_game_tutorial/checkers
copying checkers_game_tutorial/checkers/constants.py -> /home/marek/amavet_ws/build/checkers_game_tutorial/build/lib/checkers_game_tutorial/checkers
copying checkers_game_tutorial/checkers/piece.py -> /home/marek/amavet_ws/build/checkers_game_tutorial/build/lib/checkers_game_tutorial/checkers
running install
running install_lib
creating /home/marek/amavet_ws/install/checkers_game_tutorial/lib/python3.12/site-packages/checkers_game_tutorial
copying /home/marek/amavet_ws/build/checkers_game_tutorial/build/lib/checkers_game_tutorial/__init__.py -> /home/marek/amavet_ws/install/checkers_game_tutorial/lib/python3.12/site-packages/checkers_game_tutorial
creating /home/marek/amavet_ws/install/checkers_game_tutorial/lib/python3.12/site-packages/checkers_game_tutorial/minimax
copying /home/marek/amavet_ws/build/checkers_game_tutorial/build/lib/checkers_game_tutorial/minimax/__init__.py -> /home/marek/amavet_ws/install/checkers_game_tutorial/lib/python3.12/site-packages/checkers_game_tutorial/minimax
copying /home/marek/amavet_ws/build/checkers_game_tutorial/build/lib/checkers_game_tutorial/minimax/algorithm.py -> /home/marek/amavet_ws/install/checkers_game_tutorial/lib/python3.12/site-packages/checkers_game_tutorial/minimax
creating /home/marek/amavet_ws/install/checkers_game_tutorial/lib/python3.12/site-packages/checkers_game_tutorial/checkers
copying /home/marek/amavet_ws/build/checkers_game_tutorial/build/lib/checkers_game_tutorial/checkers/__init__.py -> /home/marek/amavet_ws/install/checkers_game_tutorial/lib/python3.12/site-packages/checkers_game_tutorial/checkers
copying /home/marek/amavet_ws/build/checkers_game_tutorial/build/lib/checkers_game_tutorial/checkers/game.py -> /home/marek/amavet_ws/install/checkers_game_tutorial/lib/python3.12/site-packages/checkers_game_tutorial/checkers
copying /home/marek/amavet_ws/build/checkers_game_tutorial/build/lib/checkers_game_tutorial/checkers/board.py -> /home/marek/amavet_ws/install/checkers_game_tutorial/lib/python3.12/site-packages/checkers_game_tutorial/checkers
copying /home/marek/amavet_ws/build/checkers_game_tutorial/build/lib/checkers_game_tutorial/checkers/constants.py -> /home/marek/amavet_ws/install/checkers_game_tutorial/lib/python3.12/site-packages/checkers_game_tutorial/checkers
copying /home/marek/amavet_ws/build/checkers_game_tutorial/build/lib/checkers_game_tutorial/checkers/piece.py -> /home/marek/amavet_ws/install/checkers_game_tutorial/lib/python3.12/site-packages/checkers_game_tutorial/checkers
copying /home/marek/amavet_ws/build/checkers_game_tutorial/build/lib/checkers_game_tutorial/checkers_node.py -> /home/marek/amavet_ws/install/checkers_game_tutorial/lib/python3.12/site-packages/checkers_game_tutorial
byte-compiling /home/marek/amavet_ws/install/checkers_game_tutorial/lib/python3.12/site-packages/checkers_game_tutorial/__init__.py to __init__.cpython-312.pyc
byte-compiling /home/marek/amavet_ws/install/checkers_game_tutorial/lib/python3.12/site-packages/checkers_game_tutorial/minimax/__init__.py to __init__.cpython-312.pyc
byte-compiling /home/marek/amavet_ws/install/checkers_game_tutorial/lib/python3.12/site-packages/checkers_game_tutorial/minimax/algorithm.py to algorithm.cpython-312.pyc
byte-compiling /home/marek/amavet_ws/install/checkers_game_tutorial/lib/python3.12/site-packages/checkers_game_tutorial/checkers/__init__.py to __init__.cpython-312.pyc
byte-compiling /home/marek/amavet_ws/install/checkers_game_tutorial/lib/python3.12/site-packages/checkers_game_tutorial/checkers/game.py to game.cpython-312.pyc
byte-compiling /home/marek/amavet_ws/install/checkers_game_tutorial/lib/python3.12/site-packages/checkers_game_tutorial/checkers/board.py to board.cpython-312.pyc
byte-compiling /home/marek/amavet_ws/install/checkers_game_tutorial/lib/python3.12/site-packages/checkers_game_tutorial/checkers/constants.py to constants.cpython-312.pyc
byte-compiling /home/marek/amavet_ws/install/checkers_game_tutorial/lib/python3.12/site-packages/checkers_game_tutorial/checkers/piece.py to piece.cpython-312.pyc
byte-compiling /home/marek/amavet_ws/install/checkers_game_tutorial/lib/python3.12/site-packages/checkers_game_tutorial/checkers_node.py to checkers_node.cpython-312.pyc
running install_data
creating /home/marek/amavet_ws/install/checkers_game_tutorial/share/ament_index
creating /home/marek/amavet_ws/install/checkers_game_tutorial/share/ament_index/resource_index
creating /home/marek/amavet_ws/install/checkers_game_tutorial/share/ament_index/resource_index/packages
copying resource/checkers_game_tutorial -> /home/marek/amavet_ws/install/checkers_game_tutorial/share/ament_index/resource_index/packages
copying package.xml -> /home/marek/amavet_ws/install/checkers_game_tutorial/share/checkers_game_tutorial
creating /home/marek/amavet_ws/install/checkers_game_tutorial/share/checkers_game_tutorial/launch
copying launch/checkers_game_launch.launch.py -> /home/marek/amavet_ws/install/checkers_game_tutorial/share/checkers_game_tutorial/launch
running install_egg_info
Copying ../../build/checkers_game_tutorial/checkers_game_tutorial.egg-info to /home/marek/amavet_ws/install/checkers_game_tutorial/lib/python3.12/site-packages/checkers_game_tutorial-0.0.0-py3.12.egg-info
running install_scripts
Installing checkers_node script to /home/marek/amavet_ws/install/checkers_game_tutorial/lib/checkers_game_tutorial
writing list of installed files to '/home/marek/amavet_ws/build/checkers_game_tutorial/install.log'
