[0.989s] Invoking command in '/home/marek/amavet_ws/src/checkers_game_tutorial': AMENT_PREFIX_PATH=/home/marek/amavet_ws/install/checkers_msgs:${AMENT_PREFIX_PATH} CMAKE_PREFIX_PATH=/home/marek/amavet_ws/install/checkers_msgs:${CMAKE_PREFIX_PATH} DEBUGINFOD_URLS=https://debuginfod.ubuntu.com LD_LIBRARY_PATH=/home/marek/amavet_ws/install/checkers_msgs/lib:${LD_LIBRARY_PATH} PYTHONPATH=/home/marek/amavet_ws/build/checkers_game_tutorial/prefix_override:/usr/lib/python3/dist-packages/colcon_core/task/python/colcon_distutils_commands:/home/marek/amavet_ws/install/checkers_game_tutorial/lib/python3.12/site-packages:/home/marek/amavet_ws/install/checkers_msgs/lib/python3.12/site-packages:${PYTHONPATH} /usr/bin/python3 -W ignore:setup.py install is deprecated -W ignore:easy_install command is deprecated setup.py egg_info --egg-base ../../build/checkers_game_tutorial build --build-base /home/marek/amavet_ws/build/checkers_game_tutorial/build install --record /home/marek/amavet_ws/build/checkers_game_tutorial/install.log --single-version-externally-managed install_data
[1.257s] running egg_info
[1.257s] creating ../../build/checkers_game_tutorial/checkers_game_tutorial.egg-info
[1.278s] writing ../../build/checkers_game_tutorial/checkers_game_tutorial.egg-info/PKG-INFO
[1.278s] writing dependency_links to ../../build/checkers_game_tutorial/checkers_game_tutorial.egg-info/dependency_links.txt
[1.279s] writing entry points to ../../build/checkers_game_tutorial/checkers_game_tutorial.egg-info/entry_points.txt
[1.279s] writing requirements to ../../build/checkers_game_tutorial/checkers_game_tutorial.egg-info/requires.txt
[1.279s] writing top-level names to ../../build/checkers_game_tutorial/checkers_game_tutorial.egg-info/top_level.txt
[1.279s] writing manifest file '../../build/checkers_game_tutorial/checkers_game_tutorial.egg-info/SOURCES.txt'
[1.322s] reading manifest file '../../build/checkers_game_tutorial/checkers_game_tutorial.egg-info/SOURCES.txt'
[1.322s] writing manifest file '../../build/checkers_game_tutorial/checkers_game_tutorial.egg-info/SOURCES.txt'
[1.323s] running build
[1.323s] running build_py
[1.323s] creating /home/marek/amavet_ws/build/checkers_game_tutorial/build
[1.323s] creating /home/marek/amavet_ws/build/checkers_game_tutorial/build/lib
[1.323s] creating /home/marek/amavet_ws/build/checkers_game_tutorial/build/lib/checkers_game_tutorial
[1.323s] copying checkers_game_tutorial/__init__.py -> /home/marek/amavet_ws/build/checkers_game_tutorial/build/lib/checkers_game_tutorial
[1.323s] copying checkers_game_tutorial/checkers_node.py -> /home/marek/amavet_ws/build/checkers_game_tutorial/build/lib/checkers_game_tutorial
[1.323s] creating /home/marek/amavet_ws/build/checkers_game_tutorial/build/lib/checkers_game_tutorial/minimax
[1.323s] copying checkers_game_tutorial/minimax/__init__.py -> /home/marek/amavet_ws/build/checkers_game_tutorial/build/lib/checkers_game_tutorial/minimax
[1.323s] copying checkers_game_tutorial/minimax/algorithm.py -> /home/marek/amavet_ws/build/checkers_game_tutorial/build/lib/checkers_game_tutorial/minimax
[1.323s] creating /home/marek/amavet_ws/build/checkers_game_tutorial/build/lib/checkers_game_tutorial/checkers
[1.324s] copying checkers_game_tutorial/checkers/__init__.py -> /home/marek/amavet_ws/build/checkers_game_tutorial/build/lib/checkers_game_tutorial/checkers
[1.324s] copying checkers_game_tutorial/checkers/game.py -> /home/marek/amavet_ws/build/checkers_game_tutorial/build/lib/checkers_game_tutorial/checkers
[1.324s] copying checkers_game_tutorial/checkers/board.py -> /home/marek/amavet_ws/build/checkers_game_tutorial/build/lib/checkers_game_tutorial/checkers
[1.324s] copying checkers_game_tutorial/checkers/constants.py -> /home/marek/amavet_ws/build/checkers_game_tutorial/build/lib/checkers_game_tutorial/checkers
[1.324s] copying checkers_game_tutorial/checkers/piece.py -> /home/marek/amavet_ws/build/checkers_game_tutorial/build/lib/checkers_game_tutorial/checkers
[1.324s] running install
[1.331s] running install_lib
[1.353s] creating /home/marek/amavet_ws/install/checkers_game_tutorial/lib/python3.12/site-packages/checkers_game_tutorial
[1.354s] copying /home/marek/amavet_ws/build/checkers_game_tutorial/build/lib/checkers_game_tutorial/__init__.py -> /home/marek/amavet_ws/install/checkers_game_tutorial/lib/python3.12/site-packages/checkers_game_tutorial
[1.354s] creating /home/marek/amavet_ws/install/checkers_game_tutorial/lib/python3.12/site-packages/checkers_game_tutorial/minimax
[1.355s] copying /home/marek/amavet_ws/build/checkers_game_tutorial/build/lib/checkers_game_tutorial/minimax/__init__.py -> /home/marek/amavet_ws/install/checkers_game_tutorial/lib/python3.12/site-packages/checkers_game_tutorial/minimax
[1.355s] copying /home/marek/amavet_ws/build/checkers_game_tutorial/build/lib/checkers_game_tutorial/minimax/algorithm.py -> /home/marek/amavet_ws/install/checkers_game_tutorial/lib/python3.12/site-packages/checkers_game_tutorial/minimax
[1.355s] creating /home/marek/amavet_ws/install/checkers_game_tutorial/lib/python3.12/site-packages/checkers_game_tutorial/checkers
[1.356s] copying /home/marek/amavet_ws/build/checkers_game_tutorial/build/lib/checkers_game_tutorial/checkers/__init__.py -> /home/marek/amavet_ws/install/checkers_game_tutorial/lib/python3.12/site-packages/checkers_game_tutorial/checkers
[1.356s] copying /home/marek/amavet_ws/build/checkers_game_tutorial/build/lib/checkers_game_tutorial/checkers/game.py -> /home/marek/amavet_ws/install/checkers_game_tutorial/lib/python3.12/site-packages/checkers_game_tutorial/checkers
[1.356s] copying /home/marek/amavet_ws/build/checkers_game_tutorial/build/lib/checkers_game_tutorial/checkers/board.py -> /home/marek/amavet_ws/install/checkers_game_tutorial/lib/python3.12/site-packages/checkers_game_tutorial/checkers
[1.356s] copying /home/marek/amavet_ws/build/checkers_game_tutorial/build/lib/checkers_game_tutorial/checkers/constants.py -> /home/marek/amavet_ws/install/checkers_game_tutorial/lib/python3.12/site-packages/checkers_game_tutorial/checkers
[1.356s] copying /home/marek/amavet_ws/build/checkers_game_tutorial/build/lib/checkers_game_tutorial/checkers/piece.py -> /home/marek/amavet_ws/install/checkers_game_tutorial/lib/python3.12/site-packages/checkers_game_tutorial/checkers
[1.356s] copying /home/marek/amavet_ws/build/checkers_game_tutorial/build/lib/checkers_game_tutorial/checkers_node.py -> /home/marek/amavet_ws/install/checkers_game_tutorial/lib/python3.12/site-packages/checkers_game_tutorial
[1.357s] byte-compiling /home/marek/amavet_ws/install/checkers_game_tutorial/lib/python3.12/site-packages/checkers_game_tutorial/__init__.py to __init__.cpython-312.pyc
[1.357s] byte-compiling /home/marek/amavet_ws/install/checkers_game_tutorial/lib/python3.12/site-packages/checkers_game_tutorial/minimax/__init__.py to __init__.cpython-312.pyc
[1.357s] byte-compiling /home/marek/amavet_ws/install/checkers_game_tutorial/lib/python3.12/site-packages/checkers_game_tutorial/minimax/algorithm.py to algorithm.cpython-312.pyc
[1.357s] byte-compiling /home/marek/amavet_ws/install/checkers_game_tutorial/lib/python3.12/site-packages/checkers_game_tutorial/checkers/__init__.py to __init__.cpython-312.pyc
[1.357s] byte-compiling /home/marek/amavet_ws/install/checkers_game_tutorial/lib/python3.12/site-packages/checkers_game_tutorial/checkers/game.py to game.cpython-312.pyc
[1.357s] byte-compiling /home/marek/amavet_ws/install/checkers_game_tutorial/lib/python3.12/site-packages/checkers_game_tutorial/checkers/board.py to board.cpython-312.pyc
[1.359s] byte-compiling /home/marek/amavet_ws/install/checkers_game_tutorial/lib/python3.12/site-packages/checkers_game_tutorial/checkers/constants.py to constants.cpython-312.pyc
[1.359s] byte-compiling /home/marek/amavet_ws/install/checkers_game_tutorial/lib/python3.12/site-packages/checkers_game_tutorial/checkers/piece.py to piece.cpython-312.pyc
[1.360s] byte-compiling /home/marek/amavet_ws/install/checkers_game_tutorial/lib/python3.12/site-packages/checkers_game_tutorial/checkers_node.py to checkers_node.cpython-312.pyc
[1.361s] running install_data
[1.361s] creating /home/marek/amavet_ws/install/checkers_game_tutorial/share/ament_index
[1.361s] creating /home/marek/amavet_ws/install/checkers_game_tutorial/share/ament_index/resource_index
[1.361s] creating /home/marek/amavet_ws/install/checkers_game_tutorial/share/ament_index/resource_index/packages
[1.361s] copying resource/checkers_game_tutorial -> /home/marek/amavet_ws/install/checkers_game_tutorial/share/ament_index/resource_index/packages
[1.361s] copying package.xml -> /home/marek/amavet_ws/install/checkers_game_tutorial/share/checkers_game_tutorial
[1.361s] creating /home/marek/amavet_ws/install/checkers_game_tutorial/share/checkers_game_tutorial/launch
[1.362s] copying launch/checkers_game_launch.launch.py -> /home/marek/amavet_ws/install/checkers_game_tutorial/share/checkers_game_tutorial/launch
[1.362s] running install_egg_info
[1.384s] Copying ../../build/checkers_game_tutorial/checkers_game_tutorial.egg-info to /home/marek/amavet_ws/install/checkers_game_tutorial/lib/python3.12/site-packages/checkers_game_tutorial-0.0.0-py3.12.egg-info
[1.385s] running install_scripts
[1.522s] Installing checkers_node script to /home/marek/amavet_ws/install/checkers_game_tutorial/lib/checkers_game_tutorial
[1.522s] writing list of installed files to '/home/marek/amavet_ws/build/checkers_game_tutorial/install.log'
[1.568s] Invoked command in '/home/marek/amavet_ws/src/checkers_game_tutorial' returned '0': AMENT_PREFIX_PATH=/home/marek/amavet_ws/install/checkers_msgs:${AMENT_PREFIX_PATH} CMAKE_PREFIX_PATH=/home/marek/amavet_ws/install/checkers_msgs:${CMAKE_PREFIX_PATH} DEBUGINFOD_URLS=https://debuginfod.ubuntu.com LD_LIBRARY_PATH=/home/marek/amavet_ws/install/checkers_msgs/lib:${LD_LIBRARY_PATH} PYTHONPATH=/home/marek/amavet_ws/build/checkers_game_tutorial/prefix_override:/usr/lib/python3/dist-packages/colcon_core/task/python/colcon_distutils_commands:/home/marek/amavet_ws/install/checkers_game_tutorial/lib/python3.12/site-packages:/home/marek/amavet_ws/install/checkers_msgs/lib/python3.12/site-packages:${PYTHONPATH} /usr/bin/python3 -W ignore:setup.py install is deprecated -W ignore:easy_install command is deprecated setup.py egg_info --egg-base ../../build/checkers_game_tutorial build --build-base /home/marek/amavet_ws/build/checkers_game_tutorial/build install --record /home/marek/amavet_ws/build/checkers_game_tutorial/install.log --single-version-externally-managed install_data
