running develop
Removing /home/marek/amavet_ws/install/robotiq_hande_ros2_driver/lib/python3.12/site-packages/robotiq-hande-ros2-driver.egg-link (link to .)
running egg_info
writing ../../../../build/robotiq_hande_ros2_driver/robotiq_hande_ros2_driver.egg-info/PKG-INFO
writing dependency_links to ../../../../build/robotiq_hande_ros2_driver/robotiq_hande_ros2_driver.egg-info/dependency_links.txt
writing entry points to ../../../../build/robotiq_hande_ros2_driver/robotiq_hande_ros2_driver.egg-info/entry_points.txt
writing requirements to ../../../../build/robotiq_hande_ros2_driver/robotiq_hande_ros2_driver.egg-info/requires.txt
writing top-level names to ../../../../build/robotiq_hande_ros2_driver/robotiq_hande_ros2_driver.egg-info/top_level.txt
reading manifest file '../../../../build/robotiq_hande_ros2_driver/robotiq_hande_ros2_driver.egg-info/SOURCES.txt'
writing manifest file '../../../../build/robotiq_hande_ros2_driver/robotiq_hande_ros2_driver.egg-info/SOURCES.txt'
running build
running build_py
creating /home/marek/amavet_ws/build/robotiq_hande_ros2_driver/build
creating /home/marek/amavet_ws/build/robotiq_hande_ros2_driver/build/lib
creating /home/marek/amavet_ws/build/robotiq_hande_ros2_driver/build/lib/robotiq_hande_ros2_driver
copying robotiq_hande_ros2_driver/__init__.py -> /home/marek/amavet_ws/build/robotiq_hande_ros2_driver/build/lib/robotiq_hande_ros2_driver
copying robotiq_hande_ros2_driver/robotiq_gripper.py -> /home/marek/amavet_ws/build/robotiq_hande_ros2_driver/build/lib/robotiq_hande_ros2_driver
copying robotiq_hande_ros2_driver/test.py -> /home/marek/amavet_ws/build/robotiq_hande_ros2_driver/build/lib/robotiq_hande_ros2_driver
copying robotiq_hande_ros2_driver/gripper_node.py -> /home/marek/amavet_ws/build/robotiq_hande_ros2_driver/build/lib/robotiq_hande_ros2_driver
running install
running install_lib
creating /home/marek/amavet_ws/install/robotiq_hande_ros2_driver/lib/python3.12/site-packages/robotiq_hande_ros2_driver
copying /home/marek/amavet_ws/build/robotiq_hande_ros2_driver/build/lib/robotiq_hande_ros2_driver/__init__.py -> /home/marek/amavet_ws/install/robotiq_hande_ros2_driver/lib/python3.12/site-packages/robotiq_hande_ros2_driver
copying /home/marek/amavet_ws/build/robotiq_hande_ros2_driver/build/lib/robotiq_hande_ros2_driver/robotiq_gripper.py -> /home/marek/amavet_ws/install/robotiq_hande_ros2_driver/lib/python3.12/site-packages/robotiq_hande_ros2_driver
copying /home/marek/amavet_ws/build/robotiq_hande_ros2_driver/build/lib/robotiq_hande_ros2_driver/test.py -> /home/marek/amavet_ws/install/robotiq_hande_ros2_driver/lib/python3.12/site-packages/robotiq_hande_ros2_driver
copying /home/marek/amavet_ws/build/robotiq_hande_ros2_driver/build/lib/robotiq_hande_ros2_driver/gripper_node.py -> /home/marek/amavet_ws/install/robotiq_hande_ros2_driver/lib/python3.12/site-packages/robotiq_hande_ros2_driver
byte-compiling /home/marek/amavet_ws/install/robotiq_hande_ros2_driver/lib/python3.12/site-packages/robotiq_hande_ros2_driver/__init__.py to __init__.cpython-312.pyc
byte-compiling /home/marek/amavet_ws/install/robotiq_hande_ros2_driver/lib/python3.12/site-packages/robotiq_hande_ros2_driver/robotiq_gripper.py to robotiq_gripper.cpython-312.pyc
byte-compiling /home/marek/amavet_ws/install/robotiq_hande_ros2_driver/lib/python3.12/site-packages/robotiq_hande_ros2_driver/test.py to test.cpython-312.pyc
byte-compiling /home/marek/amavet_ws/install/robotiq_hande_ros2_driver/lib/python3.12/site-packages/robotiq_hande_ros2_driver/gripper_node.py to gripper_node.cpython-312.pyc
running install_data
copying resource/robotiq_hande_ros2_driver -> /home/marek/amavet_ws/install/robotiq_hande_ros2_driver/share/ament_index/resource_index/packages
copying package.xml -> /home/marek/amavet_ws/install/robotiq_hande_ros2_driver/share/robotiq_hande_ros2_driver
copying launch/gripper_bringup.launch.py -> /home/marek/amavet_ws/install/robotiq_hande_ros2_driver/share/robotiq_hande_ros2_driver/launch
running install_egg_info
Copying ../../../../build/robotiq_hande_ros2_driver/robotiq_hande_ros2_driver.egg-info to /home/marek/amavet_ws/install/robotiq_hande_ros2_driver/lib/python3.12/site-packages/robotiq_hande_ros2_driver-0.0.0-py3.12.egg-info
running install_scripts
Installing gripper_node script to /home/marek/amavet_ws/install/robotiq_hande_ros2_driver/lib/robotiq_hande_ros2_driver
Installing test script to /home/marek/amavet_ws/install/robotiq_hande_ros2_driver/lib/robotiq_hande_ros2_driver
writing list of installed files to '/home/marek/amavet_ws/build/robotiq_hande_ros2_driver/install.log'
