[1.613s] Invoking command in '/home/marek/amavet_ws/build/robotiq_hande_ros2_driver': DEBUGINFOD_URLS=https://debuginfod.ubuntu.com PYTHONPATH=/home/marek/amavet_ws/build/robotiq_hande_ros2_driver/prefix_override:/usr/lib/python3/dist-packages/colcon_core/task/python/colcon_distutils_commands:/home/marek/amavet_ws/install/robotiq_hande_ros2_driver/lib/python3.12/site-packages:${PYTHONPATH} /usr/bin/python3 -W ignore:setup.py install is deprecated -W ignore:easy_install command is deprecated setup.py develop --uninstall --editable --build-directory /home/marek/amavet_ws/build/robotiq_hande_ros2_driver/build
[2.098s] running develop
[2.317s] Removing /home/marek/amavet_ws/install/robotiq_hande_ros2_driver/lib/python3.12/site-packages/robotiq-hande-ros2-driver.egg-link (link to .)
[2.441s] Invoked command in '/home/marek/amavet_ws/build/robotiq_hande_ros2_driver' returned '0': DEBUGINFOD_URLS=https://debuginfod.ubuntu.com PYTHONPATH=/home/marek/amavet_ws/build/robotiq_hande_ros2_driver/prefix_override:/usr/lib/python3/dist-packages/colcon_core/task/python/colcon_distutils_commands:/home/marek/amavet_ws/install/robotiq_hande_ros2_driver/lib/python3.12/site-packages:${PYTHONPATH} /usr/bin/python3 -W ignore:setup.py install is deprecated -W ignore:easy_install command is deprecated setup.py develop --uninstall --editable --build-directory /home/marek/amavet_ws/build/robotiq_hande_ros2_driver/build
[2.443s] Invoking command in '/home/marek/amavet_ws/src/RobotiqHandeROS2Driver-main/RobotiqHandeROS2Driver-main/robotiq_hande_ros2_driver': DEBUGINFOD_URLS=https://debuginfod.ubuntu.com PYTHONPATH=/home/marek/amavet_ws/build/robotiq_hande_ros2_driver/prefix_override:/usr/lib/python3/dist-packages/colcon_core/task/python/colcon_distutils_commands:/home/marek/amavet_ws/install/robotiq_hande_ros2_driver/lib/python3.12/site-packages:${PYTHONPATH} /usr/bin/python3 -W ignore:setup.py install is deprecated -W ignore:easy_install command is deprecated setup.py egg_info --egg-base ../../../../build/robotiq_hande_ros2_driver build --build-base /home/marek/amavet_ws/build/robotiq_hande_ros2_driver/build install --record /home/marek/amavet_ws/build/robotiq_hande_ros2_driver/install.log --single-version-externally-managed install_data --force
[2.714s] running egg_info
[2.744s] writing ../../../../build/robotiq_hande_ros2_driver/robotiq_hande_ros2_driver.egg-info/PKG-INFO
[2.744s] writing dependency_links to ../../../../build/robotiq_hande_ros2_driver/robotiq_hande_ros2_driver.egg-info/dependency_links.txt
[2.744s] writing entry points to ../../../../build/robotiq_hande_ros2_driver/robotiq_hande_ros2_driver.egg-info/entry_points.txt
[2.744s] writing requirements to ../../../../build/robotiq_hande_ros2_driver/robotiq_hande_ros2_driver.egg-info/requires.txt
[2.745s] writing top-level names to ../../../../build/robotiq_hande_ros2_driver/robotiq_hande_ros2_driver.egg-info/top_level.txt
[2.808s] reading manifest file '../../../../build/robotiq_hande_ros2_driver/robotiq_hande_ros2_driver.egg-info/SOURCES.txt'
[2.809s] writing manifest file '../../../../build/robotiq_hande_ros2_driver/robotiq_hande_ros2_driver.egg-info/SOURCES.txt'
[2.810s] running build
[2.810s] running build_py
[2.810s] creating /home/marek/amavet_ws/build/robotiq_hande_ros2_driver/build
[2.810s] creating /home/marek/amavet_ws/build/robotiq_hande_ros2_driver/build/lib
[2.810s] creating /home/marek/amavet_ws/build/robotiq_hande_ros2_driver/build/lib/robotiq_hande_ros2_driver
[2.810s] copying robotiq_hande_ros2_driver/__init__.py -> /home/marek/amavet_ws/build/robotiq_hande_ros2_driver/build/lib/robotiq_hande_ros2_driver
[2.811s] copying robotiq_hande_ros2_driver/robotiq_gripper.py -> /home/marek/amavet_ws/build/robotiq_hande_ros2_driver/build/lib/robotiq_hande_ros2_driver
[2.811s] copying robotiq_hande_ros2_driver/test.py -> /home/marek/amavet_ws/build/robotiq_hande_ros2_driver/build/lib/robotiq_hande_ros2_driver
[2.811s] copying robotiq_hande_ros2_driver/gripper_node.py -> /home/marek/amavet_ws/build/robotiq_hande_ros2_driver/build/lib/robotiq_hande_ros2_driver
[2.815s] running install
[2.822s] running install_lib
[2.854s] creating /home/marek/amavet_ws/install/robotiq_hande_ros2_driver/lib/python3.12/site-packages/robotiq_hande_ros2_driver
[2.854s] copying /home/marek/amavet_ws/build/robotiq_hande_ros2_driver/build/lib/robotiq_hande_ros2_driver/__init__.py -> /home/marek/amavet_ws/install/robotiq_hande_ros2_driver/lib/python3.12/site-packages/robotiq_hande_ros2_driver
[2.854s] copying /home/marek/amavet_ws/build/robotiq_hande_ros2_driver/build/lib/robotiq_hande_ros2_driver/robotiq_gripper.py -> /home/marek/amavet_ws/install/robotiq_hande_ros2_driver/lib/python3.12/site-packages/robotiq_hande_ros2_driver
[2.854s] copying /home/marek/amavet_ws/build/robotiq_hande_ros2_driver/build/lib/robotiq_hande_ros2_driver/test.py -> /home/marek/amavet_ws/install/robotiq_hande_ros2_driver/lib/python3.12/site-packages/robotiq_hande_ros2_driver
[2.854s] copying /home/marek/amavet_ws/build/robotiq_hande_ros2_driver/build/lib/robotiq_hande_ros2_driver/gripper_node.py -> /home/marek/amavet_ws/install/robotiq_hande_ros2_driver/lib/python3.12/site-packages/robotiq_hande_ros2_driver
[2.854s] byte-compiling /home/marek/amavet_ws/install/robotiq_hande_ros2_driver/lib/python3.12/site-packages/robotiq_hande_ros2_driver/__init__.py to __init__.cpython-312.pyc
[2.854s] byte-compiling /home/marek/amavet_ws/install/robotiq_hande_ros2_driver/lib/python3.12/site-packages/robotiq_hande_ros2_driver/robotiq_gripper.py to robotiq_gripper.cpython-312.pyc
[2.858s] byte-compiling /home/marek/amavet_ws/install/robotiq_hande_ros2_driver/lib/python3.12/site-packages/robotiq_hande_ros2_driver/test.py to test.cpython-312.pyc
[2.858s] byte-compiling /home/marek/amavet_ws/install/robotiq_hande_ros2_driver/lib/python3.12/site-packages/robotiq_hande_ros2_driver/gripper_node.py to gripper_node.cpython-312.pyc
[2.859s] running install_data
[2.859s] copying resource/robotiq_hande_ros2_driver -> /home/marek/amavet_ws/install/robotiq_hande_ros2_driver/share/ament_index/resource_index/packages
[2.859s] copying package.xml -> /home/marek/amavet_ws/install/robotiq_hande_ros2_driver/share/robotiq_hande_ros2_driver
[2.860s] copying launch/gripper_bringup.launch.py -> /home/marek/amavet_ws/install/robotiq_hande_ros2_driver/share/robotiq_hande_ros2_driver/launch
[2.860s] running install_egg_info
[2.896s] Copying ../../../../build/robotiq_hande_ros2_driver/robotiq_hande_ros2_driver.egg-info to /home/marek/amavet_ws/install/robotiq_hande_ros2_driver/lib/python3.12/site-packages/robotiq_hande_ros2_driver-0.0.0-py3.12.egg-info
[2.900s] running install_scripts
[3.098s] Installing gripper_node script to /home/marek/amavet_ws/install/robotiq_hande_ros2_driver/lib/robotiq_hande_ros2_driver
[3.098s] Installing test script to /home/marek/amavet_ws/install/robotiq_hande_ros2_driver/lib/robotiq_hande_ros2_driver
[3.099s] writing list of installed files to '/home/marek/amavet_ws/build/robotiq_hande_ros2_driver/install.log'
[3.159s] Invoked command in '/home/marek/amavet_ws/src/RobotiqHandeROS2Driver-main/RobotiqHandeROS2Driver-main/robotiq_hande_ros2_driver' returned '0': DEBUGINFOD_URLS=https://debuginfod.ubuntu.com PYTHONPATH=/home/marek/amavet_ws/build/robotiq_hande_ros2_driver/prefix_override:/usr/lib/python3/dist-packages/colcon_core/task/python/colcon_distutils_commands:/home/marek/amavet_ws/install/robotiq_hande_ros2_driver/lib/python3.12/site-packages:${PYTHONPATH} /usr/bin/python3 -W ignore:setup.py install is deprecated -W ignore:easy_install command is deprecated setup.py egg_info --egg-base ../../../../build/robotiq_hande_ros2_driver build --build-base /home/marek/amavet_ws/build/robotiq_hande_ros2_driver/build install --record /home/marek/amavet_ws/build/robotiq_hande_ros2_driver/install.log --single-version-externally-managed install_data --force
