-- The C compiler identification is GNU 13.3.0
-- The CXX compiler identification is GNU 13.3.0
-- Detecting C compiler ABI info
-- Detecting C compiler ABI info - done
-- Check for working C compiler: /usr/bin/cc - skipped
-- Detecting C compile features
-- Detecting C compile features - done
-- Detecting CXX compiler ABI info
-- Detecting CXX compiler ABI info - done
-- Check for working CXX compiler: /usr/bin/c++ - skipped
-- Detecting CXX compile features
-- Detecting CXX compile features - done
[0mur_client_library: You did not request a specific build type: selecting 'RelWithDebInfo'.[0m
-- Performing Test CMAKE_HAVE_LIBC_PTHREAD
-- Performing Test CMAKE_HAVE_LIBC_PTHREAD - Success
-- Found Threads: TRUE  
-- Building tests disabled.
-- Configuring done (0.8s)
-- Generating done (0.0s)
-- Build files have been written to: /home/marek/amavet_ws/build/ur_client_library
[  5%] [32mBuilding CXX object CMakeFiles/urcl.dir/src/control/script_command_interface.cpp.o[0m
[  5%] [32mBuilding CXX object CMakeFiles/urcl.dir/src/primary/robot_state.cpp.o[0m
[  7%] [32mBuilding CXX object CMakeFiles/urcl.dir/src/primary/robot_message/version_message.cpp.o[0m
[  5%] [32mBuilding CXX object CMakeFiles/urcl.dir/src/control/motion_primitives.cpp.o[0m
[  7%] [32mBuilding CXX object CMakeFiles/urcl.dir/src/primary/robot_state/kinematics_info.cpp.o[0m
[  8%] [32mBuilding CXX object CMakeFiles/urcl.dir/src/primary/robot_message/error_code_message.cpp.o[0m
[ 10%] [32mBuilding CXX object CMakeFiles/urcl.dir/src/control/trajectory_point_interface.cpp.o[0m
[ 11%] [32mBuilding CXX object CMakeFiles/urcl.dir/src/control/reverse_interface.cpp.o[0m
[ 14%] [32mBuilding CXX object CMakeFiles/urcl.dir/src/control/script_reader.cpp.o[0m
[ 14%] [32mBuilding CXX object CMakeFiles/urcl.dir/src/comm/tcp_socket.cpp.o[0m
[ 16%] [32mBuilding CXX object CMakeFiles/urcl.dir/src/comm/tcp_server.cpp.o[0m
[ 17%] [32mBuilding CXX object CMakeFiles/urcl.dir/src/control/script_sender.cpp.o[0m
[ 19%] [32mBuilding CXX object CMakeFiles/urcl.dir/src/primary/primary_package.cpp.o[0m
[ 20%] [32mBuilding CXX object CMakeFiles/urcl.dir/src/primary/robot_message.cpp.o[0m
[ 23%] [32mBuilding CXX object CMakeFiles/urcl.dir/src/primary/primary_client.cpp.o[0m
[ 23%] [32mBuilding CXX object CMakeFiles/urcl.dir/src/primary/robot_state/robot_mode_data.cpp.o[0m
[ 25%] [32mBuilding CXX object CMakeFiles/urcl.dir/src/primary/robot_state/configuration_data.cpp.o[0m
[ 26%] [32mBuilding CXX object CMakeFiles/urcl.dir/src/rtde/control_package_pause.cpp.o[0m
[ 27%] [32mBuilding CXX object CMakeFiles/urcl.dir/src/rtde/control_package_setup_inputs.cpp.o[0m
[ 29%] [32mBuilding CXX object CMakeFiles/urcl.dir/src/rtde/control_package_setup_outputs.cpp.o[0m
[ 30%] [32mBuilding CXX object CMakeFiles/urcl.dir/src/rtde/control_package_start.cpp.o[0m
[ 32%] [32mBuilding CXX object CMakeFiles/urcl.dir/src/rtde/get_urcontrol_version.cpp.o[0m
[ 33%] [32mBuilding CXX object CMakeFiles/urcl.dir/src/rtde/data_package.cpp.o[0m
[ 35%] [32mBuilding CXX object CMakeFiles/urcl.dir/src/rtde/request_protocol_version.cpp.o[0m
[ 36%] [32mBuilding CXX object CMakeFiles/urcl.dir/src/rtde/rtde_package.cpp.o[0m
[ 38%] [32mBuilding CXX object CMakeFiles/urcl.dir/src/rtde/text_message.cpp.o[0m
[ 39%] [32mBuilding CXX object CMakeFiles/urcl.dir/src/rtde/rtde_client.cpp.o[0m
[ 41%] [32mBuilding CXX object CMakeFiles/urcl.dir/src/ur/ur_driver.cpp.o[0m
[ 42%] [32mBuilding CXX object CMakeFiles/urcl.dir/src/ur/calibration_checker.cpp.o[0m
[ 44%] [32mBuilding CXX object CMakeFiles/urcl.dir/src/ur/dashboard_client.cpp.o[0m
[ 45%] [32mBuilding CXX object CMakeFiles/urcl.dir/src/ur/tool_communication.cpp.o[0m
[ 47%] [32mBuilding CXX object CMakeFiles/urcl.dir/src/ur/instruction_executor.cpp.o[0m
[ 48%] [32mBuilding CXX object CMakeFiles/urcl.dir/src/ur/robot_receive_timeout.cpp.o[0m
[ 50%] [32mBuilding CXX object CMakeFiles/urcl.dir/src/ur/version_information.cpp.o[0m
[ 51%] [32mBuilding CXX object CMakeFiles/urcl.dir/src/rtde/rtde_writer.cpp.o[0m
[ 52%] [32mBuilding CXX object CMakeFiles/urcl.dir/src/default_log_handler.cpp.o[0m
[ 54%] [32mBuilding CXX object CMakeFiles/urcl.dir/src/example_robot_wrapper.cpp.o[0m
[ 55%] [32mBuilding CXX object CMakeFiles/urcl.dir/src/log.cpp.o[0m
[ 57%] [32mBuilding CXX object CMakeFiles/urcl.dir/src/helpers.cpp.o[0m
[ 58%] [32m[1mLinking CXX shared library liburcl.so[0m
[ 58%] Built target urcl
[ 69%] [32mBuilding CXX object examples/CMakeFiles/rtde_client_example.dir/rtde_client.cpp.o[0m
[ 69%] [32mBuilding CXX object examples/CMakeFiles/primary_pipeline_calibration_example.dir/primary_pipeline_calibration.cpp.o[0m
[ 69%] [32mBuilding CXX object examples/CMakeFiles/dashboard_example.dir/dashboard_example.cpp.o[0m
[ 69%] [32mBuilding CXX object examples/CMakeFiles/script_sender_example.dir/script_sender.cpp.o[0m
[ 69%] [32mBuilding CXX object examples/CMakeFiles/script_command_interface_example.dir/script_command_interface.cpp.o[0m
[ 69%] [32mBuilding CXX object examples/CMakeFiles/primary_pipeline_example.dir/primary_pipeline.cpp.o[0m
[ 69%] [32mBuilding CXX object examples/CMakeFiles/driver_example.dir/full_driver.cpp.o[0m
[ 70%] [32mBuilding CXX object examples/CMakeFiles/freedrive_example.dir/freedrive_example.cpp.o[0m
[ 73%] [32mBuilding CXX object examples/CMakeFiles/tool_contact_example.dir/tool_contact_example.cpp.o[0m
[ 73%] [32mBuilding CXX object examples/CMakeFiles/force_mode_example.dir/force_mode_example.cpp.o[0m
[ 75%] [32mBuilding CXX object examples/CMakeFiles/direct_torque_control_example.dir/direct_torque_control.cpp.o[0m
[ 76%] [32mBuilding CXX object examples/CMakeFiles/trajectory_point_interface_example.dir/trajectory_point_interface.cpp.o[0m
[ 77%] [32mBuilding CXX object examples/CMakeFiles/instruction_executor.dir/instruction_executor.cpp.o[0m
[ 79%] [32mBuilding CXX object examples/CMakeFiles/spline_example.dir/spline_example.cpp.o[0m
[ 80%] [32m[1mLinking CXX executable script_sender_example[0m
[ 80%] Built target script_sender_example
[ 82%] [32m[1mLinking CXX executable dashboard_example[0m
[ 82%] Built target dashboard_example
[ 83%] [32m[1mLinking CXX executable primary_pipeline_example[0m
[ 85%] [32m[1mLinking CXX executable rtde_client_example[0m
[ 85%] Built target primary_pipeline_example
[ 86%] [32m[1mLinking CXX executable primary_pipeline_calibration_example[0m
[ 86%] Built target rtde_client_example
[ 86%] Built target primary_pipeline_calibration_example
[ 88%] [32m[1mLinking CXX executable freedrive_example[0m
[ 89%] [32m[1mLinking CXX executable driver_example[0m
[ 91%] [32m[1mLinking CXX executable direct_torque_control_example[0m
[ 91%] Built target freedrive_example
[ 91%] Built target driver_example
[ 92%] [32m[1mLinking CXX executable tool_contact_example[0m
[ 94%] [32m[1mLinking CXX executable script_command_interface_example[0m
[ 95%] [32m[1mLinking CXX executable force_mode_example[0m
[ 95%] Built target direct_torque_control_example
[ 95%] Built target tool_contact_example
[ 95%] Built target script_command_interface_example
[ 95%] Built target force_mode_example
[ 97%] [32m[1mLinking CXX executable instruction_executor[0m
[ 98%] [32m[1mLinking CXX executable trajectory_point_interface_example[0m
[100%] [32m[1mLinking CXX executable spline_example[0m
[100%] Built target instruction_executor
[100%] Built target trajectory_point_interface_example
[100%] Built target spline_example
