[0.048s] Invoking command in '/home/marek/amavet_ws/build/ur_client_library': CMAKE_PREFIX_PATH=${CMAKE_PREFIX_PATH}:/opt/ros/jazzy DEBUGINFOD_URLS=https://debuginfod.ubuntu.com /usr/bin/cmake /home/marek/amavet_ws/src/Universal_Robots_Client_Library -DCMAKE_INSTALL_PREFIX=/home/marek/amavet_ws/install/ur_client_library
[0.143s] -- The C compiler identification is GNU 13.3.0
[0.242s] -- The CXX compiler identification is GNU 13.3.0
[0.271s] -- Detecting C compiler ABI info
[0.434s] -- Detecting C compiler ABI info - done
[0.447s] -- Check for working C compiler: /usr/bin/cc - skipped
[0.447s] -- Detecting C compile features
[0.448s] -- Detecting C compile features - done
[0.464s] -- Detecting CXX compiler ABI info
[0.648s] -- Detecting CXX compiler ABI info - done
[0.665s] -- Check for working CXX compiler: /usr/bin/c++ - skipped
[0.666s] -- Detecting CXX compile features
[0.666s] -- Detecting CXX compile features - done
[0.667s] [0mur_client_library: You did not request a specific build type: selecting 'RelWithDebInfo'.[0m
[0.669s] -- Performing Test CMAKE_HAVE_LIBC_PTHREAD
[0.825s] -- Performing Test CMAKE_HAVE_LIBC_PTHREAD - Success
[0.826s] -- Found Threads: TRUE  
[0.826s] -- Building tests disabled.
[0.831s] -- Configuring done (0.8s)
[0.854s] -- Generating done (0.0s)
[0.860s] -- Build files have been written to: /home/marek/amavet_ws/build/ur_client_library
[0.868s] Invoked command in '/home/marek/amavet_ws/build/ur_client_library' returned '0': CMAKE_PREFIX_PATH=${CMAKE_PREFIX_PATH}:/opt/ros/jazzy DEBUGINFOD_URLS=https://debuginfod.ubuntu.com /usr/bin/cmake /home/marek/amavet_ws/src/Universal_Robots_Client_Library -DCMAKE_INSTALL_PREFIX=/home/marek/amavet_ws/install/ur_client_library
[0.870s] Invoking command in '/home/marek/amavet_ws/build/ur_client_library': CMAKE_PREFIX_PATH=${CMAKE_PREFIX_PATH}:/opt/ros/jazzy DEBUGINFOD_URLS=https://debuginfod.ubuntu.com /usr/bin/cmake --build /home/marek/amavet_ws/build/ur_client_library -- -j16 -l16
[0.947s] [  5%] [32mBuilding CXX object CMakeFiles/urcl.dir/src/control/script_command_interface.cpp.o[0m
[0.948s] [  5%] [32mBuilding CXX object CMakeFiles/urcl.dir/src/primary/robot_state.cpp.o[0m
[0.948s] [  7%] [32mBuilding CXX object CMakeFiles/urcl.dir/src/primary/robot_message/version_message.cpp.o[0m
[0.948s] [  5%] [32mBuilding CXX object CMakeFiles/urcl.dir/src/control/motion_primitives.cpp.o[0m
[0.948s] [  7%] [32mBuilding CXX object CMakeFiles/urcl.dir/src/primary/robot_state/kinematics_info.cpp.o[0m
[0.949s] [  8%] [32mBuilding CXX object CMakeFiles/urcl.dir/src/primary/robot_message/error_code_message.cpp.o[0m
[0.950s] [ 10%] [32mBuilding CXX object CMakeFiles/urcl.dir/src/control/trajectory_point_interface.cpp.o[0m
[0.950s] [ 11%] [32mBuilding CXX object CMakeFiles/urcl.dir/src/control/reverse_interface.cpp.o[0m
[0.950s] [ 14%] [32mBuilding CXX object CMakeFiles/urcl.dir/src/control/script_reader.cpp.o[0m
[0.950s] [ 14%] [32mBuilding CXX object CMakeFiles/urcl.dir/src/comm/tcp_socket.cpp.o[0m
[0.950s] [ 16%] [32mBuilding CXX object CMakeFiles/urcl.dir/src/comm/tcp_server.cpp.o[0m
[0.951s] [ 17%] [32mBuilding CXX object CMakeFiles/urcl.dir/src/control/script_sender.cpp.o[0m
[0.952s] [ 19%] [32mBuilding CXX object CMakeFiles/urcl.dir/src/primary/primary_package.cpp.o[0m
[0.954s] [ 20%] [32mBuilding CXX object CMakeFiles/urcl.dir/src/primary/robot_message.cpp.o[0m
[0.954s] [ 23%] [32mBuilding CXX object CMakeFiles/urcl.dir/src/primary/primary_client.cpp.o[0m
[0.954s] [ 23%] [32mBuilding CXX object CMakeFiles/urcl.dir/src/primary/robot_state/robot_mode_data.cpp.o[0m
[2.260s] [ 25%] [32mBuilding CXX object CMakeFiles/urcl.dir/src/primary/robot_state/configuration_data.cpp.o[0m
[2.266s] [ 26%] [32mBuilding CXX object CMakeFiles/urcl.dir/src/rtde/control_package_pause.cpp.o[0m
[2.359s] [ 27%] [32mBuilding CXX object CMakeFiles/urcl.dir/src/rtde/control_package_setup_inputs.cpp.o[0m
[2.504s] [ 29%] [32mBuilding CXX object CMakeFiles/urcl.dir/src/rtde/control_package_setup_outputs.cpp.o[0m
[2.582s] [ 30%] [32mBuilding CXX object CMakeFiles/urcl.dir/src/rtde/control_package_start.cpp.o[0m
[2.706s] [ 32%] [32mBuilding CXX object CMakeFiles/urcl.dir/src/rtde/get_urcontrol_version.cpp.o[0m
[2.707s] [ 33%] [32mBuilding CXX object CMakeFiles/urcl.dir/src/rtde/data_package.cpp.o[0m
[2.773s] [ 35%] [32mBuilding CXX object CMakeFiles/urcl.dir/src/rtde/request_protocol_version.cpp.o[0m
[2.954s] [ 36%] [32mBuilding CXX object CMakeFiles/urcl.dir/src/rtde/rtde_package.cpp.o[0m
[2.997s] [ 38%] [32mBuilding CXX object CMakeFiles/urcl.dir/src/rtde/text_message.cpp.o[0m
[3.045s] [ 39%] [32mBuilding CXX object CMakeFiles/urcl.dir/src/rtde/rtde_client.cpp.o[0m
[3.072s] [ 41%] [32mBuilding CXX object CMakeFiles/urcl.dir/src/ur/ur_driver.cpp.o[0m
[3.699s] [ 42%] [32mBuilding CXX object CMakeFiles/urcl.dir/src/ur/calibration_checker.cpp.o[0m
[3.867s] [ 44%] [32mBuilding CXX object CMakeFiles/urcl.dir/src/ur/dashboard_client.cpp.o[0m
[4.001s] [ 45%] [32mBuilding CXX object CMakeFiles/urcl.dir/src/ur/tool_communication.cpp.o[0m
[4.005s] [ 47%] [32mBuilding CXX object CMakeFiles/urcl.dir/src/ur/instruction_executor.cpp.o[0m
[4.076s] [ 48%] [32mBuilding CXX object CMakeFiles/urcl.dir/src/ur/robot_receive_timeout.cpp.o[0m
[4.155s] [ 50%] [32mBuilding CXX object CMakeFiles/urcl.dir/src/ur/version_information.cpp.o[0m
[4.175s] [ 51%] [32mBuilding CXX object CMakeFiles/urcl.dir/src/rtde/rtde_writer.cpp.o[0m
[4.275s] [ 52%] [32mBuilding CXX object CMakeFiles/urcl.dir/src/default_log_handler.cpp.o[0m
[4.299s] [ 54%] [32mBuilding CXX object CMakeFiles/urcl.dir/src/example_robot_wrapper.cpp.o[0m
[4.443s] [ 55%] [32mBuilding CXX object CMakeFiles/urcl.dir/src/log.cpp.o[0m
[4.484s] [ 57%] [32mBuilding CXX object CMakeFiles/urcl.dir/src/helpers.cpp.o[0m
[10.184s] [ 58%] [32m[1mLinking CXX shared library liburcl.so[0m
[10.378s] [ 58%] Built target urcl
[10.407s] [ 69%] [32mBuilding CXX object examples/CMakeFiles/rtde_client_example.dir/rtde_client.cpp.o[0m
[10.407s] [ 69%] [32mBuilding CXX object examples/CMakeFiles/primary_pipeline_calibration_example.dir/primary_pipeline_calibration.cpp.o[0m
[10.407s] [ 69%] [32mBuilding CXX object examples/CMakeFiles/dashboard_example.dir/dashboard_example.cpp.o[0m
[10.407s] [ 69%] [32mBuilding CXX object examples/CMakeFiles/script_sender_example.dir/script_sender.cpp.o[0m
[10.407s] [ 69%] [32mBuilding CXX object examples/CMakeFiles/script_command_interface_example.dir/script_command_interface.cpp.o[0m
[10.407s] [ 69%] [32mBuilding CXX object examples/CMakeFiles/primary_pipeline_example.dir/primary_pipeline.cpp.o[0m
[10.407s] [ 69%] [32mBuilding CXX object examples/CMakeFiles/driver_example.dir/full_driver.cpp.o[0m
[10.407s] [ 70%] [32mBuilding CXX object examples/CMakeFiles/freedrive_example.dir/freedrive_example.cpp.o[0m
[10.407s] [ 73%] [32mBuilding CXX object examples/CMakeFiles/tool_contact_example.dir/tool_contact_example.cpp.o[0m
[10.407s] [ 73%] [32mBuilding CXX object examples/CMakeFiles/force_mode_example.dir/force_mode_example.cpp.o[0m
[10.407s] [ 75%] [32mBuilding CXX object examples/CMakeFiles/direct_torque_control_example.dir/direct_torque_control.cpp.o[0m
[10.408s] [ 76%] [32mBuilding CXX object examples/CMakeFiles/trajectory_point_interface_example.dir/trajectory_point_interface.cpp.o[0m
[10.408s] [ 77%] [32mBuilding CXX object examples/CMakeFiles/instruction_executor.dir/instruction_executor.cpp.o[0m
[10.408s] [ 79%] [32mBuilding CXX object examples/CMakeFiles/spline_example.dir/spline_example.cpp.o[0m
[11.415s] [ 80%] [32m[1mLinking CXX executable script_sender_example[0m
[11.610s] [ 80%] Built target script_sender_example
[11.963s] [ 82%] [32m[1mLinking CXX executable dashboard_example[0m
[12.146s] [ 82%] Built target dashboard_example
[12.235s] [ 83%] [32m[1mLinking CXX executable primary_pipeline_example[0m
[12.326s] [ 85%] [32m[1mLinking CXX executable rtde_client_example[0m
[12.358s] [ 85%] Built target primary_pipeline_example
[12.424s] [ 86%] [32m[1mLinking CXX executable primary_pipeline_calibration_example[0m
[12.509s] [ 86%] Built target rtde_client_example
[12.540s] [ 86%] Built target primary_pipeline_calibration_example
[12.623s] [ 88%] [32m[1mLinking CXX executable freedrive_example[0m
[12.680s] [ 89%] [32m[1mLinking CXX executable driver_example[0m
[12.750s] [ 91%] [32m[1mLinking CXX executable direct_torque_control_example[0m
[12.801s] [ 91%] Built target freedrive_example
[12.805s] [ 91%] Built target driver_example
[12.841s] [ 92%] [32m[1mLinking CXX executable tool_contact_example[0m
[12.862s] [ 94%] [32m[1mLinking CXX executable script_command_interface_example[0m
[12.864s] [ 95%] [32m[1mLinking CXX executable force_mode_example[0m
[12.874s] [ 95%] Built target direct_torque_control_example
[12.962s] [ 95%] Built target tool_contact_example
[12.980s] [ 95%] Built target script_command_interface_example
[12.981s] [ 95%] Built target force_mode_example
[13.120s] [ 97%] [32m[1mLinking CXX executable instruction_executor[0m
[13.130s] [ 98%] [32m[1mLinking CXX executable trajectory_point_interface_example[0m
[13.211s] [100%] [32m[1mLinking CXX executable spline_example[0m
[13.216s] [100%] Built target instruction_executor
[13.219s] [100%] Built target trajectory_point_interface_example
[13.292s] [100%] Built target spline_example
